#
# There is insufficient memory for the Java Runtime Environment to continue.
# Native memory allocation (malloc) failed to allocate 32744 bytes for ChunkPool::allocate
# Possible reasons:
#   The system is out of physical RAM or swap space
#   The process is running with CompressedOops enabled, and the Java Heap may be blocking the growth of the native heap
# Possible solutions:
#   Reduce memory load on the system
#   Increase physical memory or swap space
#   Check if swap backing store is full
#   Decrease Java heap size (-Xmx/-Xms)
#   Decrease number of Java threads
#   Decrease Java thread stack sizes (-Xss)
#   Set larger code cache with -XX:ReservedCodeCacheSize=
#   JVM is running with Unscaled Compressed Oops mode in which the Java heap is
#     placed in the first 4GB address space. The Java Heap base address is the
#     maximum limit for the native heap growth. Please use -XX:HeapBaseMinAddress
#     to set the Java Heap base and to place the Java Heap above 4GB virtual address.
# This output file may be truncated or incomplete.
#
#  Out of Memory Error (arena.cpp:79), pid=22740, tid=20760
#
# JRE version: OpenJDK Runtime Environment Corretto-16.0.2.7.1 (16.0.2+7) (build 16.0.2+7)
# Java VM: OpenJDK 64-Bit Server VM Corretto-16.0.2.7.1 (16.0.2+7, mixed mode, sharing, tiered, compressed oops, compressed class ptrs, g1 gc, windows-amd64)
# No core dump will be written. Minidumps are not enabled by default on client versions of Windows
#

---------------  S U M M A R Y ------------

Command Line: --add-opens=java.base/java.util=ALL-UNNAMED --add-opens=java.base/java.lang=ALL-UNNAMED --add-opens=java.base/java.lang.invoke=ALL-UNNAMED --add-opens=java.base/java.util=ALL-UNNAMED --add-opens=java.prefs/java.util.prefs=ALL-UNNAMED --add-opens=java.prefs/java.util.prefs=ALL-UNNAMED --add-opens=java.base/java.nio.charset=ALL-UNNAMED --add-opens=java.base/java.net=ALL-UNNAMED --add-opens=java.base/java.util.concurrent.atomic=ALL-UNNAMED -Xmx2048m -Dfile.encoding=UTF-8 -Duser.country=IN -Duser.language=en -Duser.variant org.gradle.launcher.daemon.bootstrap.GradleDaemon 7.0.2

Host: Intel(R) Core(TM) i3-6006U CPU @ 2.00GHz, 4 cores, 11G,  Windows 10 , 64 bit Build 19041 (10.0.19041.1706)
Time: Thu Jun  2 19:00:38 2022 India Standard Time elapsed time: 52.088453 seconds (0d 0h 0m 52s)

---------------  T H R E A D  ---------------

Current thread (0x000001c8ff609110):  JavaThread "C1 CompilerThread0" daemon [_thread_in_native, id=20760, stack(0x0000008f8a300000,0x0000008f8a400000)]


Current CompileTask:
C1:  52089 12207       3       sun.nio.fs.WindowsPathParser::normalize (233 bytes)

Stack: [0x0000008f8a300000,0x0000008f8a400000]
Native frames: (J=compiled Java code, j=interpreted, Vv=VM code, C=native code)
V  [jvm.dll+0x647e0a]
V  [jvm.dll+0x7f0549]
V  [jvm.dll+0x7f1cfe]
V  [jvm.dll+0x7f2343]
V  [jvm.dll+0x23dd88]
V  [jvm.dll+0xc89eb]
V  [jvm.dll+0xc8d4c]
V  [jvm.dll+0x17a95d]
V  [jvm.dll+0x17caf9]
V  [jvm.dll+0x17a815]
V  [jvm.dll+0x1750a8]
V  [jvm.dll+0x17e3eb]
V  [jvm.dll+0x176155]
V  [jvm.dll+0x1798c2]
V  [jvm.dll+0x136393]
V  [jvm.dll+0x135bff]
V  [jvm.dll+0x135e38]
V  [jvm.dll+0x135205]
V  [jvm.dll+0x137016]
V  [jvm.dll+0x21f909]
V  [jvm.dll+0x21da9b]
V  [jvm.dll+0x7a8662]
V  [jvm.dll+0x7a223a]
V  [jvm.dll+0x646c46]
C  [ucrtbase.dll+0x21bb2]
C  [KERNEL32.DLL+0x17034]
C  [ntdll.dll+0x52651]


---------------  P R O C E S S  ---------------

Threads class SMR info:
_java_thread_list=0x000001c8909407f0, length=56, elements={
0x000001c8e4c22f70, 0x000001c8ff5eb420, 0x000001c8ff5ec1f0, 0x000001c8ff5fdc00,
0x000001c8ff600520, 0x000001c8ff600e30, 0x000001c8ff603750, 0x000001c8ff6073b0,
0x000001c8ff609110, 0x000001c8ff6884a0, 0x000001c8869b8250, 0x000001c8869dc790,
0x000001c88832ba10, 0x000001c887f0a0d0, 0x000001c887eab850, 0x000001c888030810,
0x000001c888030d30, 0x000001c887785630, 0x000001c8878fecd0, 0x000001c8882a1090,
0x000001c8882a15e0, 0x000001c88829f600, 0x000001c88829fb50, 0x000001c8882a00a0,
0x000001c8882a1b30, 0x000001c8882a25d0, 0x000001c8882a2b20, 0x000001c8882a05f0,
0x000001c8882a0b40, 0x000001c88885d3d0, 0x000001c888859960, 0x000001c888858ec0,
0x000001c88885c3e0, 0x000001c888859410, 0x000001c888857430, 0x000001c88885c930,
0x000001c88885ce80, 0x000001c888855ef0, 0x000001c88885b3f0, 0x000001c88885b940,
0x000001c888856ee0, 0x000001c888857980, 0x000001c888857ed0, 0x000001c88885be90,
0x000001c88c2c53c0, 0x000001c88c2c6900, 0x000001c88c2c5910, 0x000001c88c2c78f0,
0x000001c88c2c4920, 0x000001c88b27ec00, 0x000001c88b278c60, 0x000001c88b27a6f0,
0x000001c88b27f6a0, 0x000001c88b27cc20, 0x000001c88b27d6c0, 0x000001c88b27bc30
}

Java Threads: ( => current thread )
  0x000001c8e4c22f70 JavaThread "main" [_thread_blocked, id=22300, stack(0x0000008f89500000,0x0000008f89600000)]
  0x000001c8ff5eb420 JavaThread "Reference Handler" daemon [_thread_blocked, id=14472, stack(0x0000008f89c00000,0x0000008f89d00000)]
  0x000001c8ff5ec1f0 JavaThread "Finalizer" daemon [_thread_blocked, id=4048, stack(0x0000008f89d00000,0x0000008f89e00000)]
  0x000001c8ff5fdc00 JavaThread "Signal Dispatcher" daemon [_thread_blocked, id=21880, stack(0x0000008f89e00000,0x0000008f89f00000)]
  0x000001c8ff600520 JavaThread "Attach Listener" daemon [_thread_blocked, id=23404, stack(0x0000008f89f00000,0x0000008f8a000000)]
  0x000001c8ff600e30 JavaThread "Service Thread" daemon [_thread_blocked, id=23804, stack(0x0000008f8a000000,0x0000008f8a100000)]
  0x000001c8ff603750 JavaThread "Monitor Deflation Thread" daemon [_thread_blocked, id=22244, stack(0x0000008f8a100000,0x0000008f8a200000)]
  0x000001c8ff6073b0 JavaThread "C2 CompilerThread0" daemon [_thread_blocked, id=24040, stack(0x0000008f8a200000,0x0000008f8a300000)]
=>0x000001c8ff609110 JavaThread "C1 CompilerThread0" daemon [_thread_in_native, id=20760, stack(0x0000008f8a300000,0x0000008f8a400000)]
  0x000001c8ff6884a0 JavaThread "Sweeper thread" daemon [_thread_blocked, id=21896, stack(0x0000008f8a400000,0x0000008f8a500000)]
  0x000001c8869b8250 JavaThread "Common-Cleaner" daemon [_thread_blocked, id=23092, stack(0x0000008f8a500000,0x0000008f8a600000)]
  0x000001c8869dc790 JavaThread "Notification Thread" daemon [_thread_blocked, id=24416, stack(0x0000008f8a600000,0x0000008f8a700000)]
  0x000001c88832ba10 JavaThread "Daemon health stats" [_thread_blocked, id=9968, stack(0x0000008f8ac00000,0x0000008f8ad00000)]
  0x000001c887f0a0d0 JavaThread "Incoming local TCP Connector on port 59787" [_thread_in_native, id=21612, stack(0x0000008f8a800000,0x0000008f8a900000)]
  0x000001c887eab850 JavaThread "Daemon periodic checks" [_thread_blocked, id=24500, stack(0x0000008f8ad00000,0x0000008f8ae00000)]
  0x000001c888030810 JavaThread "Daemon" [_thread_blocked, id=23544, stack(0x0000008f8ae00000,0x0000008f8af00000)]
  0x000001c888030d30 JavaThread "Handler for socket connection from /127.0.0.1:59787 to /127.0.0.1:59788" [_thread_in_native, id=24196, stack(0x0000008f8af00000,0x0000008f8b000000)]
  0x000001c887785630 JavaThread "Cancel handler" [_thread_blocked, id=23336, stack(0x0000008f8b000000,0x0000008f8b100000)]
  0x000001c8878fecd0 JavaThread "Daemon worker" [_thread_blocked, id=3000, stack(0x0000008f8b100000,0x0000008f8b200000)]
  0x000001c8882a1090 JavaThread "Asynchronous log dispatcher for DefaultDaemonConnection: socket connection from /127.0.0.1:59787 to /127.0.0.1:59788" [_thread_blocked, id=5056, stack(0x0000008f8b200000,0x0000008f8b300000)]
  0x000001c8882a15e0 JavaThread "Stdin handler" [_thread_blocked, id=21900, stack(0x0000008f8b300000,0x0000008f8b400000)]
  0x000001c88829f600 JavaThread "Daemon client event forwarder" [_thread_blocked, id=22328, stack(0x0000008f8b400000,0x0000008f8b500000)]
  0x000001c88829fb50 JavaThread "Cache worker for file hash cache (C:\Users\Admin\ExploraHolic\caches\7.0.2\fileHashes)" [_thread_blocked, id=15784, stack(0x0000008f8b500000,0x0000008f8b600000)]
  0x000001c8882a00a0 JavaThread "File lock request listener" [_thread_in_native, id=24456, stack(0x0000008f8b600000,0x0000008f8b700000)]
  0x000001c8882a1b30 JavaThread "Cache worker for journal cache (C:\Users\Admin\ExploraHolic\caches\journal-1)" [_thread_blocked, id=13180, stack(0x0000008f8b700000,0x0000008f8b800000)]
  0x000001c8882a25d0 JavaThread "Cache worker for file hash cache (C:\Users\Admin\ExploraHolic\ExploraHolic\.gradle\7.0.2\fileHashes)" [_thread_blocked, id=21544, stack(0x0000008f8b800000,0x0000008f8b900000)]
  0x000001c8882a2b20 JavaThread "File watcher server" daemon [_thread_in_native, id=23400, stack(0x0000008f8b900000,0x0000008f8ba00000)]
  0x000001c8882a05f0 JavaThread "File watcher consumer" daemon [_thread_blocked, id=23396, stack(0x0000008f8ba00000,0x0000008f8bb00000)]
  0x000001c8882a0b40 JavaThread "Cache worker for checksums cache (C:\Users\Admin\ExploraHolic\ExploraHolic\.gradle\checksums)" [_thread_blocked, id=22248, stack(0x0000008f8bb00000,0x0000008f8bc00000)]
  0x000001c88885d3d0 JavaThread "Cache worker for cache directory md-supplier (C:\Users\Admin\ExploraHolic\caches\7.0.2\md-supplier)" [_thread_blocked, id=23248, stack(0x0000008f8bc00000,0x0000008f8bd00000)]
  0x000001c888859960 JavaThread "Cache worker for cache directory md-rule (C:\Users\Admin\ExploraHolic\caches\7.0.2\md-rule)" [_thread_blocked, id=8280, stack(0x0000008f8be00000,0x0000008f8bf00000)]
  0x000001c888858ec0 JavaThread "Cache worker for execution history cache (C:\Users\Admin\ExploraHolic\caches\7.0.2\executionHistory)" [_thread_blocked, id=22956, stack(0x0000008f8bf00000,0x0000008f8c000000)]
  0x000001c88885c3e0 JavaThread "jar transforms" [_thread_blocked, id=804, stack(0x0000008f8c000000,0x0000008f8c100000)]
  0x000001c888859410 JavaThread "jar transforms Thread 2" [_thread_blocked, id=22996, stack(0x0000008f8c100000,0x0000008f8c200000)]
  0x000001c888857430 JavaThread "Cache worker for file content cache (C:\Users\Admin\ExploraHolic\caches\7.0.2\fileContent)" [_thread_blocked, id=380, stack(0x0000008f8c200000,0x0000008f8c300000)]
  0x000001c88885c930 JavaThread "Cache worker for dependencies-accessors (C:\Users\Admin\ExploraHolic\ExploraHolic\.gradle\7.0.2\dependencies-accessors)" [_thread_blocked, id=22868, stack(0x0000008f8c300000,0x0000008f8c400000)]
  0x000001c88885ce80 JavaThread "jar transforms Thread 3" [_thread_blocked, id=10340, stack(0x0000008f8bd00000,0x0000008f8be00000)]
  0x000001c888855ef0 JavaThread "Cache worker for Build Output Cleanup Cache (C:\Users\Admin\ExploraHolic\ExploraHolic\.gradle\buildOutputCleanup)" [_thread_blocked, id=1408, stack(0x0000008f8c500000,0x0000008f8c600000)]
  0x000001c88885b3f0 JavaThread "Build operations" [_thread_blocked, id=8524, stack(0x0000008f8c600000,0x0000008f8c700000)]
  0x000001c88885b940 JavaThread "Build operations Thread 2" [_thread_blocked, id=24552, stack(0x0000008f8c700000,0x0000008f8c800000)]
  0x000001c888856ee0 JavaThread "Build operations Thread 3" [_thread_blocked, id=600, stack(0x0000008f8c800000,0x0000008f8c900000)]
  0x000001c888857980 JavaThread "Build operations Thread 4" [_thread_blocked, id=22152, stack(0x0000008f8c900000,0x0000008f8ca00000)]
  0x000001c888857ed0 JavaThread "jar transforms Thread 4" [_thread_blocked, id=21736, stack(0x0000008f8ca00000,0x0000008f8cb00000)]
  0x000001c88885be90 JavaThread "Memory manager" [_thread_blocked, id=21856, stack(0x0000008f8cb00000,0x0000008f8cc00000)]
  0x000001c88c2c53c0 JavaThread "build event listener" [_thread_blocked, id=20540, stack(0x0000008f8c400000,0x0000008f8c500000)]
  0x000001c88c2c6900 JavaThread "build event listener" [_thread_blocked, id=14364, stack(0x0000008f8cd00000,0x0000008f8ce00000)]
  0x000001c88c2c5910 JavaThread "Execution worker for ':'" [_thread_in_native, id=23148, stack(0x0000008f8ce00000,0x0000008f8cf00000)]
  0x000001c88c2c78f0 JavaThread "Execution worker for ':' Thread 2" [_thread_blocked, id=4668, stack(0x0000008f8cf00000,0x0000008f8d000000)]
  0x000001c88c2c4920 JavaThread "Execution worker for ':' Thread 3" [_thread_blocked, id=22800, stack(0x0000008f8d000000,0x0000008f8d100000)]
  0x000001c88b27ec00 JavaThread "Cache worker for execution history cache (C:\Users\Admin\ExploraHolic\ExploraHolic\.gradle\7.0.2\executionHistory)" [_thread_blocked, id=9084, stack(0x0000008f8d100000,0x0000008f8d200000)]
  0x000001c88b278c60 JavaThread "RMI Scheduler(0)" daemon [_thread_blocked, id=20896, stack(0x0000008f8cc00000,0x0000008f8cd00000)]
  0x000001c88b27a6f0 JavaThread "RMI RenewClean-[127.0.0.1:17884,org.jetbrains.kotlin.daemon.common.LoopbackNetworkInterface$ClientLoopbackSocketFactory@6d3fc597]" daemon [_thread_blocked, id=23460, stack(0x0000008f8d400000,0x0000008f8d500000)]
  0x000001c88b27f6a0 JavaThread "RMI GC Daemon" daemon [_thread_blocked, id=22016, stack(0x0000008f8d500000,0x0000008f8d600000)]
  0x000001c88b27cc20 JavaThread "RMI TCP Accept-0" daemon [_thread_in_native, id=5072, stack(0x0000008f8d600000,0x0000008f8d700000)]
  0x000001c88b27d6c0 JavaThread "RMI Reaper" [_thread_blocked, id=23608, stack(0x0000008f8d700000,0x0000008f8d800000)]
  0x000001c88b27bc30 JavaThread "RMI TCP Connection(1)-127.0.0.1" daemon [_thread_in_native, id=22132, stack(0x0000008f8d800000,0x0000008f8d900000)]

Other Threads:
  0x000001c8ff5e42a0 VMThread "VM Thread" [stack: 0x0000008f89b00000,0x0000008f89c00000] [id=22572]
  0x000001c8869df4d0 WatcherThread [stack: 0x0000008f8a700000,0x0000008f8a800000] [id=22220]
  0x000001c8e4c61370 GCTaskThread "GC Thread#0" [stack: 0x0000008f89600000,0x0000008f89700000] [id=23384]
  0x000001c886d60670 GCTaskThread "GC Thread#1" [stack: 0x0000008f8a900000,0x0000008f8aa00000] [id=23532]
  0x000001c887670a40 GCTaskThread "GC Thread#2" [stack: 0x0000008f8aa00000,0x0000008f8ab00000] [id=17684]
  0x000001c887670d50 GCTaskThread "GC Thread#3" [stack: 0x0000008f8ab00000,0x0000008f8ac00000] [id=11960]
  0x000001c8e4c736d0 ConcurrentGCThread "G1 Main Marker" [stack: 0x0000008f89700000,0x0000008f89800000] [id=24368]
  0x000001c8e4c74050 ConcurrentGCThread "G1 Conc#0" [stack: 0x0000008f89800000,0x0000008f89900000] [id=24092]
  0x000001c8e4d02900 ConcurrentGCThread "G1 Refine#0" [stack: 0x0000008f89900000,0x0000008f89a00000] [id=18488]
  0x000001c8e4d03290 ConcurrentGCThread "G1 Service" [stack: 0x0000008f89a00000,0x0000008f89b00000] [id=22900]

Threads with active compile tasks:
C1 CompilerThread0    52179 12207       3       sun.nio.fs.WindowsPathParser::normalize (233 bytes)

VM state: not at safepoint (normal execution)

VM Mutex/Monitor currently owned by a thread: None

Heap address: 0x0000000080000000, size: 2048 MB, Compressed Oops mode: 32-bit

CDS archive(s) mapped at: [0x0000000800000000-0x0000000800be0000-0x0000000800be0000), size 12451840, SharedBaseAddress: 0x0000000800000000, ArchiveRelocationMode: 0.
Compressed class space mapped at: 0x0000000800c00000-0x0000000840c00000, reserved size: 1073741824
Narrow klass base: 0x0000000800000000, Narrow klass shift: 3, Narrow klass range: 0x100000000

GC Precious Log:
 CPUs: 4 total, 4 available
 Memory: 11537M
 Large Page Support: Disabled
 NUMA Support: Disabled
 Compressed Oops: Enabled (32-bit)
 Heap Region Size: 1M
 Heap Min Capacity: 8M
 Heap Initial Capacity: 182M
 Heap Max Capacity: 2G
 Pre-touch: Disabled
 Parallel Workers: 4
 Concurrent Workers: 1
 Concurrent Refinement Workers: 4
 Periodic GC: Disabled

Heap:
 garbage-first heap   total 187392K, used 104994K [0x0000000080000000, 0x0000000100000000)
  region size 1024K, 18 young (18432K), 8 survivors (8192K)
 Metaspace       used 83367K, committed 84032K, reserved 1122304K
  class space    used 10913K, committed 11264K, reserved 1048576K

Heap Regions: E=young(eden), S=young(survivor), O=old, HS=humongous(starts), HC=humongous(continues), CS=collection set, F=free, OA=open archive, CA=closed archive, TAMS=top-at-mark-start (previous, next)
|   0|0x0000000080000000, 0x0000000080100000, 0x0000000080100000|100%|HS|  |TAMS 0x0000000080100000, 0x0000000080000000| Complete 
|   1|0x0000000080100000, 0x0000000080200000, 0x0000000080200000|100%|HC|  |TAMS 0x0000000080200000, 0x0000000080100000| Complete 
|   2|0x0000000080200000, 0x0000000080300000, 0x0000000080300000|100%|HC|  |TAMS 0x0000000080300000, 0x0000000080200000| Complete 
|   3|0x0000000080300000, 0x0000000080400000, 0x0000000080400000|100%| O|  |TAMS 0x0000000080400000, 0x0000000080300000| Untracked 
|   4|0x0000000080400000, 0x0000000080500000, 0x0000000080500000|100%| O|  |TAMS 0x0000000080500000, 0x0000000080400000| Untracked 
|   5|0x0000000080500000, 0x0000000080600000, 0x0000000080600000|100%| O|  |TAMS 0x0000000080600000, 0x0000000080500000| Untracked 
|   6|0x0000000080600000, 0x0000000080700000, 0x0000000080700000|100%| O|  |TAMS 0x0000000080700000, 0x0000000080600000| Untracked 
|   7|0x0000000080700000, 0x0000000080800000, 0x0000000080800000|100%| O|  |TAMS 0x0000000080800000, 0x0000000080700000| Untracked 
|   8|0x0000000080800000, 0x0000000080900000, 0x0000000080900000|100%| O|  |TAMS 0x0000000080900000, 0x0000000080800000| Untracked 
|   9|0x0000000080900000, 0x0000000080a00000, 0x0000000080a00000|100%| O|  |TAMS 0x0000000080a00000, 0x0000000080900000| Untracked 
|  10|0x0000000080a00000, 0x0000000080a94800, 0x0000000080b00000| 58%| O|  |TAMS 0x0000000080a94800, 0x0000000080a00000| Untracked 
|  11|0x0000000080b00000, 0x0000000080c00000, 0x0000000080c00000|100%| O|  |TAMS 0x0000000080c00000, 0x0000000080b00000| Untracked 
|  12|0x0000000080c00000, 0x0000000080d00000, 0x0000000080d00000|100%| O|  |TAMS 0x0000000080d00000, 0x0000000080c00000| Untracked 
|  13|0x0000000080d00000, 0x0000000080e00000, 0x0000000080e00000|100%| O|  |TAMS 0x0000000080e00000, 0x0000000080d00000| Untracked 
|  14|0x0000000080e00000, 0x0000000080f00000, 0x0000000080f00000|100%| O|  |TAMS 0x0000000080f00000, 0x0000000080e00000| Untracked 
|  15|0x0000000080f00000, 0x0000000081000000, 0x0000000081000000|100%| O|  |TAMS 0x0000000081000000, 0x0000000080f00000| Untracked 
|  16|0x0000000081000000, 0x0000000081100000, 0x0000000081100000|100%| O|  |TAMS 0x0000000081100000, 0x0000000081000000| Untracked 
|  17|0x0000000081100000, 0x0000000081200000, 0x0000000081200000|100%| O|  |TAMS 0x0000000081200000, 0x0000000081100000| Untracked 
|  18|0x0000000081200000, 0x0000000081300000, 0x0000000081300000|100%| O|  |TAMS 0x0000000081300000, 0x0000000081200000| Untracked 
|  19|0x0000000081300000, 0x0000000081400000, 0x0000000081400000|100%| O|  |TAMS 0x0000000081400000, 0x0000000081300000| Untracked 
|  20|0x0000000081400000, 0x0000000081500000, 0x0000000081500000|100%| O|  |TAMS 0x0000000081500000, 0x0000000081400000| Untracked 
|  21|0x0000000081500000, 0x0000000081600000, 0x0000000081600000|100%| O|  |TAMS 0x0000000081600000, 0x0000000081500000| Untracked 
|  22|0x0000000081600000, 0x0000000081700000, 0x0000000081700000|100%| O|  |TAMS 0x0000000081700000, 0x0000000081600000| Untracked 
|  23|0x0000000081700000, 0x0000000081800000, 0x0000000081800000|100%| O|  |TAMS 0x0000000081800000, 0x0000000081700000| Untracked 
|  24|0x0000000081800000, 0x0000000081900000, 0x0000000081900000|100%| O|  |TAMS 0x0000000081900000, 0x0000000081800000| Untracked 
|  25|0x0000000081900000, 0x0000000081a00000, 0x0000000081a00000|100%| O|  |TAMS 0x0000000081a00000, 0x0000000081900000| Untracked 
|  26|0x0000000081a00000, 0x0000000081b00000, 0x0000000081b00000|100%| O|  |TAMS 0x0000000081b00000, 0x0000000081a00000| Untracked 
|  27|0x0000000081b00000, 0x0000000081c00000, 0x0000000081c00000|100%|HS|  |TAMS 0x0000000081c00000, 0x0000000081b00000| Complete 
|  28|0x0000000081c00000, 0x0000000081d00000, 0x0000000081d00000|100%|HS|  |TAMS 0x0000000081d00000, 0x0000000081c00000| Complete 
|  29|0x0000000081d00000, 0x0000000081e00000, 0x0000000081e00000|100%|HS|  |TAMS 0x0000000081e00000, 0x0000000081d00000| Complete 
|  30|0x0000000081e00000, 0x0000000081f00000, 0x0000000081f00000|100%| O|  |TAMS 0x0000000081f00000, 0x0000000081e00000| Untracked 
|  31|0x0000000081f00000, 0x0000000082000000, 0x0000000082000000|100%| O|  |TAMS 0x0000000082000000, 0x0000000081f00000| Untracked 
|  32|0x0000000082000000, 0x0000000082100000, 0x0000000082100000|100%| O|  |TAMS 0x0000000082100000, 0x0000000082000000| Untracked 
|  33|0x0000000082100000, 0x0000000082200000, 0x0000000082200000|100%| O|  |TAMS 0x0000000082200000, 0x0000000082100000| Untracked 
|  34|0x0000000082200000, 0x0000000082300000, 0x0000000082300000|100%| O|  |TAMS 0x0000000082300000, 0x0000000082200000| Untracked 
|  35|0x0000000082300000, 0x0000000082400000, 0x0000000082400000|100%|HS|  |TAMS 0x0000000082400000, 0x0000000082300000| Complete 
|  36|0x0000000082400000, 0x0000000082500000, 0x0000000082500000|100%|HC|  |TAMS 0x0000000082500000, 0x0000000082400000| Complete 
|  37|0x0000000082500000, 0x0000000082600000, 0x0000000082600000|100%|HC|  |TAMS 0x0000000082600000, 0x0000000082500000| Complete 
|  38|0x0000000082600000, 0x0000000082700000, 0x0000000082700000|100%| O|  |TAMS 0x0000000082700000, 0x0000000082600000| Untracked 
|  39|0x0000000082700000, 0x0000000082800000, 0x0000000082800000|100%| O|  |TAMS 0x0000000082800000, 0x0000000082700000| Untracked 
|  40|0x0000000082800000, 0x0000000082900000, 0x0000000082900000|100%| O|  |TAMS 0x0000000082900000, 0x0000000082800000| Untracked 
|  41|0x0000000082900000, 0x0000000082a00000, 0x0000000082a00000|100%| O|  |TAMS 0x0000000082a00000, 0x0000000082900000| Untracked 
|  42|0x0000000082a00000, 0x0000000082b00000, 0x0000000082b00000|100%|HS|  |TAMS 0x0000000082b00000, 0x0000000082a00000| Complete 
|  43|0x0000000082b00000, 0x0000000082c00000, 0x0000000082c00000|100%|HC|  |TAMS 0x0000000082c00000, 0x0000000082b00000| Complete 
|  44|0x0000000082c00000, 0x0000000082d00000, 0x0000000082d00000|100%| O|  |TAMS 0x0000000082d00000, 0x0000000082c00000| Untracked 
|  45|0x0000000082d00000, 0x0000000082e00000, 0x0000000082e00000|100%| O|  |TAMS 0x0000000082e00000, 0x0000000082d00000| Untracked 
|  46|0x0000000082e00000, 0x0000000082f00000, 0x0000000082f00000|100%| O|  |TAMS 0x0000000082f00000, 0x0000000082e00000| Untracked 
|  47|0x0000000082f00000, 0x0000000083000000, 0x0000000083000000|100%| O|  |TAMS 0x0000000083000000, 0x0000000082f00000| Untracked 
|  48|0x0000000083000000, 0x0000000083100000, 0x0000000083100000|100%| O|  |TAMS 0x0000000083100000, 0x0000000083000000| Untracked 
|  49|0x0000000083100000, 0x0000000083200000, 0x0000000083200000|100%| O|  |TAMS 0x0000000083200000, 0x0000000083100000| Untracked 
|  50|0x0000000083200000, 0x0000000083300000, 0x0000000083300000|100%| O|  |TAMS 0x0000000083300000, 0x0000000083200000| Untracked 
|  51|0x0000000083300000, 0x0000000083400000, 0x0000000083400000|100%| O|  |TAMS 0x0000000083400000, 0x0000000083300000| Untracked 
|  52|0x0000000083400000, 0x0000000083500000, 0x0000000083500000|100%| O|  |TAMS 0x0000000083500000, 0x0000000083400000| Untracked 
|  53|0x0000000083500000, 0x0000000083600000, 0x0000000083600000|100%| O|  |TAMS 0x0000000083600000, 0x0000000083500000| Untracked 
|  54|0x0000000083600000, 0x0000000083700000, 0x0000000083700000|100%| O|  |TAMS 0x0000000083700000, 0x0000000083600000| Untracked 
|  55|0x0000000083700000, 0x0000000083800000, 0x0000000083800000|100%| O|  |TAMS 0x0000000083800000, 0x0000000083700000| Untracked 
|  56|0x0000000083800000, 0x0000000083900000, 0x0000000083900000|100%| O|  |TAMS 0x0000000083900000, 0x0000000083800000| Untracked 
|  57|0x0000000083900000, 0x0000000083a00000, 0x0000000083a00000|100%| O|  |TAMS 0x0000000083a00000, 0x0000000083900000| Untracked 
|  58|0x0000000083a00000, 0x0000000083b00000, 0x0000000083b00000|100%| O|  |TAMS 0x0000000083b00000, 0x0000000083a00000| Untracked 
|  59|0x0000000083b00000, 0x0000000083c00000, 0x0000000083c00000|100%| O|  |TAMS 0x0000000083c00000, 0x0000000083b00000| Untracked 
|  60|0x0000000083c00000, 0x0000000083d00000, 0x0000000083d00000|100%| O|  |TAMS 0x0000000083d00000, 0x0000000083c00000| Untracked 
|  61|0x0000000083d00000, 0x0000000083e00000, 0x0000000083e00000|100%| O|  |TAMS 0x0000000083e00000, 0x0000000083d00000| Untracked 
|  62|0x0000000083e00000, 0x0000000083f00000, 0x0000000083f00000|100%| O|  |TAMS 0x0000000083f00000, 0x0000000083e00000| Untracked 
|  63|0x0000000083f00000, 0x0000000084000000, 0x0000000084000000|100%| O|  |TAMS 0x0000000084000000, 0x0000000083f00000| Untracked 
|  64|0x0000000084000000, 0x0000000084100000, 0x0000000084100000|100%| O|  |TAMS 0x0000000084100000, 0x0000000084000000| Untracked 
|  65|0x0000000084100000, 0x0000000084200000, 0x0000000084200000|100%| O|  |TAMS 0x0000000084200000, 0x0000000084100000| Untracked 
|  66|0x0000000084200000, 0x0000000084300000, 0x0000000084300000|100%| O|  |TAMS 0x0000000084300000, 0x0000000084200000| Untracked 
|  67|0x0000000084300000, 0x0000000084400000, 0x0000000084400000|100%| O|  |TAMS 0x0000000084400000, 0x0000000084300000| Untracked 
|  68|0x0000000084400000, 0x0000000084500000, 0x0000000084500000|100%| O|  |TAMS 0x0000000084500000, 0x0000000084400000| Untracked 
|  69|0x0000000084500000, 0x0000000084600000, 0x0000000084600000|100%| O|  |TAMS 0x0000000084600000, 0x0000000084500000| Untracked 
|  70|0x0000000084600000, 0x0000000084700000, 0x0000000084700000|100%| O|  |TAMS 0x0000000084700000, 0x0000000084600000| Untracked 
|  71|0x0000000084700000, 0x0000000084800000, 0x0000000084800000|100%| O|  |TAMS 0x0000000084800000, 0x0000000084700000| Untracked 
|  72|0x0000000084800000, 0x0000000084900000, 0x0000000084900000|100%| O|  |TAMS 0x0000000084900000, 0x0000000084800000| Untracked 
|  73|0x0000000084900000, 0x0000000084a00000, 0x0000000084a00000|100%| O|  |TAMS 0x0000000084a00000, 0x0000000084900000| Untracked 
|  74|0x0000000084a00000, 0x0000000084b00000, 0x0000000084b00000|100%| O|  |TAMS 0x0000000084b00000, 0x0000000084a00000| Untracked 
|  75|0x0000000084b00000, 0x0000000084c00000, 0x0000000084c00000|100%| O|  |TAMS 0x0000000084c00000, 0x0000000084b00000| Untracked 
|  76|0x0000000084c00000, 0x0000000084d00000, 0x0000000084d00000|100%| O|  |TAMS 0x0000000084d00000, 0x0000000084c00000| Untracked 
|  77|0x0000000084d00000, 0x0000000084e00000, 0x0000000084e00000|100%| O|  |TAMS 0x0000000084e00000, 0x0000000084d00000| Untracked 
|  78|0x0000000084e00000, 0x0000000084f00000, 0x0000000084f00000|100%| O|  |TAMS 0x0000000084f00000, 0x0000000084e00000| Untracked 
|  79|0x0000000084f00000, 0x0000000085000000, 0x0000000085000000|100%| O|  |TAMS 0x0000000085000000, 0x0000000084f00000| Untracked 
|  80|0x0000000085000000, 0x0000000085100000, 0x0000000085100000|100%| O|  |TAMS 0x0000000085100000, 0x0000000085000000| Untracked 
|  81|0x0000000085100000, 0x0000000085200000, 0x0000000085200000|100%| O|  |TAMS 0x0000000085200000, 0x0000000085100000| Untracked 
|  82|0x0000000085200000, 0x0000000085300000, 0x0000000085300000|100%| O|  |TAMS 0x0000000085300000, 0x0000000085200000| Untracked 
|  83|0x0000000085300000, 0x0000000085400000, 0x0000000085400000|100%| O|  |TAMS 0x000000008535e600, 0x0000000085300000| Untracked 
|  84|0x0000000085400000, 0x0000000085500000, 0x0000000085500000|100%| O|  |TAMS 0x0000000085400000, 0x0000000085400000| Untracked 
|  85|0x0000000085500000, 0x0000000085600000, 0x0000000085600000|100%| O|  |TAMS 0x0000000085500000, 0x0000000085500000| Untracked 
|  86|0x0000000085600000, 0x0000000085700000, 0x0000000085700000|100%| O|  |TAMS 0x0000000085600000, 0x0000000085600000| Untracked 
|  87|0x0000000085700000, 0x0000000085747200, 0x0000000085800000| 27%| O|  |TAMS 0x0000000085700000, 0x0000000085700000| Untracked 
|  88|0x0000000085800000, 0x0000000085800000, 0x0000000085900000|  0%| F|  |TAMS 0x0000000085800000, 0x0000000085800000| Untracked 
|  89|0x0000000085900000, 0x0000000085900000, 0x0000000085a00000|  0%| F|  |TAMS 0x0000000085900000, 0x0000000085900000| Untracked 
|  90|0x0000000085a00000, 0x0000000085a00000, 0x0000000085b00000|  0%| F|  |TAMS 0x0000000085a00000, 0x0000000085a00000| Untracked 
|  91|0x0000000085b00000, 0x0000000085b00000, 0x0000000085c00000|  0%| F|  |TAMS 0x0000000085b00000, 0x0000000085b00000| Untracked 
|  92|0x0000000085c00000, 0x0000000085c00000, 0x0000000085d00000|  0%| F|  |TAMS 0x0000000085c00000, 0x0000000085c00000| Untracked 
|  93|0x0000000085d00000, 0x0000000085d00000, 0x0000000085e00000|  0%| F|  |TAMS 0x0000000085d00000, 0x0000000085d00000| Untracked 
|  94|0x0000000085e00000, 0x0000000085e00000, 0x0000000085f00000|  0%| F|  |TAMS 0x0000000085e00000, 0x0000000085e00000| Untracked 
|  95|0x0000000085f00000, 0x0000000085f00000, 0x0000000086000000|  0%| F|  |TAMS 0x0000000085f00000, 0x0000000085f00000| Untracked 
|  96|0x0000000086000000, 0x0000000086000000, 0x0000000086100000|  0%| F|  |TAMS 0x0000000086000000, 0x0000000086000000| Untracked 
|  97|0x0000000086100000, 0x0000000086100000, 0x0000000086200000|  0%| F|  |TAMS 0x0000000086100000, 0x0000000086100000| Untracked 
|  98|0x0000000086200000, 0x0000000086200000, 0x0000000086300000|  0%| F|  |TAMS 0x0000000086200000, 0x0000000086200000| Untracked 
|  99|0x0000000086300000, 0x0000000086300000, 0x0000000086400000|  0%| F|  |TAMS 0x0000000086300000, 0x0000000086300000| Untracked 
| 100|0x0000000086400000, 0x0000000086400000, 0x0000000086500000|  0%| F|  |TAMS 0x0000000086400000, 0x0000000086400000| Untracked 
| 101|0x0000000086500000, 0x0000000086500000, 0x0000000086600000|  0%| F|  |TAMS 0x0000000086500000, 0x0000000086500000| Untracked 
| 102|0x0000000086600000, 0x0000000086600000, 0x0000000086700000|  0%| F|  |TAMS 0x0000000086600000, 0x0000000086600000| Untracked 
| 103|0x0000000086700000, 0x0000000086700000, 0x0000000086800000|  0%| F|  |TAMS 0x0000000086700000, 0x0000000086700000| Untracked 
| 104|0x0000000086800000, 0x0000000086800000, 0x0000000086900000|  0%| F|  |TAMS 0x0000000086800000, 0x0000000086800000| Untracked 
| 105|0x0000000086900000, 0x0000000086900000, 0x0000000086a00000|  0%| F|  |TAMS 0x0000000086900000, 0x0000000086900000| Untracked 
| 106|0x0000000086a00000, 0x0000000086a00000, 0x0000000086b00000|  0%| F|  |TAMS 0x0000000086a00000, 0x0000000086a00000| Untracked 
| 107|0x0000000086b00000, 0x0000000086b00000, 0x0000000086c00000|  0%| F|  |TAMS 0x0000000086b00000, 0x0000000086b00000| Untracked 
| 108|0x0000000086c00000, 0x0000000086c00000, 0x0000000086d00000|  0%| F|  |TAMS 0x0000000086c00000, 0x0000000086c00000| Untracked 
| 109|0x0000000086d00000, 0x0000000086d00000, 0x0000000086e00000|  0%| F|  |TAMS 0x0000000086d00000, 0x0000000086d00000| Untracked 
| 110|0x0000000086e00000, 0x0000000086ead190, 0x0000000086f00000| 67%| S|CS|TAMS 0x0000000086e00000, 0x0000000086e00000| Complete 
| 111|0x0000000086f00000, 0x0000000087000000, 0x0000000087000000|100%| S|CS|TAMS 0x0000000086f00000, 0x0000000086f00000| Complete 
| 112|0x0000000087000000, 0x0000000087100000, 0x0000000087100000|100%| S|CS|TAMS 0x0000000087000000, 0x0000000087000000| Complete 
| 113|0x0000000087100000, 0x0000000087200000, 0x0000000087200000|100%| S|CS|TAMS 0x0000000087100000, 0x0000000087100000| Complete 
| 114|0x0000000087200000, 0x0000000087300000, 0x0000000087300000|100%| S|CS|TAMS 0x0000000087200000, 0x0000000087200000| Complete 
| 115|0x0000000087300000, 0x0000000087300000, 0x0000000087400000|  0%| F|  |TAMS 0x0000000087300000, 0x0000000087300000| Untracked 
| 116|0x0000000087400000, 0x0000000087400000, 0x0000000087500000|  0%| F|  |TAMS 0x0000000087400000, 0x0000000087400000| Untracked 
| 117|0x0000000087500000, 0x0000000087500000, 0x0000000087600000|  0%| F|  |TAMS 0x0000000087500000, 0x0000000087500000| Untracked 
| 118|0x0000000087600000, 0x0000000087600000, 0x0000000087700000|  0%| F|  |TAMS 0x0000000087600000, 0x0000000087600000| Untracked 
| 119|0x0000000087700000, 0x0000000087800000, 0x0000000087800000|100%| S|CS|TAMS 0x0000000087700000, 0x0000000087700000| Complete 
| 120|0x0000000087800000, 0x0000000087800000, 0x0000000087900000|  0%| F|  |TAMS 0x0000000087800000, 0x0000000087800000| Untracked 
| 121|0x0000000087900000, 0x0000000087900000, 0x0000000087a00000|  0%| F|  |TAMS 0x0000000087900000, 0x0000000087900000| Untracked 
| 122|0x0000000087a00000, 0x0000000087b00000, 0x0000000087b00000|100%| S|CS|TAMS 0x0000000087a00000, 0x0000000087a00000| Complete 
| 123|0x0000000087b00000, 0x0000000087c00000, 0x0000000087c00000|100%| S|CS|TAMS 0x0000000087b00000, 0x0000000087b00000| Complete 
| 124|0x0000000087c00000, 0x0000000087c00000, 0x0000000087d00000|  0%| F|  |TAMS 0x0000000087c00000, 0x0000000087c00000| Untracked 
| 125|0x0000000087d00000, 0x0000000087d00000, 0x0000000087e00000|  0%| F|  |TAMS 0x0000000087d00000, 0x0000000087d00000| Untracked 
| 126|0x0000000087e00000, 0x0000000087e00000, 0x0000000087f00000|  0%| F|  |TAMS 0x0000000087e00000, 0x0000000087e00000| Untracked 
| 127|0x0000000087f00000, 0x0000000087f00000, 0x0000000088000000|  0%| F|  |TAMS 0x0000000087f00000, 0x0000000087f00000| Untracked 
| 128|0x0000000088000000, 0x0000000088000000, 0x0000000088100000|  0%| F|  |TAMS 0x0000000088000000, 0x0000000088000000| Untracked 
| 129|0x0000000088100000, 0x0000000088100000, 0x0000000088200000|  0%| F|  |TAMS 0x0000000088100000, 0x0000000088100000| Untracked 
| 130|0x0000000088200000, 0x0000000088200000, 0x0000000088300000|  0%| F|  |TAMS 0x0000000088200000, 0x0000000088200000| Untracked 
| 131|0x0000000088300000, 0x0000000088300000, 0x0000000088400000|  0%| F|  |TAMS 0x0000000088300000, 0x0000000088300000| Untracked 
| 132|0x0000000088400000, 0x0000000088400000, 0x0000000088500000|  0%| F|  |TAMS 0x0000000088400000, 0x0000000088400000| Untracked 
| 133|0x0000000088500000, 0x0000000088500000, 0x0000000088600000|  0%| F|  |TAMS 0x0000000088500000, 0x0000000088500000| Untracked 
| 134|0x0000000088600000, 0x0000000088600000, 0x0000000088700000|  0%| F|  |TAMS 0x0000000088600000, 0x0000000088600000| Untracked 
| 135|0x0000000088700000, 0x0000000088700000, 0x0000000088800000|  0%| F|  |TAMS 0x0000000088700000, 0x0000000088700000| Untracked 
| 136|0x0000000088800000, 0x0000000088800000, 0x0000000088900000|  0%| F|  |TAMS 0x0000000088800000, 0x0000000088800000| Untracked 
| 137|0x0000000088900000, 0x0000000088900000, 0x0000000088a00000|  0%| F|  |TAMS 0x0000000088900000, 0x0000000088900000| Untracked 
| 138|0x0000000088a00000, 0x0000000088a00000, 0x0000000088b00000|  0%| F|  |TAMS 0x0000000088a00000, 0x0000000088a00000| Untracked 
| 139|0x0000000088b00000, 0x0000000088b00000, 0x0000000088c00000|  0%| F|  |TAMS 0x0000000088b00000, 0x0000000088b00000| Untracked 
| 140|0x0000000088c00000, 0x0000000088c00000, 0x0000000088d00000|  0%| F|  |TAMS 0x0000000088c00000, 0x0000000088c00000| Untracked 
| 141|0x0000000088d00000, 0x0000000088d00000, 0x0000000088e00000|  0%| F|  |TAMS 0x0000000088d00000, 0x0000000088d00000| Untracked 
| 142|0x0000000088e00000, 0x0000000088e00000, 0x0000000088f00000|  0%| F|  |TAMS 0x0000000088e00000, 0x0000000088e00000| Untracked 
| 143|0x0000000088f00000, 0x0000000088f00000, 0x0000000089000000|  0%| F|  |TAMS 0x0000000088f00000, 0x0000000088f00000| Untracked 
| 144|0x0000000089000000, 0x0000000089000000, 0x0000000089100000|  0%| F|  |TAMS 0x0000000089000000, 0x0000000089000000| Untracked 
| 145|0x0000000089100000, 0x0000000089100000, 0x0000000089200000|  0%| F|  |TAMS 0x0000000089100000, 0x0000000089100000| Untracked 
| 146|0x0000000089200000, 0x0000000089200000, 0x0000000089300000|  0%| F|  |TAMS 0x0000000089200000, 0x0000000089200000| Untracked 
| 147|0x0000000089300000, 0x0000000089300000, 0x0000000089400000|  0%| F|  |TAMS 0x0000000089300000, 0x0000000089300000| Untracked 
| 148|0x0000000089400000, 0x0000000089400000, 0x0000000089500000|  0%| F|  |TAMS 0x0000000089400000, 0x0000000089400000| Untracked 
| 149|0x0000000089500000, 0x0000000089500000, 0x0000000089600000|  0%| F|  |TAMS 0x0000000089500000, 0x0000000089500000| Untracked 
| 150|0x0000000089600000, 0x0000000089600000, 0x0000000089700000|  0%| F|  |TAMS 0x0000000089600000, 0x0000000089600000| Untracked 
| 151|0x0000000089700000, 0x0000000089700000, 0x0000000089800000|  0%| F|  |TAMS 0x0000000089700000, 0x0000000089700000| Untracked 
| 152|0x0000000089800000, 0x0000000089800000, 0x0000000089900000|  0%| F|  |TAMS 0x0000000089800000, 0x0000000089800000| Untracked 
| 153|0x0000000089900000, 0x0000000089900000, 0x0000000089a00000|  0%| F|  |TAMS 0x0000000089900000, 0x0000000089900000| Untracked 
| 154|0x0000000089a00000, 0x0000000089a00000, 0x0000000089b00000|  0%| F|  |TAMS 0x0000000089a00000, 0x0000000089a00000| Untracked 
| 155|0x0000000089b00000, 0x0000000089b00000, 0x0000000089c00000|  0%| F|  |TAMS 0x0000000089b00000, 0x0000000089b00000| Untracked 
| 156|0x0000000089c00000, 0x0000000089c00000, 0x0000000089d00000|  0%| F|  |TAMS 0x0000000089c00000, 0x0000000089c00000| Untracked 
| 157|0x0000000089d00000, 0x0000000089d00000, 0x0000000089e00000|  0%| F|  |TAMS 0x0000000089d00000, 0x0000000089d00000| Untracked 
| 158|0x0000000089e00000, 0x0000000089e00000, 0x0000000089f00000|  0%| F|  |TAMS 0x0000000089e00000, 0x0000000089e00000| Untracked 
| 159|0x0000000089f00000, 0x0000000089f00000, 0x000000008a000000|  0%| F|  |TAMS 0x0000000089f00000, 0x0000000089f00000| Untracked 
| 160|0x000000008a000000, 0x000000008a000000, 0x000000008a100000|  0%| F|  |TAMS 0x000000008a000000, 0x000000008a000000| Untracked 
| 161|0x000000008a100000, 0x000000008a100000, 0x000000008a200000|  0%| F|  |TAMS 0x000000008a100000, 0x000000008a100000| Untracked 
| 162|0x000000008a200000, 0x000000008a200000, 0x000000008a300000|  0%| F|  |TAMS 0x000000008a200000, 0x000000008a200000| Untracked 
| 163|0x000000008a300000, 0x000000008a300000, 0x000000008a400000|  0%| F|  |TAMS 0x000000008a300000, 0x000000008a300000| Untracked 
| 164|0x000000008a400000, 0x000000008a400000, 0x000000008a500000|  0%| F|  |TAMS 0x000000008a400000, 0x000000008a400000| Untracked 
| 165|0x000000008a500000, 0x000000008a500000, 0x000000008a600000|  0%| F|  |TAMS 0x000000008a500000, 0x000000008a500000| Untracked 
| 166|0x000000008a600000, 0x000000008a600000, 0x000000008a700000|  0%| F|  |TAMS 0x000000008a600000, 0x000000008a600000| Untracked 
| 167|0x000000008a700000, 0x000000008a700000, 0x000000008a800000|  0%| F|  |TAMS 0x000000008a700000, 0x000000008a700000| Untracked 
| 168|0x000000008a800000, 0x000000008a800000, 0x000000008a900000|  0%| F|  |TAMS 0x000000008a800000, 0x000000008a800000| Untracked 
| 169|0x000000008a900000, 0x000000008a900000, 0x000000008aa00000|  0%| F|  |TAMS 0x000000008a900000, 0x000000008a900000| Untracked 
| 170|0x000000008aa00000, 0x000000008aa00000, 0x000000008ab00000|  0%| F|  |TAMS 0x000000008aa00000, 0x000000008aa00000| Untracked 
| 171|0x000000008ab00000, 0x000000008ab00000, 0x000000008ac00000|  0%| F|  |TAMS 0x000000008ab00000, 0x000000008ab00000| Untracked 
| 172|0x000000008ac00000, 0x000000008ac00000, 0x000000008ad00000|  0%| F|  |TAMS 0x000000008ac00000, 0x000000008ac00000| Untracked 
| 173|0x000000008ad00000, 0x000000008ade76f8, 0x000000008ae00000| 90%| E|  |TAMS 0x000000008ad00000, 0x000000008ad00000| Complete 
| 174|0x000000008ae00000, 0x000000008af00000, 0x000000008af00000|100%| E|CS|TAMS 0x000000008ae00000, 0x000000008ae00000| Complete 
| 175|0x000000008af00000, 0x000000008b000000, 0x000000008b000000|100%| E|  |TAMS 0x000000008af00000, 0x000000008af00000| Complete 
| 176|0x000000008b000000, 0x000000008b100000, 0x000000008b100000|100%| E|CS|TAMS 0x000000008b000000, 0x000000008b000000| Complete 
| 177|0x000000008b100000, 0x000000008b200000, 0x000000008b200000|100%| E|CS|TAMS 0x000000008b100000, 0x000000008b100000| Complete 
| 178|0x000000008b200000, 0x000000008b300000, 0x000000008b300000|100%| E|CS|TAMS 0x000000008b200000, 0x000000008b200000| Complete 
| 179|0x000000008b300000, 0x000000008b400000, 0x000000008b400000|100%| E|CS|TAMS 0x000000008b300000, 0x000000008b300000| Complete 
| 180|0x000000008b400000, 0x000000008b500000, 0x000000008b500000|100%| E|CS|TAMS 0x000000008b400000, 0x000000008b400000| Complete 
| 181|0x000000008b500000, 0x000000008b600000, 0x000000008b600000|100%| E|CS|TAMS 0x000000008b500000, 0x000000008b500000| Complete 
| 182|0x000000008b600000, 0x000000008b700000, 0x000000008b700000|100%| E|CS|TAMS 0x000000008b600000, 0x000000008b600000| Complete 

Card table byte_map: [0x000001c8fe800000,0x000001c8fec00000] _byte_map_base: 0x000001c8fe400000

Marking Bits (Prev, Next): (CMBitMap*) 0x000001c8e4c62d00, (CMBitMap*) 0x000001c8e4c62d40
 Prev Bits: [0x000001c880000000, 0x000001c882000000)
 Next Bits: [0x000001c882000000, 0x000001c884000000)

Polling page: 0x000001c8e4d10000

Metaspace:

Usage:
  Non-class:     70.76 MB used.
      Class:     10.66 MB used.
       Both:     81.41 MB used.

Virtual space:
  Non-class space:       72.00 MB reserved,      71.06 MB ( 99%) committed,  9 nodes.
      Class space:        1.00 GB reserved,      11.00 MB (  1%) committed,  1 nodes.
              Both:        1.07 GB reserved,      82.06 MB (  7%) committed. 

Chunk freelists:
   Non-Class:  663.00 KB
       Class:  1.06 MB
        Both:  1.70 MB

MaxMetaspaceSize: 17179869184.00 GB
CompressedClassSpaceSize: 1.00 GB
 - commit_granule_bytes: 65536.
 - commit_granule_words: 8192.
 - virtual_space_node_default_size: 1048576.
 - enlarge_chunks_in_place: 1.
 - new_chunks_are_fully_committed: 0.
 - uncommit_free_chunks: 1.
 - use_allocation_guard: 0.
 - handle_deallocations: 1.


Internal statistics:

num_allocs_failed_limit: 6.
num_arena_births: 904.
num_arena_deaths: 6.
num_vsnodes_births: 10.
num_vsnodes_deaths: 0.
num_space_committed: 1313.
num_space_uncommitted: 0.
num_chunks_returned_to_freelist: 12.
num_chunks_taken_from_freelist: 4295.
num_chunk_merges: 8.
num_chunk_splits: 2819.
num_chunks_enlarged: 1838.
num_purges: 2.

CodeHeap 'non-profiled nmethods': size=120000Kb used=6899Kb max_used=6899Kb free=113100Kb
 bounds [0x000001c8f68a0000, 0x000001c8f6f60000, 0x000001c8fddd0000]
CodeHeap 'profiled nmethods': size=120000Kb used=20912Kb max_used=20912Kb free=99087Kb
 bounds [0x000001c8ef370000, 0x000001c8f07e0000, 0x000001c8f68a0000]
CodeHeap 'non-nmethods': size=5760Kb used=2417Kb max_used=2488Kb free=3342Kb
 bounds [0x000001c8eedd0000, 0x000001c8ef060000, 0x000001c8ef370000]
 total_blobs=11515 nmethods=10567 adapters=860
 compilation: enabled
              stopped_count=0, restarted_count=0
 full_count=0

Compilation events (20 events):
Event: 49.808 Thread 0x000001c8ff609110 12199       3       java.io.ObjectStreamField::compareTo (40 bytes)
Event: 49.810 Thread 0x000001c8ff609110 nmethod 12199 0x000001c8f07d7a90 code [0x000001c8f07d7d40, 0x000001c8f07d8a48]
Event: 49.821 Thread 0x000001c8ff609110 12201  s    2       java.io.BufferedOutputStream::write (67 bytes)
Event: 49.822 Thread 0x000001c8ff609110 nmethod 12201 0x000001c8f07d8e90 code [0x000001c8f07d9080, 0x000001c8f07d9498]
Event: 49.823 Thread 0x000001c8ff6073b0 nmethod 12195 0x000001c8f6f5ad90 code [0x000001c8f6f5af20, 0x000001c8f6f5b558]
Event: 49.823 Thread 0x000001c8ff6073b0 12196       4       java.io.ObjectOutputStream$BlockDataOutputStream::writeBytes (144 bytes)
Event: 49.823 Thread 0x000001c8ff609110 12202   !   3       java.io.ObjectStreamClass::invokeWriteObject (79 bytes)
Event: 49.825 Thread 0x000001c8ff609110 nmethod 12202 0x000001c8f07d9610 code [0x000001c8f07d98c0, 0x000001c8f07da748]
Event: 49.852 Thread 0x000001c8ff6073b0 nmethod 12196 0x000001c8f6f5b910 code [0x000001c8f6f5bac0, 0x000001c8f6f5c2a8]
Event: 49.852 Thread 0x000001c8ff6073b0 12203       4       java.lang.reflect.Constructor::getParameterTypes (11 bytes)
Event: 49.854 Thread 0x000001c8ff609110 12204       3       java.util.WeakHashMap::containsKey (14 bytes)
Event: 49.854 Thread 0x000001c8ff609110 nmethod 12204 0x000001c8f07dac90 code [0x000001c8f07dae40, 0x000001c8f07db068]
Event: 49.854 Thread 0x000001c8ff6073b0 nmethod 12203 0x000001c8f6f5c790 code [0x000001c8f6f5c920, 0x000001c8f6f5ca98]
Event: 49.854 Thread 0x000001c8ff6073b0 12200       4       java.net.URL::toExternalForm (9 bytes)
Event: 49.855 Thread 0x000001c8ff6073b0 nmethod 12200 0x000001c8f6f5cb90 code [0x000001c8f6f5cd20, 0x000001c8f6f5cde8]
Event: 49.983 Thread 0x000001c8ff609110 12205       3       java.lang.invoke.LambdaFormBuffer::growNames (281 bytes)
Event: 49.984 Thread 0x000001c8ff609110 nmethod 12205 0x000001c8f07db110 code [0x000001c8f07db3c0, 0x000001c8f07dc4d8]
Event: 49.990 Thread 0x000001c8ff609110 12206       3       java.io.Bits::getShort (18 bytes)
Event: 49.990 Thread 0x000001c8ff609110 nmethod 12206 0x000001c8f07dca10 code [0x000001c8f07dcba0, 0x000001c8f07dccf8]
Event: 52.072 Thread 0x000001c8ff609110 12207       3       sun.nio.fs.WindowsPathParser::normalize (233 bytes)

GC Heap History (20 events):
Event: 31.285 GC heap before
{Heap before GC invocations=34 (full 0):
 garbage-first heap   total 126976K, used 98162K [0x0000000080000000, 0x0000000100000000)
  region size 1024K, 34 young (34816K), 5 survivors (5120K)
 Metaspace       used 68351K, committed 68928K, reserved 1114112K
  class space    used 9029K, committed 9280K, reserved 1048576K
}
Event: 31.303 GC heap after
{Heap after GC invocations=35 (full 0):
 garbage-first heap   total 126976K, used 70823K [0x0000000080000000, 0x0000000100000000)
  region size 1024K, 5 young (5120K), 5 survivors (5120K)
 Metaspace       used 68351K, committed 68928K, reserved 1114112K
  class space    used 9029K, committed 9280K, reserved 1048576K
}
Event: 32.546 GC heap before
{Heap before GC invocations=35 (full 0):
 garbage-first heap   total 126976K, used 103591K [0x0000000080000000, 0x0000000100000000)
  region size 1024K, 37 young (37888K), 5 survivors (5120K)
 Metaspace       used 71703K, committed 72320K, reserved 1114112K
  class space    used 9438K, committed 9728K, reserved 1048576K
}
Event: 32.561 GC heap after
{Heap after GC invocations=36 (full 0):
 garbage-first heap   total 126976K, used 73745K [0x0000000080000000, 0x0000000100000000)
  region size 1024K, 5 young (5120K), 5 survivors (5120K)
 Metaspace       used 71703K, committed 72320K, reserved 1114112K
  class space    used 9438K, committed 9728K, reserved 1048576K
}
Event: 35.293 GC heap before
{Heap before GC invocations=37 (full 0):
 garbage-first heap   total 128000K, used 103441K [0x0000000080000000, 0x0000000100000000)
  region size 1024K, 34 young (34816K), 5 survivors (5120K)
 Metaspace       used 73688K, committed 74304K, reserved 1114112K
  class space    used 9680K, committed 9984K, reserved 1048576K
}
Event: 35.313 GC heap after
{Heap after GC invocations=38 (full 0):
 garbage-first heap   total 128000K, used 77296K [0x0000000080000000, 0x0000000100000000)
  region size 1024K, 4 young (4096K), 4 survivors (4096K)
 Metaspace       used 73688K, committed 74304K, reserved 1114112K
  class space    used 9680K, committed 9984K, reserved 1048576K
}
Event: 36.350 GC heap before
{Heap before GC invocations=38 (full 0):
 garbage-first heap   total 128000K, used 103920K [0x0000000080000000, 0x0000000100000000)
  region size 1024K, 31 young (31744K), 4 survivors (4096K)
 Metaspace       used 74454K, committed 75072K, reserved 1114112K
  class space    used 9811K, committed 10112K, reserved 1048576K
}
Event: 36.362 GC heap after
{Heap after GC invocations=39 (full 0):
 garbage-first heap   total 128000K, used 79821K [0x0000000080000000, 0x0000000100000000)
  region size 1024K, 3 young (3072K), 3 survivors (3072K)
 Metaspace       used 74454K, committed 75072K, reserved 1114112K
  class space    used 9811K, committed 10112K, reserved 1048576K
}
Event: 37.648 GC heap before
{Heap before GC invocations=40 (full 0):
 garbage-first heap   total 142336K, used 104397K [0x0000000080000000, 0x0000000100000000)
  region size 1024K, 28 young (28672K), 3 survivors (3072K)
 Metaspace       used 74642K, committed 75264K, reserved 1114112K
  class space    used 9813K, committed 10112K, reserved 1048576K
}
Event: 37.655 GC heap after
{Heap after GC invocations=41 (full 0):
 garbage-first heap   total 142336K, used 81403K [0x0000000080000000, 0x0000000100000000)
  region size 1024K, 2 young (2048K), 2 survivors (2048K)
 Metaspace       used 74642K, committed 75264K, reserved 1114112K
  class space    used 9813K, committed 10112K, reserved 1048576K
}
Event: 38.817 GC heap before
{Heap before GC invocations=41 (full 0):
 garbage-first heap   total 142336K, used 115195K [0x0000000080000000, 0x0000000100000000)
  region size 1024K, 36 young (36864K), 2 survivors (2048K)
 Metaspace       used 74897K, committed 75520K, reserved 1122304K
  class space    used 9820K, committed 10112K, reserved 1048576K
}
Event: 38.825 GC heap after
{Heap after GC invocations=42 (full 0):
 garbage-first heap   total 142336K, used 83133K [0x0000000080000000, 0x0000000100000000)
  region size 1024K, 4 young (4096K), 4 survivors (4096K)
 Metaspace       used 74897K, committed 75520K, reserved 1122304K
  class space    used 9820K, committed 10112K, reserved 1048576K
}
Event: 40.482 GC heap before
{Heap before GC invocations=43 (full 0):
 garbage-first heap   total 155648K, used 115901K [0x0000000080000000, 0x0000000100000000)
  region size 1024K, 37 young (37888K), 4 survivors (4096K)
 Metaspace       used 75185K, committed 75712K, reserved 1122304K
  class space    used 9832K, committed 10112K, reserved 1048576K
}
Event: 40.498 GC heap after
{Heap after GC invocations=44 (full 0):
 garbage-first heap   total 187392K, used 85197K [0x0000000080000000, 0x0000000100000000)
  region size 1024K, 4 young (4096K), 4 survivors (4096K)
 Metaspace       used 75185K, committed 75712K, reserved 1122304K
  class space    used 9832K, committed 10112K, reserved 1048576K
}
Event: 43.178 GC heap before
{Heap before GC invocations=44 (full 0):
 garbage-first heap   total 187392K, used 148685K [0x0000000080000000, 0x0000000100000000)
  region size 1024K, 67 young (68608K), 4 survivors (4096K)
 Metaspace       used 75415K, committed 76032K, reserved 1122304K
  class space    used 9866K, committed 10176K, reserved 1048576K
}
Event: 43.193 GC heap after
{Heap after GC invocations=45 (full 0):
 garbage-first heap   total 187392K, used 89198K [0x0000000080000000, 0x0000000100000000)
  region size 1024K, 8 young (8192K), 8 survivors (8192K)
 Metaspace       used 75415K, committed 76032K, reserved 1122304K
  class space    used 9866K, committed 10176K, reserved 1048576K
}
Event: 45.119 GC heap before
{Heap before GC invocations=45 (full 0):
 garbage-first heap   total 187392K, used 150638K [0x0000000080000000, 0x0000000100000000)
  region size 1024K, 69 young (70656K), 8 survivors (8192K)
 Metaspace       used 75998K, committed 76608K, reserved 1122304K
  class space    used 9953K, committed 10240K, reserved 1048576K
}
Event: 45.135 GC heap after
{Heap after GC invocations=46 (full 0):
 garbage-first heap   total 187392K, used 92790K [0x0000000080000000, 0x0000000100000000)
  region size 1024K, 8 young (8192K), 8 survivors (8192K)
 Metaspace       used 75998K, committed 76608K, reserved 1122304K
  class space    used 9953K, committed 10240K, reserved 1048576K
}
Event: 48.786 GC heap before
{Heap before GC invocations=46 (full 0):
 garbage-first heap   total 187392K, used 153206K [0x0000000080000000, 0x0000000100000000)
  region size 1024K, 67 young (68608K), 8 survivors (8192K)
 Metaspace       used 81758K, committed 82368K, reserved 1122304K
  class space    used 10683K, committed 10944K, reserved 1048576K
}
Event: 48.804 GC heap after
{Heap after GC invocations=47 (full 0):
 garbage-first heap   total 187392K, used 96802K [0x0000000080000000, 0x0000000100000000)
  region size 1024K, 8 young (8192K), 8 survivors (8192K)
 Metaspace       used 81758K, committed 82368K, reserved 1122304K
  class space    used 10683K, committed 10944K, reserved 1048576K
}

Deoptimization events (20 events):
Event: 49.613 Thread 0x000001c88c2c5910 Uncommon trap: trap_request=0xffffffd6 fr.pc=0x000001c8f6ecea2c relative=0x00000000000006ec
Event: 49.613 Thread 0x000001c88c2c5910 Uncommon trap: reason=array_check action=maybe_recompile pc=0x000001c8f6ecea2c method=java.util.TimSort.binarySort([Ljava/lang/Object;IIILjava/util/Comparator;)V @ 215 c2
Event: 49.613 Thread 0x000001c88c2c5910 DEOPT PACKING pc=0x000001c8f6ecea2c sp=0x0000008f8cef8b40
Event: 49.613 Thread 0x000001c88c2c5910 DEOPT UNPACKING pc=0x000001c8eee1d72e sp=0x0000008f8cef8ad8 mode 2
Event: 49.805 Thread 0x000001c88c2c5910 Uncommon trap: trap_request=0xffffffc6 fr.pc=0x000001c8f6f322c8 relative=0x0000000000000388
Event: 49.805 Thread 0x000001c88c2c5910 Uncommon trap: reason=bimorphic_or_optimized_type_check action=maybe_recompile pc=0x000001c8f6f322c8 method=java.io.BufferedOutputStream.flushBuffer()V @ 20 c2
Event: 49.805 Thread 0x000001c88c2c5910 DEOPT PACKING pc=0x000001c8f6f322c8 sp=0x0000008f8cef9570
Event: 49.805 Thread 0x000001c88c2c5910 DEOPT UNPACKING pc=0x000001c8eee1d72e sp=0x0000008f8cef94a8 mode 2
Event: 49.806 Thread 0x000001c88c2c5910 Uncommon trap: trap_request=0xffffffc6 fr.pc=0x000001c8f6f322c8 relative=0x0000000000000388
Event: 49.806 Thread 0x000001c88c2c5910 Uncommon trap: reason=bimorphic_or_optimized_type_check action=maybe_recompile pc=0x000001c8f6f322c8 method=java.io.BufferedOutputStream.flushBuffer()V @ 20 c2
Event: 49.806 Thread 0x000001c88c2c5910 DEOPT PACKING pc=0x000001c8f6f322c8 sp=0x0000008f8cef9570
Event: 49.806 Thread 0x000001c88c2c5910 DEOPT UNPACKING pc=0x000001c8eee1d72e sp=0x0000008f8cef94a8 mode 2
Event: 49.806 Thread 0x000001c88c2c5910 Uncommon trap: trap_request=0xffffffc6 fr.pc=0x000001c8f6f322c8 relative=0x0000000000000388
Event: 49.806 Thread 0x000001c88c2c5910 Uncommon trap: reason=bimorphic_or_optimized_type_check action=maybe_recompile pc=0x000001c8f6f322c8 method=java.io.BufferedOutputStream.flushBuffer()V @ 20 c2
Event: 49.806 Thread 0x000001c88c2c5910 DEOPT PACKING pc=0x000001c8f6f322c8 sp=0x0000008f8cef9570
Event: 49.806 Thread 0x000001c88c2c5910 DEOPT UNPACKING pc=0x000001c8eee1d72e sp=0x0000008f8cef94a8 mode 2
Event: 49.811 Thread 0x000001c88c2c5910 Uncommon trap: trap_request=0xffffffc6 fr.pc=0x000001c8f6f322c8 relative=0x0000000000000388
Event: 49.811 Thread 0x000001c88c2c5910 Uncommon trap: reason=bimorphic_or_optimized_type_check action=maybe_recompile pc=0x000001c8f6f322c8 method=java.io.BufferedOutputStream.flushBuffer()V @ 20 c2
Event: 49.811 Thread 0x000001c88c2c5910 DEOPT PACKING pc=0x000001c8f6f322c8 sp=0x0000008f8cef9340
Event: 49.811 Thread 0x000001c88c2c5910 DEOPT UNPACKING pc=0x000001c8eee1d72e sp=0x0000008f8cef9278 mode 2

Classes unloaded (3 events):
Event: 39.099 Thread 0x000001c8ff5e42a0 Unloading class 0x00000008015e0c00 'java/lang/invoke/LambdaForm$DMH+0x00000008015e0c00'
Event: 39.099 Thread 0x000001c8ff5e42a0 Unloading class 0x00000008015e0800 'java/lang/invoke/LambdaForm$DMH+0x00000008015e0800'
Event: 39.099 Thread 0x000001c8ff5e42a0 Unloading class 0x00000008015e0400 'java/lang/invoke/LambdaForm$DMH+0x00000008015e0400'

Classes redefined (0 events):
No events

Internal exceptions (20 events):
Event: 44.109 Thread 0x000001c88c2c5910 Exception <a 'java/lang/NoSuchMethodError'{0x0000000089475f78}: static Ljava/lang/Object;.<clinit>()V> (0x0000000089475f78) 
thrown [c:\wsjdk\correttojdksrc\installers\windows\zip\corretto-build\buildroot\src\hotspot\share\prims\jni.cpp, line 1210]
Event: 44.111 Thread 0x000001c88c2c5910 Exception <a 'java/lang/NoSuchMethodError'{0x000000008948c258}: static Lcom/android/build/api/artifact/ArtifactKind;.<clinit>()V> (0x000000008948c258) 
thrown [c:\wsjdk\correttojdksrc\installers\windows\zip\corretto-build\buildroot\src\hotspot\share\prims\jni.cpp, line 1210]
Event: 44.112 Thread 0x000001c88c2c5910 Exception <a 'java/lang/NoSuchMethodError'{0x000000008948d778}: static Lcom/android/build/api/artifact/ArtifactKind;.<clinit>()V> (0x000000008948d778) 
thrown [c:\wsjdk\correttojdksrc\installers\windows\zip\corretto-build\buildroot\src\hotspot\share\prims\jni.cpp, line 1210]
Event: 47.165 Thread 0x000001c88c2c5910 Exception <a 'java/lang/NoSuchMethodError'{0x0000000088c502f8}: 'int java.lang.invoke.DirectMethodHandle$Holder.invokeSpecial(java.lang.Object, java.lang.Object, java.lang.Object, java.lang.Object, java.lang.Object)'> (0x0000000088c502f8) 
thrown [c:\wsjdk\correttojdksrc\installers\windows\zip\corretto-build\buildroot\src\hotspot\share\interpreter\linkResolver.cpp, line 790]
Event: 49.292 Thread 0x000001c88c2c5910 Exception <a 'java/lang/NoSuchMethodError'{0x000000008b2cc558}: static Lorg/jetbrains/kotlin/daemon/common/LoopbackNetworkInterface$AbstractClientLoopbackSocketFactory;.<clinit>()V> (0x000000008b2cc558) 
thrown [c:\wsjdk\correttojdksrc\installers\windows\zip\corretto-build\buildroot\src\hotspot\share\prims\jni.cpp, line 1210]
Event: 49.293 Thread 0x000001c88c2c5910 Exception <a 'java/lang/NoSuchMethodError'{0x000000008b2dda28}: static Lorg/jetbrains/kotlin/daemon/common/LoopbackNetworkInterface$ClientLoopbackSocketFactory;.<clinit>()V> (0x000000008b2dda28) 
thrown [c:\wsjdk\correttojdksrc\installers\windows\zip\corretto-build\buildroot\src\hotspot\share\prims\jni.cpp, line 1210]
Event: 49.313 Thread 0x000001c88c2c5910 Exception <a 'java/lang/NoSuchMethodError'{0x000000008b12edb0}: 'java.lang.Object java.lang.invoke.DirectMethodHandle$Holder.invokeSpecial(java.lang.Object, java.lang.Object, java.lang.Object, int, java.lang.Object, java.lang.Object)'> (0x000000008b12edb0) 
thrown [c:\wsjdk\correttojdksrc\installers\windows\zip\corretto-build\buildroot\src\hotspot\share\interpreter\linkResolver.cpp, line 790]
Event: 49.342 Thread 0x000001c88c2c5910 Exception <a 'java/lang/NoSuchMethodError'{0x000000008b13f5e0}: static [Ljava/rmi/server/ObjID;.<clinit>()V> (0x000000008b13f5e0) 
thrown [c:\wsjdk\correttojdksrc\installers\windows\zip\corretto-build\buildroot\src\hotspot\share\prims\jni.cpp, line 1210]
Event: 49.347 Thread 0x000001c88c2c5910 Exception <a 'java/lang/NoSuchMethodError'{0x000000008b1718d0}: static [B.<clinit>()V> (0x000000008b1718d0) 
thrown [c:\wsjdk\correttojdksrc\installers\windows\zip\corretto-build\buildroot\src\hotspot\share\prims\jni.cpp, line 1210]
Event: 49.420 Thread 0x000001c88b27a6f0 Exception <a 'java/lang/InterruptedException'{0x000000008b18a780}> (0x000000008b18a780) 
thrown [c:\wsjdk\correttojdksrc\installers\windows\zip\corretto-build\buildroot\src\hotspot\share\runtime\objectMonitor.cpp, line 1705]
Event: 49.420 Thread 0x000001c88b27a6f0 Exception <a 'java/lang/NoSuchMethodError'{0x000000008b18bbe8}: 'java.lang.Object java.lang.invoke.DirectMethodHandle$Holder.invokeSpecial(java.lang.Object, java.lang.Object, int, java.lang.Object, long)'> (0x000000008b18bbe8) 
thrown [c:\wsjdk\correttojdksrc\installers\windows\zip\corretto-build\buildroot\src\hotspot\share\interpreter\linkResolver.cpp, line 790]
Event: 49.422 Thread 0x000001c88b27a6f0 Exception <a 'java/lang/NoSuchMethodError'{0x000000008b193648}: 'java.lang.Object java.lang.invoke.DirectMethodHandle$Holder.newInvokeSpecial(java.lang.Object, java.lang.Object, int, java.lang.Object, long)'> (0x000000008b193648) 
thrown [c:\wsjdk\correttojdksrc\installers\windows\zip\corretto-build\buildroot\src\hotspot\share\interpreter\linkResolver.cpp, line 790]
Event: 49.609 Thread 0x000001c88c2c5910 Exception <a 'java/lang/NoSuchMethodError'{0x000000008b1cab18}: static Lorg/jetbrains/kotlin/daemon/common/CompileService$CallResult;.<clinit>()V> (0x000000008b1cab18) 
thrown [c:\wsjdk\correttojdksrc\installers\windows\zip\corretto-build\buildroot\src\hotspot\share\prims\jni.cpp, line 1210]
Event: 49.611 Thread 0x000001c88c2c5910 Exception <a 'java/lang/NoSuchMethodError'{0x000000008b1dc218}: static Lorg/jetbrains/kotlin/daemon/common/CompileService$CallResult$Good;.<clinit>()V> (0x000000008b1dc218) 
thrown [c:\wsjdk\correttojdksrc\installers\windows\zip\corretto-build\buildroot\src\hotspot\share\prims\jni.cpp, line 1210]
Event: 49.613 Thread 0x000001c88c2c5910 Exception <a 'java/lang/NoSuchMethodError'{0x000000008b1edcb8}: static Lorg/jetbrains/kotlin/daemon/common/DaemonJVMOptions;.<clinit>()V> (0x000000008b1edcb8) 
thrown [c:\wsjdk\correttojdksrc\installers\windows\zip\corretto-build\buildroot\src\hotspot\share\prims\jni.cpp, line 1210]
Event: 49.765 Thread 0x000001c88c2c5910 Exception <a 'java/lang/NoSuchMethodError'{0x000000008b035be8}: static Lorg/jetbrains/kotlin/daemon/common/CompileService$CallResult$Ok;.<clinit>()V> (0x000000008b035be8) 
thrown [c:\wsjdk\correttojdksrc\installers\windows\zip\corretto-build\buildroot\src\hotspot\share\prims\jni.cpp, line 1210]
Event: 49.814 Thread 0x000001c88c2c5910 Exception <a 'java/lang/NoSuchMethodError'{0x000000008af77b30}: static [Ljava/lang/Integer;.<clinit>()V> (0x000000008af77b30) 
thrown [c:\wsjdk\correttojdksrc\installers\windows\zip\corretto-build\buildroot\src\hotspot\share\prims\jni.cpp, line 1210]
Event: 49.819 Thread 0x000001c88c2c5910 Exception <a 'java/lang/NoSuchMethodError'{0x000000008afbfe18}: static Lorg/jetbrains/kotlin/incremental/ClasspathChanges$NotAvailable;.<clinit>()V> (0x000000008afbfe18) 
thrown [c:\wsjdk\correttojdksrc\installers\windows\zip\corretto-build\buildroot\src\hotspot\share\prims\jni.cpp, line 1210]
Event: 49.820 Thread 0x000001c88c2c5910 Exception <a 'java/lang/NoSuchMethodError'{0x000000008afde8f8}: static Lorg/jetbrains/kotlin/incremental/ClasspathChanges$NotAvailable;.<clinit>()V> (0x000000008afde8f8) 
thrown [c:\wsjdk\correttojdksrc\installers\windows\zip\corretto-build\buildroot\src\hotspot\share\prims\jni.cpp, line 1210]
Event: 49.821 Thread 0x000001c88c2c5910 Exception <a 'java/lang/NoSuchMethodError'{0x000000008aff2700}: static Lorg/jetbrains/kotlin/incremental/ClasspathChanges;.<clinit>()V> (0x000000008aff2700) 
thrown [c:\wsjdk\correttojdksrc\installers\windows\zip\corretto-build\buildroot\src\hotspot\share\prims\jni.cpp, line 1210]

Events (20 events):
Event: 49.811 loading class sun/rmi/server/LoaderHandler$Loader done
Event: 49.828 loading class java/rmi/server/ServerNotActiveException
Event: 49.828 loading class java/rmi/server/ServerNotActiveException done
Event: 49.837 loading class sun/rmi/transport/DGCAckHandler
Event: 49.838 loading class sun/rmi/transport/DGCAckHandler done
Event: 49.858 loading class sun/rmi/transport/DGCAckHandler$1
Event: 49.858 loading class sun/rmi/transport/DGCAckHandler$1 done
Event: 49.978 loading class sun/rmi/transport/tcp/TCPTransport$ConnectionHandler
Event: 49.979 loading class sun/rmi/transport/tcp/TCPTransport$ConnectionHandler done
Event: 49.980 Thread 0x000001c88b27bc30 Thread added: 0x000001c88b27bc30
Event: 49.988 loading class sun/rmi/transport/Transport$1
Event: 49.988 loading class sun/rmi/transport/Transport$1 done
Event: 49.990 loading class sun/rmi/transport/DGCImpl$LeaseInfo
Event: 49.990 loading class sun/rmi/transport/DGCImpl$LeaseInfo done
Event: 49.990 loading class sun/rmi/transport/DGCImpl$1
Event: 49.990 loading class sun/rmi/transport/DGCImpl$1 done
Event: 49.990 loading class sun/rmi/transport/SequenceEntry
Event: 49.990 loading class sun/rmi/transport/SequenceEntry done
Event: 50.437 Executing  VM operation: Cleanup
Event: 50.437 Executing  VM operation: Cleanup done


Dynamic libraries:
0x00007ff6675e0000 - 0x00007ff6675ed000 	C:\Users\Admin\.jdks\corretto-16.0.2\bin\java.exe
0x00007ff9accb0000 - 0x00007ff9acea5000 	C:\Windows\SYSTEM32\ntdll.dll
0x00007ff9aada0000 - 0x00007ff9aae5d000 	C:\Windows\System32\KERNEL32.DLL
0x00007ff9aa5f0000 - 0x00007ff9aa8bd000 	C:\Windows\System32\KERNELBASE.dll
0x00007ff9aa9f0000 - 0x00007ff9aaaf0000 	C:\Windows\System32\ucrtbase.dll
0x00007ff9a48b0000 - 0x00007ff9a48c8000 	C:\Users\Admin\.jdks\corretto-16.0.2\bin\jli.dll
0x00007ff9ac6d0000 - 0x00007ff9ac870000 	C:\Windows\System32\USER32.dll
0x00007ff9aa3c0000 - 0x00007ff9aa3e2000 	C:\Windows\System32\win32u.dll
0x00007ff9ab6f0000 - 0x00007ff9ab71a000 	C:\Windows\System32\GDI32.dll
0x00007ff9aaaf0000 - 0x00007ff9aabfb000 	C:\Windows\System32\gdi32full.dll
0x00007ff9aa550000 - 0x00007ff9aa5ed000 	C:\Windows\System32\msvcp_win.dll
0x00007ff9a4250000 - 0x00007ff9a4265000 	C:\Users\Admin\.jdks\corretto-16.0.2\bin\VCRUNTIME140.dll
0x00007ff98f3a0000 - 0x00007ff98f63a000 	C:\Windows\WinSxS\amd64_microsoft.windows.common-controls_6595b64144ccf1df_6.0.19041.1110_none_60b5254171f9507e\COMCTL32.dll
0x00007ff9ac8a0000 - 0x00007ff9ac93e000 	C:\Windows\System32\msvcrt.dll
0x00007ff9ac870000 - 0x00007ff9ac8a0000 	C:\Windows\System32\IMM32.DLL
0x00007ff9755c0000 - 0x00007ff97565b000 	C:\Users\Admin\.jdks\corretto-16.0.2\bin\msvcp140.dll
0x00007ff9642f0000 - 0x00007ff964ef9000 	C:\Users\Admin\.jdks\corretto-16.0.2\bin\server\jvm.dll
0x00007ff9acb40000 - 0x00007ff9acbee000 	C:\Windows\System32\ADVAPI32.dll
0x00007ff9aad00000 - 0x00007ff9aad9c000 	C:\Windows\System32\sechost.dll
0x00007ff9ab010000 - 0x00007ff9ab135000 	C:\Windows\System32\RPCRT4.dll
0x00007ff9ac6c0000 - 0x00007ff9ac6c8000 	C:\Windows\System32\PSAPI.DLL
0x00007ff9924b0000 - 0x00007ff9924b9000 	C:\Windows\SYSTEM32\WSOCK32.dll
0x00007ff9aca70000 - 0x00007ff9acadb000 	C:\Windows\System32\WS2_32.dll
0x00007ff9a5000000 - 0x00007ff9a500a000 	C:\Windows\SYSTEM32\VERSION.dll
0x00007ff98d9c0000 - 0x00007ff98d9e7000 	C:\Windows\SYSTEM32\WINMM.dll
0x00007ff9a81a0000 - 0x00007ff9a81b2000 	C:\Windows\SYSTEM32\kernel.appcore.dll
0x00007ff9a5920000 - 0x00007ff9a592a000 	C:\Users\Admin\.jdks\corretto-16.0.2\bin\jimage.dll
0x00007ff9a0c00000 - 0x00007ff9a0de4000 	C:\Windows\SYSTEM32\DBGHELP.DLL
0x00007ff9a0ac0000 - 0x00007ff9a0aec000 	C:\Windows\SYSTEM32\dbgcore.DLL
0x00007ff9aac00000 - 0x00007ff9aac82000 	C:\Windows\System32\bcryptPrimitives.dll
0x00007ff97eab0000 - 0x00007ff97ead5000 	C:\Users\Admin\.jdks\corretto-16.0.2\bin\java.dll
0x00007ff9ab720000 - 0x00007ff9abe64000 	C:\Windows\System32\SHELL32.dll
0x00007ff9a8480000 - 0x00007ff9a8c14000 	C:\Windows\SYSTEM32\windows.storage.dll
0x00007ff9ab390000 - 0x00007ff9ab6e4000 	C:\Windows\System32\combase.dll
0x00007ff9a9d50000 - 0x00007ff9a9d7c000 	C:\Windows\SYSTEM32\Wldp.dll
0x00007ff9ab1b0000 - 0x00007ff9ab25d000 	C:\Windows\System32\SHCORE.dll
0x00007ff9aca10000 - 0x00007ff9aca65000 	C:\Windows\System32\shlwapi.dll
0x00007ff9aa300000 - 0x00007ff9aa31f000 	C:\Windows\SYSTEM32\profapi.dll
0x00007ff99bf70000 - 0x00007ff99bf89000 	C:\Users\Admin\.jdks\corretto-16.0.2\bin\net.dll
0x00007ff99f9d0000 - 0x00007ff99fada000 	C:\Windows\SYSTEM32\WINHTTP.dll
0x00007ff9a9ab0000 - 0x00007ff9a9b1a000 	C:\Windows\system32\mswsock.dll
0x00007ff99bf50000 - 0x00007ff99bf63000 	C:\Users\Admin\.jdks\corretto-16.0.2\bin\nio.dll
0x00007ff9911c0000 - 0x00007ff9911d8000 	C:\Users\Admin\.jdks\corretto-16.0.2\bin\zip.dll
0x00007ff9a4970000 - 0x00007ff9a4980000 	C:\Users\Admin\.jdks\corretto-16.0.2\bin\verify.dll
0x00007ff9a4310000 - 0x00007ff9a4337000 	C:\Users\Admin\ExploraHolic\native\8bec1ad78214c89d9ad589b4d07fe93259594b29d510b10fafb7a158f7737e5d\windows-amd64\native-platform.dll
0x00007ff975660000 - 0x00007ff97579d000 	C:\Users\Admin\ExploraHolic\native\53dbd7edfb1c66fb8903c78663c9afc45aea4f116125fa6feffd364cf09443e8\windows-amd64\native-platform-file-events.dll
0x00007ff9a4530000 - 0x00007ff9a4539000 	C:\Users\Admin\.jdks\corretto-16.0.2\bin\management.dll
0x00007ff9a44c0000 - 0x00007ff9a44cb000 	C:\Users\Admin\.jdks\corretto-16.0.2\bin\management_ext.dll
0x00007ff9a9ca0000 - 0x00007ff9a9cb8000 	C:\Windows\SYSTEM32\CRYPTSP.dll
0x00007ff9a9430000 - 0x00007ff9a9464000 	C:\Windows\system32\rsaenh.dll
0x00007ff9aa8c0000 - 0x00007ff9aa8e7000 	C:\Windows\System32\bcrypt.dll
0x00007ff9aa2c0000 - 0x00007ff9aa2ee000 	C:\Windows\SYSTEM32\USERENV.dll
0x00007ff9a9cc0000 - 0x00007ff9a9ccc000 	C:\Windows\SYSTEM32\CRYPTBASE.dll
0x00007ff9a97a0000 - 0x00007ff9a97db000 	C:\Windows\SYSTEM32\IPHLPAPI.DLL
0x00007ff9ac620000 - 0x00007ff9ac628000 	C:\Windows\System32\NSI.dll
0x00007ff9a2290000 - 0x00007ff9a22a7000 	C:\Windows\SYSTEM32\dhcpcsvc6.DLL
0x00007ff9a3730000 - 0x00007ff9a374d000 	C:\Windows\SYSTEM32\dhcpcsvc.DLL
0x00007ff9a97e0000 - 0x00007ff9a98ab000 	C:\Windows\SYSTEM32\DNSAPI.dll
0x00007ff9a5950000 - 0x00007ff9a595e000 	C:\Users\Admin\.jdks\corretto-16.0.2\bin\sunmscapi.dll
0x00007ff9aa3f0000 - 0x00007ff9aa546000 	C:\Windows\System32\CRYPT32.dll
0x00007ff9a9dc0000 - 0x00007ff9a9de7000 	C:\Windows\SYSTEM32\ncrypt.dll
0x00007ff9a9d80000 - 0x00007ff9a9dbb000 	C:\Windows\SYSTEM32\NTASN1.dll
0x00007ff9a5930000 - 0x00007ff9a5937000 	C:\Windows\system32\wshunix.dll
0x00007ff99bfb0000 - 0x00007ff99bfb7000 	C:\Users\Admin\.jdks\corretto-16.0.2\bin\rmi.dll

dbghelp: loaded successfully - version: 4.0.5 - missing functions: none
symbol engine: initialized successfully - sym options: 0x614 - pdb path: .;C:\Users\Admin\.jdks\corretto-16.0.2\bin;C:\Windows\SYSTEM32;C:\Windows\WinSxS\amd64_microsoft.windows.common-controls_6595b64144ccf1df_6.0.19041.1110_none_60b5254171f9507e;C:\Users\Admin\.jdks\corretto-16.0.2\bin\server;C:\Users\Admin\ExploraHolic\native\8bec1ad78214c89d9ad589b4d07fe93259594b29d510b10fafb7a158f7737e5d\windows-amd64;C:\Users\Admin\ExploraHolic\native\53dbd7edfb1c66fb8903c78663c9afc45aea4f116125fa6feffd364cf09443e8\windows-amd64

VM Arguments:
jvm_args: --add-opens=java.base/java.util=ALL-UNNAMED --add-opens=java.base/java.lang=ALL-UNNAMED --add-opens=java.base/java.lang.invoke=ALL-UNNAMED --add-opens=java.base/java.util=ALL-UNNAMED --add-opens=java.prefs/java.util.prefs=ALL-UNNAMED --add-opens=java.prefs/java.util.prefs=ALL-UNNAMED --add-opens=java.base/java.nio.charset=ALL-UNNAMED --add-opens=java.base/java.net=ALL-UNNAMED --add-opens=java.base/java.util.concurrent.atomic=ALL-UNNAMED -Xmx2048m -Dfile.encoding=UTF-8 -Duser.country=IN -Duser.language=en -Duser.variant 
java_command: org.gradle.launcher.daemon.bootstrap.GradleDaemon 7.0.2
java_class_path (initial): C:\Users\Admin\ExploraHolic\wrapper\dists\gradle-7.0.2-bin\857tjihv64xamwrf0h14cai3r\gradle-7.0.2\lib\gradle-launcher-7.0.2.jar
Launcher Type: SUN_STANDARD

[Global flags]
     intx CICompilerCount                          = 3                                         {product} {ergonomic}
     uint ConcGCThreads                            = 1                                         {product} {ergonomic}
     uint G1ConcRefinementThreads                  = 4                                         {product} {ergonomic}
   size_t G1HeapRegionSize                         = 1048576                                   {product} {ergonomic}
    uintx GCDrainStackTargetSize                   = 64                                        {product} {ergonomic}
   size_t InitialHeapSize                          = 190840832                                 {product} {ergonomic}
   size_t MarkStackSize                            = 4194304                                   {product} {ergonomic}
   size_t MaxHeapSize                              = 2147483648                                {product} {command line}
   size_t MaxNewSize                               = 1287651328                                {product} {ergonomic}
   size_t MinHeapDeltaBytes                        = 1048576                                   {product} {ergonomic}
   size_t MinHeapSize                              = 8388608                                   {product} {ergonomic}
    uintx NonNMethodCodeHeapSize                   = 5832780                                {pd product} {ergonomic}
    uintx NonProfiledCodeHeapSize                  = 122912730                              {pd product} {ergonomic}
    uintx ProfiledCodeHeapSize                     = 122912730                              {pd product} {ergonomic}
    uintx ReservedCodeCacheSize                    = 251658240                              {pd product} {ergonomic}
     bool SegmentedCodeCache                       = true                                      {product} {ergonomic}
   size_t SoftMaxHeapSize                          = 2147483648                             {manageable} {ergonomic}
     bool UseCompressedClassPointers               = true                           {product lp64_product} {ergonomic}
     bool UseCompressedOops                        = true                           {product lp64_product} {ergonomic}
     bool UseG1GC                                  = true                                      {product} {ergonomic}
     bool UseLargePagesIndividualAllocation        = false                                  {pd product} {ergonomic}

Logging:
Log output configuration:
 #0: stdout all=warning uptime,level,tags
 #1: stderr all=off uptime,level,tags

Environment Variables:
PATH=C:\Windows\system32;C:\Windows;C:\Windows\System32\Wbem;C:\Windows\System32\WindowsPowerShell\v1.0\;C:\Windows\System32\OpenSSH\;C:\Program Files\Git\cmd;C:\Users\Admin\AppData\Local\Microsoft\WindowsApps;;C:\Users\Admin\IntelliJ IDEA Community Edition 2021.3.2\bin;
USERNAME=Admin
OS=Windows_NT
PROCESSOR_IDENTIFIER=Intel64 Family 6 Model 78 Stepping 3, GenuineIntel



---------------  S Y S T E M  ---------------

OS:
 Windows 10 , 64 bit Build 19041 (10.0.19041.1706)
OS uptime: 14 days 23:52 hours

CPU: total 4 (initial active 4) (2 cores per cpu, 2 threads per core) family 6 model 78 stepping 3 microcode 0xcc, cx8, cmov, fxsr, ht, mmx, 3dnowpref, sse, sse2, sse3, ssse3, sse4.1, sse4.2, popcnt, lzcnt, tsc, tscinvbit, avx, avx2, aes, erms, clmul, bmi1, bmi2, adx, fma, vzeroupper, clflush, clflushopt

Memory: 4k page, system-wide physical 11537M (369M free)
TotalPageFile size 46353M (AvailPageFile size 473M)
current process WorkingSet (physical memory assigned to process): 394M, peak: 424M
current process commit charge ("private bytes"): 429M, peak: 460M

vm_info: OpenJDK 64-Bit Server VM (16.0.2+7) for windows-amd64 JRE (16.0.2+7), built on Jul 22 2021 01:11:46 by "Administrator" with MS VC++ 15.9 (VS2017)

END.
