#
# There is insufficient memory for the Java Runtime Environment to continue.
# Native memory allocation (malloc) failed to allocate 1004576 bytes for Chunk::new
# Possible reasons:
#   The system is out of physical RAM or swap space
#   The process is running with CompressedOops enabled, and the Java Heap may be blocking the growth of the native heap
# Possible solutions:
#   Reduce memory load on the system
#   Increase physical memory or swap space
#   Check if swap backing store is full
#   Decrease Java heap size (-Xmx/-Xms)
#   Decrease number of Java threads
#   Decrease Java thread stack sizes (-Xss)
#   Set larger code cache with -XX:ReservedCodeCacheSize=
#   JVM is running with Unscaled Compressed Oops mode in which the Java heap is
#     placed in the first 4GB address space. The Java Heap base address is the
#     maximum limit for the native heap growth. Please use -XX:HeapBaseMinAddress
#     to set the Java Heap base and to place the Java Heap above 4GB virtual address.
# This output file may be truncated or incomplete.
#
#  Out of Memory Error (arena.cpp:195), pid=22368, tid=22084
#
# JRE version: OpenJDK Runtime Environment Corretto-16.0.2.7.1 (16.0.2+7) (build 16.0.2+7)
# Java VM: OpenJDK 64-Bit Server VM Corretto-16.0.2.7.1 (16.0.2+7, mixed mode, sharing, tiered, compressed oops, compressed class ptrs, g1 gc, windows-amd64)
# No core dump will be written. Minidumps are not enabled by default on client versions of Windows
#

---------------  S U M M A R Y ------------

Command Line: --add-opens=java.base/java.util=ALL-UNNAMED --add-opens=java.base/java.lang=ALL-UNNAMED --add-opens=java.base/java.lang.invoke=ALL-UNNAMED --add-opens=java.base/java.util=ALL-UNNAMED --add-opens=java.prefs/java.util.prefs=ALL-UNNAMED --add-opens=java.prefs/java.util.prefs=ALL-UNNAMED --add-opens=java.base/java.nio.charset=ALL-UNNAMED --add-opens=java.base/java.net=ALL-UNNAMED --add-opens=java.base/java.util.concurrent.atomic=ALL-UNNAMED -Xmx2048m -Dfile.encoding=UTF-8 -Duser.country=IN -Duser.language=en -Duser.variant org.gradle.launcher.daemon.bootstrap.GradleDaemon 7.0.2

Host: Intel(R) Core(TM) i3-6006U CPU @ 2.00GHz, 4 cores, 11G,  Windows 10 , 64 bit Build 19041 (10.0.19041.1706)
Time: Thu Jun  2 19:02:19 2022 India Standard Time elapsed time: 77.066850 seconds (0d 0h 1m 17s)

---------------  T H R E A D  ---------------

Current thread (0x000001f460a27cd0):  JavaThread "C2 CompilerThread0" daemon [_thread_in_native, id=22084, stack(0x000000adebd00000,0x000000adebe00000)]


Current CompileTask:
C2:  77067 11890       4       org.gradle.internal.snapshot.DirectorySnapshot$$Lambda$941/0x00000008015cba78::accept (20 bytes)

Stack: [0x000000adebd00000,0x000000adebe00000]
Native frames: (J=compiled Java code, j=interpreted, Vv=VM code, C=native code)
V  [jvm.dll+0x647e0a]
V  [jvm.dll+0x7f0549]
V  [jvm.dll+0x7f1cfe]
V  [jvm.dll+0x7f2343]
V  [jvm.dll+0x23dd88]
V  [jvm.dll+0xc879a]
V  [jvm.dll+0xc8d4c]
V  [jvm.dll+0x29fbb2]
V  [jvm.dll+0x557f02]
V  [jvm.dll+0x218e28]
V  [jvm.dll+0x21220b]
V  [jvm.dll+0x20fe07]
V  [jvm.dll+0x1a0d9b]
V  [jvm.dll+0x21f909]
V  [jvm.dll+0x21da9b]
V  [jvm.dll+0x7a8662]
V  [jvm.dll+0x7a223a]
V  [jvm.dll+0x646c46]
C  [ucrtbase.dll+0x21bb2]
C  [KERNEL32.DLL+0x17034]
C  [ntdll.dll+0x52651]


---------------  P R O C E S S  ---------------

Threads class SMR info:
_java_thread_list=0x000001f464e17900, length=55, elements={
0x000001f441803d90, 0x000001f460a0b190, 0x000001f460a0bf60, 0x000001f460a1f990,
0x000001f460a226b0, 0x000001f460a22fc0, 0x000001f460a258e0, 0x000001f460a27cd0,
0x000001f460a2ea70, 0x000001f460a9f230, 0x000001f4614a96b0, 0x000001f4614b0a10,
0x000001f46261b020, 0x000001f46218f6f0, 0x000001f462355720, 0x000001f46296b5b0,
0x000001f46238c2b0, 0x000001f461f525b0, 0x000001f461847560, 0x000001f46278b450,
0x000001f462416d70, 0x000001f462417810, 0x000001f462417d60, 0x000001f4624182b0,
0x000001f4624172c0, 0x000001f462418d50, 0x000001f4624192a0, 0x000001f4624197f0,
0x000001f4624162d0, 0x000001f462416820, 0x000001f464d2bac0, 0x000001f464d2aad0,
0x000001f464d2c010, 0x000001f464d29040, 0x000001f464d2c560, 0x000001f464d2cab0,
0x000001f464d2f530, 0x000001f464d285a0, 0x000001f464d2a030, 0x000001f464d29ae0,
0x000001f464d2d000, 0x000001f464d2dff0, 0x000001f464d2daa0, 0x000001f464d2efe0,
0x000001f464d2ffd0, 0x000001f464d28af0, 0x000001f464d29590, 0x000001f464d2b020,
0x000001f4655d0ad0, 0x000001f4655ce5a0, 0x000001f4655d3aa0, 0x000001f4655ceaf0,
0x000001f4655ce050, 0x000001f4655cf040, 0x000001f4655cd060
}

Java Threads: ( => current thread )
  0x000001f441803d90 JavaThread "main" [_thread_blocked, id=22472, stack(0x000000adeb000000,0x000000adeb100000)]
  0x000001f460a0b190 JavaThread "Reference Handler" daemon [_thread_blocked, id=21716, stack(0x000000adeb700000,0x000000adeb800000)]
  0x000001f460a0bf60 JavaThread "Finalizer" daemon [_thread_blocked, id=19040, stack(0x000000adeb800000,0x000000adeb900000)]
  0x000001f460a1f990 JavaThread "Signal Dispatcher" daemon [_thread_blocked, id=20628, stack(0x000000adeb900000,0x000000adeba00000)]
  0x000001f460a226b0 JavaThread "Attach Listener" daemon [_thread_blocked, id=21756, stack(0x000000adeba00000,0x000000adebb00000)]
  0x000001f460a22fc0 JavaThread "Service Thread" daemon [_thread_blocked, id=21920, stack(0x000000adebb00000,0x000000adebc00000)]
  0x000001f460a258e0 JavaThread "Monitor Deflation Thread" daemon [_thread_blocked, id=9388, stack(0x000000adebc00000,0x000000adebd00000)]
=>0x000001f460a27cd0 JavaThread "C2 CompilerThread0" daemon [_thread_in_native, id=22084, stack(0x000000adebd00000,0x000000adebe00000)]
  0x000001f460a2ea70 JavaThread "C1 CompilerThread0" daemon [_thread_blocked, id=22128, stack(0x000000adebe00000,0x000000adebf00000)]
  0x000001f460a9f230 JavaThread "Sweeper thread" daemon [_thread_blocked, id=22392, stack(0x000000adebf00000,0x000000adec000000)]
  0x000001f4614a96b0 JavaThread "Common-Cleaner" daemon [_thread_blocked, id=21688, stack(0x000000adec000000,0x000000adec100000)]
  0x000001f4614b0a10 JavaThread "Notification Thread" daemon [_thread_blocked, id=10200, stack(0x000000adec100000,0x000000adec200000)]
  0x000001f46261b020 JavaThread "Daemon health stats" [_thread_blocked, id=6448, stack(0x000000adec600000,0x000000adec700000)]
  0x000001f46218f6f0 JavaThread "Incoming local TCP Connector on port 59832" [_thread_in_native, id=8568, stack(0x000000adec700000,0x000000adec800000)]
  0x000001f462355720 JavaThread "Daemon periodic checks" [_thread_blocked, id=18912, stack(0x000000adec800000,0x000000adec900000)]
  0x000001f46296b5b0 JavaThread "Daemon" [_thread_blocked, id=22024, stack(0x000000adec900000,0x000000adeca00000)]
  0x000001f46238c2b0 JavaThread "Handler for socket connection from /127.0.0.1:59832 to /127.0.0.1:59833" [_thread_in_native, id=13988, stack(0x000000adeca00000,0x000000adecb00000)]
  0x000001f461f525b0 JavaThread "Cancel handler" [_thread_blocked, id=23852, stack(0x000000adecb00000,0x000000adecc00000)]
  0x000001f461847560 JavaThread "Daemon worker" [_thread_blocked, id=22432, stack(0x000000adecc00000,0x000000adecd00000)]
  0x000001f46278b450 JavaThread "Asynchronous log dispatcher for DefaultDaemonConnection: socket connection from /127.0.0.1:59832 to /127.0.0.1:59833" [_thread_blocked, id=23468, stack(0x000000adecd00000,0x000000adece00000)]
  0x000001f462416d70 JavaThread "Daemon client event forwarder" [_thread_blocked, id=6868, stack(0x000000adecf00000,0x000000aded000000)]
  0x000001f462417810 JavaThread "Cache worker for file hash cache (C:\Users\Admin\ExploraHolic\caches\7.0.2\fileHashes)" [_thread_blocked, id=22852, stack(0x000000aded000000,0x000000aded100000)]
  0x000001f462417d60 JavaThread "File lock request listener" [_thread_in_native, id=7616, stack(0x000000aded100000,0x000000aded200000)]
  0x000001f4624182b0 JavaThread "Cache worker for journal cache (C:\Users\Admin\ExploraHolic\caches\journal-1)" [_thread_blocked, id=21564, stack(0x000000aded200000,0x000000aded300000)]
  0x000001f4624172c0 JavaThread "Cache worker for file hash cache (C:\Users\Admin\ExploraHolic\ExploraHolic\.gradle\7.0.2\fileHashes)" [_thread_blocked, id=23208, stack(0x000000aded300000,0x000000aded400000)]
  0x000001f462418d50 JavaThread "File watcher server" daemon [_thread_in_native, id=23496, stack(0x000000aded400000,0x000000aded500000)]
  0x000001f4624192a0 JavaThread "File watcher consumer" daemon [_thread_blocked, id=22312, stack(0x000000aded500000,0x000000aded600000)]
  0x000001f4624197f0 JavaThread "Cache worker for checksums cache (C:\Users\Admin\ExploraHolic\ExploraHolic\.gradle\checksums)" [_thread_blocked, id=24192, stack(0x000000aded600000,0x000000aded700000)]
  0x000001f4624162d0 JavaThread "Cache worker for cache directory md-supplier (C:\Users\Admin\ExploraHolic\caches\7.0.2\md-supplier)" [_thread_blocked, id=16376, stack(0x000000aded700000,0x000000aded800000)]
  0x000001f462416820 JavaThread "Cache worker for cache directory md-rule (C:\Users\Admin\ExploraHolic\caches\7.0.2\md-rule)" [_thread_blocked, id=11480, stack(0x000000aded800000,0x000000aded900000)]
  0x000001f464d2bac0 JavaThread "Cache worker for execution history cache (C:\Users\Admin\ExploraHolic\caches\7.0.2\executionHistory)" [_thread_blocked, id=24468, stack(0x000000aded900000,0x000000adeda00000)]
  0x000001f464d2aad0 JavaThread "jar transforms" [_thread_blocked, id=24212, stack(0x000000adeda00000,0x000000adedb00000)]
  0x000001f464d2c010 JavaThread "jar transforms Thread 2" [_thread_blocked, id=22172, stack(0x000000adedb00000,0x000000adedc00000)]
  0x000001f464d29040 JavaThread "Cache worker for file content cache (C:\Users\Admin\ExploraHolic\caches\7.0.2\fileContent)" [_thread_blocked, id=21560, stack(0x000000adedc00000,0x000000adedd00000)]
  0x000001f464d2c560 JavaThread "Cache worker for dependencies-accessors (C:\Users\Admin\ExploraHolic\ExploraHolic\.gradle\7.0.2\dependencies-accessors)" [_thread_blocked, id=7028, stack(0x000000adedd00000,0x000000adede00000)]
  0x000001f464d2cab0 JavaThread "jar transforms Thread 3" [_thread_blocked, id=5424, stack(0x000000adede00000,0x000000adedf00000)]
  0x000001f464d2f530 JavaThread "Cache worker for Build Output Cleanup Cache (C:\Users\Admin\ExploraHolic\ExploraHolic\.gradle\buildOutputCleanup)" [_thread_blocked, id=7612, stack(0x000000adedf00000,0x000000adee000000)]
  0x000001f464d285a0 JavaThread "Build operations" [_thread_blocked, id=15496, stack(0x000000adee000000,0x000000adee100000)]
  0x000001f464d2a030 JavaThread "Build operations Thread 2" [_thread_blocked, id=7728, stack(0x000000adee100000,0x000000adee200000)]
  0x000001f464d29ae0 JavaThread "Build operations Thread 3" [_thread_blocked, id=23752, stack(0x000000adee200000,0x000000adee300000)]
  0x000001f464d2d000 JavaThread "Build operations Thread 4" [_thread_blocked, id=22688, stack(0x000000adee300000,0x000000adee400000)]
  0x000001f464d2dff0 JavaThread "jar transforms Thread 4" [_thread_blocked, id=22640, stack(0x000000adee400000,0x000000adee500000)]
  0x000001f464d2daa0 JavaThread "Memory manager" [_thread_blocked, id=18516, stack(0x000000adee500000,0x000000adee600000)]
  0x000001f464d2efe0 JavaThread "build event listener" [_thread_blocked, id=7448, stack(0x000000adee800000,0x000000adee900000)]
  0x000001f464d2ffd0 JavaThread "build event listener" [_thread_blocked, id=17672, stack(0x000000adee900000,0x000000adeea00000)]
  0x000001f464d28af0 JavaThread "Execution worker for ':'" [_thread_blocked, id=22184, stack(0x000000adeea00000,0x000000adeeb00000)]
  0x000001f464d29590 JavaThread "Execution worker for ':' Thread 2" [_thread_in_vm, id=24504, stack(0x000000adeeb00000,0x000000adeec00000)]
  0x000001f464d2b020 JavaThread "Execution worker for ':' Thread 3" [_thread_blocked, id=22940, stack(0x000000adeec00000,0x000000adeed00000)]
  0x000001f4655d0ad0 JavaThread "Cache worker for execution history cache (C:\Users\Admin\ExploraHolic\ExploraHolic\.gradle\7.0.2\executionHistory)" [_thread_blocked, id=22276, stack(0x000000adeed00000,0x000000adeee00000)]
  0x000001f4655ce5a0 JavaThread "RMI Scheduler(0)" daemon [_thread_blocked, id=17596, stack(0x000000adeae00000,0x000000adeaf00000)]
  0x000001f4655d3aa0 JavaThread "RMI RenewClean-[127.0.0.1:17884,org.jetbrains.kotlin.daemon.common.LoopbackNetworkInterface$ClientLoopbackSocketFactory@2c96da8]" daemon [_thread_blocked, id=16732, stack(0x000000adeaf00000,0x000000adeb000000)]
  0x000001f4655ceaf0 JavaThread "RMI GC Daemon" daemon [_thread_blocked, id=24448, stack(0x000000adeee00000,0x000000adeef00000)]
  0x000001f4655ce050 JavaThread "RMI TCP Accept-0" daemon [_thread_in_native, id=7556, stack(0x000000adeef00000,0x000000adef000000)]
  0x000001f4655cf040 JavaThread "RMI Reaper" [_thread_blocked, id=22824, stack(0x000000adef000000,0x000000adef100000)]
  0x000001f4655cd060 JavaThread "RMI TCP Connection(idle)" daemon [_thread_blocked, id=24156, stack(0x000000adef100000,0x000000adef200000)]

Other Threads:
  0x000001f460a037d0 VMThread "VM Thread" [stack: 0x000000adeb600000,0x000000adeb700000] [id=22100]
  0x000001f4614b3350 WatcherThread [stack: 0x000000adec200000,0x000000adec300000] [id=23676]
  0x000001f4418427d0 GCTaskThread "GC Thread#0" [stack: 0x000000adeb100000,0x000000adeb200000] [id=14932]
  0x000001f461983010 GCTaskThread "GC Thread#1" [stack: 0x000000adec400000,0x000000adec500000] [id=10588]
  0x000001f461536ba0 GCTaskThread "GC Thread#2" [stack: 0x000000adec300000,0x000000adec400000] [id=21712]
  0x000001f4619b4420 GCTaskThread "GC Thread#3" [stack: 0x000000adec500000,0x000000adec600000] [id=9316]
  0x000001f441854730 ConcurrentGCThread "G1 Main Marker" [stack: 0x000000adeb200000,0x000000adeb300000] [id=4972]
  0x000001f4418550b0 ConcurrentGCThread "G1 Conc#0" [stack: 0x000000adeb300000,0x000000adeb400000] [id=21824]
  0x000001f4418e49d0 ConcurrentGCThread "G1 Refine#0" [stack: 0x000000adeb400000,0x000000adeb500000] [id=19208]
  0x000001f4418e5360 ConcurrentGCThread "G1 Service" [stack: 0x000000adeb500000,0x000000adeb600000] [id=16440]

Threads with active compile tasks:
C2 CompilerThread0    77139 11890       4       org.gradle.internal.snapshot.DirectorySnapshot$$Lambda$941/0x00000008015cba78::accept (20 bytes)

VM state: not at safepoint (normal execution)

VM Mutex/Monitor currently owned by a thread: None

Heap address: 0x0000000080000000, size: 2048 MB, Compressed Oops mode: 32-bit

CDS archive(s) mapped at: [0x0000000800000000-0x0000000800be0000-0x0000000800be0000), size 12451840, SharedBaseAddress: 0x0000000800000000, ArchiveRelocationMode: 0.
Compressed class space mapped at: 0x0000000800c00000-0x0000000840c00000, reserved size: 1073741824
Narrow klass base: 0x0000000800000000, Narrow klass shift: 3, Narrow klass range: 0x100000000

GC Precious Log:
 CPUs: 4 total, 4 available
 Memory: 11537M
 Large Page Support: Disabled
 NUMA Support: Disabled
 Compressed Oops: Enabled (32-bit)
 Heap Region Size: 1M
 Heap Min Capacity: 8M
 Heap Initial Capacity: 182M
 Heap Max Capacity: 2G
 Pre-touch: Disabled
 Parallel Workers: 4
 Concurrent Workers: 1
 Concurrent Refinement Workers: 4
 Periodic GC: Disabled

Heap:
 garbage-first heap   total 186368K, used 122271K [0x0000000080000000, 0x0000000100000000)
  region size 1024K, 36 young (36864K), 9 survivors (9216K)
 Metaspace       used 83794K, committed 84416K, reserved 1122304K
  class space    used 10971K, committed 11264K, reserved 1048576K

Heap Regions: E=young(eden), S=young(survivor), O=old, HS=humongous(starts), HC=humongous(continues), CS=collection set, F=free, OA=open archive, CA=closed archive, TAMS=top-at-mark-start (previous, next)
|   0|0x0000000080000000, 0x0000000080100000, 0x0000000080100000|100%|HS|  |TAMS 0x0000000080100000, 0x0000000080000000| Complete 
|   1|0x0000000080100000, 0x0000000080200000, 0x0000000080200000|100%|HC|  |TAMS 0x0000000080200000, 0x0000000080100000| Complete 
|   2|0x0000000080200000, 0x0000000080300000, 0x0000000080300000|100%|HC|  |TAMS 0x0000000080300000, 0x0000000080200000| Complete 
|   3|0x0000000080300000, 0x0000000080400000, 0x0000000080400000|100%| O|  |TAMS 0x0000000080400000, 0x0000000080300000| Untracked 
|   4|0x0000000080400000, 0x0000000080500000, 0x0000000080500000|100%| O|  |TAMS 0x0000000080500000, 0x0000000080400000| Untracked 
|   5|0x0000000080500000, 0x0000000080600000, 0x0000000080600000|100%| O|  |TAMS 0x0000000080600000, 0x0000000080500000| Untracked 
|   6|0x0000000080600000, 0x0000000080700000, 0x0000000080700000|100%| O|  |TAMS 0x0000000080700000, 0x0000000080600000| Untracked 
|   7|0x0000000080700000, 0x0000000080800000, 0x0000000080800000|100%| O|  |TAMS 0x0000000080800000, 0x0000000080700000| Untracked 
|   8|0x0000000080800000, 0x0000000080900000, 0x0000000080900000|100%| O|  |TAMS 0x0000000080900000, 0x0000000080800000| Untracked 
|   9|0x0000000080900000, 0x0000000080919000, 0x0000000080a00000|  9%| O|  |TAMS 0x0000000080919000, 0x0000000080900000| Untracked 
|  10|0x0000000080a00000, 0x0000000080b00000, 0x0000000080b00000|100%| O|  |TAMS 0x0000000080b00000, 0x0000000080a00000| Untracked 
|  11|0x0000000080b00000, 0x0000000080c00000, 0x0000000080c00000|100%| O|  |TAMS 0x0000000080c00000, 0x0000000080b00000| Untracked 
|  12|0x0000000080c00000, 0x0000000080d00000, 0x0000000080d00000|100%| O|  |TAMS 0x0000000080d00000, 0x0000000080c00000| Untracked 
|  13|0x0000000080d00000, 0x0000000080e00000, 0x0000000080e00000|100%| O|  |TAMS 0x0000000080e00000, 0x0000000080d00000| Untracked 
|  14|0x0000000080e00000, 0x0000000080f00000, 0x0000000080f00000|100%| O|  |TAMS 0x0000000080f00000, 0x0000000080e00000| Untracked 
|  15|0x0000000080f00000, 0x0000000081000000, 0x0000000081000000|100%| O|  |TAMS 0x0000000081000000, 0x0000000080f00000| Untracked 
|  16|0x0000000081000000, 0x0000000081100000, 0x0000000081100000|100%| O|  |TAMS 0x0000000081100000, 0x0000000081000000| Untracked 
|  17|0x0000000081100000, 0x0000000081200000, 0x0000000081200000|100%| O|  |TAMS 0x0000000081200000, 0x0000000081100000| Untracked 
|  18|0x0000000081200000, 0x0000000081300000, 0x0000000081300000|100%| O|  |TAMS 0x0000000081300000, 0x0000000081200000| Untracked 
|  19|0x0000000081300000, 0x0000000081400000, 0x0000000081400000|100%| O|  |TAMS 0x0000000081400000, 0x0000000081300000| Untracked 
|  20|0x0000000081400000, 0x0000000081500000, 0x0000000081500000|100%| O|  |TAMS 0x0000000081500000, 0x0000000081400000| Untracked 
|  21|0x0000000081500000, 0x0000000081600000, 0x0000000081600000|100%| O|  |TAMS 0x0000000081600000, 0x0000000081500000| Untracked 
|  22|0x0000000081600000, 0x0000000081700000, 0x0000000081700000|100%| O|  |TAMS 0x0000000081700000, 0x0000000081600000| Untracked 
|  23|0x0000000081700000, 0x0000000081800000, 0x0000000081800000|100%| O|  |TAMS 0x0000000081800000, 0x0000000081700000| Untracked 
|  24|0x0000000081800000, 0x0000000081900000, 0x0000000081900000|100%| O|  |TAMS 0x0000000081900000, 0x0000000081800000| Untracked 
|  25|0x0000000081900000, 0x0000000081a00000, 0x0000000081a00000|100%| O|  |TAMS 0x0000000081a00000, 0x0000000081900000| Untracked 
|  26|0x0000000081a00000, 0x0000000081b00000, 0x0000000081b00000|100%| O|  |TAMS 0x0000000081b00000, 0x0000000081a00000| Untracked 
|  27|0x0000000081b00000, 0x0000000081c00000, 0x0000000081c00000|100%|HS|  |TAMS 0x0000000081c00000, 0x0000000081b00000| Complete 
|  28|0x0000000081c00000, 0x0000000081d00000, 0x0000000081d00000|100%|HS|  |TAMS 0x0000000081d00000, 0x0000000081c00000| Complete 
|  29|0x0000000081d00000, 0x0000000081e00000, 0x0000000081e00000|100%|HS|  |TAMS 0x0000000081e00000, 0x0000000081d00000| Complete 
|  30|0x0000000081e00000, 0x0000000081f00000, 0x0000000081f00000|100%| O|  |TAMS 0x0000000081f00000, 0x0000000081e00000| Untracked 
|  31|0x0000000081f00000, 0x0000000082000000, 0x0000000082000000|100%| O|  |TAMS 0x0000000082000000, 0x0000000081f00000| Untracked 
|  32|0x0000000082000000, 0x0000000082100000, 0x0000000082100000|100%| O|  |TAMS 0x0000000082100000, 0x0000000082000000| Untracked 
|  33|0x0000000082100000, 0x0000000082200000, 0x0000000082200000|100%| O|  |TAMS 0x0000000082200000, 0x0000000082100000| Untracked 
|  34|0x0000000082200000, 0x0000000082300000, 0x0000000082300000|100%| O|  |TAMS 0x0000000082300000, 0x0000000082200000| Untracked 
|  35|0x0000000082300000, 0x0000000082400000, 0x0000000082400000|100%|HS|  |TAMS 0x0000000082400000, 0x0000000082300000| Complete 
|  36|0x0000000082400000, 0x0000000082500000, 0x0000000082500000|100%|HC|  |TAMS 0x0000000082500000, 0x0000000082400000| Complete 
|  37|0x0000000082500000, 0x0000000082600000, 0x0000000082600000|100%|HC|  |TAMS 0x0000000082600000, 0x0000000082500000| Complete 
|  38|0x0000000082600000, 0x0000000082700000, 0x0000000082700000|100%| O|  |TAMS 0x0000000082700000, 0x0000000082600000| Untracked 
|  39|0x0000000082700000, 0x0000000082800000, 0x0000000082800000|100%| O|  |TAMS 0x0000000082800000, 0x0000000082700000| Untracked 
|  40|0x0000000082800000, 0x0000000082900000, 0x0000000082900000|100%| O|  |TAMS 0x0000000082900000, 0x0000000082800000| Untracked 
|  41|0x0000000082900000, 0x0000000082a00000, 0x0000000082a00000|100%| O|  |TAMS 0x0000000082a00000, 0x0000000082900000| Untracked 
|  42|0x0000000082a00000, 0x0000000082b00000, 0x0000000082b00000|100%|HS|  |TAMS 0x0000000082b00000, 0x0000000082a00000| Complete 
|  43|0x0000000082b00000, 0x0000000082c00000, 0x0000000082c00000|100%|HC|  |TAMS 0x0000000082c00000, 0x0000000082b00000| Complete 
|  44|0x0000000082c00000, 0x0000000082d00000, 0x0000000082d00000|100%| O|  |TAMS 0x0000000082d00000, 0x0000000082c00000| Untracked 
|  45|0x0000000082d00000, 0x0000000082e00000, 0x0000000082e00000|100%| O|  |TAMS 0x0000000082e00000, 0x0000000082d00000| Untracked 
|  46|0x0000000082e00000, 0x0000000082f00000, 0x0000000082f00000|100%| O|  |TAMS 0x0000000082f00000, 0x0000000082e00000| Untracked 
|  47|0x0000000082f00000, 0x0000000083000000, 0x0000000083000000|100%| O|  |TAMS 0x0000000083000000, 0x0000000082f00000| Untracked 
|  48|0x0000000083000000, 0x0000000083100000, 0x0000000083100000|100%| O|  |TAMS 0x0000000083100000, 0x0000000083000000| Untracked 
|  49|0x0000000083100000, 0x0000000083200000, 0x0000000083200000|100%| O|  |TAMS 0x0000000083200000, 0x0000000083100000| Untracked 
|  50|0x0000000083200000, 0x0000000083300000, 0x0000000083300000|100%| O|  |TAMS 0x0000000083300000, 0x0000000083200000| Untracked 
|  51|0x0000000083300000, 0x0000000083400000, 0x0000000083400000|100%| O|  |TAMS 0x0000000083400000, 0x0000000083300000| Untracked 
|  52|0x0000000083400000, 0x0000000083500000, 0x0000000083500000|100%| O|  |TAMS 0x0000000083500000, 0x0000000083400000| Untracked 
|  53|0x0000000083500000, 0x0000000083600000, 0x0000000083600000|100%| O|  |TAMS 0x0000000083600000, 0x0000000083500000| Untracked 
|  54|0x0000000083600000, 0x0000000083700000, 0x0000000083700000|100%| O|  |TAMS 0x0000000083700000, 0x0000000083600000| Untracked 
|  55|0x0000000083700000, 0x0000000083800000, 0x0000000083800000|100%| O|  |TAMS 0x0000000083800000, 0x0000000083700000| Untracked 
|  56|0x0000000083800000, 0x0000000083900000, 0x0000000083900000|100%| O|  |TAMS 0x0000000083900000, 0x0000000083800000| Untracked 
|  57|0x0000000083900000, 0x0000000083a00000, 0x0000000083a00000|100%| O|  |TAMS 0x0000000083a00000, 0x0000000083900000| Untracked 
|  58|0x0000000083a00000, 0x0000000083b00000, 0x0000000083b00000|100%| O|  |TAMS 0x0000000083b00000, 0x0000000083a00000| Untracked 
|  59|0x0000000083b00000, 0x0000000083c00000, 0x0000000083c00000|100%| O|  |TAMS 0x0000000083c00000, 0x0000000083b00000| Untracked 
|  60|0x0000000083c00000, 0x0000000083d00000, 0x0000000083d00000|100%| O|  |TAMS 0x0000000083d00000, 0x0000000083c00000| Untracked 
|  61|0x0000000083d00000, 0x0000000083e00000, 0x0000000083e00000|100%| O|  |TAMS 0x0000000083e00000, 0x0000000083d00000| Untracked 
|  62|0x0000000083e00000, 0x0000000083f00000, 0x0000000083f00000|100%| O|  |TAMS 0x0000000083f00000, 0x0000000083e00000| Untracked 
|  63|0x0000000083f00000, 0x0000000084000000, 0x0000000084000000|100%| O|  |TAMS 0x0000000084000000, 0x0000000083f00000| Untracked 
|  64|0x0000000084000000, 0x0000000084100000, 0x0000000084100000|100%| O|  |TAMS 0x0000000084100000, 0x0000000084000000| Untracked 
|  65|0x0000000084100000, 0x0000000084200000, 0x0000000084200000|100%| O|  |TAMS 0x0000000084200000, 0x0000000084100000| Untracked 
|  66|0x0000000084200000, 0x0000000084300000, 0x0000000084300000|100%| O|  |TAMS 0x0000000084300000, 0x0000000084200000| Untracked 
|  67|0x0000000084300000, 0x0000000084400000, 0x0000000084400000|100%| O|  |TAMS 0x0000000084400000, 0x0000000084300000| Untracked 
|  68|0x0000000084400000, 0x0000000084500000, 0x0000000084500000|100%| O|  |TAMS 0x0000000084500000, 0x0000000084400000| Untracked 
|  69|0x0000000084500000, 0x0000000084600000, 0x0000000084600000|100%| O|  |TAMS 0x0000000084600000, 0x0000000084500000| Untracked 
|  70|0x0000000084600000, 0x0000000084700000, 0x0000000084700000|100%| O|  |TAMS 0x0000000084700000, 0x0000000084600000| Untracked 
|  71|0x0000000084700000, 0x0000000084800000, 0x0000000084800000|100%| O|  |TAMS 0x0000000084800000, 0x0000000084700000| Untracked 
|  72|0x0000000084800000, 0x0000000084900000, 0x0000000084900000|100%| O|  |TAMS 0x0000000084900000, 0x0000000084800000| Untracked 
|  73|0x0000000084900000, 0x0000000084a00000, 0x0000000084a00000|100%| O|  |TAMS 0x0000000084a00000, 0x0000000084900000| Untracked 
|  74|0x0000000084a00000, 0x0000000084b00000, 0x0000000084b00000|100%| O|  |TAMS 0x0000000084b00000, 0x0000000084a00000| Untracked 
|  75|0x0000000084b00000, 0x0000000084c00000, 0x0000000084c00000|100%| O|  |TAMS 0x0000000084c00000, 0x0000000084b00000| Untracked 
|  76|0x0000000084c00000, 0x0000000084d00000, 0x0000000084d00000|100%| O|  |TAMS 0x0000000084d00000, 0x0000000084c00000| Untracked 
|  77|0x0000000084d00000, 0x0000000084e00000, 0x0000000084e00000|100%| O|  |TAMS 0x0000000084e00000, 0x0000000084d00000| Untracked 
|  78|0x0000000084e00000, 0x0000000084f00000, 0x0000000084f00000|100%| O|  |TAMS 0x0000000084f00000, 0x0000000084e00000| Untracked 
|  79|0x0000000084f00000, 0x0000000085000000, 0x0000000085000000|100%| O|  |TAMS 0x0000000085000000, 0x0000000084f00000| Untracked 
|  80|0x0000000085000000, 0x0000000085100000, 0x0000000085100000|100%| O|  |TAMS 0x0000000085100000, 0x0000000085000000| Untracked 
|  81|0x0000000085100000, 0x0000000085200000, 0x0000000085200000|100%| O|  |TAMS 0x0000000085200000, 0x0000000085100000| Untracked 
|  82|0x0000000085200000, 0x0000000085300000, 0x0000000085300000|100%| O|  |TAMS 0x00000000852d8800, 0x0000000085200000| Untracked 
|  83|0x0000000085300000, 0x0000000085400000, 0x0000000085400000|100%| O|  |TAMS 0x0000000085300000, 0x0000000085300000| Untracked 
|  84|0x0000000085400000, 0x0000000085500000, 0x0000000085500000|100%| O|  |TAMS 0x0000000085400000, 0x0000000085400000| Untracked 
|  85|0x0000000085500000, 0x0000000085600000, 0x0000000085600000|100%| O|  |TAMS 0x0000000085500000, 0x0000000085500000| Untracked 
|  86|0x0000000085600000, 0x00000000856a1800, 0x0000000085700000| 63%| O|  |TAMS 0x0000000085600000, 0x0000000085600000| Untracked 
|  87|0x0000000085700000, 0x0000000085700000, 0x0000000085800000|  0%| F|  |TAMS 0x0000000085700000, 0x0000000085700000| Untracked 
|  88|0x0000000085800000, 0x0000000085800000, 0x0000000085900000|  0%| F|  |TAMS 0x0000000085800000, 0x0000000085800000| Untracked 
|  89|0x0000000085900000, 0x0000000085900000, 0x0000000085a00000|  0%| F|  |TAMS 0x0000000085900000, 0x0000000085900000| Untracked 
|  90|0x0000000085a00000, 0x0000000085a00000, 0x0000000085b00000|  0%| F|  |TAMS 0x0000000085a00000, 0x0000000085a00000| Untracked 
|  91|0x0000000085b00000, 0x0000000085b00000, 0x0000000085c00000|  0%| F|  |TAMS 0x0000000085b00000, 0x0000000085b00000| Untracked 
|  92|0x0000000085c00000, 0x0000000085c00000, 0x0000000085d00000|  0%| F|  |TAMS 0x0000000085c00000, 0x0000000085c00000| Untracked 
|  93|0x0000000085d00000, 0x0000000085d00000, 0x0000000085e00000|  0%| F|  |TAMS 0x0000000085d00000, 0x0000000085d00000| Untracked 
|  94|0x0000000085e00000, 0x0000000085e00000, 0x0000000085f00000|  0%| F|  |TAMS 0x0000000085e00000, 0x0000000085e00000| Untracked 
|  95|0x0000000085f00000, 0x0000000085f00000, 0x0000000086000000|  0%| F|  |TAMS 0x0000000085f00000, 0x0000000085f00000| Untracked 
|  96|0x0000000086000000, 0x0000000086000000, 0x0000000086100000|  0%| F|  |TAMS 0x0000000086000000, 0x0000000086000000| Untracked 
|  97|0x0000000086100000, 0x0000000086100000, 0x0000000086200000|  0%| F|  |TAMS 0x0000000086100000, 0x0000000086100000| Untracked 
|  98|0x0000000086200000, 0x0000000086200000, 0x0000000086300000|  0%| F|  |TAMS 0x0000000086200000, 0x0000000086200000| Untracked 
|  99|0x0000000086300000, 0x0000000086300000, 0x0000000086400000|  0%| F|  |TAMS 0x0000000086300000, 0x0000000086300000| Untracked 
| 100|0x0000000086400000, 0x0000000086400000, 0x0000000086500000|  0%| F|  |TAMS 0x0000000086400000, 0x0000000086400000| Untracked 
| 101|0x0000000086500000, 0x0000000086500000, 0x0000000086600000|  0%| F|  |TAMS 0x0000000086500000, 0x0000000086500000| Untracked 
| 102|0x0000000086600000, 0x0000000086600000, 0x0000000086700000|  0%| F|  |TAMS 0x0000000086600000, 0x0000000086600000| Untracked 
| 103|0x0000000086700000, 0x0000000086700000, 0x0000000086800000|  0%| F|  |TAMS 0x0000000086700000, 0x0000000086700000| Untracked 
| 104|0x0000000086800000, 0x0000000086800000, 0x0000000086900000|  0%| F|  |TAMS 0x0000000086800000, 0x0000000086800000| Untracked 
| 105|0x0000000086900000, 0x00000000869ad5e0, 0x0000000086a00000| 67%| S|CS|TAMS 0x0000000086900000, 0x0000000086900000| Complete 
| 106|0x0000000086a00000, 0x0000000086b00000, 0x0000000086b00000|100%| S|CS|TAMS 0x0000000086a00000, 0x0000000086a00000| Complete 
| 107|0x0000000086b00000, 0x0000000086c00000, 0x0000000086c00000|100%| S|CS|TAMS 0x0000000086b00000, 0x0000000086b00000| Complete 
| 108|0x0000000086c00000, 0x0000000086d00000, 0x0000000086d00000|100%| S|CS|TAMS 0x0000000086c00000, 0x0000000086c00000| Complete 
| 109|0x0000000086d00000, 0x0000000086e00000, 0x0000000086e00000|100%| S|CS|TAMS 0x0000000086d00000, 0x0000000086d00000| Complete 
| 110|0x0000000086e00000, 0x0000000086e00000, 0x0000000086f00000|  0%| F|  |TAMS 0x0000000086e00000, 0x0000000086e00000| Untracked 
| 111|0x0000000086f00000, 0x0000000086f00000, 0x0000000087000000|  0%| F|  |TAMS 0x0000000086f00000, 0x0000000086f00000| Untracked 
| 112|0x0000000087000000, 0x0000000087000000, 0x0000000087100000|  0%| F|  |TAMS 0x0000000087000000, 0x0000000087000000| Untracked 
| 113|0x0000000087100000, 0x0000000087100000, 0x0000000087200000|  0%| F|  |TAMS 0x0000000087100000, 0x0000000087100000| Untracked 
| 114|0x0000000087200000, 0x0000000087200000, 0x0000000087300000|  0%| F|  |TAMS 0x0000000087200000, 0x0000000087200000| Untracked 
| 115|0x0000000087300000, 0x0000000087400000, 0x0000000087400000|100%| S|CS|TAMS 0x0000000087300000, 0x0000000087300000| Complete 
| 116|0x0000000087400000, 0x0000000087500000, 0x0000000087500000|100%| S|CS|TAMS 0x0000000087400000, 0x0000000087400000| Complete 
| 117|0x0000000087500000, 0x0000000087500000, 0x0000000087600000|  0%| F|  |TAMS 0x0000000087500000, 0x0000000087500000| Untracked 
| 118|0x0000000087600000, 0x0000000087600000, 0x0000000087700000|  0%| F|  |TAMS 0x0000000087600000, 0x0000000087600000| Untracked 
| 119|0x0000000087700000, 0x0000000087800000, 0x0000000087800000|100%| S|CS|TAMS 0x0000000087700000, 0x0000000087700000| Complete 
| 120|0x0000000087800000, 0x0000000087900000, 0x0000000087900000|100%| S|CS|TAMS 0x0000000087800000, 0x0000000087800000| Complete 
| 121|0x0000000087900000, 0x0000000087900000, 0x0000000087a00000|  0%| F|  |TAMS 0x0000000087900000, 0x0000000087900000| Untracked 
| 122|0x0000000087a00000, 0x0000000087a00000, 0x0000000087b00000|  0%| F|  |TAMS 0x0000000087a00000, 0x0000000087a00000| Untracked 
| 123|0x0000000087b00000, 0x0000000087b00000, 0x0000000087c00000|  0%| F|  |TAMS 0x0000000087b00000, 0x0000000087b00000| Untracked 
| 124|0x0000000087c00000, 0x0000000087c00000, 0x0000000087d00000|  0%| F|  |TAMS 0x0000000087c00000, 0x0000000087c00000| Untracked 
| 125|0x0000000087d00000, 0x0000000087d00000, 0x0000000087e00000|  0%| F|  |TAMS 0x0000000087d00000, 0x0000000087d00000| Untracked 
| 126|0x0000000087e00000, 0x0000000087e00000, 0x0000000087f00000|  0%| F|  |TAMS 0x0000000087e00000, 0x0000000087e00000| Untracked 
| 127|0x0000000087f00000, 0x0000000087f00000, 0x0000000088000000|  0%| F|  |TAMS 0x0000000087f00000, 0x0000000087f00000| Untracked 
| 128|0x0000000088000000, 0x0000000088000000, 0x0000000088100000|  0%| F|  |TAMS 0x0000000088000000, 0x0000000088000000| Untracked 
| 129|0x0000000088100000, 0x0000000088100000, 0x0000000088200000|  0%| F|  |TAMS 0x0000000088100000, 0x0000000088100000| Untracked 
| 130|0x0000000088200000, 0x0000000088200000, 0x0000000088300000|  0%| F|  |TAMS 0x0000000088200000, 0x0000000088200000| Untracked 
| 131|0x0000000088300000, 0x0000000088300000, 0x0000000088400000|  0%| F|  |TAMS 0x0000000088300000, 0x0000000088300000| Untracked 
| 132|0x0000000088400000, 0x0000000088400000, 0x0000000088500000|  0%| F|  |TAMS 0x0000000088400000, 0x0000000088400000| Untracked 
| 133|0x0000000088500000, 0x0000000088500000, 0x0000000088600000|  0%| F|  |TAMS 0x0000000088500000, 0x0000000088500000| Untracked 
| 134|0x0000000088600000, 0x0000000088600000, 0x0000000088700000|  0%| F|  |TAMS 0x0000000088600000, 0x0000000088600000| Untracked 
| 135|0x0000000088700000, 0x0000000088700000, 0x0000000088800000|  0%| F|  |TAMS 0x0000000088700000, 0x0000000088700000| Untracked 
| 136|0x0000000088800000, 0x0000000088800000, 0x0000000088900000|  0%| F|  |TAMS 0x0000000088800000, 0x0000000088800000| Untracked 
| 137|0x0000000088900000, 0x0000000088900000, 0x0000000088a00000|  0%| F|  |TAMS 0x0000000088900000, 0x0000000088900000| Untracked 
| 138|0x0000000088a00000, 0x0000000088a00000, 0x0000000088b00000|  0%| F|  |TAMS 0x0000000088a00000, 0x0000000088a00000| Untracked 
| 139|0x0000000088b00000, 0x0000000088b00000, 0x0000000088c00000|  0%| F|  |TAMS 0x0000000088b00000, 0x0000000088b00000| Untracked 
| 140|0x0000000088c00000, 0x0000000088c00000, 0x0000000088d00000|  0%| F|  |TAMS 0x0000000088c00000, 0x0000000088c00000| Untracked 
| 141|0x0000000088d00000, 0x0000000088d00000, 0x0000000088e00000|  0%| F|  |TAMS 0x0000000088d00000, 0x0000000088d00000| Untracked 
| 142|0x0000000088e00000, 0x0000000088e00000, 0x0000000088f00000|  0%| F|  |TAMS 0x0000000088e00000, 0x0000000088e00000| Untracked 
| 143|0x0000000088f00000, 0x0000000088f00000, 0x0000000089000000|  0%| F|  |TAMS 0x0000000088f00000, 0x0000000088f00000| Untracked 
| 144|0x0000000089000000, 0x0000000089000000, 0x0000000089100000|  0%| F|  |TAMS 0x0000000089000000, 0x0000000089000000| Untracked 
| 145|0x0000000089100000, 0x0000000089100000, 0x0000000089200000|  0%| F|  |TAMS 0x0000000089100000, 0x0000000089100000| Untracked 
| 146|0x0000000089200000, 0x0000000089200000, 0x0000000089300000|  0%| F|  |TAMS 0x0000000089200000, 0x0000000089200000| Untracked 
| 147|0x0000000089300000, 0x0000000089300000, 0x0000000089400000|  0%| F|  |TAMS 0x0000000089300000, 0x0000000089300000| Untracked 
| 148|0x0000000089400000, 0x0000000089400000, 0x0000000089500000|  0%| F|  |TAMS 0x0000000089400000, 0x0000000089400000| Untracked 
| 149|0x0000000089500000, 0x0000000089500000, 0x0000000089600000|  0%| F|  |TAMS 0x0000000089500000, 0x0000000089500000| Untracked 
| 150|0x0000000089600000, 0x0000000089600000, 0x0000000089700000|  0%| F|  |TAMS 0x0000000089600000, 0x0000000089600000| Untracked 
| 151|0x0000000089700000, 0x0000000089700000, 0x0000000089800000|  0%| F|  |TAMS 0x0000000089700000, 0x0000000089700000| Untracked 
| 152|0x0000000089800000, 0x0000000089800000, 0x0000000089900000|  0%| F|  |TAMS 0x0000000089800000, 0x0000000089800000| Untracked 
| 153|0x0000000089900000, 0x00000000899707b8, 0x0000000089a00000| 43%| E|  |TAMS 0x0000000089900000, 0x0000000089900000| Complete 
| 154|0x0000000089a00000, 0x0000000089b00000, 0x0000000089b00000|100%| E|CS|TAMS 0x0000000089a00000, 0x0000000089a00000| Complete 
| 155|0x0000000089b00000, 0x0000000089c00000, 0x0000000089c00000|100%| E|CS|TAMS 0x0000000089b00000, 0x0000000089b00000| Complete 
| 156|0x0000000089c00000, 0x0000000089d00000, 0x0000000089d00000|100%| E|CS|TAMS 0x0000000089c00000, 0x0000000089c00000| Complete 
| 157|0x0000000089d00000, 0x0000000089e00000, 0x0000000089e00000|100%| E|CS|TAMS 0x0000000089d00000, 0x0000000089d00000| Complete 
| 158|0x0000000089e00000, 0x0000000089f00000, 0x0000000089f00000|100%| E|CS|TAMS 0x0000000089e00000, 0x0000000089e00000| Complete 
| 159|0x0000000089f00000, 0x000000008a000000, 0x000000008a000000|100%| E|CS|TAMS 0x0000000089f00000, 0x0000000089f00000| Complete 
| 160|0x000000008a000000, 0x000000008a100000, 0x000000008a100000|100%| E|CS|TAMS 0x000000008a000000, 0x000000008a000000| Complete 
| 161|0x000000008a100000, 0x000000008a200000, 0x000000008a200000|100%| E|CS|TAMS 0x000000008a100000, 0x000000008a100000| Complete 
| 162|0x000000008a200000, 0x000000008a300000, 0x000000008a300000|100%| E|  |TAMS 0x000000008a200000, 0x000000008a200000| Complete 
| 163|0x000000008a300000, 0x000000008a400000, 0x000000008a400000|100%| E|CS|TAMS 0x000000008a300000, 0x000000008a300000| Complete 
| 164|0x000000008a400000, 0x000000008a500000, 0x000000008a500000|100%| E|CS|TAMS 0x000000008a400000, 0x000000008a400000| Complete 
| 165|0x000000008a500000, 0x000000008a600000, 0x000000008a600000|100%| E|CS|TAMS 0x000000008a500000, 0x000000008a500000| Complete 
| 166|0x000000008a600000, 0x000000008a700000, 0x000000008a700000|100%| E|CS|TAMS 0x000000008a600000, 0x000000008a600000| Complete 
| 167|0x000000008a700000, 0x000000008a800000, 0x000000008a800000|100%| E|CS|TAMS 0x000000008a700000, 0x000000008a700000| Complete 
| 168|0x000000008a800000, 0x000000008a900000, 0x000000008a900000|100%| E|CS|TAMS 0x000000008a800000, 0x000000008a800000| Complete 
| 169|0x000000008a900000, 0x000000008aa00000, 0x000000008aa00000|100%| E|CS|TAMS 0x000000008a900000, 0x000000008a900000| Complete 
| 170|0x000000008aa00000, 0x000000008ab00000, 0x000000008ab00000|100%| E|CS|TAMS 0x000000008aa00000, 0x000000008aa00000| Complete 
| 171|0x000000008ab00000, 0x000000008ac00000, 0x000000008ac00000|100%| E|CS|TAMS 0x000000008ab00000, 0x000000008ab00000| Complete 
| 172|0x000000008ac00000, 0x000000008ad00000, 0x000000008ad00000|100%| E|CS|TAMS 0x000000008ac00000, 0x000000008ac00000| Complete 
| 173|0x000000008ad00000, 0x000000008ae00000, 0x000000008ae00000|100%| E|CS|TAMS 0x000000008ad00000, 0x000000008ad00000| Complete 
| 174|0x000000008ae00000, 0x000000008af00000, 0x000000008af00000|100%| E|CS|TAMS 0x000000008ae00000, 0x000000008ae00000| Complete 
| 175|0x000000008af00000, 0x000000008b000000, 0x000000008b000000|100%| E|CS|TAMS 0x000000008af00000, 0x000000008af00000| Complete 
| 176|0x000000008b000000, 0x000000008b100000, 0x000000008b100000|100%| E|CS|TAMS 0x000000008b000000, 0x000000008b000000| Complete 
| 177|0x000000008b100000, 0x000000008b200000, 0x000000008b200000|100%| E|CS|TAMS 0x000000008b100000, 0x000000008b100000| Complete 
| 178|0x000000008b200000, 0x000000008b300000, 0x000000008b300000|100%| E|CS|TAMS 0x000000008b200000, 0x000000008b200000| Complete 
| 179|0x000000008b300000, 0x000000008b400000, 0x000000008b400000|100%| E|CS|TAMS 0x000000008b300000, 0x000000008b300000| Complete 
| 180|0x000000008b400000, 0x000000008b500000, 0x000000008b500000|100%| E|CS|TAMS 0x000000008b400000, 0x000000008b400000| Complete 
| 181|0x000000008b500000, 0x000000008b600000, 0x000000008b600000|100%| E|CS|TAMS 0x000000008b500000, 0x000000008b500000| Complete 

Card table byte_map: [0x000001f459c30000,0x000001f45a030000] _byte_map_base: 0x000001f459830000

Marking Bits (Prev, Next): (CMBitMap*) 0x000001f441843d60, (CMBitMap*) 0x000001f441843da0
 Prev Bits: [0x000001f45a430000, 0x000001f45c430000)
 Next Bits: [0x000001f45c430000, 0x000001f45e430000)

Polling page: 0x000001f4418f0000

Metaspace:

Usage:
  Non-class:     71.12 MB used.
      Class:     10.71 MB used.
       Both:     81.83 MB used.

Virtual space:
  Non-class space:       72.00 MB reserved,      71.44 MB (>99%) committed,  9 nodes.
      Class space:        1.00 GB reserved,      11.00 MB (  1%) committed,  1 nodes.
              Both:        1.07 GB reserved,      82.44 MB (  8%) committed. 

Chunk freelists:
   Non-Class:  128.00 KB
       Class:  905.00 KB
        Both:  1.01 MB

MaxMetaspaceSize: 17179869184.00 GB
CompressedClassSpaceSize: 1.00 GB
 - commit_granule_bytes: 65536.
 - commit_granule_words: 8192.
 - virtual_space_node_default_size: 1048576.
 - enlarge_chunks_in_place: 1.
 - new_chunks_are_fully_committed: 0.
 - uncommit_free_chunks: 1.
 - use_allocation_guard: 0.
 - handle_deallocations: 1.


Internal statistics:

num_allocs_failed_limit: 6.
num_arena_births: 932.
num_arena_deaths: 0.
num_vsnodes_births: 10.
num_vsnodes_deaths: 0.
num_space_committed: 1319.
num_space_uncommitted: 0.
num_chunks_returned_to_freelist: 6.
num_chunks_taken_from_freelist: 4329.
num_chunk_merges: 6.
num_chunk_splits: 2847.
num_chunks_enlarged: 1872.
num_purges: 0.

CodeHeap 'non-profiled nmethods': size=120000Kb used=5021Kb max_used=5695Kb free=114978Kb
 bounds [0x000001f451cd0000, 0x000001f452260000, 0x000001f459200000]
CodeHeap 'profiled nmethods': size=120000Kb used=19807Kb max_used=21845Kb free=100192Kb
 bounds [0x000001f44a7a0000, 0x000001f44bd00000, 0x000001f451cd0000]
CodeHeap 'non-nmethods': size=5760Kb used=2414Kb max_used=2477Kb free=3346Kb
 bounds [0x000001f44a200000, 0x000001f44a490000, 0x000001f44a7a0000]
 total_blobs=11157 nmethods=10211 adapters=858
 compilation: enabled
              stopped_count=0, restarted_count=0
 full_count=0

Compilation events (20 events):
Event: 76.791 Thread 0x000001f460a2ea70 11907       2       java.io.BufferedReader::ensureOpen (18 bytes)
Event: 76.791 Thread 0x000001f460a2ea70 nmethod 11907 0x000001f44ab2ba90 code [0x000001f44ab2bc40, 0x000001f44ab2be08]
Event: 76.794 Thread 0x000001f460a2ea70 11909   !   2       java.io.BufferedReader::readLine (327 bytes)
Event: 76.797 Thread 0x000001f460a2ea70 nmethod 11909 0x000001f44a7d7e10 code [0x000001f44a7d8080, 0x000001f44a7d8a38]
Event: 76.832 Thread 0x000001f460a2ea70 11916       1       org.gradle.internal.snapshot.SnapshottingFilter$1::isEmpty (2 bytes)
Event: 76.832 Thread 0x000001f460a2ea70 nmethod 11916 0x000001f451f63f90 code [0x000001f451f64120, 0x000001f451f641f8]
Event: 76.833 Thread 0x000001f460a2ea70 11918       2       org.gradle.internal.snapshot.AbstractIncompleteFileSystemNode$2::createChild (22 bytes)
Event: 76.833 Thread 0x000001f460a2ea70 nmethod 11918 0x000001f44a9ff790 code [0x000001f44a9ff940, 0x000001f44a9ffab8]
Event: 76.833 Thread 0x000001f460a2ea70 11917       2       org.gradle.internal.snapshot.AbstractIncompleteFileSystemNode$2::createChild (5 bytes)
Event: 76.834 Thread 0x000001f460a2ea70 nmethod 11917 0x000001f44aa0f890 code [0x000001f44aa0fa40, 0x000001f44aa0fbb8]
Event: 76.836 Thread 0x000001f460a2ea70 11919       2       org.gradle.internal.watch.vfs.impl.WatchingVirtualFileSystem::updateNotifyingListeners (47 bytes)
Event: 76.838 Thread 0x000001f460a2ea70 nmethod 11919 0x000001f44a912210 code [0x000001f44a912480, 0x000001f44a912da8]
Event: 76.853 Thread 0x000001f460a27cd0 nmethod 11854 0x000001f451d61290 code [0x000001f451d61660, 0x000001f451d64a08]
Event: 76.854 Thread 0x000001f460a27cd0 11890       4       org.gradle.internal.snapshot.DirectorySnapshot$$Lambda$941/0x00000008015cba78::accept (20 bytes)
Event: 76.872 Thread 0x000001f460a2ea70 11921       2       org.gradle.internal.vfs.impl.DefaultFileSystemAccess::snapshot (237 bytes)
Event: 76.875 Thread 0x000001f460a2ea70 nmethod 11921 0x000001f44b01df10 code [0x000001f44b01e260, 0x000001f44b01f488]
Event: 76.967 Thread 0x000001f460a2ea70 11922   !   2       java.util.concurrent.ArrayBlockingQueue::take (46 bytes)
Event: 76.968 Thread 0x000001f460a2ea70 nmethod 11922 0x000001f44af86e10 code [0x000001f44af87040, 0x000001f44af874f8]
Event: 77.035 Thread 0x000001f460a2ea70 11924       2       java.nio.file.FileTreeWalker$DirectoryNode::<init> (30 bytes)
Event: 77.036 Thread 0x000001f460a2ea70 nmethod 11924 0x000001f44ab76890 code [0x000001f44ab76a40, 0x000001f44ab76ce8]

GC Heap History (20 events):
Event: 45.692 GC heap before
{Heap before GC invocations=32 (full 0):
 garbage-first heap   total 130048K, used 86411K [0x0000000080000000, 0x0000000100000000)
  region size 1024K, 26 young (26624K), 4 survivors (4096K)
 Metaspace       used 63525K, committed 64064K, reserved 1105920K
  class space    used 8310K, committed 8576K, reserved 1048576K
}
Event: 45.705 GC heap after
{Heap after GC invocations=33 (full 0):
 garbage-first heap   total 130048K, used 65651K [0x0000000080000000, 0x0000000100000000)
  region size 1024K, 4 young (4096K), 4 survivors (4096K)
 Metaspace       used 63525K, committed 64064K, reserved 1105920K
  class space    used 8310K, committed 8576K, reserved 1048576K
}
Event: 47.484 GC heap before
{Heap before GC invocations=33 (full 0):
 garbage-first heap   total 130048K, used 103539K [0x0000000080000000, 0x0000000100000000)
  region size 1024K, 41 young (41984K), 4 survivors (4096K)
 Metaspace       used 68618K, committed 69184K, reserved 1114112K
  class space    used 9023K, committed 9280K, reserved 1048576K
}
Event: 47.497 GC heap after
{Heap after GC invocations=34 (full 0):
 garbage-first heap   total 130048K, used 68113K [0x0000000080000000, 0x0000000100000000)
  region size 1024K, 5 young (5120K), 5 survivors (5120K)
 Metaspace       used 68618K, committed 69184K, reserved 1114112K
  class space    used 9023K, committed 9280K, reserved 1048576K
}
Event: 48.981 GC heap before
{Heap before GC invocations=35 (full 0):
 garbage-first heap   total 130048K, used 104977K [0x0000000080000000, 0x0000000100000000)
  region size 1024K, 41 young (41984K), 5 survivors (5120K)
 Metaspace       used 71118K, committed 71616K, reserved 1114112K
  class space    used 9345K, committed 9600K, reserved 1048576K
}
Event: 49.011 GC heap after
{Heap after GC invocations=36 (full 0):
 garbage-first heap   total 130048K, used 71207K [0x0000000080000000, 0x0000000100000000)
  region size 1024K, 6 young (6144K), 6 survivors (6144K)
 Metaspace       used 71118K, committed 71616K, reserved 1114112K
  class space    used 9345K, committed 9600K, reserved 1048576K
}
Event: 50.818 GC heap before
{Heap before GC invocations=36 (full 0):
 garbage-first heap   total 130048K, used 106023K [0x0000000080000000, 0x0000000100000000)
  region size 1024K, 40 young (40960K), 6 survivors (6144K)
 Metaspace       used 73550K, committed 74112K, reserved 1114112K
  class space    used 9664K, committed 9920K, reserved 1048576K
}
Event: 50.835 GC heap after
{Heap after GC invocations=37 (full 0):
 garbage-first heap   total 130048K, used 75359K [0x0000000080000000, 0x0000000100000000)
  region size 1024K, 5 young (5120K), 5 survivors (5120K)
 Metaspace       used 73550K, committed 74112K, reserved 1114112K
  class space    used 9664K, committed 9920K, reserved 1048576K
}
Event: 51.744 GC heap before
{Heap before GC invocations=38 (full 0):
 garbage-first heap   total 140288K, used 103007K [0x0000000080000000, 0x0000000100000000)
  region size 1024K, 33 young (33792K), 5 survivors (5120K)
 Metaspace       used 74447K, committed 75008K, reserved 1114112K
  class space    used 9805K, committed 10048K, reserved 1048576K
}
Event: 51.756 GC heap after
{Heap after GC invocations=39 (full 0):
 garbage-first heap   total 140288K, used 78347K [0x0000000080000000, 0x0000000100000000)
  region size 1024K, 4 young (4096K), 4 survivors (4096K)
 Metaspace       used 74447K, committed 75008K, reserved 1114112K
  class space    used 9805K, committed 10048K, reserved 1048576K
}
Event: 52.779 GC heap before
{Heap before GC invocations=39 (full 0):
 garbage-first heap   total 140288K, used 113163K [0x0000000080000000, 0x0000000100000000)
  region size 1024K, 39 young (39936K), 4 survivors (4096K)
 Metaspace       used 74659K, committed 75328K, reserved 1122304K
  class space    used 9806K, committed 10112K, reserved 1048576K
}
Event: 52.789 GC heap after
{Heap after GC invocations=40 (full 0):
 garbage-first heap   total 186368K, used 80309K [0x0000000080000000, 0x0000000100000000)
  region size 1024K, 3 young (3072K), 3 survivors (3072K)
 Metaspace       used 74659K, committed 75328K, reserved 1122304K
  class space    used 9806K, committed 10112K, reserved 1048576K
}
Event: 54.846 GC heap before
{Heap before GC invocations=41 (full 0):
 garbage-first heap   total 186368K, used 147893K [0x0000000080000000, 0x0000000100000000)
  region size 1024K, 70 young (71680K), 3 survivors (3072K)
 Metaspace       used 75181K, committed 75776K, reserved 1122304K
  class space    used 9827K, committed 10112K, reserved 1048576K
}
Event: 54.859 GC heap after
{Heap after GC invocations=42 (full 0):
 garbage-first heap   total 186368K, used 84108K [0x0000000080000000, 0x0000000100000000)
  region size 1024K, 6 young (6144K), 6 survivors (6144K)
 Metaspace       used 75181K, committed 75776K, reserved 1122304K
  class space    used 9827K, committed 10112K, reserved 1048576K
}
Event: 56.369 GC heap before
{Heap before GC invocations=42 (full 0):
 garbage-first heap   total 186368K, used 149644K [0x0000000080000000, 0x0000000100000000)
  region size 1024K, 71 young (72704K), 6 survivors (6144K)
 Metaspace       used 75418K, committed 76032K, reserved 1122304K
  class space    used 9857K, committed 10112K, reserved 1048576K
}
Event: 56.384 GC heap after
{Heap after GC invocations=43 (full 0):
 garbage-first heap   total 186368K, used 88120K [0x0000000080000000, 0x0000000100000000)
  region size 1024K, 8 young (8192K), 8 survivors (8192K)
 Metaspace       used 75418K, committed 76032K, reserved 1122304K
  class space    used 9857K, committed 10112K, reserved 1048576K
}
Event: 58.238 GC heap before
{Heap before GC invocations=43 (full 0):
 garbage-first heap   total 186368K, used 151608K [0x0000000080000000, 0x0000000100000000)
  region size 1024K, 71 young (72704K), 8 survivors (8192K)
 Metaspace       used 76667K, committed 77248K, reserved 1122304K
  class space    used 10043K, committed 10304K, reserved 1048576K
}
Event: 58.262 GC heap after
{Heap after GC invocations=44 (full 0):
 garbage-first heap   total 186368K, used 91078K [0x0000000080000000, 0x0000000100000000)
  region size 1024K, 7 young (7168K), 7 survivors (7168K)
 Metaspace       used 76667K, committed 77248K, reserved 1122304K
  class space    used 10043K, committed 10304K, reserved 1048576K
}
Event: 63.183 GC heap before
{Heap before GC invocations=44 (full 0):
 garbage-first heap   total 186368K, used 152518K [0x0000000080000000, 0x0000000100000000)
  region size 1024K, 68 young (69632K), 7 survivors (7168K)
 Metaspace       used 83252K, committed 83904K, reserved 1122304K
  class space    used 10885K, committed 11200K, reserved 1048576K
}
Event: 63.211 GC heap after
{Heap after GC invocations=45 (full 0):
 garbage-first heap   total 186368K, used 96671K [0x0000000080000000, 0x0000000100000000)
  region size 1024K, 9 young (9216K), 9 survivors (9216K)
 Metaspace       used 83252K, committed 83904K, reserved 1122304K
  class space    used 10885K, committed 11200K, reserved 1048576K
}

Deoptimization events (20 events):
Event: 76.734 Thread 0x000001f464d2d000 DEOPT PACKING pc=0x000001f452214b40 sp=0x000000adee3fc630
Event: 76.734 Thread 0x000001f464d2d000 DEOPT UNPACKING pc=0x000001f44a24d72e sp=0x000000adee3fbf68 mode 2
Event: 76.734 Thread 0x000001f464d2d000 Uncommon trap: trap_request=0xffffffdc fr.pc=0x000001f452207230 relative=0x0000000000000510
Event: 76.734 Thread 0x000001f464d2d000 Uncommon trap: reason=class_check action=make_not_entrant pc=0x000001f452207230 method=java.util.ArrayDeque.toArray(Ljava/lang/Class;)[Ljava/lang/Object; @ 45 c2
Event: 76.734 Thread 0x000001f464d2d000 DEOPT PACKING pc=0x000001f452207230 sp=0x000000adee3fb6b0
Event: 76.734 Thread 0x000001f464d2d000 DEOPT UNPACKING pc=0x000001f44a24d72e sp=0x000000adee3fb5c0 mode 2
Event: 76.776 Thread 0x000001f4624182b0 DEOPT PACKING pc=0x000001f44aba7669 sp=0x000000aded2fe410
Event: 76.776 Thread 0x000001f4624182b0 DEOPT UNPACKING pc=0x000001f44a24dece sp=0x000000aded2fd8b0 mode 0
Event: 76.792 Thread 0x000001f464d285a0 DEOPT PACKING pc=0x000001f44bce7854 sp=0x000000adee0fc060
Event: 76.792 Thread 0x000001f464d285a0 DEOPT UNPACKING pc=0x000001f44a24dece sp=0x000000adee0fb5e0 mode 0
Event: 76.883 Thread 0x000001f462417810 DEOPT PACKING pc=0x000001f44aba7669 sp=0x000000aded0fe950
Event: 76.883 Thread 0x000001f462417810 DEOPT UNPACKING pc=0x000001f44a24dece sp=0x000000aded0fddf0 mode 0
Event: 76.891 Thread 0x000001f464d29ae0 DEOPT PACKING pc=0x000001f44bce7854 sp=0x000000adee2fd700
Event: 76.891 Thread 0x000001f464d29ae0 DEOPT UNPACKING pc=0x000001f44a24dece sp=0x000000adee2fcc80 mode 0
Event: 76.908 Thread 0x000001f464d29ae0 Uncommon trap: trap_request=0xffffff45 fr.pc=0x000001f4522531bc relative=0x00000000000012bc
Event: 76.908 Thread 0x000001f464d29ae0 Uncommon trap: reason=unstable_if action=reinterpret pc=0x000001f4522531bc method=java.util.concurrent.locks.ReentrantLock$NonfairSync.tryAcquire(I)Z @ 13 c2
Event: 76.908 Thread 0x000001f464d29ae0 DEOPT PACKING pc=0x000001f4522531bc sp=0x000000adee2fdf70
Event: 76.908 Thread 0x000001f464d29ae0 DEOPT UNPACKING pc=0x000001f44a24d72e sp=0x000000adee2fdea8 mode 2
Event: 77.035 Thread 0x000001f464d2d000 DEOPT PACKING pc=0x000001f44bce7854 sp=0x000000adee3fbf30
Event: 77.035 Thread 0x000001f464d2d000 DEOPT UNPACKING pc=0x000001f44a24dece sp=0x000000adee3fb4b0 mode 0

Classes unloaded (0 events):
No events

Classes redefined (0 events):
No events

Internal exceptions (20 events):
Event: 63.132 Thread 0x000001f464d29590 Exception <a 'java/lang/NoSuchMethodError'{0x0000000087a5dc90}: static Lorg/jetbrains/kotlin/incremental/ClasspathChanges;.<clinit>()V> (0x0000000087a5dc90) 
thrown [c:\wsjdk\correttojdksrc\installers\windows\zip\corretto-build\buildroot\src\hotspot\share\prims\jni.cpp, line 1210]
Event: 75.970 Thread 0x000001f464d29590 Exception <a 'sun/net/ConnectionResetException'{0x000000008b59b498}: Connection reset> (0x000000008b59b498) 
thrown [c:\wsjdk\correttojdksrc\installers\windows\zip\corretto-build\buildroot\src\hotspot\share\prims\jni.cpp, line 600]
Event: 75.970 Thread 0x000001f4655cd060 Exception <a 'sun/net/ConnectionResetException'{0x000000008b505d40}: Connection reset> (0x000000008b505d40) 
thrown [c:\wsjdk\correttojdksrc\installers\windows\zip\corretto-build\buildroot\src\hotspot\share\prims\jni.cpp, line 600]
Event: 75.989 Thread 0x000001f464d29590 Exception <a 'java/net/ConnectException'{0x000000008b5e6fc8}: Connection refused: connect> (0x000000008b5e6fc8) 
thrown [c:\wsjdk\correttojdksrc\installers\windows\zip\corretto-build\buildroot\src\hotspot\share\prims\jni.cpp, line 600]
Event: 75.989 Thread 0x000001f464d29590 Exception <a 'java/net/SocketException'{0x000000008b5e7da0}: Socket is not connected: shutdown> (0x000000008b5e7da0) 
thrown [c:\wsjdk\correttojdksrc\installers\windows\zip\corretto-build\buildroot\src\hotspot\share\prims\jni.cpp, line 600]
Event: 76.002 Thread 0x000001f464d29590 Exception <a 'java/net/ConnectException'{0x000000008b5e9140}: Connection refused: connect> (0x000000008b5e9140) 
thrown [c:\wsjdk\correttojdksrc\installers\windows\zip\corretto-build\buildroot\src\hotspot\share\prims\jni.cpp, line 600]
Event: 76.002 Thread 0x000001f464d29590 Exception <a 'java/net/SocketException'{0x000000008b5e9f18}: Socket is not connected: shutdown> (0x000000008b5e9f18) 
thrown [c:\wsjdk\correttojdksrc\installers\windows\zip\corretto-build\buildroot\src\hotspot\share\prims\jni.cpp, line 600]
Event: 76.014 Thread 0x000001f464d29590 Exception <a 'java/net/ConnectException'{0x000000008b5eb1e8}: Connection refused: connect> (0x000000008b5eb1e8) 
thrown [c:\wsjdk\correttojdksrc\installers\windows\zip\corretto-build\buildroot\src\hotspot\share\prims\jni.cpp, line 600]
Event: 76.015 Thread 0x000001f464d29590 Exception <a 'java/net/SocketException'{0x000000008b5ebfc0}: Socket is not connected: shutdown> (0x000000008b5ebfc0) 
thrown [c:\wsjdk\correttojdksrc\installers\windows\zip\corretto-build\buildroot\src\hotspot\share\prims\jni.cpp, line 600]
Event: 76.260 Thread 0x000001f464d29590 Exception <a 'java/lang/NoSuchMethodError'{0x000000008b386ff0}: 'void java.lang.invoke.DirectMethodHandle$Holder.invokeStatic(java.lang.Object, long)'> (0x000000008b386ff0) 
thrown [c:\wsjdk\correttojdksrc\installers\windows\zip\corretto-build\buildroot\src\hotspot\share\interpreter\linkResolver.cpp, line 790]
Event: 76.261 Thread 0x000001f464d29590 Exception <a 'java/lang/NoSuchMethodError'{0x000000008b38d318}: 'java.lang.Object java.lang.invoke.DirectMethodHandle$Holder.newInvokeSpecial(java.lang.Object, long)'> (0x000000008b38d318) 
thrown [c:\wsjdk\correttojdksrc\installers\windows\zip\corretto-build\buildroot\src\hotspot\share\interpreter\linkResolver.cpp, line 790]
Event: 76.264 Thread 0x000001f464d29590 Exception <a 'java/lang/NoSuchMethodError'{0x000000008b394bd0}: 'java.lang.Object java.lang.invoke.DirectMethodHandle$Holder.invokeStatic(java.lang.Object, java.lang.Object, long, java.lang.Object)'> (0x000000008b394bd0) 
thrown [c:\wsjdk\correttojdksrc\installers\windows\zip\corretto-build\buildroot\src\hotspot\share\interpreter\linkResolver.cpp, line 790]
Event: 76.265 Thread 0x000001f464d29590 Exception <a 'java/lang/NoSuchMethodError'{0x000000008b399310}: 'java.lang.Object java.lang.invoke.DirectMethodHandle$Holder.invokeStaticInit(java.lang.Object, java.lang.Object, long, java.lang.Object)'> (0x000000008b399310) 
thrown [c:\wsjdk\correttojdksrc\installers\windows\zip\corretto-build\buildroot\src\hotspot\share\interpreter\linkResolver.cpp, line 790]
Event: 76.266 Thread 0x000001f464d29590 Exception <a 'java/lang/NoSuchMethodError'{0x000000008b3a0718}: 'java.lang.Object java.lang.invoke.DirectMethodHandle$Holder.newInvokeSpecial(java.lang.Object, java.lang.Object, long)'> (0x000000008b3a0718) 
thrown [c:\wsjdk\correttojdksrc\installers\windows\zip\corretto-build\buildroot\src\hotspot\share\interpreter\linkResolver.cpp, line 790]
Event: 76.267 Thread 0x000001f464d29590 Exception <a 'java/lang/NoSuchMethodError'{0x000000008b3a4f28}: 'java.lang.Object java.lang.invoke.Invokers$Holder.linkToTargetMethod(java.lang.Object, long, java.lang.Object)'> (0x000000008b3a4f28) 
thrown [c:\wsjdk\correttojdksrc\installers\windows\zip\corretto-build\buildroot\src\hotspot\share\interpreter\linkResolver.cpp, line 790]
Event: 76.606 Thread 0x000001f464d29590 Exception <a 'java/lang/reflect/InvocationTargetException'{0x000000008b20e798}> (0x000000008b20e798) 
thrown [c:\wsjdk\correttojdksrc\installers\windows\zip\corretto-build\buildroot\src\hotspot\share\runtime\reflection.cpp, line 1157]
Event: 76.619 Thread 0x000001f464d29590 Exception <a 'java/lang/NoSuchMethodError'{0x000000008b242ee8}: 'void java.lang.invoke.DirectMethodHandle$Holder.invokeStatic(java.lang.Object, java.lang.Object, java.lang.Object, java.lang.Object, java.lang.Object, java.lang.Object, java.lang.Object)'> (0x000000008b242ee8) 
thrown [c:\wsjdk\correttojdksrc\installers\windows\zip\corretto-build\buildroot\src\hotspot\share\interpreter\linkResolver.cpp, line 790]
Event: 76.726 Thread 0x000001f462416d70 Exception <a 'java/lang/NoSuchMethodError'{0x000000008af94eb0}: static Lorg/gradle/internal/build/event/types/DefaultTaskFailureResult;.<clinit>()V> (0x000000008af94eb0) 
thrown [c:\wsjdk\correttojdksrc\installers\windows\zip\corretto-build\buildroot\src\hotspot\share\prims\jni.cpp, line 1210]
Event: 76.749 Thread 0x000001f462416d70 Exception <a 'java/lang/NoSuchMethodError'{0x000000008aed7aa8}: static [Ljava/lang/Object;.<clinit>()V> (0x000000008aed7aa8) 
thrown [c:\wsjdk\correttojdksrc\installers\windows\zip\corretto-build\buildroot\src\hotspot\share\prims\jni.cpp, line 1210]
Event: 76.750 Thread 0x000001f462416d70 Exception <a 'java/lang/NoSuchMethodError'{0x000000008aee87c0}: static Lorg/gradle/internal/build/event/types/DefaultFailure;.<clinit>()V> (0x000000008aee87c0) 
thrown [c:\wsjdk\correttojdksrc\installers\windows\zip\corretto-build\buildroot\src\hotspot\share\prims\jni.cpp, line 1210]

Events (20 events):
Event: 76.702 loading class java/util/concurrent/ConcurrentSkipListMap$KeyIterator
Event: 76.702 loading class java/util/concurrent/ConcurrentSkipListMap$Iter
Event: 76.702 loading class java/util/concurrent/ConcurrentSkipListMap$Iter done
Event: 76.702 loading class java/util/concurrent/ConcurrentSkipListMap$KeyIterator done
Event: 76.702 loading class java/net/InetAddress$NameServiceAddresses
Event: 76.703 loading class java/net/InetAddress$Addresses
Event: 76.703 loading class java/net/InetAddress$Addresses done
Event: 76.704 loading class java/net/InetAddress$NameServiceAddresses done
Event: 76.761 loading class sun/net/InetAddressCachePolicy
Event: 76.762 loading class sun/net/InetAddressCachePolicy done
Event: 76.762 loading class sun/net/InetAddressCachePolicy$1
Event: 76.762 loading class sun/net/InetAddressCachePolicy$1 done
Event: 76.763 loading class sun/net/InetAddressCachePolicy$2
Event: 76.763 loading class sun/net/InetAddressCachePolicy$2 done
Event: 76.764 loading class java/net/InetAddress$CachedAddresses
Event: 76.764 loading class java/net/InetAddress$CachedAddresses done
Event: 76.764 loading class java/util/concurrent/atomic/Striped64$1
Event: 76.766 loading class java/util/concurrent/atomic/Striped64$1 done
Event: 76.766 loading class java/net/InetAddress$CachedLocalHost
Event: 76.768 loading class java/net/InetAddress$CachedLocalHost done


Dynamic libraries:
0x00007ff6675e0000 - 0x00007ff6675ed000 	C:\Users\Admin\.jdks\corretto-16.0.2\bin\java.exe
0x00007ff9accb0000 - 0x00007ff9acea5000 	C:\Windows\SYSTEM32\ntdll.dll
0x00007ff9aada0000 - 0x00007ff9aae5d000 	C:\Windows\System32\KERNEL32.DLL
0x00007ff9aa5f0000 - 0x00007ff9aa8bd000 	C:\Windows\System32\KERNELBASE.dll
0x00007ff9aa9f0000 - 0x00007ff9aaaf0000 	C:\Windows\System32\ucrtbase.dll
0x00007ff9a48b0000 - 0x00007ff9a48c8000 	C:\Users\Admin\.jdks\corretto-16.0.2\bin\jli.dll
0x00007ff9ac6d0000 - 0x00007ff9ac870000 	C:\Windows\System32\USER32.dll
0x00007ff9aa3c0000 - 0x00007ff9aa3e2000 	C:\Windows\System32\win32u.dll
0x00007ff9ab6f0000 - 0x00007ff9ab71a000 	C:\Windows\System32\GDI32.dll
0x00007ff9aaaf0000 - 0x00007ff9aabfb000 	C:\Windows\System32\gdi32full.dll
0x00007ff9aa550000 - 0x00007ff9aa5ed000 	C:\Windows\System32\msvcp_win.dll
0x00007ff9a4250000 - 0x00007ff9a4265000 	C:\Users\Admin\.jdks\corretto-16.0.2\bin\VCRUNTIME140.dll
0x00007ff98f3a0000 - 0x00007ff98f63a000 	C:\Windows\WinSxS\amd64_microsoft.windows.common-controls_6595b64144ccf1df_6.0.19041.1110_none_60b5254171f9507e\COMCTL32.dll
0x00007ff9ac8a0000 - 0x00007ff9ac93e000 	C:\Windows\System32\msvcrt.dll
0x00007ff9ac870000 - 0x00007ff9ac8a0000 	C:\Windows\System32\IMM32.DLL
0x00007ff9755c0000 - 0x00007ff97565b000 	C:\Users\Admin\.jdks\corretto-16.0.2\bin\msvcp140.dll
0x00007ff9642f0000 - 0x00007ff964ef9000 	C:\Users\Admin\.jdks\corretto-16.0.2\bin\server\jvm.dll
0x00007ff9acb40000 - 0x00007ff9acbee000 	C:\Windows\System32\ADVAPI32.dll
0x00007ff9aad00000 - 0x00007ff9aad9c000 	C:\Windows\System32\sechost.dll
0x00007ff9ab010000 - 0x00007ff9ab135000 	C:\Windows\System32\RPCRT4.dll
0x00007ff9ac6c0000 - 0x00007ff9ac6c8000 	C:\Windows\System32\PSAPI.DLL
0x00007ff9924b0000 - 0x00007ff9924b9000 	C:\Windows\SYSTEM32\WSOCK32.dll
0x00007ff9aca70000 - 0x00007ff9acadb000 	C:\Windows\System32\WS2_32.dll
0x00007ff98d9c0000 - 0x00007ff98d9e7000 	C:\Windows\SYSTEM32\WINMM.dll
0x00007ff9a5000000 - 0x00007ff9a500a000 	C:\Windows\SYSTEM32\VERSION.dll
0x00007ff9a81a0000 - 0x00007ff9a81b2000 	C:\Windows\SYSTEM32\kernel.appcore.dll
0x00007ff9a5920000 - 0x00007ff9a592a000 	C:\Users\Admin\.jdks\corretto-16.0.2\bin\jimage.dll
0x00007ff9a0c00000 - 0x00007ff9a0de4000 	C:\Windows\SYSTEM32\DBGHELP.DLL
0x00007ff9a0ac0000 - 0x00007ff9a0aec000 	C:\Windows\SYSTEM32\dbgcore.DLL
0x00007ff9aac00000 - 0x00007ff9aac82000 	C:\Windows\System32\bcryptPrimitives.dll
0x00007ff97eab0000 - 0x00007ff97ead5000 	C:\Users\Admin\.jdks\corretto-16.0.2\bin\java.dll
0x00007ff9ab720000 - 0x00007ff9abe64000 	C:\Windows\System32\SHELL32.dll
0x00007ff9a8480000 - 0x00007ff9a8c14000 	C:\Windows\SYSTEM32\windows.storage.dll
0x00007ff9ab390000 - 0x00007ff9ab6e4000 	C:\Windows\System32\combase.dll
0x00007ff9a9d50000 - 0x00007ff9a9d7c000 	C:\Windows\SYSTEM32\Wldp.dll
0x00007ff9ab1b0000 - 0x00007ff9ab25d000 	C:\Windows\System32\SHCORE.dll
0x00007ff9aca10000 - 0x00007ff9aca65000 	C:\Windows\System32\shlwapi.dll
0x00007ff9aa300000 - 0x00007ff9aa31f000 	C:\Windows\SYSTEM32\profapi.dll
0x00007ff99bf70000 - 0x00007ff99bf89000 	C:\Users\Admin\.jdks\corretto-16.0.2\bin\net.dll
0x00007ff99f9d0000 - 0x00007ff99fada000 	C:\Windows\SYSTEM32\WINHTTP.dll
0x00007ff9a9ab0000 - 0x00007ff9a9b1a000 	C:\Windows\system32\mswsock.dll
0x00007ff99bf50000 - 0x00007ff99bf63000 	C:\Users\Admin\.jdks\corretto-16.0.2\bin\nio.dll
0x00007ff9911c0000 - 0x00007ff9911d8000 	C:\Users\Admin\.jdks\corretto-16.0.2\bin\zip.dll
0x00007ff9a4970000 - 0x00007ff9a4980000 	C:\Users\Admin\.jdks\corretto-16.0.2\bin\verify.dll
0x00007ff9a4310000 - 0x00007ff9a4337000 	C:\Users\Admin\ExploraHolic\native\8bec1ad78214c89d9ad589b4d07fe93259594b29d510b10fafb7a158f7737e5d\windows-amd64\native-platform.dll
0x00007ff975660000 - 0x00007ff97579d000 	C:\Users\Admin\ExploraHolic\native\53dbd7edfb1c66fb8903c78663c9afc45aea4f116125fa6feffd364cf09443e8\windows-amd64\native-platform-file-events.dll
0x00007ff9a4530000 - 0x00007ff9a4539000 	C:\Users\Admin\.jdks\corretto-16.0.2\bin\management.dll
0x00007ff9a44c0000 - 0x00007ff9a44cb000 	C:\Users\Admin\.jdks\corretto-16.0.2\bin\management_ext.dll
0x00007ff9a9ca0000 - 0x00007ff9a9cb8000 	C:\Windows\SYSTEM32\CRYPTSP.dll
0x00007ff9a9430000 - 0x00007ff9a9464000 	C:\Windows\system32\rsaenh.dll
0x00007ff9aa8c0000 - 0x00007ff9aa8e7000 	C:\Windows\System32\bcrypt.dll
0x00007ff9aa2c0000 - 0x00007ff9aa2ee000 	C:\Windows\SYSTEM32\USERENV.dll
0x00007ff9a9cc0000 - 0x00007ff9a9ccc000 	C:\Windows\SYSTEM32\CRYPTBASE.dll
0x00007ff9a97a0000 - 0x00007ff9a97db000 	C:\Windows\SYSTEM32\IPHLPAPI.DLL
0x00007ff9ac620000 - 0x00007ff9ac628000 	C:\Windows\System32\NSI.dll
0x00007ff9a2290000 - 0x00007ff9a22a7000 	C:\Windows\SYSTEM32\dhcpcsvc6.DLL
0x00007ff9a3730000 - 0x00007ff9a374d000 	C:\Windows\SYSTEM32\dhcpcsvc.DLL
0x00007ff9a97e0000 - 0x00007ff9a98ab000 	C:\Windows\SYSTEM32\DNSAPI.dll
0x00007ff9a5950000 - 0x00007ff9a595e000 	C:\Users\Admin\.jdks\corretto-16.0.2\bin\sunmscapi.dll
0x00007ff9aa3f0000 - 0x00007ff9aa546000 	C:\Windows\System32\CRYPT32.dll
0x00007ff9a9dc0000 - 0x00007ff9a9de7000 	C:\Windows\SYSTEM32\ncrypt.dll
0x00007ff9a9d80000 - 0x00007ff9a9dbb000 	C:\Windows\SYSTEM32\NTASN1.dll
0x00007ff9a5930000 - 0x00007ff9a5937000 	C:\Windows\system32\wshunix.dll
0x00007ff99bfb0000 - 0x00007ff99bfb7000 	C:\Users\Admin\.jdks\corretto-16.0.2\bin\rmi.dll
0x00007ff98ba00000 - 0x00007ff98ba1e000 	C:\Users\Admin\AppData\Local\Temp\native-platform2078188301165403589dir\native-platform.dll
0x00007ff98ed90000 - 0x00007ff98eda7000 	C:\Windows\system32\napinsp.dll
0x00007ff98ed70000 - 0x00007ff98ed8b000 	C:\Windows\system32\pnrpnsp.dll
0x00007ff98ed50000 - 0x00007ff98ed65000 	C:\Windows\system32\wshbth.dll
0x00007ff9a4110000 - 0x00007ff9a412d000 	C:\Windows\system32\NLAapi.dll
0x00007ff98ecd0000 - 0x00007ff98ece2000 	C:\Windows\System32\winrnr.dll
0x00007ff9a1100000 - 0x00007ff9a110a000 	C:\Windows\System32\rasadhlp.dll
0x00007ff99fae0000 - 0x00007ff99fb60000 	C:\Windows\System32\fwpuclnt.dll

dbghelp: loaded successfully - version: 4.0.5 - missing functions: none
symbol engine: initialized successfully - sym options: 0x614 - pdb path: .;C:\Users\Admin\.jdks\corretto-16.0.2\bin;C:\Windows\SYSTEM32;C:\Windows\WinSxS\amd64_microsoft.windows.common-controls_6595b64144ccf1df_6.0.19041.1110_none_60b5254171f9507e;C:\Users\Admin\.jdks\corretto-16.0.2\bin\server;C:\Users\Admin\ExploraHolic\native\8bec1ad78214c89d9ad589b4d07fe93259594b29d510b10fafb7a158f7737e5d\windows-amd64;C:\Users\Admin\ExploraHolic\native\53dbd7edfb1c66fb8903c78663c9afc45aea4f116125fa6feffd364cf09443e8\windows-amd64;C:\Users\Admin\AppData\Local\Temp\native-platform2078188301165403589dir

VM Arguments:
jvm_args: --add-opens=java.base/java.util=ALL-UNNAMED --add-opens=java.base/java.lang=ALL-UNNAMED --add-opens=java.base/java.lang.invoke=ALL-UNNAMED --add-opens=java.base/java.util=ALL-UNNAMED --add-opens=java.prefs/java.util.prefs=ALL-UNNAMED --add-opens=java.prefs/java.util.prefs=ALL-UNNAMED --add-opens=java.base/java.nio.charset=ALL-UNNAMED --add-opens=java.base/java.net=ALL-UNNAMED --add-opens=java.base/java.util.concurrent.atomic=ALL-UNNAMED -Xmx2048m -Dfile.encoding=UTF-8 -Duser.country=IN -Duser.language=en -Duser.variant 
java_command: org.gradle.launcher.daemon.bootstrap.GradleDaemon 7.0.2
java_class_path (initial): C:\Users\Admin\ExploraHolic\wrapper\dists\gradle-7.0.2-bin\857tjihv64xamwrf0h14cai3r\gradle-7.0.2\lib\gradle-launcher-7.0.2.jar
Launcher Type: SUN_STANDARD

[Global flags]
     intx CICompilerCount                          = 3                                         {product} {ergonomic}
     uint ConcGCThreads                            = 1                                         {product} {ergonomic}
     uint G1ConcRefinementThreads                  = 4                                         {product} {ergonomic}
   size_t G1HeapRegionSize                         = 1048576                                   {product} {ergonomic}
    uintx GCDrainStackTargetSize                   = 64                                        {product} {ergonomic}
   size_t InitialHeapSize                          = 190840832                                 {product} {ergonomic}
   size_t MarkStackSize                            = 4194304                                   {product} {ergonomic}
   size_t MaxHeapSize                              = 2147483648                                {product} {command line}
   size_t MaxNewSize                               = 1287651328                                {product} {ergonomic}
   size_t MinHeapDeltaBytes                        = 1048576                                   {product} {ergonomic}
   size_t MinHeapSize                              = 8388608                                   {product} {ergonomic}
    uintx NonNMethodCodeHeapSize                   = 5832780                                {pd product} {ergonomic}
    uintx NonProfiledCodeHeapSize                  = 122912730                              {pd product} {ergonomic}
    uintx ProfiledCodeHeapSize                     = 122912730                              {pd product} {ergonomic}
    uintx ReservedCodeCacheSize                    = 251658240                              {pd product} {ergonomic}
     bool SegmentedCodeCache                       = true                                      {product} {ergonomic}
   size_t SoftMaxHeapSize                          = 2147483648                             {manageable} {ergonomic}
     bool UseCompressedClassPointers               = true                           {product lp64_product} {ergonomic}
     bool UseCompressedOops                        = true                           {product lp64_product} {ergonomic}
     bool UseG1GC                                  = true                                      {product} {ergonomic}
     bool UseLargePagesIndividualAllocation        = false                                  {pd product} {ergonomic}

Logging:
Log output configuration:
 #0: stdout all=warning uptime,level,tags
 #1: stderr all=off uptime,level,tags

Environment Variables:
PATH=C:\Windows\system32;C:\Windows;C:\Windows\System32\Wbem;C:\Windows\System32\WindowsPowerShell\v1.0\;C:\Windows\System32\OpenSSH\;C:\Program Files\Git\cmd;C:\Users\Admin\AppData\Local\Microsoft\WindowsApps;;C:\Users\Admin\IntelliJ IDEA Community Edition 2021.3.2\bin;
USERNAME=Admin
OS=Windows_NT
PROCESSOR_IDENTIFIER=Intel64 Family 6 Model 78 Stepping 3, GenuineIntel



---------------  S Y S T E M  ---------------

OS:
 Windows 10 , 64 bit Build 19041 (10.0.19041.1706)
OS uptime: 14 days 23:54 hours

CPU: total 4 (initial active 4) (2 cores per cpu, 2 threads per core) family 6 model 78 stepping 3 microcode 0xcc, cx8, cmov, fxsr, ht, mmx, 3dnowpref, sse, sse2, sse3, ssse3, sse4.1, sse4.2, popcnt, lzcnt, tsc, tscinvbit, avx, avx2, aes, erms, clmul, bmi1, bmi2, adx, fma, vzeroupper, clflush, clflushopt

Memory: 4k page, system-wide physical 11537M (218M free)
TotalPageFile size 46353M (AvailPageFile size 5M)
current process WorkingSet (physical memory assigned to process): 408M, peak: 416M
current process commit charge ("private bytes"): 443M, peak: 452M

vm_info: OpenJDK 64-Bit Server VM (16.0.2+7) for windows-amd64 JRE (16.0.2+7), built on Jul 22 2021 01:11:46 by "Administrator" with MS VC++ 15.9 (VS2017)

END.
