#
# There is insufficient memory for the Java Runtime Environment to continue.
# Native memory allocation (malloc) failed to allocate 1701616 bytes for Chunk::new
# Possible reasons:
#   The system is out of physical RAM or swap space
#   The process is running with CompressedOops enabled, and the Java Heap may be blocking the growth of the native heap
# Possible solutions:
#   Reduce memory load on the system
#   Increase physical memory or swap space
#   Check if swap backing store is full
#   Decrease Java heap size (-Xmx/-Xms)
#   Decrease number of Java threads
#   Decrease Java thread stack sizes (-Xss)
#   Set larger code cache with -XX:ReservedCodeCacheSize=
#   JVM is running with Unscaled Compressed Oops mode in which the Java heap is
#     placed in the first 4GB address space. The Java Heap base address is the
#     maximum limit for the native heap growth. Please use -XX:HeapBaseMinAddress
#     to set the Java Heap base and to place the Java Heap above 4GB virtual address.
# This output file may be truncated or incomplete.
#
#  Out of Memory Error (arena.cpp:195), pid=14088, tid=12812
#
# JRE version: OpenJDK Runtime Environment Corretto-16.0.2.7.1 (16.0.2+7) (build 16.0.2+7)
# Java VM: OpenJDK 64-Bit Server VM Corretto-16.0.2.7.1 (16.0.2+7, mixed mode, sharing, tiered, compressed oops, compressed class ptrs, g1 gc, windows-amd64)
# No core dump will be written. Minidumps are not enabled by default on client versions of Windows
#

---------------  S U M M A R Y ------------

Command Line: --add-opens=java.base/java.util=ALL-UNNAMED --add-opens=java.base/java.lang=ALL-UNNAMED --add-opens=java.base/java.lang.invoke=ALL-UNNAMED --add-opens=java.base/java.util=ALL-UNNAMED --add-opens=java.prefs/java.util.prefs=ALL-UNNAMED --add-opens=java.prefs/java.util.prefs=ALL-UNNAMED --add-opens=java.base/java.nio.charset=ALL-UNNAMED --add-opens=java.base/java.net=ALL-UNNAMED --add-opens=java.base/java.util.concurrent.atomic=ALL-UNNAMED -Xmx2048m -Dfile.encoding=UTF-8 -Duser.country=IN -Duser.language=en -Duser.variant org.gradle.launcher.daemon.bootstrap.GradleDaemon 7.0.2

Host: Intel(R) Core(TM) i3-6006U CPU @ 2.00GHz, 4 cores, 11G,  Windows 10 , 64 bit Build 19041 (10.0.19041.1706)
Time: Thu Jun  2 17:42:46 2022 India Standard Time elapsed time: 2239.787064 seconds (0d 0h 37m 19s)

---------------  T H R E A D  ---------------

Current thread (0x0000016886dab8f0):  JavaThread "C2 CompilerThread0" daemon [_thread_in_native, id=12812, stack(0x00000032aae00000,0x00000032aaf00000)]


Current CompileTask:
C2:2239787 23439   !   4       java.io.ObjectOutputStream::writeObject0 (620 bytes)

Stack: [0x00000032aae00000,0x00000032aaf00000]
Native frames: (J=compiled Java code, j=interpreted, Vv=VM code, C=native code)
V  [jvm.dll+0x647e0a]
V  [jvm.dll+0x7f0549]
V  [jvm.dll+0x7f1cfe]
V  [jvm.dll+0x7f2343]
V  [jvm.dll+0x23dd88]
V  [jvm.dll+0xc879a]
V  [jvm.dll+0xc8d4c]
V  [jvm.dll+0x3515d2]
V  [jvm.dll+0x1b730a]
V  [jvm.dll+0x210a7f]
V  [jvm.dll+0x20ff17]
V  [jvm.dll+0x1a0d9b]
V  [jvm.dll+0x21f909]
V  [jvm.dll+0x21da9b]
V  [jvm.dll+0x7a8662]
V  [jvm.dll+0x7a223a]
V  [jvm.dll+0x646c46]
C  [ucrtbase.dll+0x21bb2]
C  [KERNEL32.DLL+0x17034]
C  [ntdll.dll+0x52651]


---------------  P R O C E S S  ---------------

Threads class SMR info:
_java_thread_list=0x000001688fda2760, length=53, elements={
0x00000168e7c02b70, 0x0000016886d8e200, 0x0000016886d8efd0, 0x0000016886d9d9c0,
0x0000016886da02e0, 0x0000016886da0bf0, 0x0000016886da4450, 0x0000016886dab8f0,
0x0000016886dae9f0, 0x0000016886dcfaf0, 0x00000168878b11a0, 0x00000168878b76e0,
0x0000016889139220, 0x000001688a11e9b0, 0x0000016888f7f1e0, 0x000001688a21a3f0,
0x000001688a216ed0, 0x000001688a217420, 0x000001688a218960, 0x000001688a218eb0,
0x000001688ac4f150, 0x000001688ac50140, 0x000001688ac4b6e0, 0x000001688ac4b190,
0x000001688ac50690, 0x000001688ac4ec00, 0x000001688ac51680, 0x000001688f507e60,
0x000001688f508e50, 0x000001688f5098f0, 0x000001688f5073c0, 0x000001688f509e40,
0x000001688f50a390, 0x000001688a217ec0, 0x000001688a217970, 0x000001688a218410,
0x000001688a219ea0, 0x000001688cb77ae0, 0x000001688cb7b000, 0x000001688cb76af0,
0x000001688cb74b10, 0x000001688cb79570, 0x000001688cb78580, 0x000001688cb79020,
0x000001688cb7aab0, 0x000001688cb7a010, 0x000001688ac52120, 0x000001688ac4c6d0,
0x000001688ac4d6c0, 0x000001688ac4dc10, 0x000001688ac52670, 0x000001688ac4c180,
0x000001688ac4e160
}

Java Threads: ( => current thread )
  0x00000168e7c02b70 JavaThread "main" [_thread_blocked, id=3576, stack(0x00000032aa100000,0x00000032aa200000)]
  0x0000016886d8e200 JavaThread "Reference Handler" daemon [_thread_blocked, id=7372, stack(0x00000032aa800000,0x00000032aa900000)]
  0x0000016886d8efd0 JavaThread "Finalizer" daemon [_thread_blocked, id=8896, stack(0x00000032aa900000,0x00000032aaa00000)]
  0x0000016886d9d9c0 JavaThread "Signal Dispatcher" daemon [_thread_blocked, id=3764, stack(0x00000032aaa00000,0x00000032aab00000)]
  0x0000016886da02e0 JavaThread "Attach Listener" daemon [_thread_blocked, id=16064, stack(0x00000032aab00000,0x00000032aac00000)]
  0x0000016886da0bf0 JavaThread "Service Thread" daemon [_thread_blocked, id=14744, stack(0x00000032aac00000,0x00000032aad00000)]
  0x0000016886da4450 JavaThread "Monitor Deflation Thread" daemon [_thread_blocked, id=1612, stack(0x00000032aad00000,0x00000032aae00000)]
=>0x0000016886dab8f0 JavaThread "C2 CompilerThread0" daemon [_thread_in_native, id=12812, stack(0x00000032aae00000,0x00000032aaf00000)]
  0x0000016886dae9f0 JavaThread "C1 CompilerThread0" daemon [_thread_blocked, id=3000, stack(0x00000032aaf00000,0x00000032ab000000)]
  0x0000016886dcfaf0 JavaThread "Sweeper thread" daemon [_thread_blocked, id=9640, stack(0x00000032ab000000,0x00000032ab100000)]
  0x00000168878b11a0 JavaThread "Common-Cleaner" daemon [_thread_blocked, id=11288, stack(0x00000032ab100000,0x00000032ab200000)]
  0x00000168878b76e0 JavaThread "Notification Thread" daemon [_thread_blocked, id=2536, stack(0x00000032ab200000,0x00000032ab300000)]
  0x0000016889139220 JavaThread "Daemon health stats" [_thread_blocked, id=14532, stack(0x00000032ab800000,0x00000032ab900000)]
  0x000001688a11e9b0 JavaThread "Incoming local TCP Connector on port 64375" [_thread_in_native, id=8732, stack(0x00000032ab900000,0x00000032aba00000)]
  0x0000016888f7f1e0 JavaThread "Daemon periodic checks" [_thread_blocked, id=7492, stack(0x00000032aba00000,0x00000032abb00000)]
  0x000001688a21a3f0 JavaThread "Cache worker for file hash cache (C:\Users\Admin\ExploraHolic\caches\7.0.2\fileHashes)" [_thread_blocked, id=3888, stack(0x00000032ab700000,0x00000032ab800000)]
  0x000001688a216ed0 JavaThread "File lock request listener" [_thread_in_native, id=9100, stack(0x00000032ac200000,0x00000032ac300000)]
  0x000001688a217420 JavaThread "Cache worker for journal cache (C:\Users\Admin\ExploraHolic\caches\journal-1)" [_thread_blocked, id=9316, stack(0x00000032ac300000,0x00000032ac400000)]
  0x000001688a218960 JavaThread "File watcher server" daemon [_thread_in_native, id=4684, stack(0x00000032ac600000,0x00000032ac700000)]
  0x000001688a218eb0 JavaThread "File watcher consumer" daemon [_thread_blocked, id=7500, stack(0x00000032ac700000,0x00000032ac800000)]
  0x000001688ac4f150 JavaThread "Cache worker for execution history cache (C:\Users\Admin\ExploraHolic\caches\7.0.2\executionHistory)" [_thread_blocked, id=3900, stack(0x00000032acb00000,0x00000032acc00000)]
  0x000001688ac50140 JavaThread "jar transforms" [_thread_blocked, id=1840, stack(0x00000032acc00000,0x00000032acd00000)]
  0x000001688ac4b6e0 JavaThread "jar transforms Thread 2" [_thread_blocked, id=5952, stack(0x00000032acd00000,0x00000032ace00000)]
  0x000001688ac4b190 JavaThread "Cache worker for file content cache (C:\Users\Admin\ExploraHolic\caches\7.0.2\fileContent)" [_thread_blocked, id=7044, stack(0x00000032ace00000,0x00000032acf00000)]
  0x000001688ac50690 JavaThread "jar transforms Thread 3" [_thread_blocked, id=13992, stack(0x00000032ad000000,0x00000032ad100000)]
  0x000001688ac4ec00 JavaThread "jar transforms Thread 4" [_thread_blocked, id=3704, stack(0x00000032ad600000,0x00000032ad700000)]
  0x000001688ac51680 JavaThread "Memory manager" [_thread_blocked, id=12340, stack(0x00000032ad700000,0x00000032ad800000)]
  0x000001688f507e60 JavaThread "RMI Scheduler(0)" daemon [_thread_blocked, id=15740, stack(0x00000032a9e00000,0x00000032a9f00000)]
  0x000001688f508e50 JavaThread "RMI GC Daemon" daemon [_thread_blocked, id=14976, stack(0x00000032aa000000,0x00000032aa100000)]
  0x000001688f5098f0 JavaThread "RMI TCP Accept-0" daemon [_thread_in_native, id=10308, stack(0x00000032aeb00000,0x00000032aec00000)]
  0x000001688f5073c0 JavaThread "RMI Reaper" [_thread_blocked, id=7076, stack(0x00000032aec00000,0x00000032aed00000)]
  0x000001688f509e40 JavaThread "Cache worker for Java compile cache (C:\Users\Admin\ExploraHolic\caches\7.0.2\javaCompile)" [_thread_blocked, id=13460, stack(0x00000032a9f00000,0x00000032aa000000)]
  0x000001688f50a390 JavaThread "ForkJoinPool.commonPool-worker-1" daemon [_thread_blocked, id=8484, stack(0x00000032add00000,0x00000032ade00000)]
  0x000001688a217ec0 JavaThread "Daemon Thread 3" [_thread_blocked, id=21876, stack(0x00000032abc00000,0x00000032abd00000)]
  0x000001688a217970 JavaThread "Handler for socket connection from /127.0.0.1:64375 to /127.0.0.1:50256" [_thread_in_native, id=22056, stack(0x00000032abd00000,0x00000032abe00000)]
  0x000001688a218410 JavaThread "Cancel handler" [_thread_blocked, id=3904, stack(0x00000032abe00000,0x00000032abf00000)]
  0x000001688a219ea0 JavaThread "Daemon worker Thread 3" [_thread_blocked, id=21396, stack(0x00000032abf00000,0x00000032ac000000)]
  0x000001688cb77ae0 JavaThread "Asynchronous log dispatcher for DefaultDaemonConnection: socket connection from /127.0.0.1:64375 to /127.0.0.1:50256" [_thread_blocked, id=22220, stack(0x00000032ac000000,0x00000032ac100000)]
  0x000001688cb7b000 JavaThread "Stdin handler" [_thread_blocked, id=12076, stack(0x00000032ac100000,0x00000032ac200000)]
  0x000001688cb76af0 JavaThread "Daemon client event forwarder" [_thread_blocked, id=14100, stack(0x00000032ac400000,0x00000032ac500000)]
  0x000001688cb74b10 JavaThread "Cache worker for file hash cache (C:\Users\Admin\ExploraHolic\ExploraHolic\.gradle\7.0.2\fileHashes)" [_thread_blocked, id=20732, stack(0x00000032ac500000,0x00000032ac600000)]
  0x000001688cb79570 JavaThread "Cache worker for checksums cache (C:\Users\Admin\ExploraHolic\ExploraHolic\.gradle\checksums)" [_thread_blocked, id=18520, stack(0x00000032ac800000,0x00000032ac900000)]
  0x000001688cb78580 JavaThread "Cache worker for cache directory md-supplier (C:\Users\Admin\ExploraHolic\caches\7.0.2\md-supplier)" [_thread_blocked, id=21360, stack(0x00000032ac900000,0x00000032aca00000)]
  0x000001688cb79020 JavaThread "Cache worker for cache directory md-rule (C:\Users\Admin\ExploraHolic\caches\7.0.2\md-rule)" [_thread_blocked, id=21268, stack(0x00000032aca00000,0x00000032acb00000)]
  0x000001688cb7aab0 JavaThread "Cache worker for dependencies-accessors (C:\Users\Admin\ExploraHolic\ExploraHolic\.gradle\7.0.2\dependencies-accessors)" [_thread_blocked, id=22208, stack(0x00000032acf00000,0x00000032ad000000)]
  0x000001688cb7a010 JavaThread "Cache worker for Build Output Cleanup Cache (C:\Users\Admin\ExploraHolic\ExploraHolic\.gradle\buildOutputCleanup)" [_thread_blocked, id=17800, stack(0x00000032ad100000,0x00000032ad200000)]
  0x000001688ac52120 JavaThread "Build operations" [_thread_blocked, id=12304, stack(0x00000032ad200000,0x00000032ad300000)]
  0x000001688ac4c6d0 JavaThread "Build operations Thread 2" [_thread_blocked, id=16380, stack(0x00000032ad300000,0x00000032ad400000)]
  0x000001688ac4d6c0 JavaThread "Build operations Thread 3" [_thread_blocked, id=10636, stack(0x00000032ad400000,0x00000032ad500000)]
  0x000001688ac4dc10 JavaThread "Build operations Thread 4" [_thread_blocked, id=22384, stack(0x00000032ad500000,0x00000032ad600000)]
  0x000001688ac52670 JavaThread "build event listener" [_thread_blocked, id=21700, stack(0x00000032ad800000,0x00000032ad900000)]
  0x000001688ac4c180 JavaThread "Execution worker for ':'" [_thread_in_native, id=21532, stack(0x00000032abb00000,0x00000032abc00000)]
  0x000001688ac4e160 JavaThread "Cache worker for execution history cache (C:\Users\Admin\ExploraHolic\ExploraHolic\.gradle\7.0.2\executionHistory)" [_thread_blocked, id=20816, stack(0x00000032adb00000,0x00000032adc00000)]

Other Threads:
  0x0000016886d86f60 VMThread "VM Thread" [stack: 0x00000032aa700000,0x00000032aa800000] [id=6416]
  0x00000168878ba020 WatcherThread [stack: 0x00000032ab300000,0x00000032ab400000] [id=9024]
  0x00000168e7c43490 GCTaskThread "GC Thread#0" [stack: 0x00000032aa200000,0x00000032aa300000] [id=3720]
  0x0000016887b3cc90 GCTaskThread "GC Thread#1" [stack: 0x00000032ab400000,0x00000032ab500000] [id=12216]
  0x0000016887b3cfa0 GCTaskThread "GC Thread#2" [stack: 0x00000032ab500000,0x00000032ab600000] [id=544]
  0x0000016887b3d2b0 GCTaskThread "GC Thread#3" [stack: 0x00000032ab600000,0x00000032ab700000] [id=1144]
  0x00000168e7c553f0 ConcurrentGCThread "G1 Main Marker" [stack: 0x00000032aa300000,0x00000032aa400000] [id=3200]
  0x00000168e7c55d70 ConcurrentGCThread "G1 Conc#0" [stack: 0x00000032aa400000,0x00000032aa500000] [id=7028]
  0x00000168e7ce4f90 ConcurrentGCThread "G1 Refine#0" [stack: 0x00000032aa500000,0x00000032aa600000] [id=15548]
  0x0000016889d33fc0 ConcurrentGCThread "G1 Refine#1" [stack: 0x00000032ae100000,0x00000032ae200000] [id=12924]
  0x0000016889d33940 ConcurrentGCThread "G1 Refine#2" [stack: 0x00000032ae200000,0x00000032ae300000] [id=11848]
  0x0000016889d34cc0 ConcurrentGCThread "G1 Refine#3" [stack: 0x00000032ae700000,0x00000032ae800000] [id=5192]
  0x00000168e7ce6160 ConcurrentGCThread "G1 Service" [stack: 0x00000032aa600000,0x00000032aa700000] [id=584]

Threads with active compile tasks:
C2 CompilerThread0  2240220 23439   !   4       java.io.ObjectOutputStream::writeObject0 (620 bytes)

VM state: not at safepoint (normal execution)

VM Mutex/Monitor currently owned by a thread: None

Heap address: 0x0000000080000000, size: 2048 MB, Compressed Oops mode: 32-bit

CDS archive(s) mapped at: [0x0000000800000000-0x0000000800be0000-0x0000000800be0000), size 12451840, SharedBaseAddress: 0x0000000800000000, ArchiveRelocationMode: 0.
Compressed class space mapped at: 0x0000000800c00000-0x0000000840c00000, reserved size: 1073741824
Narrow klass base: 0x0000000800000000, Narrow klass shift: 3, Narrow klass range: 0x100000000

GC Precious Log:
 CPUs: 4 total, 4 available
 Memory: 11537M
 Large Page Support: Disabled
 NUMA Support: Disabled
 Compressed Oops: Enabled (32-bit)
 Heap Region Size: 1M
 Heap Min Capacity: 8M
 Heap Initial Capacity: 182M
 Heap Max Capacity: 2G
 Pre-touch: Disabled
 Parallel Workers: 4
 Concurrent Workers: 1
 Concurrent Refinement Workers: 4
 Periodic GC: Disabled

Heap:
 garbage-first heap   total 366592K, used 200982K [0x0000000080000000, 0x0000000100000000)
  region size 1024K, 5 young (5120K), 3 survivors (3072K)
 Metaspace       used 129407K, committed 130368K, reserved 1163264K
  class space    used 16544K, committed 17024K, reserved 1048576K

Heap Regions: E=young(eden), S=young(survivor), O=old, HS=humongous(starts), HC=humongous(continues), CS=collection set, F=free, OA=open archive, CA=closed archive, TAMS=top-at-mark-start (previous, next)
|   0|0x0000000080000000, 0x0000000080100000, 0x0000000080100000|100%|HS|  |TAMS 0x0000000080100000, 0x0000000080000000| Complete 
|   1|0x0000000080100000, 0x0000000080200000, 0x0000000080200000|100%|HC|  |TAMS 0x0000000080200000, 0x0000000080100000| Complete 
|   2|0x0000000080200000, 0x0000000080300000, 0x0000000080300000|100%|HC|  |TAMS 0x0000000080300000, 0x0000000080200000| Complete 
|   3|0x0000000080300000, 0x0000000080400000, 0x0000000080400000|100%| O|  |TAMS 0x0000000080400000, 0x0000000080300000| Untracked 
|   4|0x0000000080400000, 0x0000000080500000, 0x0000000080500000|100%| O|  |TAMS 0x0000000080500000, 0x0000000080400000| Untracked 
|   5|0x0000000080500000, 0x0000000080600000, 0x0000000080600000|100%| O|  |TAMS 0x0000000080600000, 0x0000000080500000| Untracked 
|   6|0x0000000080600000, 0x0000000080700000, 0x0000000080700000|100%| O|  |TAMS 0x0000000080700000, 0x0000000080600000| Untracked 
|   7|0x0000000080700000, 0x0000000080800000, 0x0000000080800000|100%| O|  |TAMS 0x0000000080800000, 0x0000000080700000| Untracked 
|   8|0x0000000080800000, 0x0000000080900000, 0x0000000080900000|100%| O|  |TAMS 0x0000000080900000, 0x0000000080800000| Untracked 
|   9|0x0000000080900000, 0x0000000080a00000, 0x0000000080a00000|100%|HS|  |TAMS 0x0000000080900000, 0x0000000080900000| Complete 
|  10|0x0000000080a00000, 0x0000000080b00000, 0x0000000080b00000|100%| O|  |TAMS 0x0000000080b00000, 0x0000000080a00000| Untracked 
|  11|0x0000000080b00000, 0x0000000080c00000, 0x0000000080c00000|100%| O|  |TAMS 0x0000000080c00000, 0x0000000080b00000| Untracked 
|  12|0x0000000080c00000, 0x0000000080d00000, 0x0000000080d00000|100%| O|  |TAMS 0x0000000080d00000, 0x0000000080c00000| Untracked 
|  13|0x0000000080d00000, 0x0000000080e00000, 0x0000000080e00000|100%| O|  |TAMS 0x0000000080e00000, 0x0000000080d00000| Untracked 
|  14|0x0000000080e00000, 0x0000000080f00000, 0x0000000080f00000|100%| O|  |TAMS 0x0000000080f00000, 0x0000000080e00000| Untracked 
|  15|0x0000000080f00000, 0x0000000081000000, 0x0000000081000000|100%| O|  |TAMS 0x0000000081000000, 0x0000000080f00000| Untracked 
|  16|0x0000000081000000, 0x0000000081100000, 0x0000000081100000|100%| O|  |TAMS 0x0000000081100000, 0x0000000081000000| Untracked 
|  17|0x0000000081100000, 0x0000000081200000, 0x0000000081200000|100%| O|  |TAMS 0x0000000081200000, 0x0000000081100000| Untracked 
|  18|0x0000000081200000, 0x0000000081300000, 0x0000000081300000|100%| O|  |TAMS 0x0000000081300000, 0x0000000081200000| Untracked 
|  19|0x0000000081300000, 0x0000000081400000, 0x0000000081400000|100%| O|  |TAMS 0x0000000081400000, 0x0000000081300000| Untracked 
|  20|0x0000000081400000, 0x0000000081500000, 0x0000000081500000|100%| O|  |TAMS 0x0000000081500000, 0x0000000081400000| Untracked 
|  21|0x0000000081500000, 0x0000000081600000, 0x0000000081600000|100%| O|  |TAMS 0x0000000081600000, 0x0000000081500000| Untracked 
|  22|0x0000000081600000, 0x0000000081700000, 0x0000000081700000|100%| O|  |TAMS 0x0000000081700000, 0x0000000081600000| Untracked 
|  23|0x0000000081700000, 0x0000000081800000, 0x0000000081800000|100%| O|  |TAMS 0x0000000081800000, 0x0000000081700000| Untracked 
|  24|0x0000000081800000, 0x0000000081900000, 0x0000000081900000|100%| O|  |TAMS 0x0000000081900000, 0x0000000081800000| Untracked 
|  25|0x0000000081900000, 0x0000000081a00000, 0x0000000081a00000|100%| O|  |TAMS 0x0000000081a00000, 0x0000000081900000| Untracked 
|  26|0x0000000081a00000, 0x0000000081b00000, 0x0000000081b00000|100%| O|  |TAMS 0x0000000081b00000, 0x0000000081a00000| Untracked 
|  27|0x0000000081b00000, 0x0000000081c00000, 0x0000000081c00000|100%|HS|  |TAMS 0x0000000081c00000, 0x0000000081b00000| Complete 
|  28|0x0000000081c00000, 0x0000000081d00000, 0x0000000081d00000|100%|HS|  |TAMS 0x0000000081d00000, 0x0000000081c00000| Complete 
|  29|0x0000000081d00000, 0x0000000081e00000, 0x0000000081e00000|100%|HS|  |TAMS 0x0000000081e00000, 0x0000000081d00000| Complete 
|  30|0x0000000081e00000, 0x0000000081f00000, 0x0000000081f00000|100%| O|  |TAMS 0x0000000081f00000, 0x0000000081e00000| Untracked 
|  31|0x0000000081f00000, 0x0000000082000000, 0x0000000082000000|100%| O|  |TAMS 0x0000000082000000, 0x0000000081f00000| Untracked 
|  32|0x0000000082000000, 0x0000000082100000, 0x0000000082100000|100%| O|  |TAMS 0x0000000082100000, 0x0000000082000000| Untracked 
|  33|0x0000000082100000, 0x0000000082200000, 0x0000000082200000|100%| O|  |TAMS 0x0000000082200000, 0x0000000082100000| Untracked 
|  34|0x0000000082200000, 0x0000000082300000, 0x0000000082300000|100%| O|  |TAMS 0x0000000082200000, 0x0000000082200000| Untracked 
|  35|0x0000000082300000, 0x0000000082400000, 0x0000000082400000|100%|HS|  |TAMS 0x0000000082400000, 0x0000000082300000| Complete 
|  36|0x0000000082400000, 0x0000000082500000, 0x0000000082500000|100%|HC|  |TAMS 0x0000000082500000, 0x0000000082400000| Complete 
|  37|0x0000000082500000, 0x0000000082600000, 0x0000000082600000|100%|HC|  |TAMS 0x0000000082600000, 0x0000000082500000| Complete 
|  38|0x0000000082600000, 0x0000000082700000, 0x0000000082700000|100%| O|  |TAMS 0x0000000082700000, 0x0000000082600000| Untracked 
|  39|0x0000000082700000, 0x0000000082800000, 0x0000000082800000|100%| O|  |TAMS 0x0000000082800000, 0x0000000082700000| Untracked 
|  40|0x0000000082800000, 0x0000000082900000, 0x0000000082900000|100%| O|  |TAMS 0x0000000082900000, 0x0000000082800000| Untracked 
|  41|0x0000000082900000, 0x0000000082a00000, 0x0000000082a00000|100%| O|  |TAMS 0x0000000082a00000, 0x0000000082900000| Untracked 
|  42|0x0000000082a00000, 0x0000000082b00000, 0x0000000082b00000|100%| O|  |TAMS 0x0000000082b00000, 0x0000000082a00000| Untracked 
|  43|0x0000000082b00000, 0x0000000082c00000, 0x0000000082c00000|100%|HS|  |TAMS 0x0000000082c00000, 0x0000000082b00000| Complete 
|  44|0x0000000082c00000, 0x0000000082d00000, 0x0000000082d00000|100%|HC|  |TAMS 0x0000000082d00000, 0x0000000082c00000| Complete 
|  45|0x0000000082d00000, 0x0000000082e00000, 0x0000000082e00000|100%| O|  |TAMS 0x0000000082e00000, 0x0000000082d00000| Untracked 
|  46|0x0000000082e00000, 0x0000000082f00000, 0x0000000082f00000|100%| O|  |TAMS 0x0000000082f00000, 0x0000000082e00000| Untracked 
|  47|0x0000000082f00000, 0x0000000083000000, 0x0000000083000000|100%| O|  |TAMS 0x0000000083000000, 0x0000000082f00000| Untracked 
|  48|0x0000000083000000, 0x0000000083100000, 0x0000000083100000|100%| O|  |TAMS 0x0000000083100000, 0x0000000083000000| Untracked 
|  49|0x0000000083100000, 0x0000000083200000, 0x0000000083200000|100%| O|  |TAMS 0x0000000083200000, 0x0000000083100000| Untracked 
|  50|0x0000000083200000, 0x0000000083300000, 0x0000000083300000|100%| O|  |TAMS 0x0000000083300000, 0x0000000083200000| Untracked 
|  51|0x0000000083300000, 0x0000000083400000, 0x0000000083400000|100%| O|  |TAMS 0x0000000083400000, 0x0000000083300000| Untracked 
|  52|0x0000000083400000, 0x0000000083500000, 0x0000000083500000|100%| O|  |TAMS 0x0000000083500000, 0x0000000083400000| Untracked 
|  53|0x0000000083500000, 0x0000000083600000, 0x0000000083600000|100%| O|  |TAMS 0x0000000083600000, 0x0000000083500000| Untracked 
|  54|0x0000000083600000, 0x0000000083700000, 0x0000000083700000|100%| O|  |TAMS 0x0000000083700000, 0x0000000083600000| Untracked 
|  55|0x0000000083700000, 0x0000000083800000, 0x0000000083800000|100%| O|  |TAMS 0x0000000083800000, 0x0000000083700000| Untracked 
|  56|0x0000000083800000, 0x0000000083900000, 0x0000000083900000|100%| O|  |TAMS 0x0000000083900000, 0x0000000083800000| Untracked 
|  57|0x0000000083900000, 0x0000000083a00000, 0x0000000083a00000|100%| O|  |TAMS 0x0000000083a00000, 0x0000000083900000| Untracked 
|  58|0x0000000083a00000, 0x0000000083b00000, 0x0000000083b00000|100%| O|  |TAMS 0x0000000083b00000, 0x0000000083a00000| Untracked 
|  59|0x0000000083b00000, 0x0000000083c00000, 0x0000000083c00000|100%| O|  |TAMS 0x0000000083c00000, 0x0000000083b00000| Untracked 
|  60|0x0000000083c00000, 0x0000000083d00000, 0x0000000083d00000|100%| O|  |TAMS 0x0000000083d00000, 0x0000000083c00000| Untracked 
|  61|0x0000000083d00000, 0x0000000083e00000, 0x0000000083e00000|100%| O|  |TAMS 0x0000000083e00000, 0x0000000083d00000| Untracked 
|  62|0x0000000083e00000, 0x0000000083f00000, 0x0000000083f00000|100%| O|  |TAMS 0x0000000083e00000, 0x0000000083e00000| Untracked 
|  63|0x0000000083f00000, 0x0000000084000000, 0x0000000084000000|100%| O|  |TAMS 0x0000000084000000, 0x0000000083f00000| Untracked 
|  64|0x0000000084000000, 0x0000000084100000, 0x0000000084100000|100%| O|  |TAMS 0x0000000084100000, 0x0000000084000000| Untracked 
|  65|0x0000000084100000, 0x0000000084200000, 0x0000000084200000|100%| O|  |TAMS 0x0000000084200000, 0x0000000084100000| Untracked 
|  66|0x0000000084200000, 0x0000000084300000, 0x0000000084300000|100%| O|  |TAMS 0x0000000084300000, 0x0000000084200000| Untracked 
|  67|0x0000000084300000, 0x0000000084400000, 0x0000000084400000|100%| O|  |TAMS 0x0000000084400000, 0x0000000084300000| Untracked 
|  68|0x0000000084400000, 0x0000000084500000, 0x0000000084500000|100%|HS|  |TAMS 0x0000000084400000, 0x0000000084400000| Complete 
|  69|0x0000000084500000, 0x0000000084600000, 0x0000000084600000|100%|HS|  |TAMS 0x0000000084500000, 0x0000000084500000| Complete 
|  70|0x0000000084600000, 0x0000000084700000, 0x0000000084700000|100%| O|  |TAMS 0x0000000084700000, 0x0000000084600000| Untracked 
|  71|0x0000000084700000, 0x0000000084800000, 0x0000000084800000|100%| O|  |TAMS 0x0000000084800000, 0x0000000084700000| Untracked 
|  72|0x0000000084800000, 0x0000000084900000, 0x0000000084900000|100%| O|  |TAMS 0x0000000084900000, 0x0000000084800000| Untracked 
|  73|0x0000000084900000, 0x0000000084a00000, 0x0000000084a00000|100%| O|  |TAMS 0x0000000084a00000, 0x0000000084900000| Untracked 
|  74|0x0000000084a00000, 0x0000000084b00000, 0x0000000084b00000|100%| O|  |TAMS 0x0000000084b00000, 0x0000000084a00000| Untracked 
|  75|0x0000000084b00000, 0x0000000084c00000, 0x0000000084c00000|100%| O|  |TAMS 0x0000000084c00000, 0x0000000084b00000| Untracked 
|  76|0x0000000084c00000, 0x0000000084d00000, 0x0000000084d00000|100%| O|  |TAMS 0x0000000084d00000, 0x0000000084c00000| Untracked 
|  77|0x0000000084d00000, 0x0000000084e00000, 0x0000000084e00000|100%| O|  |TAMS 0x0000000084e00000, 0x0000000084d00000| Untracked 
|  78|0x0000000084e00000, 0x0000000084f00000, 0x0000000084f00000|100%| O|  |TAMS 0x0000000084e00000, 0x0000000084e00000| Untracked 
|  79|0x0000000084f00000, 0x0000000085000000, 0x0000000085000000|100%| O|  |TAMS 0x0000000085000000, 0x0000000084f00000| Untracked 
|  80|0x0000000085000000, 0x0000000085100000, 0x0000000085100000|100%| O|  |TAMS 0x0000000085100000, 0x0000000085000000| Untracked 
|  81|0x0000000085100000, 0x0000000085200000, 0x0000000085200000|100%| O|  |TAMS 0x0000000085200000, 0x0000000085100000| Untracked 
|  82|0x0000000085200000, 0x0000000085300000, 0x0000000085300000|100%| O|  |TAMS 0x0000000085300000, 0x0000000085200000| Untracked 
|  83|0x0000000085300000, 0x0000000085400000, 0x0000000085400000|100%| O|  |TAMS 0x0000000085400000, 0x0000000085300000| Untracked 
|  84|0x0000000085400000, 0x0000000085500000, 0x0000000085500000|100%| O|  |TAMS 0x0000000085500000, 0x0000000085400000| Untracked 
|  85|0x0000000085500000, 0x0000000085600000, 0x0000000085600000|100%| O|  |TAMS 0x0000000085600000, 0x0000000085500000| Untracked 
|  86|0x0000000085600000, 0x0000000085700000, 0x0000000085700000|100%| O|  |TAMS 0x0000000085700000, 0x0000000085600000| Untracked 
|  87|0x0000000085700000, 0x0000000085800000, 0x0000000085800000|100%| O|  |TAMS 0x0000000085800000, 0x0000000085700000| Untracked 
|  88|0x0000000085800000, 0x0000000085900000, 0x0000000085900000|100%| O|  |TAMS 0x0000000085900000, 0x0000000085800000| Untracked 
|  89|0x0000000085900000, 0x0000000085900000, 0x0000000085a00000|  0%| F|  |TAMS 0x0000000085900000, 0x0000000085900000| Untracked 
|  90|0x0000000085a00000, 0x0000000085b00000, 0x0000000085b00000|100%| O|  |TAMS 0x0000000085a00000, 0x0000000085a00000| Untracked 
|  91|0x0000000085b00000, 0x0000000085c00000, 0x0000000085c00000|100%| O|  |TAMS 0x0000000085c00000, 0x0000000085b00000| Untracked 
|  92|0x0000000085c00000, 0x0000000085d00000, 0x0000000085d00000|100%|HS|  |TAMS 0x0000000085c00000, 0x0000000085c00000| Complete 
|  93|0x0000000085d00000, 0x0000000085e00000, 0x0000000085e00000|100%| O|  |TAMS 0x0000000085d00000, 0x0000000085d00000| Untracked 
|  94|0x0000000085e00000, 0x0000000085f00000, 0x0000000085f00000|100%| O|  |TAMS 0x0000000085e00000, 0x0000000085e00000| Untracked 
|  95|0x0000000085f00000, 0x0000000085f00000, 0x0000000086000000|  0%| F|  |TAMS 0x0000000085f00000, 0x0000000085f00000| Untracked 
|  96|0x0000000086000000, 0x0000000086100000, 0x0000000086100000|100%| O|  |TAMS 0x0000000086100000, 0x0000000086000000| Untracked 
|  97|0x0000000086100000, 0x0000000086200000, 0x0000000086200000|100%| O|  |TAMS 0x0000000086200000, 0x0000000086100000| Untracked 
|  98|0x0000000086200000, 0x0000000086300000, 0x0000000086300000|100%| O|  |TAMS 0x0000000086300000, 0x0000000086200000| Untracked 
|  99|0x0000000086300000, 0x0000000086400000, 0x0000000086400000|100%|HS|  |TAMS 0x0000000086300000, 0x0000000086300000| Complete 
| 100|0x0000000086400000, 0x0000000086500000, 0x0000000086500000|100%|HC|  |TAMS 0x0000000086400000, 0x0000000086400000| Complete 
| 101|0x0000000086500000, 0x0000000086600000, 0x0000000086600000|100%|HC|  |TAMS 0x0000000086500000, 0x0000000086500000| Complete 
| 102|0x0000000086600000, 0x0000000086700000, 0x0000000086700000|100%|HC|  |TAMS 0x0000000086600000, 0x0000000086600000| Complete 
| 103|0x0000000086700000, 0x0000000086800000, 0x0000000086800000|100%| O|  |TAMS 0x0000000086800000, 0x0000000086700000| Untracked 
| 104|0x0000000086800000, 0x0000000086900000, 0x0000000086900000|100%| O|  |TAMS 0x0000000086900000, 0x0000000086800000| Untracked 
| 105|0x0000000086900000, 0x0000000086a00000, 0x0000000086a00000|100%| O|  |TAMS 0x0000000086900000, 0x0000000086900000| Untracked 
| 106|0x0000000086a00000, 0x0000000086b00000, 0x0000000086b00000|100%| O|  |TAMS 0x0000000086a00000, 0x0000000086a00000| Untracked 
| 107|0x0000000086b00000, 0x0000000086b00000, 0x0000000086c00000|  0%| F|  |TAMS 0x0000000086b00000, 0x0000000086b00000| Untracked 
| 108|0x0000000086c00000, 0x0000000086d00000, 0x0000000086d00000|100%| O|  |TAMS 0x0000000086c00000, 0x0000000086c00000| Untracked 
| 109|0x0000000086d00000, 0x0000000086e00000, 0x0000000086e00000|100%| O|  |TAMS 0x0000000086d00000, 0x0000000086d00000| Untracked 
| 110|0x0000000086e00000, 0x0000000086e00000, 0x0000000086f00000|  0%| F|  |TAMS 0x0000000086e00000, 0x0000000086e00000| Untracked 
| 111|0x0000000086f00000, 0x0000000086f00000, 0x0000000087000000|  0%| F|  |TAMS 0x0000000086f00000, 0x0000000086f00000| Untracked 
| 112|0x0000000087000000, 0x0000000087100000, 0x0000000087100000|100%| O|  |TAMS 0x0000000087000000, 0x0000000087000000| Untracked 
| 113|0x0000000087100000, 0x0000000087200000, 0x0000000087200000|100%| O|  |TAMS 0x0000000087100000, 0x0000000087100000| Untracked 
| 114|0x0000000087200000, 0x0000000087300000, 0x0000000087300000|100%| O|  |TAMS 0x0000000087200000, 0x0000000087200000| Untracked 
| 115|0x0000000087300000, 0x0000000087400000, 0x0000000087400000|100%| O|  |TAMS 0x0000000087300000, 0x0000000087300000| Untracked 
| 116|0x0000000087400000, 0x0000000087500000, 0x0000000087500000|100%| O|  |TAMS 0x0000000087400000, 0x0000000087400000| Untracked 
| 117|0x0000000087500000, 0x0000000087600000, 0x0000000087600000|100%| O|  |TAMS 0x0000000087500000, 0x0000000087500000| Untracked 
| 118|0x0000000087600000, 0x0000000087700000, 0x0000000087700000|100%| O|  |TAMS 0x0000000087600000, 0x0000000087600000| Untracked 
| 119|0x0000000087700000, 0x0000000087800000, 0x0000000087800000|100%| O|  |TAMS 0x0000000087700000, 0x0000000087700000| Untracked 
| 120|0x0000000087800000, 0x0000000087900000, 0x0000000087900000|100%| O|  |TAMS 0x0000000087800000, 0x0000000087800000| Untracked 
| 121|0x0000000087900000, 0x0000000087a00000, 0x0000000087a00000|100%| O|  |TAMS 0x0000000087a00000, 0x0000000087900000| Untracked 
| 122|0x0000000087a00000, 0x0000000087b00000, 0x0000000087b00000|100%| O|  |TAMS 0x0000000087b00000, 0x0000000087a00000| Untracked 
| 123|0x0000000087b00000, 0x0000000087c00000, 0x0000000087c00000|100%| O|  |TAMS 0x0000000087c00000, 0x0000000087b00000| Untracked 
| 124|0x0000000087c00000, 0x0000000087d00000, 0x0000000087d00000|100%| O|  |TAMS 0x0000000087c00000, 0x0000000087c00000| Untracked 
| 125|0x0000000087d00000, 0x0000000087e00000, 0x0000000087e00000|100%| O|  |TAMS 0x0000000087d00000, 0x0000000087d00000| Untracked 
| 126|0x0000000087e00000, 0x0000000087f00000, 0x0000000087f00000|100%| O|  |TAMS 0x0000000087e00000, 0x0000000087e00000| Untracked 
| 127|0x0000000087f00000, 0x0000000088000000, 0x0000000088000000|100%| O|  |TAMS 0x0000000087f00000, 0x0000000087f00000| Untracked 
| 128|0x0000000088000000, 0x0000000088100000, 0x0000000088100000|100%| O|  |TAMS 0x0000000088100000, 0x0000000088000000| Untracked 
| 129|0x0000000088100000, 0x0000000088100000, 0x0000000088200000|  0%| F|  |TAMS 0x0000000088100000, 0x0000000088100000| Untracked 
| 130|0x0000000088200000, 0x0000000088300000, 0x0000000088300000|100%| O|  |TAMS 0x0000000088300000, 0x0000000088200000| Untracked 
| 131|0x0000000088300000, 0x0000000088300000, 0x0000000088400000|  0%| F|  |TAMS 0x0000000088300000, 0x0000000088300000| Untracked 
| 132|0x0000000088400000, 0x0000000088500000, 0x0000000088500000|100%| O|  |TAMS 0x0000000088500000, 0x0000000088400000| Untracked 
| 133|0x0000000088500000, 0x0000000088500000, 0x0000000088600000|  0%| F|  |TAMS 0x0000000088500000, 0x0000000088500000| Untracked 
| 134|0x0000000088600000, 0x0000000088700000, 0x0000000088700000|100%| O|  |TAMS 0x0000000088700000, 0x0000000088600000| Untracked 
| 135|0x0000000088700000, 0x0000000088800000, 0x0000000088800000|100%| O|  |TAMS 0x0000000088800000, 0x0000000088700000| Untracked 
| 136|0x0000000088800000, 0x0000000088900000, 0x0000000088900000|100%| O|  |TAMS 0x0000000088800000, 0x0000000088800000| Untracked 
| 137|0x0000000088900000, 0x0000000088a00000, 0x0000000088a00000|100%| O|  |TAMS 0x0000000088a00000, 0x0000000088900000| Untracked 
| 138|0x0000000088a00000, 0x0000000088b00000, 0x0000000088b00000|100%| O|  |TAMS 0x0000000088b00000, 0x0000000088a00000| Untracked 
| 139|0x0000000088b00000, 0x0000000088c00000, 0x0000000088c00000|100%| O|  |TAMS 0x0000000088b00000, 0x0000000088b00000| Untracked 
| 140|0x0000000088c00000, 0x0000000088d00000, 0x0000000088d00000|100%| O|  |TAMS 0x0000000088c00000, 0x0000000088c00000| Untracked 
| 141|0x0000000088d00000, 0x0000000088d00000, 0x0000000088e00000|  0%| F|  |TAMS 0x0000000088d00000, 0x0000000088d00000| Untracked 
| 142|0x0000000088e00000, 0x0000000088e00000, 0x0000000088f00000|  0%| F|  |TAMS 0x0000000088e00000, 0x0000000088e00000| Untracked 
| 143|0x0000000088f00000, 0x0000000088f00000, 0x0000000089000000|  0%| F|  |TAMS 0x0000000088f00000, 0x0000000088f00000| Untracked 
| 144|0x0000000089000000, 0x0000000089000000, 0x0000000089100000|  0%| F|  |TAMS 0x0000000089000000, 0x0000000089000000| Untracked 
| 145|0x0000000089100000, 0x0000000089200000, 0x0000000089200000|100%|HS|  |TAMS 0x0000000089100000, 0x0000000089100000| Complete 
| 146|0x0000000089200000, 0x0000000089300000, 0x0000000089300000|100%|HC|  |TAMS 0x0000000089200000, 0x0000000089200000| Complete 
| 147|0x0000000089300000, 0x0000000089400000, 0x0000000089400000|100%|HC|  |TAMS 0x0000000089300000, 0x0000000089300000| Complete 
| 148|0x0000000089400000, 0x0000000089500000, 0x0000000089500000|100%|HC|  |TAMS 0x0000000089400000, 0x0000000089400000| Complete 
| 149|0x0000000089500000, 0x0000000089600000, 0x0000000089600000|100%|HC|  |TAMS 0x0000000089500000, 0x0000000089500000| Complete 
| 150|0x0000000089600000, 0x0000000089700000, 0x0000000089700000|100%| O|  |TAMS 0x0000000089600000, 0x0000000089600000| Untracked 
| 151|0x0000000089700000, 0x0000000089800000, 0x0000000089800000|100%| O|  |TAMS 0x0000000089700000, 0x0000000089700000| Untracked 
| 152|0x0000000089800000, 0x0000000089900000, 0x0000000089900000|100%| O|  |TAMS 0x0000000089800000, 0x0000000089800000| Untracked 
| 153|0x0000000089900000, 0x0000000089a00000, 0x0000000089a00000|100%| O|  |TAMS 0x0000000089900000, 0x0000000089900000| Untracked 
| 154|0x0000000089a00000, 0x0000000089a00000, 0x0000000089b00000|  0%| F|  |TAMS 0x0000000089a00000, 0x0000000089a00000| Untracked 
| 155|0x0000000089b00000, 0x0000000089c00000, 0x0000000089c00000|100%| O|  |TAMS 0x0000000089b00000, 0x0000000089b00000| Untracked 
| 156|0x0000000089c00000, 0x0000000089d00000, 0x0000000089d00000|100%| O|  |TAMS 0x0000000089c00000, 0x0000000089c00000| Untracked 
| 157|0x0000000089d00000, 0x0000000089e00000, 0x0000000089e00000|100%| O|  |TAMS 0x0000000089d00000, 0x0000000089d00000| Untracked 
| 158|0x0000000089e00000, 0x0000000089f00000, 0x0000000089f00000|100%| O|  |TAMS 0x0000000089f00000, 0x0000000089e00000| Untracked 
| 159|0x0000000089f00000, 0x000000008a000000, 0x000000008a000000|100%| O|  |TAMS 0x000000008a000000, 0x0000000089f00000| Untracked 
| 160|0x000000008a000000, 0x000000008a000000, 0x000000008a100000|  0%| F|  |TAMS 0x000000008a000000, 0x000000008a000000| Untracked 
| 161|0x000000008a100000, 0x000000008a100000, 0x000000008a200000|  0%| F|  |TAMS 0x000000008a100000, 0x000000008a100000| Untracked 
| 162|0x000000008a200000, 0x000000008a200000, 0x000000008a300000|  0%| F|  |TAMS 0x000000008a200000, 0x000000008a200000| Untracked 
| 163|0x000000008a300000, 0x000000008a300000, 0x000000008a400000|  0%| F|  |TAMS 0x000000008a300000, 0x000000008a300000| Untracked 
| 164|0x000000008a400000, 0x000000008a500000, 0x000000008a500000|100%| O|  |TAMS 0x000000008a400000, 0x000000008a400000| Untracked 
| 165|0x000000008a500000, 0x000000008a500000, 0x000000008a600000|  0%| F|  |TAMS 0x000000008a500000, 0x000000008a500000| Untracked 
| 166|0x000000008a600000, 0x000000008a600000, 0x000000008a700000|  0%| F|  |TAMS 0x000000008a600000, 0x000000008a600000| Untracked 
| 167|0x000000008a700000, 0x000000008a700000, 0x000000008a800000|  0%| F|  |TAMS 0x000000008a700000, 0x000000008a700000| Untracked 
| 168|0x000000008a800000, 0x000000008a800000, 0x000000008a900000|  0%| F|  |TAMS 0x000000008a800000, 0x000000008a800000| Untracked 
| 169|0x000000008a900000, 0x000000008a9a6c00, 0x000000008aa00000| 65%| O|  |TAMS 0x000000008a900000, 0x000000008a900000| Untracked 
| 170|0x000000008aa00000, 0x000000008aa00000, 0x000000008ab00000|  0%| F|  |TAMS 0x000000008aa00000, 0x000000008aa00000| Untracked 
| 171|0x000000008ab00000, 0x000000008ab00000, 0x000000008ac00000|  0%| F|  |TAMS 0x000000008ab00000, 0x000000008ab00000| Untracked 
| 172|0x000000008ac00000, 0x000000008ac00000, 0x000000008ad00000|  0%| F|  |TAMS 0x000000008ac00000, 0x000000008ac00000| Untracked 
| 173|0x000000008ad00000, 0x000000008ad00000, 0x000000008ae00000|  0%| F|  |TAMS 0x000000008ad00000, 0x000000008ad00000| Untracked 
| 174|0x000000008ae00000, 0x000000008ae00000, 0x000000008af00000|  0%| F|  |TAMS 0x000000008ae00000, 0x000000008ae00000| Untracked 
| 175|0x000000008af00000, 0x000000008af00000, 0x000000008b000000|  0%| F|  |TAMS 0x000000008af00000, 0x000000008af00000| Untracked 
| 176|0x000000008b000000, 0x000000008b000000, 0x000000008b100000|  0%| F|  |TAMS 0x000000008b000000, 0x000000008b000000| Untracked 
| 177|0x000000008b100000, 0x000000008b100000, 0x000000008b200000|  0%| F|  |TAMS 0x000000008b100000, 0x000000008b100000| Untracked 
| 178|0x000000008b200000, 0x000000008b200000, 0x000000008b300000|  0%| F|  |TAMS 0x000000008b200000, 0x000000008b200000| Untracked 
| 179|0x000000008b300000, 0x000000008b300000, 0x000000008b400000|  0%| F|  |TAMS 0x000000008b300000, 0x000000008b300000| Untracked 
| 180|0x000000008b400000, 0x000000008b400000, 0x000000008b500000|  0%| F|  |TAMS 0x000000008b400000, 0x000000008b400000| Untracked 
| 181|0x000000008b500000, 0x000000008b500000, 0x000000008b600000|  0%| F|  |TAMS 0x000000008b500000, 0x000000008b500000| Untracked 
| 182|0x000000008b600000, 0x000000008b600000, 0x000000008b700000|  0%| F|  |TAMS 0x000000008b600000, 0x000000008b600000| Untracked 
| 183|0x000000008b700000, 0x000000008b700000, 0x000000008b800000|  0%| F|  |TAMS 0x000000008b700000, 0x000000008b700000| Untracked 
| 184|0x000000008b800000, 0x000000008b800000, 0x000000008b900000|  0%| F|  |TAMS 0x000000008b800000, 0x000000008b800000| Untracked 
| 185|0x000000008b900000, 0x000000008b900000, 0x000000008ba00000|  0%| F|  |TAMS 0x000000008b900000, 0x000000008b900000| Untracked 
| 186|0x000000008ba00000, 0x000000008ba00000, 0x000000008bb00000|  0%| F|  |TAMS 0x000000008ba00000, 0x000000008ba00000| Untracked 
| 187|0x000000008bb00000, 0x000000008bb00000, 0x000000008bc00000|  0%| F|  |TAMS 0x000000008bb00000, 0x000000008bb00000| Untracked 
| 188|0x000000008bc00000, 0x000000008bc00000, 0x000000008bd00000|  0%| F|  |TAMS 0x000000008bc00000, 0x000000008bc00000| Untracked 
| 189|0x000000008bd00000, 0x000000008bd00000, 0x000000008be00000|  0%| F|  |TAMS 0x000000008bd00000, 0x000000008bd00000| Untracked 
| 190|0x000000008be00000, 0x000000008be00000, 0x000000008bf00000|  0%| F|  |TAMS 0x000000008be00000, 0x000000008be00000| Untracked 
| 191|0x000000008bf00000, 0x000000008bf00000, 0x000000008c000000|  0%| F|  |TAMS 0x000000008bf00000, 0x000000008bf00000| Untracked 
| 192|0x000000008c000000, 0x000000008c000000, 0x000000008c100000|  0%| F|  |TAMS 0x000000008c000000, 0x000000008c000000| Untracked 
| 193|0x000000008c100000, 0x000000008c200000, 0x000000008c200000|100%|HS|  |TAMS 0x000000008c100000, 0x000000008c100000| Complete 
| 194|0x000000008c200000, 0x000000008c300000, 0x000000008c300000|100%|HC|  |TAMS 0x000000008c200000, 0x000000008c200000| Complete 
| 195|0x000000008c300000, 0x000000008c400000, 0x000000008c400000|100%|HS|  |TAMS 0x000000008c300000, 0x000000008c300000| Complete 
| 196|0x000000008c400000, 0x000000008c500000, 0x000000008c500000|100%|HC|  |TAMS 0x000000008c400000, 0x000000008c400000| Complete 
| 197|0x000000008c500000, 0x000000008c600000, 0x000000008c600000|100%|HC|  |TAMS 0x000000008c500000, 0x000000008c500000| Complete 
| 198|0x000000008c600000, 0x000000008c700000, 0x000000008c700000|100%|HS|  |TAMS 0x000000008c600000, 0x000000008c600000| Complete 
| 199|0x000000008c700000, 0x000000008c800000, 0x000000008c800000|100%|HC|  |TAMS 0x000000008c700000, 0x000000008c700000| Complete 
| 200|0x000000008c800000, 0x000000008c900000, 0x000000008c900000|100%|HC|  |TAMS 0x000000008c800000, 0x000000008c800000| Complete 
| 201|0x000000008c900000, 0x000000008ca00000, 0x000000008ca00000|100%|HS|  |TAMS 0x000000008c900000, 0x000000008c900000| Complete 
| 202|0x000000008ca00000, 0x000000008cb00000, 0x000000008cb00000|100%|HC|  |TAMS 0x000000008ca00000, 0x000000008ca00000| Complete 
| 203|0x000000008cb00000, 0x000000008cc00000, 0x000000008cc00000|100%|HC|  |TAMS 0x000000008cb00000, 0x000000008cb00000| Complete 
| 204|0x000000008cc00000, 0x000000008cd00000, 0x000000008cd00000|100%|HC|  |TAMS 0x000000008cc00000, 0x000000008cc00000| Complete 
| 205|0x000000008cd00000, 0x000000008ce00000, 0x000000008ce00000|100%|HS|  |TAMS 0x000000008cd00000, 0x000000008cd00000| Complete 
| 206|0x000000008ce00000, 0x000000008cf00000, 0x000000008cf00000|100%|HC|  |TAMS 0x000000008ce00000, 0x000000008ce00000| Complete 
| 207|0x000000008cf00000, 0x000000008d000000, 0x000000008d000000|100%|HC|  |TAMS 0x000000008cf00000, 0x000000008cf00000| Complete 
| 208|0x000000008d000000, 0x000000008d100000, 0x000000008d100000|100%|HC|  |TAMS 0x000000008d000000, 0x000000008d000000| Complete 
| 209|0x000000008d100000, 0x000000008d200000, 0x000000008d200000|100%|HC|  |TAMS 0x000000008d100000, 0x000000008d100000| Complete 
| 210|0x000000008d200000, 0x000000008d300000, 0x000000008d300000|100%|HS|  |TAMS 0x000000008d200000, 0x000000008d200000| Complete 
| 211|0x000000008d300000, 0x000000008d400000, 0x000000008d400000|100%|HC|  |TAMS 0x000000008d300000, 0x000000008d300000| Complete 
| 212|0x000000008d400000, 0x000000008d500000, 0x000000008d500000|100%|HC|  |TAMS 0x000000008d400000, 0x000000008d400000| Complete 
| 213|0x000000008d500000, 0x000000008d600000, 0x000000008d600000|100%|HC|  |TAMS 0x000000008d500000, 0x000000008d500000| Complete 
| 214|0x000000008d600000, 0x000000008d700000, 0x000000008d700000|100%|HS|  |TAMS 0x000000008d600000, 0x000000008d600000| Complete 
| 215|0x000000008d700000, 0x000000008d800000, 0x000000008d800000|100%|HC|  |TAMS 0x000000008d700000, 0x000000008d700000| Complete 
| 216|0x000000008d800000, 0x000000008d900000, 0x000000008d900000|100%|HS|  |TAMS 0x000000008d800000, 0x000000008d800000| Complete 
| 217|0x000000008d900000, 0x000000008da00000, 0x000000008da00000|100%|HC|  |TAMS 0x000000008d900000, 0x000000008d900000| Complete 
| 218|0x000000008da00000, 0x000000008db00000, 0x000000008db00000|100%|HC|  |TAMS 0x000000008da00000, 0x000000008da00000| Complete 
| 219|0x000000008db00000, 0x000000008dc00000, 0x000000008dc00000|100%|HS|  |TAMS 0x000000008db00000, 0x000000008db00000| Complete 
| 220|0x000000008dc00000, 0x000000008dd00000, 0x000000008dd00000|100%|HC|  |TAMS 0x000000008dc00000, 0x000000008dc00000| Complete 
| 221|0x000000008dd00000, 0x000000008de00000, 0x000000008de00000|100%|HC|  |TAMS 0x000000008dd00000, 0x000000008dd00000| Complete 
| 222|0x000000008de00000, 0x000000008df00000, 0x000000008df00000|100%| O|  |TAMS 0x000000008df00000, 0x000000008de00000| Untracked 
| 223|0x000000008df00000, 0x000000008df00000, 0x000000008e000000|  0%| F|  |TAMS 0x000000008df00000, 0x000000008df00000| Untracked 
| 224|0x000000008e000000, 0x000000008e000000, 0x000000008e100000|  0%| F|  |TAMS 0x000000008e000000, 0x000000008e000000| Untracked 
| 225|0x000000008e100000, 0x000000008e100000, 0x000000008e200000|  0%| F|  |TAMS 0x000000008e100000, 0x000000008e100000| Untracked 
| 226|0x000000008e200000, 0x000000008e200000, 0x000000008e300000|  0%| F|  |TAMS 0x000000008e200000, 0x000000008e200000| Untracked 
| 227|0x000000008e300000, 0x000000008e300000, 0x000000008e400000|  0%| F|  |TAMS 0x000000008e300000, 0x000000008e300000| Untracked 
| 228|0x000000008e400000, 0x000000008e400000, 0x000000008e500000|  0%| F|  |TAMS 0x000000008e400000, 0x000000008e400000| Untracked 
| 229|0x000000008e500000, 0x000000008e600000, 0x000000008e600000|100%| O|  |TAMS 0x000000008e51d200, 0x000000008e500000| Untracked 
| 230|0x000000008e600000, 0x000000008e700000, 0x000000008e700000|100%|HS|  |TAMS 0x000000008e600000, 0x000000008e600000| Complete 
| 231|0x000000008e700000, 0x000000008e800000, 0x000000008e800000|100%|HC|  |TAMS 0x000000008e700000, 0x000000008e700000| Complete 
| 232|0x000000008e800000, 0x000000008e900000, 0x000000008e900000|100%|HC|  |TAMS 0x000000008e800000, 0x000000008e800000| Complete 
| 233|0x000000008e900000, 0x000000008ea00000, 0x000000008ea00000|100%|HC|  |TAMS 0x000000008e900000, 0x000000008e900000| Complete 
| 234|0x000000008ea00000, 0x000000008eb00000, 0x000000008eb00000|100%|HC|  |TAMS 0x000000008ea00000, 0x000000008ea00000| Complete 
| 235|0x000000008eb00000, 0x000000008eb00000, 0x000000008ec00000|  0%| F|  |TAMS 0x000000008eb00000, 0x000000008eb00000| Untracked 
| 236|0x000000008ec00000, 0x000000008ec00000, 0x000000008ed00000|  0%| F|  |TAMS 0x000000008ec00000, 0x000000008ec00000| Untracked 
| 237|0x000000008ed00000, 0x000000008ed00000, 0x000000008ee00000|  0%| F|  |TAMS 0x000000008ed00000, 0x000000008ed00000| Untracked 
| 238|0x000000008ee00000, 0x000000008ee00000, 0x000000008ef00000|  0%| F|  |TAMS 0x000000008ee00000, 0x000000008ee00000| Untracked 
| 239|0x000000008ef00000, 0x000000008ef00000, 0x000000008f000000|  0%| F|  |TAMS 0x000000008ef00000, 0x000000008ef00000| Untracked 
| 240|0x000000008f000000, 0x000000008f000000, 0x000000008f100000|  0%| F|  |TAMS 0x000000008f000000, 0x000000008f000000| Untracked 
| 241|0x000000008f100000, 0x000000008f100000, 0x000000008f200000|  0%| F|  |TAMS 0x000000008f100000, 0x000000008f100000| Untracked 
| 242|0x000000008f200000, 0x000000008f200000, 0x000000008f300000|  0%| F|  |TAMS 0x000000008f200000, 0x000000008f200000| Untracked 
| 243|0x000000008f300000, 0x000000008f300000, 0x000000008f400000|  0%| F|  |TAMS 0x000000008f300000, 0x000000008f300000| Untracked 
| 244|0x000000008f400000, 0x000000008f400000, 0x000000008f500000|  0%| F|  |TAMS 0x000000008f400000, 0x000000008f400000| Untracked 
| 245|0x000000008f500000, 0x000000008f500000, 0x000000008f600000|  0%| F|  |TAMS 0x000000008f500000, 0x000000008f500000| Untracked 
| 246|0x000000008f600000, 0x000000008f600000, 0x000000008f700000|  0%| F|  |TAMS 0x000000008f600000, 0x000000008f600000| Untracked 
| 247|0x000000008f700000, 0x000000008f700000, 0x000000008f800000|  0%| F|  |TAMS 0x000000008f700000, 0x000000008f700000| Untracked 
| 248|0x000000008f800000, 0x000000008f800000, 0x000000008f900000|  0%| F|  |TAMS 0x000000008f800000, 0x000000008f800000| Untracked 
| 249|0x000000008f900000, 0x000000008f900000, 0x000000008fa00000|  0%| F|  |TAMS 0x000000008f900000, 0x000000008f900000| Untracked 
| 250|0x000000008fa00000, 0x000000008fa00000, 0x000000008fb00000|  0%| F|  |TAMS 0x000000008fa00000, 0x000000008fa00000| Untracked 
| 251|0x000000008fb00000, 0x000000008fb00000, 0x000000008fc00000|  0%| F|  |TAMS 0x000000008fb00000, 0x000000008fb00000| Untracked 
| 252|0x000000008fc00000, 0x000000008fc00000, 0x000000008fd00000|  0%| F|  |TAMS 0x000000008fc00000, 0x000000008fc00000| Untracked 
| 253|0x000000008fd00000, 0x000000008fd00000, 0x000000008fe00000|  0%| F|  |TAMS 0x000000008fd00000, 0x000000008fd00000| Untracked 
| 254|0x000000008fe00000, 0x000000008fe00000, 0x000000008ff00000|  0%| F|  |TAMS 0x000000008fe00000, 0x000000008fe00000| Untracked 
| 255|0x000000008ff00000, 0x000000008ff00000, 0x0000000090000000|  0%| F|  |TAMS 0x000000008ff00000, 0x000000008ff00000| Untracked 
| 256|0x0000000090000000, 0x0000000090000000, 0x0000000090100000|  0%| F|  |TAMS 0x0000000090000000, 0x0000000090000000| Untracked 
| 257|0x0000000090100000, 0x0000000090100000, 0x0000000090200000|  0%| F|  |TAMS 0x0000000090100000, 0x0000000090100000| Untracked 
| 258|0x0000000090200000, 0x0000000090200000, 0x0000000090300000|  0%| F|  |TAMS 0x0000000090200000, 0x0000000090200000| Untracked 
| 259|0x0000000090300000, 0x0000000090300000, 0x0000000090400000|  0%| F|  |TAMS 0x0000000090300000, 0x0000000090300000| Untracked 
| 260|0x0000000090400000, 0x0000000090400000, 0x0000000090500000|  0%| F|  |TAMS 0x0000000090400000, 0x0000000090400000| Untracked 
| 261|0x0000000090500000, 0x0000000090500000, 0x0000000090600000|  0%| F|  |TAMS 0x0000000090500000, 0x0000000090500000| Untracked 
| 262|0x0000000090600000, 0x0000000090600000, 0x0000000090700000|  0%| F|  |TAMS 0x0000000090600000, 0x0000000090600000| Untracked 
| 263|0x0000000090700000, 0x0000000090700000, 0x0000000090800000|  0%| F|  |TAMS 0x0000000090700000, 0x0000000090700000| Untracked 
| 264|0x0000000090800000, 0x0000000090800000, 0x0000000090900000|  0%| F|  |TAMS 0x0000000090800000, 0x0000000090800000| Untracked 
| 265|0x0000000090900000, 0x0000000090900000, 0x0000000090a00000|  0%| F|  |TAMS 0x0000000090900000, 0x0000000090900000| Untracked 
| 266|0x0000000090a00000, 0x0000000090a00000, 0x0000000090b00000|  0%| F|  |TAMS 0x0000000090a00000, 0x0000000090a00000| Untracked 
| 267|0x0000000090b00000, 0x0000000090b00000, 0x0000000090c00000|  0%| F|  |TAMS 0x0000000090b00000, 0x0000000090b00000| Untracked 
| 268|0x0000000090c00000, 0x0000000090c00000, 0x0000000090d00000|  0%| F|  |TAMS 0x0000000090c00000, 0x0000000090c00000| Untracked 
| 269|0x0000000090d00000, 0x0000000090d00000, 0x0000000090e00000|  0%| F|  |TAMS 0x0000000090d00000, 0x0000000090d00000| Untracked 
| 270|0x0000000090e00000, 0x0000000090e00000, 0x0000000090f00000|  0%| F|  |TAMS 0x0000000090e00000, 0x0000000090e00000| Untracked 
| 271|0x0000000090f00000, 0x0000000090f00000, 0x0000000091000000|  0%| F|  |TAMS 0x0000000090f00000, 0x0000000090f00000| Untracked 
| 272|0x0000000091000000, 0x0000000091000000, 0x0000000091100000|  0%| F|  |TAMS 0x0000000091000000, 0x0000000091000000| Untracked 
| 273|0x0000000091100000, 0x0000000091100000, 0x0000000091200000|  0%| F|  |TAMS 0x0000000091100000, 0x0000000091100000| Untracked 
| 274|0x0000000091200000, 0x0000000091200000, 0x0000000091300000|  0%| F|  |TAMS 0x0000000091200000, 0x0000000091200000| Untracked 
| 275|0x0000000091300000, 0x0000000091300000, 0x0000000091400000|  0%| F|  |TAMS 0x0000000091300000, 0x0000000091300000| Untracked 
| 276|0x0000000091400000, 0x0000000091400000, 0x0000000091500000|  0%| F|  |TAMS 0x0000000091400000, 0x0000000091400000| Untracked 
| 277|0x0000000091500000, 0x0000000091500000, 0x0000000091600000|  0%| F|  |TAMS 0x0000000091500000, 0x0000000091500000| Untracked 
| 278|0x0000000091600000, 0x0000000091600000, 0x0000000091700000|  0%| F|  |TAMS 0x0000000091600000, 0x0000000091600000| Untracked 
| 279|0x0000000091700000, 0x0000000091700000, 0x0000000091800000|  0%| F|  |TAMS 0x0000000091700000, 0x0000000091700000| Untracked 
| 280|0x0000000091800000, 0x0000000091800000, 0x0000000091900000|  0%| F|  |TAMS 0x0000000091800000, 0x0000000091800000| Untracked 
| 281|0x0000000091900000, 0x0000000091900000, 0x0000000091a00000|  0%| F|  |TAMS 0x0000000091900000, 0x0000000091900000| Untracked 
| 282|0x0000000091a00000, 0x0000000091a00000, 0x0000000091b00000|  0%| F|  |TAMS 0x0000000091a00000, 0x0000000091a00000| Untracked 
| 283|0x0000000091b00000, 0x0000000091b00000, 0x0000000091c00000|  0%| F|  |TAMS 0x0000000091b00000, 0x0000000091b00000| Untracked 
| 284|0x0000000091c00000, 0x0000000091c00000, 0x0000000091d00000|  0%| F|  |TAMS 0x0000000091c00000, 0x0000000091c00000| Untracked 
| 285|0x0000000091d00000, 0x0000000091d00000, 0x0000000091e00000|  0%| F|  |TAMS 0x0000000091d00000, 0x0000000091d00000| Untracked 
| 286|0x0000000091e00000, 0x0000000091e00000, 0x0000000091f00000|  0%| F|  |TAMS 0x0000000091e00000, 0x0000000091e00000| Untracked 
| 287|0x0000000091f00000, 0x0000000091f00000, 0x0000000092000000|  0%| F|  |TAMS 0x0000000091f00000, 0x0000000091f00000| Untracked 
| 288|0x0000000092000000, 0x0000000092000000, 0x0000000092100000|  0%| F|  |TAMS 0x0000000092000000, 0x0000000092000000| Untracked 
| 289|0x0000000092100000, 0x0000000092100000, 0x0000000092200000|  0%| F|  |TAMS 0x0000000092100000, 0x0000000092100000| Untracked 
| 290|0x0000000092200000, 0x0000000092200000, 0x0000000092300000|  0%| F|  |TAMS 0x0000000092200000, 0x0000000092200000| Untracked 
| 291|0x0000000092300000, 0x0000000092300000, 0x0000000092400000|  0%| F|  |TAMS 0x0000000092300000, 0x0000000092300000| Untracked 
| 292|0x0000000092400000, 0x0000000092400000, 0x0000000092500000|  0%| F|  |TAMS 0x0000000092400000, 0x0000000092400000| Untracked 
| 293|0x0000000092500000, 0x0000000092500000, 0x0000000092600000|  0%| F|  |TAMS 0x0000000092500000, 0x0000000092500000| Untracked 
| 294|0x0000000092600000, 0x0000000092600000, 0x0000000092700000|  0%| F|  |TAMS 0x0000000092600000, 0x0000000092600000| Untracked 
| 295|0x0000000092700000, 0x0000000092700000, 0x0000000092800000|  0%| F|  |TAMS 0x0000000092700000, 0x0000000092700000| Untracked 
| 296|0x0000000092800000, 0x0000000092800000, 0x0000000092900000|  0%| F|  |TAMS 0x0000000092800000, 0x0000000092800000| Untracked 
| 297|0x0000000092900000, 0x0000000092900000, 0x0000000092a00000|  0%| F|  |TAMS 0x0000000092900000, 0x0000000092900000| Untracked 
| 298|0x0000000092a00000, 0x0000000092a00000, 0x0000000092b00000|  0%| F|  |TAMS 0x0000000092a00000, 0x0000000092a00000| Untracked 
| 299|0x0000000092b00000, 0x0000000092b00000, 0x0000000092c00000|  0%| F|  |TAMS 0x0000000092b00000, 0x0000000092b00000| Untracked 
| 300|0x0000000092c00000, 0x0000000092c00000, 0x0000000092d00000|  0%| F|  |TAMS 0x0000000092c00000, 0x0000000092c00000| Untracked 
| 301|0x0000000092d00000, 0x0000000092d00000, 0x0000000092e00000|  0%| F|  |TAMS 0x0000000092d00000, 0x0000000092d00000| Untracked 
| 302|0x0000000092e00000, 0x0000000092e00000, 0x0000000092f00000|  0%| F|  |TAMS 0x0000000092e00000, 0x0000000092e00000| Untracked 
| 303|0x0000000092f00000, 0x0000000092f00000, 0x0000000093000000|  0%| F|  |TAMS 0x0000000092f00000, 0x0000000092f00000| Untracked 
| 304|0x0000000093000000, 0x0000000093000000, 0x0000000093100000|  0%| F|  |TAMS 0x0000000093000000, 0x0000000093000000| Untracked 
| 305|0x0000000093100000, 0x0000000093100000, 0x0000000093200000|  0%| F|  |TAMS 0x0000000093100000, 0x0000000093100000| Untracked 
| 306|0x0000000093200000, 0x0000000093200000, 0x0000000093300000|  0%| F|  |TAMS 0x0000000093200000, 0x0000000093200000| Untracked 
| 307|0x0000000093300000, 0x0000000093300000, 0x0000000093400000|  0%| F|  |TAMS 0x0000000093300000, 0x0000000093300000| Untracked 
| 308|0x0000000093400000, 0x0000000093400000, 0x0000000093500000|  0%| F|  |TAMS 0x0000000093400000, 0x0000000093400000| Untracked 
| 309|0x0000000093500000, 0x0000000093500000, 0x0000000093600000|  0%| F|  |TAMS 0x0000000093500000, 0x0000000093500000| Untracked 
| 310|0x0000000093600000, 0x0000000093600000, 0x0000000093700000|  0%| F|  |TAMS 0x0000000093600000, 0x0000000093600000| Untracked 
| 311|0x0000000093700000, 0x0000000093700000, 0x0000000093800000|  0%| F|  |TAMS 0x0000000093700000, 0x0000000093700000| Untracked 
| 312|0x0000000093800000, 0x0000000093800000, 0x0000000093900000|  0%| F|  |TAMS 0x0000000093800000, 0x0000000093800000| Untracked 
| 313|0x0000000093900000, 0x0000000093900000, 0x0000000093a00000|  0%| F|  |TAMS 0x0000000093900000, 0x0000000093900000| Untracked 
| 314|0x0000000093a00000, 0x0000000093a00000, 0x0000000093b00000|  0%| F|  |TAMS 0x0000000093a00000, 0x0000000093a00000| Untracked 
| 315|0x0000000093b00000, 0x0000000093b00000, 0x0000000093c00000|  0%| F|  |TAMS 0x0000000093b00000, 0x0000000093b00000| Untracked 
| 316|0x0000000093c00000, 0x0000000093c00000, 0x0000000093d00000|  0%| F|  |TAMS 0x0000000093c00000, 0x0000000093c00000| Untracked 
| 317|0x0000000093d00000, 0x0000000093d00000, 0x0000000093e00000|  0%| F|  |TAMS 0x0000000093d00000, 0x0000000093d00000| Untracked 
| 318|0x0000000093e00000, 0x0000000093e00000, 0x0000000093f00000|  0%| F|  |TAMS 0x0000000093e00000, 0x0000000093e00000| Untracked 
| 319|0x0000000093f00000, 0x0000000093f00000, 0x0000000094000000|  0%| F|  |TAMS 0x0000000093f00000, 0x0000000093f00000| Untracked 
| 320|0x0000000094000000, 0x0000000094000000, 0x0000000094100000|  0%| F|  |TAMS 0x0000000094000000, 0x0000000094000000| Untracked 
| 321|0x0000000094100000, 0x0000000094100000, 0x0000000094200000|  0%| F|  |TAMS 0x0000000094100000, 0x0000000094100000| Untracked 
| 322|0x0000000094200000, 0x0000000094200000, 0x0000000094300000|  0%| F|  |TAMS 0x0000000094200000, 0x0000000094200000| Untracked 
| 323|0x0000000094300000, 0x0000000094300000, 0x0000000094400000|  0%| F|  |TAMS 0x0000000094300000, 0x0000000094300000| Untracked 
| 324|0x0000000094400000, 0x0000000094400000, 0x0000000094500000|  0%| F|  |TAMS 0x0000000094400000, 0x0000000094400000| Untracked 
| 325|0x0000000094500000, 0x0000000094500000, 0x0000000094600000|  0%| F|  |TAMS 0x0000000094500000, 0x0000000094500000| Untracked 
| 326|0x0000000094600000, 0x0000000094600000, 0x0000000094700000|  0%| F|  |TAMS 0x0000000094600000, 0x0000000094600000| Untracked 
| 327|0x0000000094700000, 0x0000000094700000, 0x0000000094800000|  0%| F|  |TAMS 0x0000000094700000, 0x0000000094700000| Untracked 
| 328|0x0000000094800000, 0x0000000094800000, 0x0000000094900000|  0%| F|  |TAMS 0x0000000094800000, 0x0000000094800000| Untracked 
| 329|0x0000000094900000, 0x0000000094900000, 0x0000000094a00000|  0%| F|  |TAMS 0x0000000094900000, 0x0000000094900000| Untracked 
| 330|0x0000000094a00000, 0x0000000094a9ef38, 0x0000000094b00000| 62%| S|CS|TAMS 0x0000000094a00000, 0x0000000094a00000| Complete 
| 331|0x0000000094b00000, 0x0000000094c00000, 0x0000000094c00000|100%| S|CS|TAMS 0x0000000094b00000, 0x0000000094b00000| Complete 
| 332|0x0000000094c00000, 0x0000000094d00000, 0x0000000094d00000|100%| S|CS|TAMS 0x0000000094c00000, 0x0000000094c00000| Complete 
| 333|0x0000000094d00000, 0x0000000094d00000, 0x0000000094e00000|  0%| F|  |TAMS 0x0000000094d00000, 0x0000000094d00000| Untracked 
| 334|0x0000000094e00000, 0x0000000094e00000, 0x0000000094f00000|  0%| F|  |TAMS 0x0000000094e00000, 0x0000000094e00000| Untracked 
| 335|0x0000000094f00000, 0x0000000094f00000, 0x0000000095000000|  0%| F|  |TAMS 0x0000000094f00000, 0x0000000094f00000| Untracked 
| 336|0x0000000095000000, 0x0000000095100000, 0x0000000095100000|100%|HS|  |TAMS 0x0000000095000000, 0x0000000095000000| Complete 
| 337|0x0000000095100000, 0x0000000095200000, 0x0000000095200000|100%|HC|  |TAMS 0x0000000095100000, 0x0000000095100000| Complete 
| 338|0x0000000095200000, 0x0000000095300000, 0x0000000095300000|100%|HS|  |TAMS 0x0000000095200000, 0x0000000095200000| Complete 
| 339|0x0000000095300000, 0x0000000095400000, 0x0000000095400000|100%|HC|  |TAMS 0x0000000095300000, 0x0000000095300000| Complete 
| 340|0x0000000095400000, 0x0000000095500000, 0x0000000095500000|100%|HC|  |TAMS 0x0000000095400000, 0x0000000095400000| Complete 
| 341|0x0000000095500000, 0x0000000095600000, 0x0000000095600000|100%|HS|  |TAMS 0x0000000095500000, 0x0000000095500000| Complete 
| 342|0x0000000095600000, 0x0000000095700000, 0x0000000095700000|100%|HC|  |TAMS 0x0000000095600000, 0x0000000095600000| Complete 
| 343|0x0000000095700000, 0x0000000095800000, 0x0000000095800000|100%|HC|  |TAMS 0x0000000095700000, 0x0000000095700000| Complete 
| 344|0x0000000095800000, 0x0000000095800000, 0x0000000095900000|  0%| F|  |TAMS 0x0000000095800000, 0x0000000095800000| Untracked 
| 345|0x0000000095900000, 0x0000000095900000, 0x0000000095a00000|  0%| F|  |TAMS 0x0000000095900000, 0x0000000095900000| Untracked 
| 346|0x0000000095a00000, 0x0000000095a00000, 0x0000000095b00000|  0%| F|  |TAMS 0x0000000095a00000, 0x0000000095a00000| Untracked 
| 347|0x0000000095b00000, 0x0000000095b00000, 0x0000000095c00000|  0%| F|  |TAMS 0x0000000095b00000, 0x0000000095b00000| Untracked 
| 348|0x0000000095c00000, 0x0000000095c00000, 0x0000000095d00000|  0%| F|  |TAMS 0x0000000095c00000, 0x0000000095c00000| Untracked 
| 349|0x0000000095d00000, 0x0000000095d00000, 0x0000000095e00000|  0%| F|  |TAMS 0x0000000095d00000, 0x0000000095d00000| Untracked 
| 350|0x0000000095e00000, 0x0000000095e00000, 0x0000000095f00000|  0%| F|  |TAMS 0x0000000095e00000, 0x0000000095e00000| Untracked 
| 351|0x0000000095f00000, 0x0000000095f00000, 0x0000000096000000|  0%| F|  |TAMS 0x0000000095f00000, 0x0000000095f00000| Untracked 
| 352|0x0000000096000000, 0x0000000096000000, 0x0000000096100000|  0%| F|  |TAMS 0x0000000096000000, 0x0000000096000000| Untracked 
| 353|0x0000000096100000, 0x0000000096100000, 0x0000000096200000|  0%| F|  |TAMS 0x0000000096100000, 0x0000000096100000| Untracked 
| 354|0x0000000096200000, 0x0000000096200000, 0x0000000096300000|  0%| F|  |TAMS 0x0000000096200000, 0x0000000096200000| Untracked 
| 355|0x0000000096300000, 0x0000000096300000, 0x0000000096400000|  0%| F|  |TAMS 0x0000000096300000, 0x0000000096300000| Untracked 
| 356|0x0000000096400000, 0x000000009647edd8, 0x0000000096500000| 49%| E|  |TAMS 0x0000000096400000, 0x0000000096400000| Complete 
| 357|0x0000000096500000, 0x0000000096600000, 0x0000000096600000|100%| E|CS|TAMS 0x0000000096500000, 0x0000000096500000| Complete 

Card table byte_map: [0x0000016880000000,0x0000016880400000] _byte_map_base: 0x000001687fc00000

Marking Bits (Prev, Next): (CMBitMap*) 0x00000168e7c44a60, (CMBitMap*) 0x00000168e7c44a20
 Prev Bits: [0x0000016882800000, 0x0000016884800000)
 Next Bits: [0x0000016880800000, 0x0000016882800000)

Polling page: 0x00000168e6390000

Metaspace:

Usage:
  Non-class:    110.22 MB used.
      Class:     16.16 MB used.
       Both:    126.37 MB used.

Virtual space:
  Non-class space:      112.00 MB reserved,     110.69 MB ( 99%) committed,  14 nodes.
      Class space:        1.00 GB reserved,      16.63 MB (  2%) committed,  1 nodes.
              Both:        1.11 GB reserved,     127.31 MB ( 11%) committed. 

Chunk freelists:
   Non-Class:  514.00 KB
       Class:  3.28 MB
        Both:  3.78 MB

MaxMetaspaceSize: 17179869184.00 GB
CompressedClassSpaceSize: 1.00 GB
 - commit_granule_bytes: 65536.
 - commit_granule_words: 8192.
 - virtual_space_node_default_size: 1048576.
 - enlarge_chunks_in_place: 1.
 - new_chunks_are_fully_committed: 0.
 - uncommit_free_chunks: 1.
 - use_allocation_guard: 0.
 - handle_deallocations: 1.


Internal statistics:

num_allocs_failed_limit: 6.
num_arena_births: 1462.
num_arena_deaths: 24.
num_vsnodes_births: 15.
num_vsnodes_deaths: 0.
num_space_committed: 2037.
num_space_uncommitted: 0.
num_chunks_returned_to_freelist: 38.
num_chunks_taken_from_freelist: 6741.
num_chunk_merges: 12.
num_chunk_splits: 4407.
num_chunks_enlarged: 2938.
num_purges: 6.

CodeHeap 'non-profiled nmethods': size=120000Kb used=11012Kb max_used=11018Kb free=108987Kb
 bounds [0x00000168f80b0000, 0x00000168f8ba0000, 0x00000168ff5e0000]
CodeHeap 'profiled nmethods': size=120000Kb used=38694Kb max_used=39992Kb free=81305Kb
 bounds [0x00000168f0b80000, 0x00000168f3290000, 0x00000168f80b0000]
CodeHeap 'non-nmethods': size=5760Kb used=2542Kb max_used=2648Kb free=3218Kb
 bounds [0x00000168f05e0000, 0x00000168f08b0000, 0x00000168f0b80000]
 total_blobs=20225 nmethods=19146 adapters=989
 compilation: enabled
              stopped_count=0, restarted_count=0
 full_count=0

Compilation events (20 events):
Event: 2236.179 Thread 0x0000016886dae9f0 nmethod 23430 0x00000168f2b9db10 code [0x00000168f2b9dd00, 0x00000168f2b9e038]
Event: 2236.214 Thread 0x0000016886dae9f0 23431       1       org.codehaus.groovy.reflection.CachedMethod::getTransformedMethod (5 bytes)
Event: 2236.214 Thread 0x0000016886dae9f0 nmethod 23431 0x00000168f8a2c310 code [0x00000168f8a2c4a0, 0x00000168f8a2c578]
Event: 2236.217 Thread 0x0000016886dae9f0 23432       1       org.gradle.tooling.internal.adapter.MethodInvocation::getName (5 bytes)
Event: 2236.217 Thread 0x0000016886dae9f0 nmethod 23432 0x00000168f8a2c010 code [0x00000168f8a2c1a0, 0x00000168f8a2c278]
Event: 2236.228 Thread 0x0000016886dae9f0 23433       3       jdk.internal.reflect.ReflectionFactory::superHasAccessibleConstructor (166 bytes)
Event: 2236.229 Thread 0x0000016886dae9f0 nmethod 23433 0x00000168f2013390 code [0x00000168f20135e0, 0x00000168f2013c38]
Event: 2236.229 Thread 0x0000016886dae9f0 23434       3       jdk.internal.reflect.ReflectionFactory::packageEquals (66 bytes)
Event: 2236.233 Thread 0x0000016886dae9f0 nmethod 23434 0x00000168f1634e10 code [0x00000168f1635160, 0x00000168f16367a8]
Event: 2238.926 Thread 0x0000016886dab8f0 23435       4       org.gradle.internal.io.StreamByteBuffer::allocateSpace (73 bytes)
Event: 2238.978 Thread 0x0000016886dab8f0 nmethod 23435 0x00000168f8a2b910 code [0x00000168f8a2bac0, 0x00000168f8a2be88]
Event: 2238.978 Thread 0x0000016886dab8f0 23436       4       java.io.ObjectStreamClass::forClass (52 bytes)
Event: 2238.980 Thread 0x0000016886dab8f0 nmethod 23436 0x00000168f8a2b590 code [0x00000168f8a2b720, 0x00000168f8a2b7f8]
Event: 2239.039 Thread 0x0000016886dab8f0 23437   !   4       java.io.ObjectStreamClass::lookup (334 bytes)
Event: 2239.039 Thread 0x0000016886dae9f0 23438       3       java.io.ObjectStreamField::getSignature (39 bytes)
Event: 2239.040 Thread 0x0000016886dae9f0 nmethod 23438 0x00000168f1169010 code [0x00000168f1169220, 0x00000168f11696e8]
Event: 2239.183 Thread 0x0000016886dab8f0 nmethod 23437 0x00000168f89b8c10 code [0x00000168f89b8f60, 0x00000168f89bba20]
Event: 2239.183 Thread 0x0000016886dab8f0 23439   !   4       java.io.ObjectOutputStream::writeObject0 (620 bytes)
Event: 2239.529 Thread 0x0000016886dae9f0 23440       3       java.time.LocalDate::isLeapYear (12 bytes)
Event: 2239.530 Thread 0x0000016886dae9f0 nmethod 23440 0x00000168f16de110 code [0x00000168f16de2c0, 0x00000168f16de408]

GC Heap History (20 events):
Event: 112.248 GC heap before
{Heap before GC invocations=56 (full 0):
 garbage-first heap   total 285696K, used 220602K [0x0000000080000000, 0x0000000100000000)
  region size 1024K, 74 young (75776K), 8 survivors (8192K)
 Metaspace       used 114094K, committed 114816K, reserved 1155072K
  class space    used 14512K, committed 14848K, reserved 1048576K
}
Event: 112.275 GC heap after
{Heap after GC invocations=57 (full 0):
 garbage-first heap   total 285696K, used 158720K [0x0000000080000000, 0x0000000100000000)
  region size 1024K, 10 young (10240K), 10 survivors (10240K)
 Metaspace       used 114094K, committed 114816K, reserved 1155072K
  class space    used 14512K, committed 14848K, reserved 1048576K
}
Event: 112.313 GC heap before
{Heap before GC invocations=57 (full 0):
 garbage-first heap   total 285696K, used 160768K [0x0000000080000000, 0x0000000100000000)
  region size 1024K, 13 young (13312K), 10 survivors (10240K)
 Metaspace       used 114343K, committed 115136K, reserved 1155072K
  class space    used 14537K, committed 14912K, reserved 1048576K
}
Event: 112.362 GC heap after
{Heap after GC invocations=58 (full 0):
 garbage-first heap   total 285696K, used 146662K [0x0000000080000000, 0x0000000100000000)
  region size 1024K, 2 young (2048K), 2 survivors (2048K)
 Metaspace       used 114343K, committed 115136K, reserved 1155072K
  class space    used 14537K, committed 14912K, reserved 1048576K
}
Event: 113.662 GC heap before
{Heap before GC invocations=58 (full 0):
 garbage-first heap   total 285696K, used 222438K [0x0000000080000000, 0x0000000100000000)
  region size 1024K, 77 young (78848K), 2 survivors (2048K)
 Metaspace       used 120503K, committed 121280K, reserved 1155072K
  class space    used 15480K, committed 15872K, reserved 1048576K
}
Event: 113.689 GC heap after
{Heap after GC invocations=59 (full 0):
 garbage-first heap   total 285696K, used 150835K [0x0000000080000000, 0x0000000100000000)
  region size 1024K, 6 young (6144K), 6 survivors (6144K)
 Metaspace       used 120503K, committed 121280K, reserved 1155072K
  class space    used 15480K, committed 15872K, reserved 1048576K
}
Event: 114.671 GC heap before
{Heap before GC invocations=60 (full 0):
 garbage-first heap   total 286720K, used 188723K [0x0000000080000000, 0x0000000100000000)
  region size 1024K, 43 young (44032K), 6 survivors (6144K)
 Metaspace       used 121175K, committed 121984K, reserved 1163264K
  class space    used 15487K, committed 15872K, reserved 1048576K
}
Event: 114.685 GC heap after
{Heap after GC invocations=61 (full 0):
 garbage-first heap   total 286720K, used 151379K [0x0000000080000000, 0x0000000100000000)
  region size 1024K, 6 young (6144K), 6 survivors (6144K)
 Metaspace       used 121175K, committed 121984K, reserved 1163264K
  class space    used 15487K, committed 15872K, reserved 1048576K
}
Event: 117.047 GC heap before
{Heap before GC invocations=62 (full 0):
 garbage-first heap   total 286720K, used 239443K [0x0000000080000000, 0x0000000100000000)
  region size 1024K, 84 young (86016K), 6 survivors (6144K)
 Metaspace       used 124199K, committed 125056K, reserved 1163264K
  class space    used 15939K, committed 16384K, reserved 1048576K
}
Event: 117.064 GC heap after
{Heap after GC invocations=63 (full 0):
 garbage-first heap   total 286720K, used 151826K [0x0000000080000000, 0x0000000100000000)
  region size 1024K, 6 young (6144K), 6 survivors (6144K)
 Metaspace       used 124199K, committed 125056K, reserved 1163264K
  class space    used 15939K, committed 16384K, reserved 1048576K
}
Event: 159.346 GC heap before
{Heap before GC invocations=63 (full 0):
 garbage-first heap   total 286720K, used 225554K [0x0000000080000000, 0x0000000100000000)
  region size 1024K, 14 young (14336K), 6 survivors (6144K)
 Metaspace       used 125085K, committed 125888K, reserved 1163264K
  class space    used 16065K, committed 16448K, reserved 1048576K
}
Event: 159.397 GC heap after
{Heap after GC invocations=64 (full 0):
 garbage-first heap   total 344064K, used 135259K [0x0000000080000000, 0x0000000100000000)
  region size 1024K, 1 young (1024K), 1 survivors (1024K)
 Metaspace       used 125085K, committed 125888K, reserved 1163264K
  class space    used 16065K, committed 16448K, reserved 1048576K
}
Event: 518.320 GC heap before
{Heap before GC invocations=64 (full 0):
 garbage-first heap   total 344064K, used 267355K [0x0000000080000000, 0x0000000100000000)
  region size 1024K, 131 young (134144K), 1 survivors (1024K)
 Metaspace       used 126169K, committed 126976K, reserved 1163264K
  class space    used 16112K, committed 16512K, reserved 1048576K
}
Event: 518.344 GC heap after
{Heap after GC invocations=65 (full 0):
 garbage-first heap   total 344064K, used 143773K [0x0000000080000000, 0x0000000100000000)
  region size 1024K, 10 young (10240K), 10 survivors (10240K)
 Metaspace       used 126169K, committed 126976K, reserved 1163264K
  class space    used 16112K, committed 16512K, reserved 1048576K
}
Event: 519.103 GC heap before
{Heap before GC invocations=65 (full 0):
 garbage-first heap   total 344064K, used 168349K [0x0000000080000000, 0x0000000100000000)
  region size 1024K, 24 young (24576K), 10 survivors (10240K)
 Metaspace       used 126247K, committed 127168K, reserved 1163264K
  class space    used 16113K, committed 16576K, reserved 1048576K
}
Event: 519.121 GC heap after
{Heap after GC invocations=66 (full 0):
 garbage-first heap   total 344064K, used 149663K [0x0000000080000000, 0x0000000100000000)
  region size 1024K, 2 young (2048K), 2 survivors (2048K)
 Metaspace       used 126247K, committed 127168K, reserved 1163264K
  class space    used 16113K, committed 16576K, reserved 1048576K
}
Event: 2234.403 GC heap before
{Heap before GC invocations=67 (full 0):
 garbage-first heap   total 352256K, used 350367K [0x0000000080000000, 0x0000000100000000)
  region size 1024K, 105 young (107520K), 2 survivors (2048K)
 Metaspace       used 129220K, committed 130176K, reserved 1163264K
  class space    used 16514K, committed 16960K, reserved 1048576K
}
Event: 2235.096 GC heap after
{Heap after GC invocations=68 (full 0):
 garbage-first heap   total 366592K, used 201102K [0x0000000080000000, 0x0000000100000000)
  region size 1024K, 14 young (14336K), 14 survivors (14336K)
 Metaspace       used 129220K, committed 130176K, reserved 1163264K
  class space    used 16514K, committed 16960K, reserved 1048576K
}
Event: 2236.258 GC heap before
{Heap before GC invocations=68 (full 0):
 garbage-first heap   total 366592K, used 214414K [0x0000000080000000, 0x0000000100000000)
  region size 1024K, 17 young (17408K), 14 survivors (14336K)
 Metaspace       used 129359K, committed 130368K, reserved 1163264K
  class space    used 16537K, committed 17024K, reserved 1048576K
}
Event: 2238.729 GC heap after
{Heap after GC invocations=69 (full 0):
 garbage-first heap   total 366592K, used 199958K [0x0000000080000000, 0x0000000100000000)
  region size 1024K, 3 young (3072K), 3 survivors (3072K)
 Metaspace       used 129359K, committed 130368K, reserved 1163264K
  class space    used 16537K, committed 17024K, reserved 1048576K
}

Deoptimization events (20 events):
Event: 2231.666 Thread 0x000001688a219ea0 Uncommon trap: trap_request=0xffffffc6 fr.pc=0x00000168f8652250 relative=0x0000000000000570
Event: 2231.666 Thread 0x000001688a219ea0 Uncommon trap: reason=bimorphic_or_optimized_type_check action=maybe_recompile pc=0x00000168f8652250 method=org.gradle.internal.snapshot.impl.IsolatedArray.isolate()[Ljava/lang/Object; @ 46 c2
Event: 2231.666 Thread 0x000001688a219ea0 DEOPT PACKING pc=0x00000168f8652250 sp=0x00000032abff99e0
Event: 2231.666 Thread 0x000001688a219ea0 DEOPT UNPACKING pc=0x00000168f062d72e sp=0x00000032abff9930 mode 2
Event: 2232.954 Thread 0x000001688a219ea0 Uncommon trap: trap_request=0xffffff45 fr.pc=0x00000168f8996c14 relative=0x0000000000000254
Event: 2232.954 Thread 0x000001688a219ea0 Uncommon trap: reason=unstable_if action=reinterpret pc=0x00000168f8996c14 method=java.util.concurrent.locks.ReentrantReadWriteLock$Sync.tryAcquireShared(I)I @ 13 c2
Event: 2232.954 Thread 0x000001688a219ea0 DEOPT PACKING pc=0x00000168f8996c14 sp=0x00000032abffaeb0
Event: 2232.954 Thread 0x000001688a219ea0 DEOPT UNPACKING pc=0x00000168f062d72e sp=0x00000032abffae50 mode 2
Event: 2233.080 Thread 0x000001688a219ea0 Uncommon trap: trap_request=0xffffff45 fr.pc=0x00000168f81f9aac relative=0x000000000000076c
Event: 2233.080 Thread 0x000001688a219ea0 Uncommon trap: reason=unstable_if action=reinterpret pc=0x00000168f81f9aac method=java.lang.Integer.stringSize(I)I @ 3 c2
Event: 2233.080 Thread 0x000001688a219ea0 DEOPT PACKING pc=0x00000168f81f9aac sp=0x00000032abffb220
Event: 2233.080 Thread 0x000001688a219ea0 DEOPT UNPACKING pc=0x00000168f062d72e sp=0x00000032abffb170 mode 2
Event: 2233.495 Thread 0x000001688a219ea0 Uncommon trap: trap_request=0xffffff45 fr.pc=0x00000168f80d2e58 relative=0x00000000000006d8
Event: 2233.495 Thread 0x000001688a219ea0 Uncommon trap: reason=unstable_if action=reinterpret pc=0x00000168f80d2e58 method=jdk.internal.org.objectweb.asm.Frame.getAbstractTypeFromDescriptor(Ljdk/internal/org/objectweb/asm/SymbolTable;Ljava/lang/String;I)I @ 189 c2
Event: 2233.495 Thread 0x000001688a219ea0 DEOPT PACKING pc=0x00000168f80d2e58 sp=0x00000032abffa860
Event: 2233.495 Thread 0x000001688a219ea0 DEOPT UNPACKING pc=0x00000168f062d72e sp=0x00000032abffa820 mode 2
Event: 2236.250 Thread 0x000001688a219ea0 Uncommon trap: trap_request=0xffffff45 fr.pc=0x00000168f815a5fc relative=0x000000000000005c
Event: 2236.250 Thread 0x000001688a219ea0 Uncommon trap: reason=unstable_if action=reinterpret pc=0x00000168f815a5fc method=java.io.ObjectStreamField.getSignature()Ljava/lang/String; @ 4 c2
Event: 2236.250 Thread 0x000001688a219ea0 DEOPT PACKING pc=0x00000168f815a5fc sp=0x00000032abffaa30
Event: 2236.250 Thread 0x000001688a219ea0 DEOPT UNPACKING pc=0x00000168f062d72e sp=0x00000032abffa9c0 mode 2

Classes unloaded (12 events):
Event: 44.236 Thread 0x0000016886d86f60 Unloading class 0x000000080163cc00 'java/lang/invoke/LambdaForm$DMH+0x000000080163cc00'
Event: 44.236 Thread 0x0000016886d86f60 Unloading class 0x000000080163c800 'java/lang/invoke/LambdaForm$DMH+0x000000080163c800'
Event: 44.236 Thread 0x0000016886d86f60 Unloading class 0x000000080163c400 'java/lang/invoke/LambdaForm$DMH+0x000000080163c400'
Event: 114.226 Thread 0x0000016886d86f60 Unloading class 0x0000000801a68800 'java/lang/invoke/LambdaForm$DMH+0x0000000801a68800'
Event: 114.226 Thread 0x0000016886d86f60 Unloading class 0x0000000801a68000 'java/lang/invoke/LambdaForm$DMH+0x0000000801a68000'
Event: 519.562 Thread 0x0000016886d86f60 Unloading class 0x0000000801bec000 'java/lang/invoke/LambdaForm$DMH+0x0000000801bec000'
Event: 519.562 Thread 0x0000016886d86f60 Unloading class 0x0000000801b30800 'java/lang/invoke/LambdaForm$DMH+0x0000000801b30800'
Event: 519.562 Thread 0x0000016886d86f60 Unloading class 0x0000000801b30400 'java/lang/invoke/LambdaForm$DMH+0x0000000801b30400'
Event: 519.562 Thread 0x0000016886d86f60 Unloading class 0x0000000801ad1400 'java/lang/invoke/LambdaForm$MH+0x0000000801ad1400'
Event: 519.562 Thread 0x0000016886d86f60 Unloading class 0x0000000801ad0800 'java/lang/invoke/LambdaForm$DMH+0x0000000801ad0800'
Event: 519.562 Thread 0x0000016886d86f60 Unloading class 0x0000000801ad0c00 'java/lang/invoke/LambdaForm$DMH+0x0000000801ad0c00'
Event: 519.562 Thread 0x0000016886d86f60 Unloading class 0x0000000801ad0400 'java/lang/invoke/LambdaForm$MH+0x0000000801ad0400'

Classes redefined (0 events):
No events

Internal exceptions (20 events):
Event: 2226.754 Thread 0x000001688a219ea0 Exception <a 'java/lang/ClassNotFoundException'{0x0000000090ea96c0}: org/jetbrains/plugins/gradle/tooling/builder/ExternalProjectBuilderImpl$1BeanInfo> (0x0000000090ea96c0) 
thrown [c:\wsjdk\correttojdksrc\installers\windows\zip\corretto-build\buildroot\src\hotspot\share\classfile\systemDictionary.cpp, line 256]
Event: 2226.755 Thread 0x000001688a219ea0 Exception <a 'java/lang/ClassNotFoundException'{0x0000000090eb3528}: org/jetbrains/plugins/gradle/tooling/builder/ExternalProjectBuilderImpl$1Customizer> (0x0000000090eb3528) 
thrown [c:\wsjdk\correttojdksrc\installers\windows\zip\corretto-build\buildroot\src\hotspot\share\classfile\systemDictionary.cpp, line 256]
Event: 2226.789 Thread 0x000001688a219ea0 Exception <a 'java/lang/ClassNotFoundException'{0x0000000090d0c5c8}: org/jetbrains/plugins/gradle/tooling/builder/ExternalProjectBuilderImplBeanInfo> (0x0000000090d0c5c8) 
thrown [c:\wsjdk\correttojdksrc\installers\windows\zip\corretto-build\buildroot\src\hotspot\share\classfile\systemDictionary.cpp, line 256]
Event: 2226.790 Thread 0x000001688a219ea0 Exception <a 'java/lang/ClassNotFoundException'{0x0000000090d16418}: org/jetbrains/plugins/gradle/tooling/builder/ExternalProjectBuilderImplCustomizer> (0x0000000090d16418) 
thrown [c:\wsjdk\correttojdksrc\installers\windows\zip\corretto-build\buildroot\src\hotspot\share\classfile\systemDictionary.cpp, line 256]
Event: 2226.833 Thread 0x000001688a219ea0 Exception <a 'java/lang/ClassNotFoundException'{0x0000000090d5fef8}: org/jetbrains/plugins/gradle/tooling/builder/DependencyGraphModelBuilderImplBeanInfo> (0x0000000090d5fef8) 
thrown [c:\wsjdk\correttojdksrc\installers\windows\zip\corretto-build\buildroot\src\hotspot\share\classfile\systemDictionary.cpp, line 256]
Event: 2226.834 Thread 0x000001688a219ea0 Exception <a 'java/lang/ClassNotFoundException'{0x0000000090d69fe0}: org/jetbrains/plugins/gradle/tooling/builder/DependencyGraphModelBuilderImplCustomizer> (0x0000000090d69fe0) 
thrown [c:\wsjdk\correttojdksrc\installers\windows\zip\corretto-build\buildroot\src\hotspot\share\classfile\systemDictionary.cpp, line 256]
Event: 2226.841 Thread 0x000001688a219ea0 Exception <a 'java/lang/ClassNotFoundException'{0x0000000090da54c0}: org/jetbrains/plugins/gradle/tooling/builder/ExternalTestsModelBuilderImplBeanInfo> (0x0000000090da54c0) 
thrown [c:\wsjdk\correttojdksrc\installers\windows\zip\corretto-build\buildroot\src\hotspot\share\classfile\systemDictionary.cpp, line 256]
Event: 2226.842 Thread 0x000001688a219ea0 Exception <a 'java/lang/ClassNotFoundException'{0x0000000090daf328}: org/jetbrains/plugins/gradle/tooling/builder/ExternalTestsModelBuilderImplCustomizer> (0x0000000090daf328) 
thrown [c:\wsjdk\correttojdksrc\installers\windows\zip\corretto-build\buildroot\src\hotspot\share\classfile\systemDictionary.cpp, line 256]
Event: 2227.072 Thread 0x000001688a219ea0 Exception <a 'java/lang/ClassNotFoundException'{0x0000000090c8ce90}: org/jetbrains/plugins/gradle/tooling/builder/ProjectExtensionsDataBuilderImplBeanInfo> (0x0000000090c8ce90) 
thrown [c:\wsjdk\correttojdksrc\installers\windows\zip\corretto-build\buildroot\src\hotspot\share\classfile\systemDictionary.cpp, line 256]
Event: 2227.072 Thread 0x000001688a219ea0 Exception <a 'java/lang/ClassNotFoundException'{0x0000000090c96d00}: org/jetbrains/plugins/gradle/tooling/builder/ProjectExtensionsDataBuilderImplCustomizer> (0x0000000090c96d00) 
thrown [c:\wsjdk\correttojdksrc\installers\windows\zip\corretto-build\buildroot\src\hotspot\share\classfile\systemDictionary.cpp, line 256]
Event: 2227.085 Thread 0x000001688a219ea0 Exception <a 'java/lang/ClassNotFoundException'{0x0000000090cc0648}: org/jetbrains/plugins/gradle/tooling/builder/IntelliJSettingsBuilderBeanInfo> (0x0000000090cc0648) 
thrown [c:\wsjdk\correttojdksrc\installers\windows\zip\corretto-build\buildroot\src\hotspot\share\classfile\systemDictionary.cpp, line 256]
Event: 2227.088 Thread 0x000001688a219ea0 Exception <a 'java/lang/ClassNotFoundException'{0x0000000090cca448}: org/jetbrains/plugins/gradle/tooling/builder/IntelliJSettingsBuilderCustomizer> (0x0000000090cca448) 
thrown [c:\wsjdk\correttojdksrc\installers\windows\zip\corretto-build\buildroot\src\hotspot\share\classfile\systemDictionary.cpp, line 256]
Event: 2227.149 Thread 0x000001688a219ea0 Exception <a 'java/lang/ClassNotFoundException'{0x0000000090cf3b10}: org/jetbrains/plugins/gradle/tooling/builder/IntelliJProjectSettingsBuilderBeanInfo> (0x0000000090cf3b10) 
thrown [c:\wsjdk\correttojdksrc\installers\windows\zip\corretto-build\buildroot\src\hotspot\share\classfile\systemDictionary.cpp, line 256]
Event: 2227.152 Thread 0x000001688a219ea0 Exception <a 'java/lang/ClassNotFoundException'{0x0000000090cfd978}: org/jetbrains/plugins/gradle/tooling/builder/IntelliJProjectSettingsBuilderCustomizer> (0x0000000090cfd978) 
thrown [c:\wsjdk\correttojdksrc\installers\windows\zip\corretto-build\buildroot\src\hotspot\share\classfile\systemDictionary.cpp, line 256]
Event: 2231.319 Thread 0x000001688a219ea0 Exception <a 'sun/nio/fs/WindowsException'{0x000000008f6172d8}> (0x000000008f6172d8) 
thrown [c:\wsjdk\correttojdksrc\installers\windows\zip\corretto-build\buildroot\src\hotspot\share\prims\jni.cpp, line 579]
Event: 2232.749 Thread 0x000001688a219ea0 Exception <a 'java/lang/ClassNotFoundException'{0x000000008ee5c630}: org/jetbrains/plugins/gradle/model/web/WebConfigurationBeanInfo> (0x000000008ee5c630) 
thrown [c:\wsjdk\correttojdksrc\installers\windows\zip\corretto-build\buildroot\src\hotspot\share\classfile\systemDictionary.cpp, line 256]
Event: 2232.752 Thread 0x000001688a219ea0 Exception <a 'java/lang/ClassNotFoundException'{0x000000008ee66108}: org/jetbrains/plugins/gradle/model/web/WebConfigurationCustomizer> (0x000000008ee66108) 
thrown [c:\wsjdk\correttojdksrc\installers\windows\zip\corretto-build\buildroot\src\hotspot\share\classfile\systemDictionary.cpp, line 256]
Event: 2232.781 Thread 0x000001688a219ea0 Exception <a 'java/lang/ClassNotFoundException'{0x000000008ee8a4f0}: org/jetbrains/plugins/gradle/model/scala/ScalaModelBeanInfo> (0x000000008ee8a4f0) 
thrown [c:\wsjdk\correttojdksrc\installers\windows\zip\corretto-build\buildroot\src\hotspot\share\classfile\systemDictionary.cpp, line 256]
Event: 2232.782 Thread 0x000001688a219ea0 Exception <a 'java/lang/ClassNotFoundException'{0x000000008ee93f38}: org/jetbrains/plugins/gradle/model/scala/ScalaModelCustomizer> (0x000000008ee93f38) 
thrown [c:\wsjdk\correttojdksrc\installers\windows\zip\corretto-build\buildroot\src\hotspot\share\classfile\systemDictionary.cpp, line 256]
Event: 2239.038 Thread 0x000001688cb76af0 Exception <a 'java/lang/NoSuchMethodError'{0x000000009659f120}: static Lorg/gradle/tooling/internal/provider/PhasedBuildActionResult;.<clinit>()V> (0x000000009659f120) 
thrown [c:\wsjdk\correttojdksrc\installers\windows\zip\corretto-build\buildroot\src\hotspot\share\prims\jni.cpp, line 1210]

Events (20 events):
Event: 2232.766 Executing  VM operation: Cleanup done
Event: 2233.178 loading class java/io/NotSerializableException
Event: 2233.179 loading class java/io/NotSerializableException done
Event: 2234.400 Executing  VM operation: G1CollectForAllocation
Event: 2235.096 Executing  VM operation: G1CollectForAllocation done
Event: 2236.253 loading class java/util/function/ToDoubleBiFunction
Event: 2236.254 loading class java/util/function/ToDoubleBiFunction done
Event: 2236.254 loading class java/util/function/DoubleBinaryOperator
Event: 2236.254 loading class java/util/function/DoubleBinaryOperator done
Event: 2236.254 loading class java/util/function/ToLongBiFunction
Event: 2236.254 loading class java/util/function/ToLongBiFunction done
Event: 2236.254 loading class java/util/function/LongBinaryOperator
Event: 2236.256 loading class java/util/function/LongBinaryOperator done
Event: 2236.258 Executing  VM operation: G1CollectForAllocation
Event: 2238.730 Executing  VM operation: G1CollectForAllocation done
Event: 2238.731 loading class java/io/ObjectOutputStream$PutFieldImpl
Event: 2238.735 loading class java/io/ObjectOutputStream$PutField
Event: 2238.768 loading class java/io/ObjectOutputStream$PutField done
Event: 2238.768 loading class java/io/ObjectOutputStream$PutFieldImpl done
Event: 2239.119 Thread 0x000001688a219950 Thread exited: 0x000001688a219950


Dynamic libraries:
0x00007ff6675e0000 - 0x00007ff6675ed000 	C:\Users\Admin\.jdks\corretto-16.0.2\bin\java.exe
0x00007ff9accb0000 - 0x00007ff9acea5000 	C:\Windows\SYSTEM32\ntdll.dll
0x00007ff9aada0000 - 0x00007ff9aae5d000 	C:\Windows\System32\KERNEL32.DLL
0x00007ff9aa5f0000 - 0x00007ff9aa8bd000 	C:\Windows\System32\KERNELBASE.dll
0x00007ff9aa9f0000 - 0x00007ff9aaaf0000 	C:\Windows\System32\ucrtbase.dll
0x00007ff9a48b0000 - 0x00007ff9a48c8000 	C:\Users\Admin\.jdks\corretto-16.0.2\bin\jli.dll
0x00007ff9ac6d0000 - 0x00007ff9ac870000 	C:\Windows\System32\USER32.dll
0x00007ff9aa3c0000 - 0x00007ff9aa3e2000 	C:\Windows\System32\win32u.dll
0x00007ff9ab6f0000 - 0x00007ff9ab71a000 	C:\Windows\System32\GDI32.dll
0x00007ff9aaaf0000 - 0x00007ff9aabfb000 	C:\Windows\System32\gdi32full.dll
0x00007ff9aa550000 - 0x00007ff9aa5ed000 	C:\Windows\System32\msvcp_win.dll
0x00007ff98f3a0000 - 0x00007ff98f63a000 	C:\Windows\WinSxS\amd64_microsoft.windows.common-controls_6595b64144ccf1df_6.0.19041.1110_none_60b5254171f9507e\COMCTL32.dll
0x00007ff9ac8a0000 - 0x00007ff9ac93e000 	C:\Windows\System32\msvcrt.dll
0x00007ff9a4250000 - 0x00007ff9a4265000 	C:\Users\Admin\.jdks\corretto-16.0.2\bin\VCRUNTIME140.dll
0x00007ff9ac870000 - 0x00007ff9ac8a0000 	C:\Windows\System32\IMM32.DLL
0x00007ff9755c0000 - 0x00007ff97565b000 	C:\Users\Admin\.jdks\corretto-16.0.2\bin\msvcp140.dll
0x00007ff9642f0000 - 0x00007ff964ef9000 	C:\Users\Admin\.jdks\corretto-16.0.2\bin\server\jvm.dll
0x00007ff9acb40000 - 0x00007ff9acbee000 	C:\Windows\System32\ADVAPI32.dll
0x00007ff9aad00000 - 0x00007ff9aad9c000 	C:\Windows\System32\sechost.dll
0x00007ff9ab010000 - 0x00007ff9ab135000 	C:\Windows\System32\RPCRT4.dll
0x00007ff9ac6c0000 - 0x00007ff9ac6c8000 	C:\Windows\System32\PSAPI.DLL
0x00007ff98d9c0000 - 0x00007ff98d9e7000 	C:\Windows\SYSTEM32\WINMM.dll
0x00007ff9a5000000 - 0x00007ff9a500a000 	C:\Windows\SYSTEM32\VERSION.dll
0x00007ff9924b0000 - 0x00007ff9924b9000 	C:\Windows\SYSTEM32\WSOCK32.dll
0x00007ff9aca70000 - 0x00007ff9acadb000 	C:\Windows\System32\WS2_32.dll
0x00007ff9a81a0000 - 0x00007ff9a81b2000 	C:\Windows\SYSTEM32\kernel.appcore.dll
0x00007ff9a5920000 - 0x00007ff9a592a000 	C:\Users\Admin\.jdks\corretto-16.0.2\bin\jimage.dll
0x00007ff9a0c00000 - 0x00007ff9a0de4000 	C:\Windows\SYSTEM32\DBGHELP.DLL
0x00007ff9a0ac0000 - 0x00007ff9a0aec000 	C:\Windows\SYSTEM32\dbgcore.DLL
0x00007ff9aac00000 - 0x00007ff9aac82000 	C:\Windows\System32\bcryptPrimitives.dll
0x00007ff97eab0000 - 0x00007ff97ead5000 	C:\Users\Admin\.jdks\corretto-16.0.2\bin\java.dll
0x00007ff9ab720000 - 0x00007ff9abe64000 	C:\Windows\System32\SHELL32.dll
0x00007ff9a8480000 - 0x00007ff9a8c14000 	C:\Windows\SYSTEM32\windows.storage.dll
0x00007ff9ab390000 - 0x00007ff9ab6e4000 	C:\Windows\System32\combase.dll
0x00007ff9a9d50000 - 0x00007ff9a9d7c000 	C:\Windows\SYSTEM32\Wldp.dll
0x00007ff9ab1b0000 - 0x00007ff9ab25d000 	C:\Windows\System32\SHCORE.dll
0x00007ff9aca10000 - 0x00007ff9aca65000 	C:\Windows\System32\shlwapi.dll
0x00007ff9aa300000 - 0x00007ff9aa31f000 	C:\Windows\SYSTEM32\profapi.dll
0x00007ff99bf70000 - 0x00007ff99bf89000 	C:\Users\Admin\.jdks\corretto-16.0.2\bin\net.dll
0x00007ff99f9d0000 - 0x00007ff99fada000 	C:\Windows\SYSTEM32\WINHTTP.dll
0x00007ff9a9ab0000 - 0x00007ff9a9b1a000 	C:\Windows\system32\mswsock.dll
0x00007ff99bf50000 - 0x00007ff99bf63000 	C:\Users\Admin\.jdks\corretto-16.0.2\bin\nio.dll
0x00007ff9911c0000 - 0x00007ff9911d8000 	C:\Users\Admin\.jdks\corretto-16.0.2\bin\zip.dll
0x00007ff9a4970000 - 0x00007ff9a4980000 	C:\Users\Admin\.jdks\corretto-16.0.2\bin\verify.dll
0x00007ff9a4310000 - 0x00007ff9a4337000 	C:\Users\Admin\ExploraHolic\native\8bec1ad78214c89d9ad589b4d07fe93259594b29d510b10fafb7a158f7737e5d\windows-amd64\native-platform.dll
0x00007ff975660000 - 0x00007ff97579d000 	C:\Users\Admin\ExploraHolic\native\53dbd7edfb1c66fb8903c78663c9afc45aea4f116125fa6feffd364cf09443e8\windows-amd64\native-platform-file-events.dll
0x00007ff9a4530000 - 0x00007ff9a4539000 	C:\Users\Admin\.jdks\corretto-16.0.2\bin\management.dll
0x00007ff9a44c0000 - 0x00007ff9a44cb000 	C:\Users\Admin\.jdks\corretto-16.0.2\bin\management_ext.dll
0x00007ff9a9ca0000 - 0x00007ff9a9cb8000 	C:\Windows\SYSTEM32\CRYPTSP.dll
0x00007ff9a9430000 - 0x00007ff9a9464000 	C:\Windows\system32\rsaenh.dll
0x00007ff9aa8c0000 - 0x00007ff9aa8e7000 	C:\Windows\System32\bcrypt.dll
0x00007ff9aa2c0000 - 0x00007ff9aa2ee000 	C:\Windows\SYSTEM32\USERENV.dll
0x00007ff9a9cc0000 - 0x00007ff9a9ccc000 	C:\Windows\SYSTEM32\CRYPTBASE.dll
0x00007ff9a97a0000 - 0x00007ff9a97db000 	C:\Windows\SYSTEM32\IPHLPAPI.DLL
0x00007ff9ac620000 - 0x00007ff9ac628000 	C:\Windows\System32\NSI.dll
0x00007ff9a2290000 - 0x00007ff9a22a7000 	C:\Windows\SYSTEM32\dhcpcsvc6.DLL
0x00007ff9a3730000 - 0x00007ff9a374d000 	C:\Windows\SYSTEM32\dhcpcsvc.DLL
0x00007ff9a97e0000 - 0x00007ff9a98ab000 	C:\Windows\SYSTEM32\DNSAPI.dll
0x00007ff9a0380000 - 0x00007ff9a038e000 	C:\Users\Admin\.jdks\corretto-16.0.2\bin\sunmscapi.dll
0x00007ff9aa3f0000 - 0x00007ff9aa546000 	C:\Windows\System32\CRYPT32.dll
0x00007ff9a9dc0000 - 0x00007ff9a9de7000 	C:\Windows\SYSTEM32\ncrypt.dll
0x00007ff9a9d80000 - 0x00007ff9a9dbb000 	C:\Windows\SYSTEM32\NTASN1.dll
0x00007ff9a0330000 - 0x00007ff9a0337000 	C:\Windows\system32\wshunix.dll
0x00007ff9a1100000 - 0x00007ff9a110a000 	C:\Windows\System32\rasadhlp.dll
0x00007ff99fae0000 - 0x00007ff99fb60000 	C:\Windows\System32\fwpuclnt.dll
0x00007ff988ec0000 - 0x00007ff988ede000 	C:\Users\Admin\AppData\Local\Temp\native-platform3526337967719502912dir\native-platform.dll
0x00007ff99bfb0000 - 0x00007ff99bfb7000 	C:\Users\Admin\.jdks\corretto-16.0.2\bin\rmi.dll
0x00007ff98ed90000 - 0x00007ff98eda7000 	C:\Windows\system32\napinsp.dll
0x00007ff98ed70000 - 0x00007ff98ed8b000 	C:\Windows\system32\pnrpnsp.dll
0x00007ff98ed50000 - 0x00007ff98ed65000 	C:\Windows\system32\wshbth.dll
0x00007ff9a4110000 - 0x00007ff9a412d000 	C:\Windows\system32\NLAapi.dll
0x00007ff98ecd0000 - 0x00007ff98ece2000 	C:\Windows\System32\winrnr.dll

dbghelp: loaded successfully - version: 4.0.5 - missing functions: none
symbol engine: initialized successfully - sym options: 0x614 - pdb path: .;C:\Users\Admin\.jdks\corretto-16.0.2\bin;C:\Windows\SYSTEM32;C:\Windows\WinSxS\amd64_microsoft.windows.common-controls_6595b64144ccf1df_6.0.19041.1110_none_60b5254171f9507e;C:\Users\Admin\.jdks\corretto-16.0.2\bin\server;C:\Users\Admin\ExploraHolic\native\8bec1ad78214c89d9ad589b4d07fe93259594b29d510b10fafb7a158f7737e5d\windows-amd64;C:\Users\Admin\ExploraHolic\native\53dbd7edfb1c66fb8903c78663c9afc45aea4f116125fa6feffd364cf09443e8\windows-amd64;C:\Users\Admin\AppData\Local\Temp\native-platform3526337967719502912dir

VM Arguments:
jvm_args: --add-opens=java.base/java.util=ALL-UNNAMED --add-opens=java.base/java.lang=ALL-UNNAMED --add-opens=java.base/java.lang.invoke=ALL-UNNAMED --add-opens=java.base/java.util=ALL-UNNAMED --add-opens=java.prefs/java.util.prefs=ALL-UNNAMED --add-opens=java.prefs/java.util.prefs=ALL-UNNAMED --add-opens=java.base/java.nio.charset=ALL-UNNAMED --add-opens=java.base/java.net=ALL-UNNAMED --add-opens=java.base/java.util.concurrent.atomic=ALL-UNNAMED -Xmx2048m -Dfile.encoding=UTF-8 -Duser.country=IN -Duser.language=en -Duser.variant 
java_command: org.gradle.launcher.daemon.bootstrap.GradleDaemon 7.0.2
java_class_path (initial): C:\Users\Admin\ExploraHolic\wrapper\dists\gradle-7.0.2-bin\857tjihv64xamwrf0h14cai3r\gradle-7.0.2\lib\gradle-launcher-7.0.2.jar
Launcher Type: SUN_STANDARD

[Global flags]
     intx CICompilerCount                          = 3                                         {product} {ergonomic}
     uint ConcGCThreads                            = 1                                         {product} {ergonomic}
     uint G1ConcRefinementThreads                  = 4                                         {product} {ergonomic}
   size_t G1HeapRegionSize                         = 1048576                                   {product} {ergonomic}
    uintx GCDrainStackTargetSize                   = 64                                        {product} {ergonomic}
   size_t InitialHeapSize                          = 190840832                                 {product} {ergonomic}
   size_t MarkStackSize                            = 4194304                                   {product} {ergonomic}
   size_t MaxHeapSize                              = 2147483648                                {product} {command line}
   size_t MaxNewSize                               = 1287651328                                {product} {ergonomic}
   size_t MinHeapDeltaBytes                        = 1048576                                   {product} {ergonomic}
   size_t MinHeapSize                              = 8388608                                   {product} {ergonomic}
    uintx NonNMethodCodeHeapSize                   = 5832780                                {pd product} {ergonomic}
    uintx NonProfiledCodeHeapSize                  = 122912730                              {pd product} {ergonomic}
    uintx ProfiledCodeHeapSize                     = 122912730                              {pd product} {ergonomic}
    uintx ReservedCodeCacheSize                    = 251658240                              {pd product} {ergonomic}
     bool SegmentedCodeCache                       = true                                      {product} {ergonomic}
   size_t SoftMaxHeapSize                          = 2147483648                             {manageable} {ergonomic}
     bool UseCompressedClassPointers               = true                           {product lp64_product} {ergonomic}
     bool UseCompressedOops                        = true                           {product lp64_product} {ergonomic}
     bool UseG1GC                                  = true                                      {product} {ergonomic}
     bool UseLargePagesIndividualAllocation        = false                                  {pd product} {ergonomic}

Logging:
Log output configuration:
 #0: stdout all=warning uptime,level,tags
 #1: stderr all=off uptime,level,tags

Environment Variables:
PATH=C:\Windows\system32;C:\Windows;C:\Windows\System32\Wbem;C:\Windows\System32\WindowsPowerShell\v1.0\;C:\Windows\System32\OpenSSH\;C:\Program Files\Git\cmd;C:\Users\Admin\AppData\Local\Microsoft\WindowsApps;;C:\Users\Admin\IntelliJ IDEA Community Edition 2021.3.2\bin;
USERNAME=Admin
OS=Windows_NT
PROCESSOR_IDENTIFIER=Intel64 Family 6 Model 78 Stepping 3, GenuineIntel



---------------  S Y S T E M  ---------------

OS:
 Windows 10 , 64 bit Build 19041 (10.0.19041.1706)
OS uptime: 14 days 22:34 hours

CPU: total 4 (initial active 4) (2 cores per cpu, 2 threads per core) family 6 model 78 stepping 3 microcode 0xcc, cx8, cmov, fxsr, ht, mmx, 3dnowpref, sse, sse2, sse3, ssse3, sse4.1, sse4.2, popcnt, lzcnt, tsc, tscinvbit, avx, avx2, aes, erms, clmul, bmi1, bmi2, adx, fma, vzeroupper, clflush, clflushopt

Memory: 4k page, system-wide physical 11537M (264M free)
TotalPageFile size 46353M (AvailPageFile size 18M)
current process WorkingSet (physical memory assigned to process): 460M, peak: 691M
current process commit charge ("private bytes"): 729M, peak: 733M

vm_info: OpenJDK 64-Bit Server VM (16.0.2+7) for windows-amd64 JRE (16.0.2+7), built on Jul 22 2021 01:11:46 by "Administrator" with MS VC++ 15.9 (VS2017)

END.
