#
# There is insufficient memory for the Java Runtime Environment to continue.
# Native memory allocation (malloc) failed to allocate 1900976 bytes for Chunk::new
# Possible reasons:
#   The system is out of physical RAM or swap space
#   The process is running with CompressedOops enabled, and the Java Heap may be blocking the growth of the native heap
# Possible solutions:
#   Reduce memory load on the system
#   Increase physical memory or swap space
#   Check if swap backing store is full
#   Decrease Java heap size (-Xmx/-Xms)
#   Decrease number of Java threads
#   Decrease Java thread stack sizes (-Xss)
#   Set larger code cache with -XX:ReservedCodeCacheSize=
#   JVM is running with Unscaled Compressed Oops mode in which the Java heap is
#     placed in the first 4GB address space. The Java Heap base address is the
#     maximum limit for the native heap growth. Please use -XX:HeapBaseMinAddress
#     to set the Java Heap base and to place the Java Heap above 4GB virtual address.
# This output file may be truncated or incomplete.
#
#  Out of Memory Error (arena.cpp:195), pid=21576, tid=6856
#
# JRE version: OpenJDK Runtime Environment Corretto-16.0.2.7.1 (16.0.2+7) (build 16.0.2+7)
# Java VM: OpenJDK 64-Bit Server VM Corretto-16.0.2.7.1 (16.0.2+7, mixed mode, sharing, tiered, compressed oops, compressed class ptrs, g1 gc, windows-amd64)
# No core dump will be written. Minidumps are not enabled by default on client versions of Windows
#

---------------  S U M M A R Y ------------

Command Line: --add-opens=java.base/java.util=ALL-UNNAMED --add-opens=java.base/java.lang=ALL-UNNAMED --add-opens=java.base/java.lang.invoke=ALL-UNNAMED --add-opens=java.base/java.util=ALL-UNNAMED --add-opens=java.prefs/java.util.prefs=ALL-UNNAMED --add-opens=java.prefs/java.util.prefs=ALL-UNNAMED --add-opens=java.base/java.nio.charset=ALL-UNNAMED --add-opens=java.base/java.net=ALL-UNNAMED --add-opens=java.base/java.util.concurrent.atomic=ALL-UNNAMED -Xmx2048m -Dfile.encoding=UTF-8 -Duser.country=IN -Duser.language=en -Duser.variant org.gradle.launcher.daemon.bootstrap.GradleDaemon 7.0.2

Host: Intel(R) Core(TM) i3-6006U CPU @ 2.00GHz, 4 cores, 11G,  Windows 10 , 64 bit Build 19041 (10.0.19041.1706)
Time: Thu Jun  2 18:59:33 2022 India Standard Time elapsed time: 4592.884943 seconds (0d 1h 16m 32s)

---------------  T H R E A D  ---------------

Current thread (0x0000017fca573820):  JavaThread "C2 CompilerThread0" daemon [_thread_in_native, id=6856, stack(0x000000144eb00000,0x000000144ec00000)]


Current CompileTask:
C2:4592885 15262       4       org.gradle.internal.operations.DefaultBuildOperationRunner$3::execute (12 bytes)

Stack: [0x000000144eb00000,0x000000144ec00000]
Native frames: (J=compiled Java code, j=interpreted, Vv=VM code, C=native code)
V  [jvm.dll+0x647e0a]
V  [jvm.dll+0x7f0549]
V  [jvm.dll+0x7f1cfe]
V  [jvm.dll+0x7f2343]
V  [jvm.dll+0x23dd88]
V  [jvm.dll+0xc879a]
V  [jvm.dll+0xc8d4c]
V  [jvm.dll+0x3515d2]
V  [jvm.dll+0x31b53f]
V  [jvm.dll+0x31a97a]
V  [jvm.dll+0x210990]
V  [jvm.dll+0x20ff17]
V  [jvm.dll+0x1a0d9b]
V  [jvm.dll+0x21f909]
V  [jvm.dll+0x21da9b]
V  [jvm.dll+0x7a8662]
V  [jvm.dll+0x7a223a]
V  [jvm.dll+0x646c46]
C  [ucrtbase.dll+0x21bb2]
C  [KERNEL32.DLL+0x17034]
C  [ntdll.dll+0x52651]


---------------  P R O C E S S  ---------------

Threads class SMR info:
_java_thread_list=0x0000017fcf7b0ae0, length=45, elements={
0x0000017fab364920, 0x0000017fca551e90, 0x0000017fca552d00, 0x0000017fca560770,
0x0000017fca563490, 0x0000017fca563da0, 0x0000017fca571bd0, 0x0000017fca573820,
0x0000017fca577190, 0x0000017fca5af5e0, 0x0000017fca5afb30, 0x0000017fca5b05d0,
0x0000017fca5b1070, 0x0000017fca5af090, 0x0000017fca5adb50, 0x0000017fcb597410,
0x0000017fcb594440, 0x0000017fcb592460, 0x0000017fcb594ee0, 0x0000017fcb5929b0,
0x0000017fcb596420, 0x0000017fcb595980, 0x0000017fcb5939a0, 0x0000017fcb596970,
0x0000017fcb598400, 0x0000017fcb5919c0, 0x0000017fcb1c2330, 0x0000017fcb1c2880,
0x0000017fcb1c0df0, 0x0000017fcb1bce30, 0x0000017fcb1be8c0, 0x0000017fcb1c1340,
0x0000017fcb1c2dd0, 0x0000017fcb1bee10, 0x0000017fcb1bfe00, 0x0000017fcb1c3320,
0x0000017fcb1c08a0, 0x0000017fcb1bf8b0, 0x0000017fcb1bd380, 0x0000017fcb592f00,
0x0000017fcb596ec0, 0x0000017fcb595ed0, 0x0000017fcb591470, 0x0000017fcb593450,
0x0000017fcb597eb0
}

Java Threads: ( => current thread )
  0x0000017fab364920 JavaThread "main" [_thread_blocked, id=21816, stack(0x000000144de00000,0x000000144df00000)]
  0x0000017fca551e90 JavaThread "Reference Handler" daemon [_thread_blocked, id=22100, stack(0x000000144e500000,0x000000144e600000)]
  0x0000017fca552d00 JavaThread "Finalizer" daemon [_thread_blocked, id=22108, stack(0x000000144e600000,0x000000144e700000)]
  0x0000017fca560770 JavaThread "Signal Dispatcher" daemon [_thread_blocked, id=16440, stack(0x000000144e700000,0x000000144e800000)]
  0x0000017fca563490 JavaThread "Attach Listener" daemon [_thread_blocked, id=19040, stack(0x000000144e800000,0x000000144e900000)]
  0x0000017fca563da0 JavaThread "Service Thread" daemon [_thread_blocked, id=20628, stack(0x000000144e900000,0x000000144ea00000)]
  0x0000017fca571bd0 JavaThread "Monitor Deflation Thread" daemon [_thread_blocked, id=21756, stack(0x000000144ea00000,0x000000144eb00000)]
=>0x0000017fca573820 JavaThread "C2 CompilerThread0" daemon [_thread_in_native, id=6856, stack(0x000000144eb00000,0x000000144ec00000)]
  0x0000017fca577190 JavaThread "C1 CompilerThread0" daemon [_thread_blocked, id=21920, stack(0x000000144ec00000,0x000000144ed00000)]
  0x0000017fca5af5e0 JavaThread "Sweeper thread" daemon [_thread_blocked, id=9388, stack(0x000000144ed00000,0x000000144ee00000)]
  0x0000017fca5afb30 JavaThread "Common-Cleaner" daemon [_thread_blocked, id=22128, stack(0x000000144ee00000,0x000000144ef00000)]
  0x0000017fca5b05d0 JavaThread "Notification Thread" daemon [_thread_blocked, id=22084, stack(0x000000144ef00000,0x000000144f000000)]
  0x0000017fca5b1070 JavaThread "Daemon health stats" [_thread_blocked, id=16248, stack(0x000000144f500000,0x000000144f600000)]
  0x0000017fca5af090 JavaThread "Incoming local TCP Connector on port 50277" [_thread_in_native, id=22376, stack(0x000000144f600000,0x000000144f700000)]
  0x0000017fca5adb50 JavaThread "Daemon periodic checks" [_thread_blocked, id=22436, stack(0x000000144f400000,0x000000144f500000)]
  0x0000017fcb597410 JavaThread "Cache worker for file hash cache (C:\Users\Admin\ExploraHolic\caches\7.0.2\fileHashes)" [_thread_blocked, id=19524, stack(0x000000144fe00000,0x000000144ff00000)]
  0x0000017fcb594440 JavaThread "File lock request listener" [_thread_in_native, id=2948, stack(0x000000144ff00000,0x0000001450000000)]
  0x0000017fcb592460 JavaThread "Cache worker for journal cache (C:\Users\Admin\ExploraHolic\caches\journal-1)" [_thread_blocked, id=15204, stack(0x0000001450000000,0x0000001450100000)]
  0x0000017fcb594ee0 JavaThread "File watcher server" daemon [_thread_in_native, id=21772, stack(0x0000001450300000,0x0000001450400000)]
  0x0000017fcb5929b0 JavaThread "File watcher consumer" daemon [_thread_blocked, id=20944, stack(0x0000001450400000,0x0000001450500000)]
  0x0000017fcb596420 JavaThread "jar transforms" [_thread_blocked, id=20948, stack(0x0000001450500000,0x0000001450600000)]
  0x0000017fcb595980 JavaThread "jar transforms Thread 2" [_thread_blocked, id=20804, stack(0x0000001450600000,0x0000001450700000)]
  0x0000017fcb5939a0 JavaThread "jar transforms Thread 3" [_thread_blocked, id=10588, stack(0x0000001450700000,0x0000001450800000)]
  0x0000017fcb596970 JavaThread "jar transforms Thread 4" [_thread_blocked, id=21712, stack(0x0000001450800000,0x0000001450900000)]
  0x0000017fcb598400 JavaThread "Cache worker for execution history cache (C:\Users\Admin\ExploraHolic\caches\7.0.2\executionHistory)" [_thread_blocked, id=21108, stack(0x0000001450c00000,0x0000001450d00000)]
  0x0000017fcb5919c0 JavaThread "Cache worker for file content cache (C:\Users\Admin\ExploraHolic\caches\7.0.2\fileContent)" [_thread_blocked, id=22424, stack(0x0000001450d00000,0x0000001450e00000)]
  0x0000017fcb1c2330 JavaThread "Memory manager" [_thread_blocked, id=2000, stack(0x0000001450100000,0x0000001450200000)]
  0x0000017fcb1c2880 JavaThread "Daemon Thread 2" [_thread_blocked, id=24036, stack(0x000000144db00000,0x000000144dc00000)]
  0x0000017fcb1c0df0 JavaThread "Handler for socket connection from /127.0.0.1:50277 to /127.0.0.1:59718" [_thread_in_native, id=9780, stack(0x000000144dc00000,0x000000144dd00000)]
  0x0000017fcb1bce30 JavaThread "Cancel handler" [_thread_blocked, id=23212, stack(0x000000144dd00000,0x000000144de00000)]
  0x0000017fcb1be8c0 JavaThread "Daemon worker Thread 2" [_thread_in_Java, id=21456, stack(0x000000144f700000,0x000000144f800000)]
  0x0000017fcb1c1340 JavaThread "Asynchronous log dispatcher for DefaultDaemonConnection: socket connection from /127.0.0.1:50277 to /127.0.0.1:59718" [_thread_blocked, id=22316, stack(0x000000144f800000,0x000000144f900000)]
  0x0000017fcb1c2dd0 JavaThread "Stdin handler" [_thread_blocked, id=6628, stack(0x000000144f900000,0x000000144fa00000)]
  0x0000017fcb1bee10 JavaThread "Daemon client event forwarder" [_thread_in_vm, id=24188, stack(0x000000144fa00000,0x000000144fb00000)]
  0x0000017fcb1bfe00 JavaThread "Cache worker for file hash cache (C:\Users\Admin\ExploraHolic\ExploraHolic\.gradle\7.0.2\fileHashes)" [_thread_blocked, id=22144, stack(0x000000144fb00000,0x000000144fc00000)]
  0x0000017fcb1c3320 JavaThread "Cache worker for checksums cache (C:\Users\Admin\ExploraHolic\ExploraHolic\.gradle\checksums)" [_thread_blocked, id=9316, stack(0x000000144fc00000,0x000000144fd00000)]
  0x0000017fcb1c08a0 JavaThread "Cache worker for cache directory md-supplier (C:\Users\Admin\ExploraHolic\caches\7.0.2\md-supplier)" [_thread_blocked, id=23140, stack(0x000000144fd00000,0x000000144fe00000)]
  0x0000017fcb1bf8b0 JavaThread "Cache worker for cache directory md-rule (C:\Users\Admin\ExploraHolic\caches\7.0.2\md-rule)" [_thread_blocked, id=22920, stack(0x0000001450200000,0x0000001450300000)]
  0x0000017fcb1bd380 JavaThread "Cache worker for dependencies-accessors (C:\Users\Admin\ExploraHolic\ExploraHolic\.gradle\7.0.2\dependencies-accessors)" [_thread_blocked, id=1496, stack(0x0000001450b00000,0x0000001450c00000)]
  0x0000017fcb592f00 JavaThread "Cache worker for Build Output Cleanup Cache (C:\Users\Admin\ExploraHolic\ExploraHolic\.gradle\buildOutputCleanup)" [_thread_blocked, id=12792, stack(0x0000001450e00000,0x0000001450f00000)]
  0x0000017fcb596ec0 JavaThread "Build operations" [_thread_blocked, id=24056, stack(0x0000001450f00000,0x0000001451000000)]
  0x0000017fcb595ed0 JavaThread "Build operations Thread 2" [_thread_blocked, id=18508, stack(0x0000001451000000,0x0000001451100000)]
  0x0000017fcb591470 JavaThread "Build operations Thread 3" [_thread_blocked, id=24400, stack(0x0000001451100000,0x0000001451200000)]
  0x0000017fcb593450 JavaThread "Build operations Thread 4" [_thread_blocked, id=3040, stack(0x0000001451200000,0x0000001451300000)]
  0x0000017fcb597eb0 JavaThread "build event listener" [_thread_blocked, id=12540, stack(0x0000001451400000,0x0000001451500000)]

Other Threads:
  0x0000017fca54b390 VMThread "VM Thread" [stack: 0x000000144e400000,0x000000144e500000] [id=7408]
  0x0000017fcb0de210 WatcherThread [stack: 0x000000144f000000,0x000000144f100000] [id=22392]
  0x0000017fab3a50e0 GCTaskThread "GC Thread#0" [stack: 0x000000144df00000,0x000000144e000000] [id=21824]
  0x0000017fcb831690 GCTaskThread "GC Thread#1" [stack: 0x000000144f100000,0x000000144f200000] [id=21596]
  0x0000017fcb8319a0 GCTaskThread "GC Thread#2" [stack: 0x000000144f200000,0x000000144f300000] [id=9056]
  0x0000017fcb271710 GCTaskThread "GC Thread#3" [stack: 0x000000144f300000,0x000000144f400000] [id=8596]
  0x0000017fab3b6030 ConcurrentGCThread "G1 Main Marker" [stack: 0x000000144e000000,0x000000144e100000] [id=19208]
  0x0000017fab3b8200 ConcurrentGCThread "G1 Conc#0" [stack: 0x000000144e100000,0x000000144e200000] [id=20140]
  0x0000017fab44ad40 ConcurrentGCThread "G1 Refine#0" [stack: 0x000000144e200000,0x000000144e300000] [id=13708]
  0x0000017fcff323f0 ConcurrentGCThread "G1 Refine#1" [stack: 0x0000001450900000,0x0000001450a00000] [id=11868]
  0x0000017fcf85dd70 ConcurrentGCThread "G1 Refine#2" [stack: 0x0000001450a00000,0x0000001450b00000] [id=6448]
  0x0000017fcf85d070 ConcurrentGCThread "G1 Refine#3" [stack: 0x0000001451300000,0x0000001451400000] [id=21996]
  0x0000017fab44b6d0 ConcurrentGCThread "G1 Service" [stack: 0x000000144e300000,0x000000144e400000] [id=19644]

Threads with active compile tasks:
C2 CompilerThread0  4593057 15262       4       org.gradle.internal.operations.DefaultBuildOperationRunner$3::execute (12 bytes)

VM state: not at safepoint (normal execution)

VM Mutex/Monitor currently owned by a thread: None

Heap address: 0x0000000080000000, size: 2048 MB, Compressed Oops mode: 32-bit

CDS archive(s) mapped at: [0x0000000800000000-0x0000000800be0000-0x0000000800be0000), size 12451840, SharedBaseAddress: 0x0000000800000000, ArchiveRelocationMode: 0.
Compressed class space mapped at: 0x0000000800c00000-0x0000000840c00000, reserved size: 1073741824
Narrow klass base: 0x0000000800000000, Narrow klass shift: 3, Narrow klass range: 0x100000000

GC Precious Log:
 CPUs: 4 total, 4 available
 Memory: 11537M
 Large Page Support: Disabled
 NUMA Support: Disabled
 Compressed Oops: Enabled (32-bit)
 Heap Region Size: 1M
 Heap Min Capacity: 8M
 Heap Initial Capacity: 182M
 Heap Max Capacity: 2G
 Pre-touch: Disabled
 Parallel Workers: 4
 Concurrent Workers: 1
 Concurrent Refinement Workers: 4
 Periodic GC: Disabled

Heap:
 garbage-first heap   total 316416K, used 197766K [0x0000000080000000, 0x0000000100000000)
  region size 1024K, 28 young (28672K), 2 survivors (2048K)
 Metaspace       used 104879K, committed 105728K, reserved 1146880K
  class space    used 13452K, committed 13952K, reserved 1048576K

Heap Regions: E=young(eden), S=young(survivor), O=old, HS=humongous(starts), HC=humongous(continues), CS=collection set, F=free, OA=open archive, CA=closed archive, TAMS=top-at-mark-start (previous, next)
|   0|0x0000000080000000, 0x0000000080100000, 0x0000000080100000|100%|HS|  |TAMS 0x0000000080100000, 0x0000000080000000| Complete 
|   1|0x0000000080100000, 0x0000000080200000, 0x0000000080200000|100%|HC|  |TAMS 0x0000000080200000, 0x0000000080100000| Complete 
|   2|0x0000000080200000, 0x0000000080300000, 0x0000000080300000|100%|HC|  |TAMS 0x0000000080300000, 0x0000000080200000| Complete 
|   3|0x0000000080300000, 0x0000000080400000, 0x0000000080400000|100%| O|  |TAMS 0x0000000080400000, 0x0000000080300000| Untracked 
|   4|0x0000000080400000, 0x0000000080500000, 0x0000000080500000|100%| O|  |TAMS 0x0000000080500000, 0x0000000080400000| Untracked 
|   5|0x0000000080500000, 0x0000000080600000, 0x0000000080600000|100%| O|  |TAMS 0x0000000080600000, 0x0000000080500000| Untracked 
|   6|0x0000000080600000, 0x0000000080700000, 0x0000000080700000|100%| O|  |TAMS 0x0000000080700000, 0x0000000080600000| Untracked 
|   7|0x0000000080700000, 0x0000000080800000, 0x0000000080800000|100%| O|  |TAMS 0x0000000080800000, 0x0000000080700000| Untracked 
|   8|0x0000000080800000, 0x0000000080900000, 0x0000000080900000|100%| O|  |TAMS 0x0000000080900000, 0x0000000080800000| Untracked 
|   9|0x0000000080900000, 0x0000000080a00000, 0x0000000080a00000|100%| O|  |TAMS 0x0000000080a00000, 0x0000000080900000| Untracked 
|  10|0x0000000080a00000, 0x0000000080b00000, 0x0000000080b00000|100%| O|  |TAMS 0x0000000080b00000, 0x0000000080a00000| Untracked 
|  11|0x0000000080b00000, 0x0000000080c00000, 0x0000000080c00000|100%|HS|  |TAMS 0x0000000080c00000, 0x0000000080b00000| Complete 
|  12|0x0000000080c00000, 0x0000000080d00000, 0x0000000080d00000|100%|HC|  |TAMS 0x0000000080d00000, 0x0000000080c00000| Complete 
|  13|0x0000000080d00000, 0x0000000080e00000, 0x0000000080e00000|100%|HS|  |TAMS 0x0000000080e00000, 0x0000000080d00000| Complete 
|  14|0x0000000080e00000, 0x0000000080f00000, 0x0000000080f00000|100%|HC|  |TAMS 0x0000000080f00000, 0x0000000080e00000| Complete 
|  15|0x0000000080f00000, 0x0000000081000000, 0x0000000081000000|100%|HC|  |TAMS 0x0000000081000000, 0x0000000080f00000| Complete 
|  16|0x0000000081000000, 0x0000000081100000, 0x0000000081100000|100%|HS|  |TAMS 0x0000000081100000, 0x0000000081000000| Complete 
|  17|0x0000000081100000, 0x0000000081200000, 0x0000000081200000|100%|HC|  |TAMS 0x0000000081200000, 0x0000000081100000| Complete 
|  18|0x0000000081200000, 0x0000000081300000, 0x0000000081300000|100%|HC|  |TAMS 0x0000000081300000, 0x0000000081200000| Complete 
|  19|0x0000000081300000, 0x0000000081400000, 0x0000000081400000|100%|HS|  |TAMS 0x0000000081400000, 0x0000000081300000| Complete 
|  20|0x0000000081400000, 0x0000000081500000, 0x0000000081500000|100%|HC|  |TAMS 0x0000000081500000, 0x0000000081400000| Complete 
|  21|0x0000000081500000, 0x0000000081600000, 0x0000000081600000|100%|HC|  |TAMS 0x0000000081600000, 0x0000000081500000| Complete 
|  22|0x0000000081600000, 0x0000000081700000, 0x0000000081700000|100%|HC|  |TAMS 0x0000000081700000, 0x0000000081600000| Complete 
|  23|0x0000000081700000, 0x0000000081800000, 0x0000000081800000|100%|HS|  |TAMS 0x0000000081800000, 0x0000000081700000| Complete 
|  24|0x0000000081800000, 0x0000000081900000, 0x0000000081900000|100%|HC|  |TAMS 0x0000000081900000, 0x0000000081800000| Complete 
|  25|0x0000000081900000, 0x0000000081a00000, 0x0000000081a00000|100%|HC|  |TAMS 0x0000000081a00000, 0x0000000081900000| Complete 
|  26|0x0000000081a00000, 0x0000000081b00000, 0x0000000081b00000|100%|HC|  |TAMS 0x0000000081b00000, 0x0000000081a00000| Complete 
|  27|0x0000000081b00000, 0x0000000081c00000, 0x0000000081c00000|100%|HC|  |TAMS 0x0000000081c00000, 0x0000000081b00000| Complete 
|  28|0x0000000081c00000, 0x0000000081d00000, 0x0000000081d00000|100%| O|  |TAMS 0x0000000081d00000, 0x0000000081c00000| Untracked 
|  29|0x0000000081d00000, 0x0000000081e00000, 0x0000000081e00000|100%| O|  |TAMS 0x0000000081e00000, 0x0000000081d00000| Untracked 
|  30|0x0000000081e00000, 0x0000000081f00000, 0x0000000081f00000|100%| O|  |TAMS 0x0000000081f00000, 0x0000000081e00000| Untracked 
|  31|0x0000000081f00000, 0x0000000082000000, 0x0000000082000000|100%| O|  |TAMS 0x0000000082000000, 0x0000000081f00000| Untracked 
|  32|0x0000000082000000, 0x0000000082100000, 0x0000000082100000|100%| O|  |TAMS 0x0000000082100000, 0x0000000082000000| Untracked 
|  33|0x0000000082100000, 0x0000000082200000, 0x0000000082200000|100%| O|  |TAMS 0x0000000082200000, 0x0000000082100000| Untracked 
|  34|0x0000000082200000, 0x0000000082300000, 0x0000000082300000|100%| O|  |TAMS 0x0000000082300000, 0x0000000082200000| Untracked 
|  35|0x0000000082300000, 0x0000000082400000, 0x0000000082400000|100%| O|  |TAMS 0x0000000082400000, 0x0000000082300000| Untracked 
|  36|0x0000000082400000, 0x0000000082500000, 0x0000000082500000|100%| O|  |TAMS 0x0000000082500000, 0x0000000082400000| Untracked 
|  37|0x0000000082500000, 0x0000000082600000, 0x0000000082600000|100%| O|  |TAMS 0x0000000082600000, 0x0000000082500000| Untracked 
|  38|0x0000000082600000, 0x0000000082700000, 0x0000000082700000|100%| O|  |TAMS 0x0000000082700000, 0x0000000082600000| Untracked 
|  39|0x0000000082700000, 0x00000000827ec400, 0x0000000082800000| 92%| O|  |TAMS 0x00000000827ec400, 0x0000000082700000| Untracked 
|  40|0x0000000082800000, 0x0000000082900000, 0x0000000082900000|100%|HS|  |TAMS 0x0000000082900000, 0x0000000082800000| Complete 
|  41|0x0000000082900000, 0x0000000082a00000, 0x0000000082a00000|100%|HC|  |TAMS 0x0000000082a00000, 0x0000000082900000| Complete 
|  42|0x0000000082a00000, 0x0000000082b00000, 0x0000000082b00000|100%|HC|  |TAMS 0x0000000082b00000, 0x0000000082a00000| Complete 
|  43|0x0000000082b00000, 0x0000000082c00000, 0x0000000082c00000|100%|HC|  |TAMS 0x0000000082c00000, 0x0000000082b00000| Complete 
|  44|0x0000000082c00000, 0x0000000082d00000, 0x0000000082d00000|100%|HS|  |TAMS 0x0000000082d00000, 0x0000000082c00000| Complete 
|  45|0x0000000082d00000, 0x0000000082e00000, 0x0000000082e00000|100%|HC|  |TAMS 0x0000000082e00000, 0x0000000082d00000| Complete 
|  46|0x0000000082e00000, 0x0000000082f00000, 0x0000000082f00000|100%| O|  |TAMS 0x0000000082f00000, 0x0000000082e00000| Untracked 
|  47|0x0000000082f00000, 0x0000000083000000, 0x0000000083000000|100%| O|  |TAMS 0x0000000083000000, 0x0000000082f00000| Untracked 
|  48|0x0000000083000000, 0x0000000083100000, 0x0000000083100000|100%| O|  |TAMS 0x0000000083100000, 0x0000000083000000| Untracked 
|  49|0x0000000083100000, 0x0000000083200000, 0x0000000083200000|100%| O|  |TAMS 0x0000000083200000, 0x0000000083100000| Untracked 
|  50|0x0000000083200000, 0x0000000083300000, 0x0000000083300000|100%| O|  |TAMS 0x0000000083300000, 0x0000000083200000| Untracked 
|  51|0x0000000083300000, 0x0000000083300000, 0x0000000083400000|  0%| F|  |TAMS 0x0000000083300000, 0x0000000083300000| Untracked 
|  52|0x0000000083400000, 0x0000000083400000, 0x0000000083500000|  0%| F|  |TAMS 0x0000000083400000, 0x0000000083400000| Untracked 
|  53|0x0000000083500000, 0x0000000083600000, 0x0000000083600000|100%| O|  |TAMS 0x0000000083600000, 0x0000000083500000| Untracked 
|  54|0x0000000083600000, 0x0000000083700000, 0x0000000083700000|100%| O|  |TAMS 0x0000000083700000, 0x0000000083600000| Untracked 
|  55|0x0000000083700000, 0x0000000083800000, 0x0000000083800000|100%| O|  |TAMS 0x0000000083800000, 0x0000000083700000| Untracked 
|  56|0x0000000083800000, 0x0000000083900000, 0x0000000083900000|100%|HS|  |TAMS 0x0000000083900000, 0x0000000083800000| Complete 
|  57|0x0000000083900000, 0x0000000083a00000, 0x0000000083a00000|100%|HC|  |TAMS 0x0000000083a00000, 0x0000000083900000| Complete 
|  58|0x0000000083a00000, 0x0000000083b00000, 0x0000000083b00000|100%|HC|  |TAMS 0x0000000083b00000, 0x0000000083a00000| Complete 
|  59|0x0000000083b00000, 0x0000000083c00000, 0x0000000083c00000|100%|HS|  |TAMS 0x0000000083c00000, 0x0000000083b00000| Complete 
|  60|0x0000000083c00000, 0x0000000083d00000, 0x0000000083d00000|100%|HC|  |TAMS 0x0000000083d00000, 0x0000000083c00000| Complete 
|  61|0x0000000083d00000, 0x0000000083e00000, 0x0000000083e00000|100%|HC|  |TAMS 0x0000000083e00000, 0x0000000083d00000| Complete 
|  62|0x0000000083e00000, 0x0000000083f00000, 0x0000000083f00000|100%| O|  |TAMS 0x0000000083f00000, 0x0000000083e00000| Untracked 
|  63|0x0000000083f00000, 0x0000000084000000, 0x0000000084000000|100%| O|  |TAMS 0x0000000084000000, 0x0000000083f00000| Untracked 
|  64|0x0000000084000000, 0x0000000084100000, 0x0000000084100000|100%| O|  |TAMS 0x0000000084100000, 0x0000000084000000| Untracked 
|  65|0x0000000084100000, 0x0000000084200000, 0x0000000084200000|100%| O|  |TAMS 0x0000000084200000, 0x0000000084100000| Untracked 
|  66|0x0000000084200000, 0x0000000084300000, 0x0000000084300000|100%| O|  |TAMS 0x0000000084300000, 0x0000000084200000| Untracked 
|  67|0x0000000084300000, 0x0000000084400000, 0x0000000084400000|100%| O|  |TAMS 0x0000000084400000, 0x0000000084300000| Untracked 
|  68|0x0000000084400000, 0x0000000084500000, 0x0000000084500000|100%|HS|  |TAMS 0x0000000084500000, 0x0000000084400000| Complete 
|  69|0x0000000084500000, 0x0000000084600000, 0x0000000084600000|100%|HC|  |TAMS 0x0000000084600000, 0x0000000084500000| Complete 
|  70|0x0000000084600000, 0x0000000084700000, 0x0000000084700000|100%|HC|  |TAMS 0x0000000084700000, 0x0000000084600000| Complete 
|  71|0x0000000084700000, 0x0000000084800000, 0x0000000084800000|100%|HC|  |TAMS 0x0000000084800000, 0x0000000084700000| Complete 
|  72|0x0000000084800000, 0x0000000084900000, 0x0000000084900000|100%|HC|  |TAMS 0x0000000084900000, 0x0000000084800000| Complete 
|  73|0x0000000084900000, 0x0000000084a00000, 0x0000000084a00000|100%| O|  |TAMS 0x0000000084a00000, 0x0000000084900000| Untracked 
|  74|0x0000000084a00000, 0x0000000084b00000, 0x0000000084b00000|100%| O|  |TAMS 0x0000000084b00000, 0x0000000084a00000| Untracked 
|  75|0x0000000084b00000, 0x0000000084c00000, 0x0000000084c00000|100%| O|  |TAMS 0x0000000084c00000, 0x0000000084b00000| Untracked 
|  76|0x0000000084c00000, 0x0000000084d00000, 0x0000000084d00000|100%|HS|  |TAMS 0x0000000084d00000, 0x0000000084c00000| Complete 
|  77|0x0000000084d00000, 0x0000000084e00000, 0x0000000084e00000|100%|HS|  |TAMS 0x0000000084e00000, 0x0000000084d00000| Complete 
|  78|0x0000000084e00000, 0x0000000084f00000, 0x0000000084f00000|100%|HS|  |TAMS 0x0000000084f00000, 0x0000000084e00000| Complete 
|  79|0x0000000084f00000, 0x0000000085000000, 0x0000000085000000|100%|HS|  |TAMS 0x0000000085000000, 0x0000000084f00000| Complete 
|  80|0x0000000085000000, 0x0000000085100000, 0x0000000085100000|100%|HC|  |TAMS 0x0000000085100000, 0x0000000085000000| Complete 
|  81|0x0000000085100000, 0x0000000085200000, 0x0000000085200000|100%|HC|  |TAMS 0x0000000085200000, 0x0000000085100000| Complete 
|  82|0x0000000085200000, 0x0000000085300000, 0x0000000085300000|100%|HS|  |TAMS 0x0000000085300000, 0x0000000085200000| Complete 
|  83|0x0000000085300000, 0x0000000085400000, 0x0000000085400000|100%|HC|  |TAMS 0x0000000085400000, 0x0000000085300000| Complete 
|  84|0x0000000085400000, 0x0000000085500000, 0x0000000085500000|100%| O|  |TAMS 0x0000000085500000, 0x0000000085400000| Untracked 
|  85|0x0000000085500000, 0x0000000085600000, 0x0000000085600000|100%| O|  |TAMS 0x0000000085600000, 0x0000000085500000| Untracked 
|  86|0x0000000085600000, 0x0000000085700000, 0x0000000085700000|100%| O|  |TAMS 0x0000000085700000, 0x0000000085600000| Untracked 
|  87|0x0000000085700000, 0x0000000085800000, 0x0000000085800000|100%| O|  |TAMS 0x0000000085800000, 0x0000000085700000| Untracked 
|  88|0x0000000085800000, 0x0000000085900000, 0x0000000085900000|100%| O|  |TAMS 0x0000000085900000, 0x0000000085800000| Untracked 
|  89|0x0000000085900000, 0x0000000085a00000, 0x0000000085a00000|100%| O|  |TAMS 0x0000000085a00000, 0x0000000085900000| Untracked 
|  90|0x0000000085a00000, 0x0000000085a00000, 0x0000000085b00000|  0%| F|  |TAMS 0x0000000085a00000, 0x0000000085a00000| Untracked 
|  91|0x0000000085b00000, 0x0000000085b00000, 0x0000000085c00000|  0%| F|  |TAMS 0x0000000085b00000, 0x0000000085b00000| Untracked 
|  92|0x0000000085c00000, 0x0000000085d00000, 0x0000000085d00000|100%| O|  |TAMS 0x0000000085d00000, 0x0000000085c00000| Untracked 
|  93|0x0000000085d00000, 0x0000000085e00000, 0x0000000085e00000|100%| O|  |TAMS 0x0000000085e00000, 0x0000000085d00000| Untracked 
|  94|0x0000000085e00000, 0x0000000085f00000, 0x0000000085f00000|100%| O|  |TAMS 0x0000000085f00000, 0x0000000085e00000| Untracked 
|  95|0x0000000085f00000, 0x0000000086000000, 0x0000000086000000|100%| O|  |TAMS 0x0000000086000000, 0x0000000085f00000| Untracked 
|  96|0x0000000086000000, 0x0000000086100000, 0x0000000086100000|100%| O|  |TAMS 0x0000000086100000, 0x0000000086000000| Untracked 
|  97|0x0000000086100000, 0x0000000086200000, 0x0000000086200000|100%| O|  |TAMS 0x0000000086200000, 0x0000000086100000| Untracked 
|  98|0x0000000086200000, 0x0000000086300000, 0x0000000086300000|100%| O|  |TAMS 0x0000000086300000, 0x0000000086200000| Untracked 
|  99|0x0000000086300000, 0x0000000086400000, 0x0000000086400000|100%| O|  |TAMS 0x0000000086400000, 0x0000000086300000| Untracked 
| 100|0x0000000086400000, 0x0000000086500000, 0x0000000086500000|100%| O|  |TAMS 0x0000000086500000, 0x0000000086400000| Untracked 
| 101|0x0000000086500000, 0x0000000086600000, 0x0000000086600000|100%| O|  |TAMS 0x0000000086600000, 0x0000000086500000| Untracked 
| 102|0x0000000086600000, 0x0000000086700000, 0x0000000086700000|100%| O|  |TAMS 0x0000000086700000, 0x0000000086600000| Untracked 
| 103|0x0000000086700000, 0x0000000086800000, 0x0000000086800000|100%|HS|  |TAMS 0x0000000086800000, 0x0000000086700000| Complete 
| 104|0x0000000086800000, 0x0000000086900000, 0x0000000086900000|100%|HS|  |TAMS 0x0000000086900000, 0x0000000086800000| Complete 
| 105|0x0000000086900000, 0x0000000086a00000, 0x0000000086a00000|100%|HS|  |TAMS 0x0000000086a00000, 0x0000000086900000| Complete 
| 106|0x0000000086a00000, 0x0000000086b00000, 0x0000000086b00000|100%|HC|  |TAMS 0x0000000086b00000, 0x0000000086a00000| Complete 
| 107|0x0000000086b00000, 0x0000000086c00000, 0x0000000086c00000|100%|HS|  |TAMS 0x0000000086c00000, 0x0000000086b00000| Complete 
| 108|0x0000000086c00000, 0x0000000086d00000, 0x0000000086d00000|100%|HC|  |TAMS 0x0000000086d00000, 0x0000000086c00000| Complete 
| 109|0x0000000086d00000, 0x0000000086e00000, 0x0000000086e00000|100%|HC|  |TAMS 0x0000000086e00000, 0x0000000086d00000| Complete 
| 110|0x0000000086e00000, 0x0000000086f00000, 0x0000000086f00000|100%| O|  |TAMS 0x0000000086f00000, 0x0000000086e00000| Untracked 
| 111|0x0000000086f00000, 0x0000000087000000, 0x0000000087000000|100%| O|  |TAMS 0x0000000087000000, 0x0000000086f00000| Untracked 
| 112|0x0000000087000000, 0x0000000087100000, 0x0000000087100000|100%| O|  |TAMS 0x0000000087100000, 0x0000000087000000| Untracked 
| 113|0x0000000087100000, 0x0000000087200000, 0x0000000087200000|100%|HS|  |TAMS 0x0000000087200000, 0x0000000087100000| Complete 
| 114|0x0000000087200000, 0x0000000087300000, 0x0000000087300000|100%|HC|  |TAMS 0x0000000087300000, 0x0000000087200000| Complete 
| 115|0x0000000087300000, 0x0000000087400000, 0x0000000087400000|100%|HC|  |TAMS 0x0000000087400000, 0x0000000087300000| Complete 
| 116|0x0000000087400000, 0x0000000087500000, 0x0000000087500000|100%|HS|  |TAMS 0x0000000087500000, 0x0000000087400000| Complete 
| 117|0x0000000087500000, 0x0000000087600000, 0x0000000087600000|100%|HC|  |TAMS 0x0000000087600000, 0x0000000087500000| Complete 
| 118|0x0000000087600000, 0x0000000087700000, 0x0000000087700000|100%|HC|  |TAMS 0x0000000087700000, 0x0000000087600000| Complete 
| 119|0x0000000087700000, 0x0000000087800000, 0x0000000087800000|100%|HC|  |TAMS 0x0000000087800000, 0x0000000087700000| Complete 
| 120|0x0000000087800000, 0x0000000087900000, 0x0000000087900000|100%| O|  |TAMS 0x0000000087900000, 0x0000000087800000| Untracked 
| 121|0x0000000087900000, 0x0000000087900000, 0x0000000087a00000|  0%| F|  |TAMS 0x0000000087900000, 0x0000000087900000| Untracked 
| 122|0x0000000087a00000, 0x0000000087b00000, 0x0000000087b00000|100%|HS|  |TAMS 0x0000000087b00000, 0x0000000087a00000| Complete 
| 123|0x0000000087b00000, 0x0000000087c00000, 0x0000000087c00000|100%|HC|  |TAMS 0x0000000087c00000, 0x0000000087b00000| Complete 
| 124|0x0000000087c00000, 0x0000000087d00000, 0x0000000087d00000|100%|HC|  |TAMS 0x0000000087d00000, 0x0000000087c00000| Complete 
| 125|0x0000000087d00000, 0x0000000087e00000, 0x0000000087e00000|100%|HC|  |TAMS 0x0000000087e00000, 0x0000000087d00000| Complete 
| 126|0x0000000087e00000, 0x0000000087f00000, 0x0000000087f00000|100%|HC|  |TAMS 0x0000000087f00000, 0x0000000087e00000| Complete 
| 127|0x0000000087f00000, 0x0000000088000000, 0x0000000088000000|100%|HS|  |TAMS 0x0000000088000000, 0x0000000087f00000| Complete 
| 128|0x0000000088000000, 0x0000000088100000, 0x0000000088100000|100%|HS|  |TAMS 0x0000000088100000, 0x0000000088000000| Complete 
| 129|0x0000000088100000, 0x0000000088200000, 0x0000000088200000|100%| O|  |TAMS 0x0000000088200000, 0x0000000088100000| Untracked 
| 130|0x0000000088200000, 0x0000000088300000, 0x0000000088300000|100%| O|  |TAMS 0x0000000088300000, 0x0000000088200000| Untracked 
| 131|0x0000000088300000, 0x0000000088300000, 0x0000000088400000|  0%| F|  |TAMS 0x0000000088300000, 0x0000000088300000| Untracked 
| 132|0x0000000088400000, 0x0000000088500000, 0x0000000088500000|100%| O|  |TAMS 0x0000000088500000, 0x0000000088400000| Untracked 
| 133|0x0000000088500000, 0x0000000088600000, 0x0000000088600000|100%| O|  |TAMS 0x0000000088600000, 0x0000000088500000| Untracked 
| 134|0x0000000088600000, 0x0000000088700000, 0x0000000088700000|100%| O|  |TAMS 0x0000000088700000, 0x0000000088600000| Untracked 
| 135|0x0000000088700000, 0x0000000088800000, 0x0000000088800000|100%| O|  |TAMS 0x0000000088800000, 0x0000000088700000| Untracked 
| 136|0x0000000088800000, 0x0000000088900000, 0x0000000088900000|100%| O|  |TAMS 0x0000000088900000, 0x0000000088800000| Untracked 
| 137|0x0000000088900000, 0x0000000088a00000, 0x0000000088a00000|100%| O|  |TAMS 0x0000000088a00000, 0x0000000088900000| Untracked 
| 138|0x0000000088a00000, 0x0000000088b00000, 0x0000000088b00000|100%| O|  |TAMS 0x0000000088b00000, 0x0000000088a00000| Untracked 
| 139|0x0000000088b00000, 0x0000000088b00000, 0x0000000088c00000|  0%| F|  |TAMS 0x0000000088b00000, 0x0000000088b00000| Untracked 
| 140|0x0000000088c00000, 0x0000000088d00000, 0x0000000088d00000|100%| O|  |TAMS 0x0000000088d00000, 0x0000000088c00000| Untracked 
| 141|0x0000000088d00000, 0x0000000088e00000, 0x0000000088e00000|100%| O|  |TAMS 0x0000000088e00000, 0x0000000088d00000| Untracked 
| 142|0x0000000088e00000, 0x0000000088f00000, 0x0000000088f00000|100%| O|  |TAMS 0x0000000088f00000, 0x0000000088e00000| Untracked 
| 143|0x0000000088f00000, 0x0000000089000000, 0x0000000089000000|100%| O|  |TAMS 0x0000000089000000, 0x0000000088f00000| Untracked 
| 144|0x0000000089000000, 0x0000000089100000, 0x0000000089100000|100%| O|  |TAMS 0x0000000089100000, 0x0000000089000000| Untracked 
| 145|0x0000000089100000, 0x0000000089200000, 0x0000000089200000|100%| O|  |TAMS 0x0000000089200000, 0x0000000089100000| Untracked 
| 146|0x0000000089200000, 0x0000000089300000, 0x0000000089300000|100%| O|  |TAMS 0x0000000089300000, 0x0000000089200000| Untracked 
| 147|0x0000000089300000, 0x0000000089400000, 0x0000000089400000|100%| O|  |TAMS 0x0000000089400000, 0x0000000089300000| Untracked 
| 148|0x0000000089400000, 0x0000000089500000, 0x0000000089500000|100%| O|  |TAMS 0x0000000089500000, 0x0000000089400000| Untracked 
| 149|0x0000000089500000, 0x0000000089600000, 0x0000000089600000|100%| O|  |TAMS 0x0000000089600000, 0x0000000089500000| Untracked 
| 150|0x0000000089600000, 0x0000000089700000, 0x0000000089700000|100%| O|  |TAMS 0x0000000089700000, 0x0000000089600000| Untracked 
| 151|0x0000000089700000, 0x0000000089800000, 0x0000000089800000|100%| O|  |TAMS 0x0000000089800000, 0x0000000089700000| Untracked 
| 152|0x0000000089800000, 0x0000000089900000, 0x0000000089900000|100%| O|  |TAMS 0x0000000089900000, 0x0000000089800000| Untracked 
| 153|0x0000000089900000, 0x0000000089a00000, 0x0000000089a00000|100%| O|  |TAMS 0x0000000089a00000, 0x0000000089900000| Untracked 
| 154|0x0000000089a00000, 0x0000000089b00000, 0x0000000089b00000|100%| O|  |TAMS 0x0000000089b00000, 0x0000000089a00000| Untracked 
| 155|0x0000000089b00000, 0x0000000089c00000, 0x0000000089c00000|100%| O|  |TAMS 0x0000000089c00000, 0x0000000089b00000| Untracked 
| 156|0x0000000089c00000, 0x0000000089d00000, 0x0000000089d00000|100%| O|  |TAMS 0x0000000089d00000, 0x0000000089c00000| Untracked 
| 157|0x0000000089d00000, 0x0000000089e00000, 0x0000000089e00000|100%| O|  |TAMS 0x0000000089e00000, 0x0000000089d00000| Untracked 
| 158|0x0000000089e00000, 0x0000000089f00000, 0x0000000089f00000|100%| O|  |TAMS 0x0000000089f00000, 0x0000000089e00000| Untracked 
| 159|0x0000000089f00000, 0x000000008a000000, 0x000000008a000000|100%| O|  |TAMS 0x000000008a000000, 0x0000000089f00000| Untracked 
| 160|0x000000008a000000, 0x000000008a100000, 0x000000008a100000|100%| O|  |TAMS 0x000000008a0bd600, 0x000000008a000000| Untracked 
| 161|0x000000008a100000, 0x000000008a200000, 0x000000008a200000|100%| O|  |TAMS 0x000000008a100000, 0x000000008a100000| Untracked 
| 162|0x000000008a200000, 0x000000008a300000, 0x000000008a300000|100%| O|  |TAMS 0x000000008a200000, 0x000000008a200000| Untracked 
| 163|0x000000008a300000, 0x000000008a400000, 0x000000008a400000|100%| O|  |TAMS 0x000000008a300000, 0x000000008a300000| Untracked 
| 164|0x000000008a400000, 0x000000008a500000, 0x000000008a500000|100%| O|  |TAMS 0x000000008a400000, 0x000000008a400000| Untracked 
| 165|0x000000008a500000, 0x000000008a600000, 0x000000008a600000|100%| O|  |TAMS 0x000000008a500000, 0x000000008a500000| Untracked 
| 166|0x000000008a600000, 0x000000008a700000, 0x000000008a700000|100%| O|  |TAMS 0x000000008a600000, 0x000000008a600000| Untracked 
| 167|0x000000008a700000, 0x000000008a800000, 0x000000008a800000|100%| O|  |TAMS 0x000000008a700000, 0x000000008a700000| Untracked 
| 168|0x000000008a800000, 0x000000008a900000, 0x000000008a900000|100%| O|  |TAMS 0x000000008a800000, 0x000000008a800000| Untracked 
| 169|0x000000008a900000, 0x000000008aa00000, 0x000000008aa00000|100%| O|  |TAMS 0x000000008a900000, 0x000000008a900000| Untracked 
| 170|0x000000008aa00000, 0x000000008ab00000, 0x000000008ab00000|100%| O|  |TAMS 0x000000008aa00000, 0x000000008aa00000| Untracked 
| 171|0x000000008ab00000, 0x000000008ac00000, 0x000000008ac00000|100%| O|  |TAMS 0x000000008ab00000, 0x000000008ab00000| Untracked 
| 172|0x000000008ac00000, 0x000000008ad00000, 0x000000008ad00000|100%| O|  |TAMS 0x000000008ac00000, 0x000000008ac00000| Untracked 
| 173|0x000000008ad00000, 0x000000008ad35400, 0x000000008ae00000| 20%| O|  |TAMS 0x000000008ad00000, 0x000000008ad00000| Untracked 
| 174|0x000000008ae00000, 0x000000008ae00000, 0x000000008af00000|  0%| F|  |TAMS 0x000000008ae00000, 0x000000008ae00000| Untracked 
| 175|0x000000008af00000, 0x000000008af00000, 0x000000008b000000|  0%| F|  |TAMS 0x000000008af00000, 0x000000008af00000| Untracked 
| 176|0x000000008b000000, 0x000000008b000000, 0x000000008b100000|  0%| F|  |TAMS 0x000000008b000000, 0x000000008b000000| Untracked 
| 177|0x000000008b100000, 0x000000008b100000, 0x000000008b200000|  0%| F|  |TAMS 0x000000008b100000, 0x000000008b100000| Untracked 
| 178|0x000000008b200000, 0x000000008b200000, 0x000000008b300000|  0%| F|  |TAMS 0x000000008b200000, 0x000000008b200000| Untracked 
| 179|0x000000008b300000, 0x000000008b300000, 0x000000008b400000|  0%| F|  |TAMS 0x000000008b300000, 0x000000008b300000| Untracked 
| 180|0x000000008b400000, 0x000000008b400000, 0x000000008b500000|  0%| F|  |TAMS 0x000000008b400000, 0x000000008b400000| Untracked 
| 181|0x000000008b500000, 0x000000008b500000, 0x000000008b600000|  0%| F|  |TAMS 0x000000008b500000, 0x000000008b500000| Untracked 
| 182|0x000000008b600000, 0x000000008b600000, 0x000000008b700000|  0%| F|  |TAMS 0x000000008b600000, 0x000000008b600000| Untracked 
| 183|0x000000008b700000, 0x000000008b700000, 0x000000008b800000|  0%| F|  |TAMS 0x000000008b700000, 0x000000008b700000| Untracked 
| 184|0x000000008b800000, 0x000000008b800000, 0x000000008b900000|  0%| F|  |TAMS 0x000000008b800000, 0x000000008b800000| Untracked 
| 185|0x000000008b900000, 0x000000008b900000, 0x000000008ba00000|  0%| F|  |TAMS 0x000000008b900000, 0x000000008b900000| Untracked 
| 186|0x000000008ba00000, 0x000000008ba00000, 0x000000008bb00000|  0%| F|  |TAMS 0x000000008ba00000, 0x000000008ba00000| Untracked 
| 187|0x000000008bb00000, 0x000000008bb00000, 0x000000008bc00000|  0%| F|  |TAMS 0x000000008bb00000, 0x000000008bb00000| Untracked 
| 188|0x000000008bc00000, 0x000000008bc00000, 0x000000008bd00000|  0%| F|  |TAMS 0x000000008bc00000, 0x000000008bc00000| Untracked 
| 189|0x000000008bd00000, 0x000000008bd00000, 0x000000008be00000|  0%| F|  |TAMS 0x000000008bd00000, 0x000000008bd00000| Untracked 
| 190|0x000000008be00000, 0x000000008be00000, 0x000000008bf00000|  0%| F|  |TAMS 0x000000008be00000, 0x000000008be00000| Untracked 
| 191|0x000000008bf00000, 0x000000008bf00000, 0x000000008c000000|  0%| F|  |TAMS 0x000000008bf00000, 0x000000008bf00000| Untracked 
| 192|0x000000008c000000, 0x000000008c000000, 0x000000008c100000|  0%| F|  |TAMS 0x000000008c000000, 0x000000008c000000| Untracked 
| 193|0x000000008c100000, 0x000000008c100000, 0x000000008c200000|  0%| F|  |TAMS 0x000000008c100000, 0x000000008c100000| Untracked 
| 194|0x000000008c200000, 0x000000008c200000, 0x000000008c300000|  0%| F|  |TAMS 0x000000008c200000, 0x000000008c200000| Untracked 
| 195|0x000000008c300000, 0x000000008c300000, 0x000000008c400000|  0%| F|  |TAMS 0x000000008c300000, 0x000000008c300000| Untracked 
| 196|0x000000008c400000, 0x000000008c400000, 0x000000008c500000|  0%| F|  |TAMS 0x000000008c400000, 0x000000008c400000| Untracked 
| 197|0x000000008c500000, 0x000000008c500000, 0x000000008c600000|  0%| F|  |TAMS 0x000000008c500000, 0x000000008c500000| Untracked 
| 198|0x000000008c600000, 0x000000008c600000, 0x000000008c700000|  0%| F|  |TAMS 0x000000008c600000, 0x000000008c600000| Untracked 
| 199|0x000000008c700000, 0x000000008c700000, 0x000000008c800000|  0%| F|  |TAMS 0x000000008c700000, 0x000000008c700000| Untracked 
| 200|0x000000008c800000, 0x000000008c800000, 0x000000008c900000|  0%| F|  |TAMS 0x000000008c800000, 0x000000008c800000| Untracked 
| 201|0x000000008c900000, 0x000000008c900000, 0x000000008ca00000|  0%| F|  |TAMS 0x000000008c900000, 0x000000008c900000| Untracked 
| 202|0x000000008ca00000, 0x000000008ca00000, 0x000000008cb00000|  0%| F|  |TAMS 0x000000008ca00000, 0x000000008ca00000| Untracked 
| 203|0x000000008cb00000, 0x000000008cb00000, 0x000000008cc00000|  0%| F|  |TAMS 0x000000008cb00000, 0x000000008cb00000| Untracked 
| 204|0x000000008cc00000, 0x000000008cc00000, 0x000000008cd00000|  0%| F|  |TAMS 0x000000008cc00000, 0x000000008cc00000| Untracked 
| 205|0x000000008cd00000, 0x000000008cd00000, 0x000000008ce00000|  0%| F|  |TAMS 0x000000008cd00000, 0x000000008cd00000| Untracked 
| 206|0x000000008ce00000, 0x000000008ce00000, 0x000000008cf00000|  0%| F|  |TAMS 0x000000008ce00000, 0x000000008ce00000| Untracked 
| 207|0x000000008cf00000, 0x000000008cf00000, 0x000000008d000000|  0%| F|  |TAMS 0x000000008cf00000, 0x000000008cf00000| Untracked 
| 208|0x000000008d000000, 0x000000008d000000, 0x000000008d100000|  0%| F|  |TAMS 0x000000008d000000, 0x000000008d000000| Untracked 
| 209|0x000000008d100000, 0x000000008d100000, 0x000000008d200000|  0%| F|  |TAMS 0x000000008d100000, 0x000000008d100000| Untracked 
| 210|0x000000008d200000, 0x000000008d200000, 0x000000008d300000|  0%| F|  |TAMS 0x000000008d200000, 0x000000008d200000| Untracked 
| 211|0x000000008d300000, 0x000000008d300000, 0x000000008d400000|  0%| F|  |TAMS 0x000000008d300000, 0x000000008d300000| Untracked 
| 212|0x000000008d400000, 0x000000008d400000, 0x000000008d500000|  0%| F|  |TAMS 0x000000008d400000, 0x000000008d400000| Untracked 
| 213|0x000000008d500000, 0x000000008d500000, 0x000000008d600000|  0%| F|  |TAMS 0x000000008d500000, 0x000000008d500000| Untracked 
| 214|0x000000008d600000, 0x000000008d600000, 0x000000008d700000|  0%| F|  |TAMS 0x000000008d600000, 0x000000008d600000| Untracked 
| 215|0x000000008d700000, 0x000000008d700000, 0x000000008d800000|  0%| F|  |TAMS 0x000000008d700000, 0x000000008d700000| Untracked 
| 216|0x000000008d800000, 0x000000008d800000, 0x000000008d900000|  0%| F|  |TAMS 0x000000008d800000, 0x000000008d800000| Untracked 
| 217|0x000000008d900000, 0x000000008d900000, 0x000000008da00000|  0%| F|  |TAMS 0x000000008d900000, 0x000000008d900000| Untracked 
| 218|0x000000008da00000, 0x000000008da00000, 0x000000008db00000|  0%| F|  |TAMS 0x000000008da00000, 0x000000008da00000| Untracked 
| 219|0x000000008db00000, 0x000000008db00000, 0x000000008dc00000|  0%| F|  |TAMS 0x000000008db00000, 0x000000008db00000| Untracked 
| 220|0x000000008dc00000, 0x000000008dc00000, 0x000000008dd00000|  0%| F|  |TAMS 0x000000008dc00000, 0x000000008dc00000| Untracked 
| 221|0x000000008dd00000, 0x000000008dd00000, 0x000000008de00000|  0%| F|  |TAMS 0x000000008dd00000, 0x000000008dd00000| Untracked 
| 222|0x000000008de00000, 0x000000008de00000, 0x000000008df00000|  0%| F|  |TAMS 0x000000008de00000, 0x000000008de00000| Untracked 
| 223|0x000000008df00000, 0x000000008df00000, 0x000000008e000000|  0%| F|  |TAMS 0x000000008df00000, 0x000000008df00000| Untracked 
| 224|0x000000008e000000, 0x000000008e000000, 0x000000008e100000|  0%| F|  |TAMS 0x000000008e000000, 0x000000008e000000| Untracked 
| 225|0x000000008e100000, 0x000000008e100000, 0x000000008e200000|  0%| F|  |TAMS 0x000000008e100000, 0x000000008e100000| Untracked 
| 226|0x000000008e200000, 0x000000008e200000, 0x000000008e300000|  0%| F|  |TAMS 0x000000008e200000, 0x000000008e200000| Untracked 
| 227|0x000000008e300000, 0x000000008e300000, 0x000000008e400000|  0%| F|  |TAMS 0x000000008e300000, 0x000000008e300000| Untracked 
| 228|0x000000008e400000, 0x000000008e400000, 0x000000008e500000|  0%| F|  |TAMS 0x000000008e400000, 0x000000008e400000| Untracked 
| 229|0x000000008e500000, 0x000000008e500000, 0x000000008e600000|  0%| F|  |TAMS 0x000000008e500000, 0x000000008e500000| Untracked 
| 230|0x000000008e600000, 0x000000008e600000, 0x000000008e700000|  0%| F|  |TAMS 0x000000008e600000, 0x000000008e600000| Untracked 
| 231|0x000000008e700000, 0x000000008e700000, 0x000000008e800000|  0%| F|  |TAMS 0x000000008e700000, 0x000000008e700000| Untracked 
| 232|0x000000008e800000, 0x000000008e800000, 0x000000008e900000|  0%| F|  |TAMS 0x000000008e800000, 0x000000008e800000| Untracked 
| 233|0x000000008e900000, 0x000000008e900000, 0x000000008ea00000|  0%| F|  |TAMS 0x000000008e900000, 0x000000008e900000| Untracked 
| 234|0x000000008ea00000, 0x000000008ea00000, 0x000000008eb00000|  0%| F|  |TAMS 0x000000008ea00000, 0x000000008ea00000| Untracked 
| 235|0x000000008eb00000, 0x000000008eb00000, 0x000000008ec00000|  0%| F|  |TAMS 0x000000008eb00000, 0x000000008eb00000| Untracked 
| 236|0x000000008ec00000, 0x000000008ec00000, 0x000000008ed00000|  0%| F|  |TAMS 0x000000008ec00000, 0x000000008ec00000| Untracked 
| 237|0x000000008ed00000, 0x000000008ed00000, 0x000000008ee00000|  0%| F|  |TAMS 0x000000008ed00000, 0x000000008ed00000| Untracked 
| 238|0x000000008ee00000, 0x000000008ee00000, 0x000000008ef00000|  0%| F|  |TAMS 0x000000008ee00000, 0x000000008ee00000| Untracked 
| 239|0x000000008ef00000, 0x000000008ef00000, 0x000000008f000000|  0%| F|  |TAMS 0x000000008ef00000, 0x000000008ef00000| Untracked 
| 240|0x000000008f000000, 0x000000008f000000, 0x000000008f100000|  0%| F|  |TAMS 0x000000008f000000, 0x000000008f000000| Untracked 
| 241|0x000000008f100000, 0x000000008f100000, 0x000000008f200000|  0%| F|  |TAMS 0x000000008f100000, 0x000000008f100000| Untracked 
| 242|0x000000008f200000, 0x000000008f200000, 0x000000008f300000|  0%| F|  |TAMS 0x000000008f200000, 0x000000008f200000| Untracked 
| 243|0x000000008f300000, 0x000000008f300000, 0x000000008f400000|  0%| F|  |TAMS 0x000000008f300000, 0x000000008f300000| Untracked 
| 244|0x000000008f400000, 0x000000008f400000, 0x000000008f500000|  0%| F|  |TAMS 0x000000008f400000, 0x000000008f400000| Untracked 
| 245|0x000000008f500000, 0x000000008f500000, 0x000000008f600000|  0%| F|  |TAMS 0x000000008f500000, 0x000000008f500000| Untracked 
| 246|0x000000008f600000, 0x000000008f600000, 0x000000008f700000|  0%| F|  |TAMS 0x000000008f600000, 0x000000008f600000| Untracked 
| 247|0x000000008f700000, 0x000000008f700000, 0x000000008f800000|  0%| F|  |TAMS 0x000000008f700000, 0x000000008f700000| Untracked 
| 248|0x000000008f800000, 0x000000008f800000, 0x000000008f900000|  0%| F|  |TAMS 0x000000008f800000, 0x000000008f800000| Untracked 
| 249|0x000000008f900000, 0x000000008f900000, 0x000000008fa00000|  0%| F|  |TAMS 0x000000008f900000, 0x000000008f900000| Untracked 
| 250|0x000000008fa00000, 0x000000008fa00000, 0x000000008fb00000|  0%| F|  |TAMS 0x000000008fa00000, 0x000000008fa00000| Untracked 
| 251|0x000000008fb00000, 0x000000008fb00000, 0x000000008fc00000|  0%| F|  |TAMS 0x000000008fb00000, 0x000000008fb00000| Untracked 
| 252|0x000000008fc00000, 0x000000008fc00000, 0x000000008fd00000|  0%| F|  |TAMS 0x000000008fc00000, 0x000000008fc00000| Untracked 
| 253|0x000000008fd00000, 0x000000008fd00000, 0x000000008fe00000|  0%| F|  |TAMS 0x000000008fd00000, 0x000000008fd00000| Untracked 
| 254|0x000000008fe00000, 0x000000008fe00000, 0x000000008ff00000|  0%| F|  |TAMS 0x000000008fe00000, 0x000000008fe00000| Untracked 
| 255|0x000000008ff00000, 0x000000008ff00000, 0x0000000090000000|  0%| F|  |TAMS 0x000000008ff00000, 0x000000008ff00000| Untracked 
| 256|0x0000000090000000, 0x0000000090000000, 0x0000000090100000|  0%| F|  |TAMS 0x0000000090000000, 0x0000000090000000| Untracked 
| 257|0x0000000090100000, 0x0000000090100000, 0x0000000090200000|  0%| F|  |TAMS 0x0000000090100000, 0x0000000090100000| Untracked 
| 258|0x0000000090200000, 0x0000000090200000, 0x0000000090300000|  0%| F|  |TAMS 0x0000000090200000, 0x0000000090200000| Untracked 
| 259|0x0000000090300000, 0x0000000090300000, 0x0000000090400000|  0%| F|  |TAMS 0x0000000090300000, 0x0000000090300000| Untracked 
| 260|0x0000000090400000, 0x0000000090400000, 0x0000000090500000|  0%| F|  |TAMS 0x0000000090400000, 0x0000000090400000| Untracked 
| 261|0x0000000090500000, 0x0000000090500000, 0x0000000090600000|  0%| F|  |TAMS 0x0000000090500000, 0x0000000090500000| Untracked 
| 262|0x0000000090600000, 0x0000000090600000, 0x0000000090700000|  0%| F|  |TAMS 0x0000000090600000, 0x0000000090600000| Untracked 
| 263|0x0000000090700000, 0x0000000090700000, 0x0000000090800000|  0%| F|  |TAMS 0x0000000090700000, 0x0000000090700000| Untracked 
| 264|0x0000000090800000, 0x0000000090800000, 0x0000000090900000|  0%| F|  |TAMS 0x0000000090800000, 0x0000000090800000| Untracked 
| 265|0x0000000090900000, 0x0000000090900000, 0x0000000090a00000|  0%| F|  |TAMS 0x0000000090900000, 0x0000000090900000| Untracked 
| 266|0x0000000090a00000, 0x0000000090a00000, 0x0000000090b00000|  0%| F|  |TAMS 0x0000000090a00000, 0x0000000090a00000| Untracked 
| 267|0x0000000090b00000, 0x0000000090b00000, 0x0000000090c00000|  0%| F|  |TAMS 0x0000000090b00000, 0x0000000090b00000| Untracked 
| 268|0x0000000090c00000, 0x0000000090c00000, 0x0000000090d00000|  0%| F|  |TAMS 0x0000000090c00000, 0x0000000090c00000| Untracked 
| 269|0x0000000090d00000, 0x0000000090d00000, 0x0000000090e00000|  0%| F|  |TAMS 0x0000000090d00000, 0x0000000090d00000| Untracked 
| 270|0x0000000090e00000, 0x0000000090e00000, 0x0000000090f00000|  0%| F|  |TAMS 0x0000000090e00000, 0x0000000090e00000| Untracked 
| 271|0x0000000090f00000, 0x0000000090f00000, 0x0000000091000000|  0%| F|  |TAMS 0x0000000090f00000, 0x0000000090f00000| Untracked 
| 272|0x0000000091000000, 0x0000000091000000, 0x0000000091100000|  0%| F|  |TAMS 0x0000000091000000, 0x0000000091000000| Untracked 
| 273|0x0000000091100000, 0x0000000091100000, 0x0000000091200000|  0%| F|  |TAMS 0x0000000091100000, 0x0000000091100000| Untracked 
| 274|0x0000000091200000, 0x0000000091200000, 0x0000000091300000|  0%| F|  |TAMS 0x0000000091200000, 0x0000000091200000| Untracked 
| 275|0x0000000091300000, 0x0000000091300000, 0x0000000091400000|  0%| F|  |TAMS 0x0000000091300000, 0x0000000091300000| Untracked 
| 276|0x0000000091400000, 0x0000000091400000, 0x0000000091500000|  0%| F|  |TAMS 0x0000000091400000, 0x0000000091400000| Untracked 
| 277|0x0000000091500000, 0x0000000091500000, 0x0000000091600000|  0%| F|  |TAMS 0x0000000091500000, 0x0000000091500000| Untracked 
| 278|0x0000000091600000, 0x0000000091600000, 0x0000000091700000|  0%| F|  |TAMS 0x0000000091600000, 0x0000000091600000| Untracked 
| 279|0x0000000091700000, 0x0000000091700000, 0x0000000091800000|  0%| F|  |TAMS 0x0000000091700000, 0x0000000091700000| Untracked 
| 280|0x0000000091800000, 0x0000000091800000, 0x0000000091900000|  0%| F|  |TAMS 0x0000000091800000, 0x0000000091800000| Untracked 
| 281|0x0000000091900000, 0x0000000091a00000, 0x0000000091a00000|100%| E|  |TAMS 0x0000000091900000, 0x0000000091900000| Complete 
| 282|0x0000000091a00000, 0x0000000091b00000, 0x0000000091b00000|100%| E|CS|TAMS 0x0000000091a00000, 0x0000000091a00000| Complete 
| 283|0x0000000091b00000, 0x0000000091c00000, 0x0000000091c00000|100%| E|CS|TAMS 0x0000000091b00000, 0x0000000091b00000| Complete 
| 284|0x0000000091c00000, 0x0000000091d00000, 0x0000000091d00000|100%| E|CS|TAMS 0x0000000091c00000, 0x0000000091c00000| Complete 
| 285|0x0000000091d00000, 0x0000000091e00000, 0x0000000091e00000|100%| E|CS|TAMS 0x0000000091d00000, 0x0000000091d00000| Complete 
| 286|0x0000000091e00000, 0x0000000091f00000, 0x0000000091f00000|100%| E|CS|TAMS 0x0000000091e00000, 0x0000000091e00000| Complete 
| 287|0x0000000091f00000, 0x0000000092000000, 0x0000000092000000|100%| E|CS|TAMS 0x0000000091f00000, 0x0000000091f00000| Complete 
| 288|0x0000000092000000, 0x0000000092100000, 0x0000000092100000|100%| E|CS|TAMS 0x0000000092000000, 0x0000000092000000| Complete 
| 289|0x0000000092100000, 0x0000000092200000, 0x0000000092200000|100%| E|CS|TAMS 0x0000000092100000, 0x0000000092100000| Complete 
| 290|0x0000000092200000, 0x0000000092300000, 0x0000000092300000|100%| E|CS|TAMS 0x0000000092200000, 0x0000000092200000| Complete 
| 291|0x0000000092300000, 0x0000000092400000, 0x0000000092400000|100%| E|CS|TAMS 0x0000000092300000, 0x0000000092300000| Complete 
| 292|0x0000000092400000, 0x0000000092500000, 0x0000000092500000|100%| E|CS|TAMS 0x0000000092400000, 0x0000000092400000| Complete 
| 293|0x0000000092500000, 0x0000000092600000, 0x0000000092600000|100%| E|CS|TAMS 0x0000000092500000, 0x0000000092500000| Complete 
| 294|0x0000000092600000, 0x0000000092700000, 0x0000000092700000|100%| S|CS|TAMS 0x0000000092600000, 0x0000000092600000| Complete 
| 295|0x0000000092700000, 0x0000000092800000, 0x0000000092800000|100%| S|CS|TAMS 0x0000000092700000, 0x0000000092700000| Complete 
| 296|0x0000000092800000, 0x0000000092900000, 0x0000000092900000|100%| E|CS|TAMS 0x0000000092800000, 0x0000000092800000| Complete 
| 297|0x0000000092900000, 0x0000000092a00000, 0x0000000092a00000|100%| E|CS|TAMS 0x0000000092900000, 0x0000000092900000| Complete 
| 298|0x0000000092a00000, 0x0000000092b00000, 0x0000000092b00000|100%| E|CS|TAMS 0x0000000092a00000, 0x0000000092a00000| Complete 
| 299|0x0000000092b00000, 0x0000000092c00000, 0x0000000092c00000|100%| E|CS|TAMS 0x0000000092b00000, 0x0000000092b00000| Complete 
| 300|0x0000000092c00000, 0x0000000092d00000, 0x0000000092d00000|100%| E|CS|TAMS 0x0000000092c00000, 0x0000000092c00000| Complete 
| 301|0x0000000092d00000, 0x0000000092e00000, 0x0000000092e00000|100%| E|CS|TAMS 0x0000000092d00000, 0x0000000092d00000| Complete 
| 302|0x0000000092e00000, 0x0000000092f00000, 0x0000000092f00000|100%| E|CS|TAMS 0x0000000092e00000, 0x0000000092e00000| Complete 
| 303|0x0000000092f00000, 0x0000000093000000, 0x0000000093000000|100%| E|CS|TAMS 0x0000000092f00000, 0x0000000092f00000| Complete 
| 304|0x0000000093000000, 0x0000000093100000, 0x0000000093100000|100%| E|CS|TAMS 0x0000000093000000, 0x0000000093000000| Complete 
| 305|0x0000000093100000, 0x0000000093200000, 0x0000000093200000|100%| E|CS|TAMS 0x0000000093100000, 0x0000000093100000| Complete 
| 306|0x0000000093200000, 0x0000000093300000, 0x0000000093300000|100%| E|CS|TAMS 0x0000000093200000, 0x0000000093200000| Complete 
| 307|0x0000000093300000, 0x0000000093400000, 0x0000000093400000|100%| E|CS|TAMS 0x0000000093300000, 0x0000000093300000| Complete 
| 308|0x0000000093400000, 0x0000000093500000, 0x0000000093500000|100%| E|CS|TAMS 0x0000000093400000, 0x0000000093400000| Complete 

Card table byte_map: [0x0000017fc3760000,0x0000017fc3b60000] _byte_map_base: 0x0000017fc3360000

Marking Bits (Prev, Next): (CMBitMap*) 0x0000017fab3a56a0, (CMBitMap*) 0x0000017fab3a5660
 Prev Bits: [0x0000017fc5f60000, 0x0000017fc7f60000)
 Next Bits: [0x0000017fc3f60000, 0x0000017fc5f60000)

Polling page: 0x0000017fa9a50000

Metaspace:

Usage:
  Non-class:     89.29 MB used.
      Class:     13.14 MB used.
       Both:    102.42 MB used.

Virtual space:
  Non-class space:       96.00 MB reserved,      89.63 MB ( 93%) committed,  12 nodes.
      Class space:        1.00 GB reserved,      13.63 MB (  1%) committed,  1 nodes.
              Both:        1.09 GB reserved,     103.25 MB (  9%) committed. 

Chunk freelists:
   Non-Class:  2.16 MB
       Class:  2.48 MB
        Both:  4.63 MB

MaxMetaspaceSize: 17179869184.00 GB
CompressedClassSpaceSize: 1.00 GB
 - commit_granule_bytes: 65536.
 - commit_granule_words: 8192.
 - virtual_space_node_default_size: 1048576.
 - enlarge_chunks_in_place: 1.
 - new_chunks_are_fully_committed: 0.
 - uncommit_free_chunks: 1.
 - use_allocation_guard: 0.
 - handle_deallocations: 1.


Internal statistics:

num_allocs_failed_limit: 12.
num_arena_births: 1412.
num_arena_deaths: 416.
num_vsnodes_births: 13.
num_vsnodes_deaths: 0.
num_space_committed: 1652.
num_space_uncommitted: 0.
num_chunks_returned_to_freelist: 563.
num_chunks_taken_from_freelist: 5880.
num_chunk_merges: 200.
num_chunk_splits: 3678.
num_chunks_enlarged: 2313.
num_purges: 4.

CodeHeap 'non-profiled nmethods': size=120000Kb used=8329Kb max_used=8329Kb free=111670Kb
 bounds [0x0000017fbb810000, 0x0000017fbc050000, 0x0000017fc2d40000]
CodeHeap 'profiled nmethods': size=120000Kb used=26404Kb max_used=26404Kb free=93595Kb
 bounds [0x0000017fb42e0000, 0x0000017fb5cf0000, 0x0000017fbb810000]
CodeHeap 'non-nmethods': size=5760Kb used=2475Kb max_used=2562Kb free=3284Kb
 bounds [0x0000017fb3d40000, 0x0000017fb3fd0000, 0x0000017fb42e0000]
 total_blobs=13835 nmethods=12825 adapters=922
 compilation: enabled
              stopped_count=0, restarted_count=0
 full_count=0

Compilation events (20 events):
Event: 4592.600 Thread 0x0000017fca573820 nmethod 15260 0x0000017fbbac0c10 code [0x0000017fbbac0da0, 0x0000017fbbac1518]
Event: 4592.600 Thread 0x0000017fca573820 15262       4       org.gradle.internal.operations.DefaultBuildOperationRunner$3::execute (12 bytes)
Event: 4592.606 Thread 0x0000017fca577190 15266       1       com.android.build.gradle.internal.dependency.AarTransform$Parameters_Decorated::getModelIdentityDisplayName (5 bytes)
Event: 4592.606 Thread 0x0000017fca577190 nmethod 15266 0x0000017fbbac0910 code [0x0000017fbbac0aa0, 0x0000017fbbac0b78]
Event: 4592.637 Thread 0x0000017fca577190 15267       3       org.gradle.tooling.internal.provider.runner.PluginApplicationTracker$$Lambda$1314/0x0000000801865ef0::test (16 bytes)
Event: 4592.638 Thread 0x0000017fca577190 nmethod 15267 0x0000017fb591ad10 code [0x0000017fb591af00, 0x0000017fb591b4b8]
Event: 4592.642 Thread 0x0000017fca577190 15268       3       com.android.build.gradle.internal.DependencyConfigurator$configureGeneralTransforms$13::execute (9 bytes)
Event: 4592.643 Thread 0x0000017fca577190 nmethod 15268 0x0000017fb591a710 code [0x0000017fb591a8c0, 0x0000017fb591ab08]
Event: 4592.643 Thread 0x0000017fca577190 15269       3       com.android.build.gradle.internal.DependencyConfigurator$configureGeneralTransforms$13::execute (53 bytes)
Event: 4592.645 Thread 0x0000017fca577190 nmethod 15269 0x0000017fb46cdd90 code [0x0000017fb46ce020, 0x0000017fb46ceac8]
Event: 4592.786 Thread 0x0000017fca577190 15270       3       org.jetbrains.kotlin.gradle.plugin.mpp.AbstractKotlinCompilation::getCompilationName (5 bytes)
Event: 4592.798 Thread 0x0000017fca577190 nmethod 15270 0x0000017fb57d8190 code [0x0000017fb57d8320, 0x0000017fb57d84d8]
Event: 4592.815 Thread 0x0000017fca577190 15271       3       kotlin.text.MatcherMatchResult::access$getMatchResult$p (5 bytes)
Event: 4592.820 Thread 0x0000017fca577190 nmethod 15271 0x0000017fb57fc790 code [0x0000017fb57fc940, 0x0000017fb57fca98]
Event: 4592.820 Thread 0x0000017fca577190 15272       3       kotlin.text.MatcherMatchResult::getMatchResult (8 bytes)
Event: 4592.820 Thread 0x0000017fca577190 nmethod 15272 0x0000017fb4cafe90 code [0x0000017fb4cb0020, 0x0000017fb4cb0138]
Event: 4592.820 Thread 0x0000017fca577190 15273       1       kotlin.text.MatchGroup::getValue (5 bytes)
Event: 4592.821 Thread 0x0000017fca577190 nmethod 15273 0x0000017fbbac0610 code [0x0000017fbbac07a0, 0x0000017fbbac0878]
Event: 4592.852 Thread 0x0000017fca577190 15275       3       org.gradle.api.internal.collections.DefaultPendingSource::size (43 bytes)
Event: 4592.853 Thread 0x0000017fca577190 nmethod 15275 0x0000017fb4cd1090 code [0x0000017fb4cd1280, 0x0000017fb4cd1978]

GC Heap History (20 events):
Event: 36.202 GC heap before
{Heap before GC invocations=42 (full 0):
 garbage-first heap   total 254976K, used 197274K [0x0000000080000000, 0x0000000100000000)
  region size 1024K, 54 young (55296K), 6 survivors (6144K)
 Metaspace       used 85961K, committed 86656K, reserved 1130496K
  class space    used 11212K, committed 11520K, reserved 1048576K
}
Event: 36.221 GC heap after
{Heap after GC invocations=43 (full 0):
 garbage-first heap   total 254976K, used 151175K [0x0000000080000000, 0x0000000100000000)
  region size 1024K, 7 young (7168K), 7 survivors (7168K)
 Metaspace       used 85961K, committed 86656K, reserved 1130496K
  class space    used 11212K, committed 11520K, reserved 1048576K
}
Event: 38.368 GC heap before
{Heap before GC invocations=43 (full 0):
 garbage-first heap   total 254976K, used 199303K [0x0000000080000000, 0x0000000100000000)
  region size 1024K, 55 young (56320K), 7 survivors (7168K)
 Metaspace       used 87387K, committed 88064K, reserved 1130496K
  class space    used 11425K, committed 11712K, reserved 1048576K
}
Event: 38.391 GC heap after
{Heap after GC invocations=44 (full 0):
 garbage-first heap   total 254976K, used 154499K [0x0000000080000000, 0x0000000100000000)
  region size 1024K, 5 young (5120K), 5 survivors (5120K)
 Metaspace       used 87387K, committed 88064K, reserved 1130496K
  class space    used 11425K, committed 11712K, reserved 1048576K
}
Event: 40.952 GC heap before
{Heap before GC invocations=45 (full 0):
 garbage-first heap   total 265216K, used 202627K [0x0000000080000000, 0x0000000100000000)
  region size 1024K, 53 young (54272K), 5 survivors (5120K)
 Metaspace       used 87671K, committed 88384K, reserved 1130496K
  class space    used 11430K, committed 11712K, reserved 1048576K
}
Event: 40.964 GC heap after
{Heap after GC invocations=46 (full 0):
 garbage-first heap   total 265216K, used 157260K [0x0000000080000000, 0x0000000100000000)
  region size 1024K, 3 young (3072K), 3 survivors (3072K)
 Metaspace       used 87671K, committed 88384K, reserved 1130496K
  class space    used 11430K, committed 11712K, reserved 1048576K
}
Event: 42.803 GC heap before
{Heap before GC invocations=46 (full 0):
 garbage-first heap   total 265216K, used 211532K [0x0000000080000000, 0x0000000100000000)
  region size 1024K, 57 young (58368K), 3 survivors (3072K)
 Metaspace       used 88248K, committed 88960K, reserved 1130496K
  class space    used 11470K, committed 11776K, reserved 1048576K
}
Event: 42.817 GC heap after
{Heap after GC invocations=47 (full 0):
 garbage-first heap   total 265216K, used 160282K [0x0000000080000000, 0x0000000100000000)
  region size 1024K, 6 young (6144K), 6 survivors (6144K)
 Metaspace       used 88248K, committed 88960K, reserved 1130496K
  class space    used 11470K, committed 11776K, reserved 1048576K
}
Event: 49.434 GC heap before
{Heap before GC invocations=48 (full 0):
 garbage-first heap   total 278528K, used 215578K [0x0000000080000000, 0x0000000100000000)
  region size 1024K, 61 young (62464K), 6 survivors (6144K)
 Metaspace       used 95184K, committed 95872K, reserved 1138688K
  class space    used 12306K, committed 12672K, reserved 1048576K
}
Event: 49.452 GC heap after
{Heap after GC invocations=49 (full 0):
 garbage-first heap   total 278528K, used 164585K [0x0000000080000000, 0x0000000100000000)
  region size 1024K, 8 young (8192K), 8 survivors (8192K)
 Metaspace       used 95184K, committed 95872K, reserved 1138688K
  class space    used 12306K, committed 12672K, reserved 1048576K
}
Event: 51.966 GC heap before
{Heap before GC invocations=49 (full 0):
 garbage-first heap   total 278528K, used 226025K [0x0000000080000000, 0x0000000100000000)
  region size 1024K, 68 young (69632K), 8 survivors (8192K)
 Metaspace       used 101321K, committed 102016K, reserved 1138688K
  class space    used 13150K, committed 13504K, reserved 1048576K
}
Event: 51.988 GC heap after
{Heap after GC invocations=50 (full 0):
 garbage-first heap   total 278528K, used 168175K [0x0000000080000000, 0x0000000100000000)
  region size 1024K, 8 young (8192K), 8 survivors (8192K)
 Metaspace       used 101321K, committed 102016K, reserved 1138688K
  class space    used 13150K, committed 13504K, reserved 1048576K
}
Event: 54.634 GC heap before
{Heap before GC invocations=51 (full 0):
 garbage-first heap   total 288768K, used 228591K [0x0000000080000000, 0x0000000100000000)
  region size 1024K, 67 young (68608K), 8 survivors (8192K)
 Metaspace       used 103586K, committed 104320K, reserved 1146880K
  class space    used 13394K, committed 13760K, reserved 1048576K
}
Event: 54.654 GC heap after
{Heap after GC invocations=52 (full 0):
 garbage-first heap   total 288768K, used 173442K [0x0000000080000000, 0x0000000100000000)
  region size 1024K, 9 young (9216K), 9 survivors (9216K)
 Metaspace       used 103586K, committed 104320K, reserved 1146880K
  class space    used 13394K, committed 13760K, reserved 1048576K
}
Event: 3619.033 GC heap before
{Heap before GC invocations=52 (full 0):
 garbage-first heap   total 288768K, used 238978K [0x0000000080000000, 0x0000000100000000)
  region size 1024K, 73 young (74752K), 9 survivors (9216K)
 Metaspace       used 104776K, committed 105664K, reserved 1146880K
  class space    used 13515K, committed 13952K, reserved 1048576K
}
Event: 3619.725 GC heap after
{Heap after GC invocations=53 (full 0):
 garbage-first heap   total 288768K, used 174581K [0x0000000080000000, 0x0000000100000000)
  region size 1024K, 7 young (7168K), 7 survivors (7168K)
 Metaspace       used 104776K, committed 105664K, reserved 1146880K
  class space    used 13515K, committed 13952K, reserved 1048576K
}
Event: 4584.195 GC heap before
{Heap before GC invocations=54 (full 0):
 garbage-first heap   total 316416K, used 226805K [0x0000000080000000, 0x0000000100000000)
  region size 1024K, 58 young (59392K), 7 survivors (7168K)
 Metaspace       used 104308K, committed 105664K, reserved 1146880K
  class space    used 13392K, committed 13952K, reserved 1048576K
}
Event: 4584.562 GC heap after
{Heap after GC invocations=55 (full 0):
 garbage-first heap   total 316416K, used 174925K [0x0000000080000000, 0x0000000100000000)
  region size 1024K, 2 young (2048K), 2 survivors (2048K)
 Metaspace       used 104308K, committed 105664K, reserved 1146880K
  class space    used 13392K, committed 13952K, reserved 1048576K
}
Event: 4587.122 GC heap before
{Heap before GC invocations=55 (full 0):
 garbage-first heap   total 316416K, used 187213K [0x0000000080000000, 0x0000000100000000)
  region size 1024K, 15 young (15360K), 2 survivors (2048K)
 Metaspace       used 104453K, committed 105728K, reserved 1146880K
  class space    used 13415K, committed 13952K, reserved 1048576K
}
Event: 4587.303 GC heap after
{Heap after GC invocations=56 (full 0):
 garbage-first heap   total 316416K, used 172166K [0x0000000080000000, 0x0000000100000000)
  region size 1024K, 2 young (2048K), 2 survivors (2048K)
 Metaspace       used 104453K, committed 105728K, reserved 1146880K
  class space    used 13415K, committed 13952K, reserved 1048576K
}

Deoptimization events (20 events):
Event: 4588.202 Thread 0x0000017fcb1be8c0 DEOPT PACKING pc=0x0000017fbbc40fc4 sp=0x000000144f7f8b50
Event: 4588.202 Thread 0x0000017fcb1be8c0 DEOPT UNPACKING pc=0x0000017fb3d8d72e sp=0x000000144f7f89d8 mode 2
Event: 4589.471 Thread 0x0000017fcb597eb0 Uncommon trap: trap_request=0xffffffde fr.pc=0x0000017fbbc14f1c relative=0x000000000000007c
Event: 4589.471 Thread 0x0000017fcb597eb0 Uncommon trap: reason=class_check action=maybe_recompile pc=0x0000017fbbc14f1c method=java.util.concurrent.Executors$RunnableAdapter.call()Ljava/lang/Object; @ 4 c2
Event: 4589.471 Thread 0x0000017fcb597eb0 DEOPT PACKING pc=0x0000017fbbc14f1c sp=0x00000014514ff440
Event: 4589.471 Thread 0x0000017fcb597eb0 DEOPT UNPACKING pc=0x0000017fb3d8d72e sp=0x00000014514ff3d8 mode 2
Event: 4590.139 Thread 0x0000017fcb1be8c0 DEOPT PACKING pc=0x0000017fb4bfe6c4 sp=0x000000144f7f7a00
Event: 4590.139 Thread 0x0000017fcb1be8c0 DEOPT UNPACKING pc=0x0000017fb3d8dece sp=0x000000144f7f6f20 mode 0
Event: 4590.944 Thread 0x0000017fcb1be8c0 Uncommon trap: trap_request=0xfffffff4 fr.pc=0x0000017fbbcca2ec relative=0x00000000000001cc
Event: 4590.944 Thread 0x0000017fcb1be8c0 Uncommon trap: reason=null_check action=make_not_entrant pc=0x0000017fbbcca2ec method=org.gradle.api.internal.collections.CollectionFilter.filter(Ljava/lang/Object;)Ljava/lang/Object; @ 5 c2
Event: 4590.944 Thread 0x0000017fcb1be8c0 DEOPT PACKING pc=0x0000017fbbcca2ec sp=0x000000144f7f7600
Event: 4590.944 Thread 0x0000017fcb1be8c0 DEOPT UNPACKING pc=0x0000017fb3d8d72e sp=0x000000144f7f75a0 mode 2
Event: 4591.638 Thread 0x0000017fcb1be8c0 DEOPT PACKING pc=0x0000017fb4b0717d sp=0x000000144f7f9250
Event: 4591.638 Thread 0x0000017fcb1be8c0 DEOPT UNPACKING pc=0x0000017fb3d8dece sp=0x000000144f7f86b0 mode 0
Event: 4591.909 Thread 0x0000017fcb1be8c0 DEOPT PACKING pc=0x0000017fb44a4251 sp=0x000000144f7f8f00
Event: 4591.909 Thread 0x0000017fcb1be8c0 DEOPT UNPACKING pc=0x0000017fb3d8dece sp=0x000000144f7f83e0 mode 0
Event: 4592.549 Thread 0x0000017fcb1be8c0 Uncommon trap: trap_request=0xffffffc6 fr.pc=0x0000017fbbe73cd4 relative=0x0000000000000214
Event: 4592.549 Thread 0x0000017fcb1be8c0 Uncommon trap: reason=bimorphic_or_optimized_type_check action=maybe_recompile pc=0x0000017fbbe73cd4 method=java.util.Comparator.lambda$thenComparing$36697e65$1(Ljava/util/Comparator;Ljava/lang/Object;Ljava/lang/Object;)I @ 3 c2
Event: 4592.549 Thread 0x0000017fcb1be8c0 DEOPT PACKING pc=0x0000017fbbe73cd4 sp=0x000000144f7f9fd0
Event: 4592.549 Thread 0x0000017fcb1be8c0 DEOPT UNPACKING pc=0x0000017fb3d8d72e sp=0x000000144f7f9ef8 mode 2

Classes unloaded (20 events):
Event: 3621.592 Thread 0x0000017fca54b390 Unloading class 0x0000000800d12400 'jdk/internal/reflect/GeneratedSerializationConstructorAccessor1'
Event: 3621.592 Thread 0x0000017fca54b390 Unloading class 0x0000000800ce2400 'java/lang/invoke/LambdaForm$DMH+0x0000000800ce2400'
Event: 3621.592 Thread 0x0000017fca54b390 Unloading class 0x0000000800ce1c00 'java/lang/invoke/LambdaForm$DMH+0x0000000800ce1c00'
Event: 3621.593 Thread 0x0000017fca54b390 Unloading class 0x0000000800ce1800 'java/lang/invoke/LambdaForm$MH+0x0000000800ce1800'
Event: 3621.593 Thread 0x0000017fca54b390 Unloading class 0x0000000800ce1400 'java/lang/invoke/LambdaForm$MH+0x0000000800ce1400'
Event: 3621.593 Thread 0x0000017fca54b390 Unloading class 0x0000000800ce1000 'java/lang/invoke/LambdaForm$MH+0x0000000800ce1000'
Event: 3621.593 Thread 0x0000017fca54b390 Unloading class 0x0000000800ce0c00 'java/lang/invoke/LambdaForm$MH+0x0000000800ce0c00'
Event: 3621.593 Thread 0x0000017fca54b390 Unloading class 0x0000000800ce0800 'java/lang/invoke/LambdaForm$MH+0x0000000800ce0800'
Event: 3621.593 Thread 0x0000017fca54b390 Unloading class 0x0000000800ce0400 'java/lang/invoke/LambdaForm$MH+0x0000000800ce0400'
Event: 3621.593 Thread 0x0000017fca54b390 Unloading class 0x0000000800ce0000 'java/lang/invoke/LambdaForm$MH+0x0000000800ce0000'
Event: 3621.593 Thread 0x0000017fca54b390 Unloading class 0x0000000800cc3000 'java/lang/invoke/LambdaForm$MH+0x0000000800cc3000'
Event: 3621.593 Thread 0x0000017fca54b390 Unloading class 0x0000000800cc2800 'java/lang/invoke/LambdaForm$MH+0x0000000800cc2800'
Event: 3621.593 Thread 0x0000017fca54b390 Unloading class 0x0000000800cc2400 'java/lang/invoke/LambdaForm$MH+0x0000000800cc2400'
Event: 3621.593 Thread 0x0000017fca54b390 Unloading class 0x0000000800cc2000 'java/lang/invoke/LambdaForm$MH+0x0000000800cc2000'
Event: 3621.593 Thread 0x0000017fca54b390 Unloading class 0x0000000800cc1c00 'java/lang/invoke/LambdaForm$MH+0x0000000800cc1c00'
Event: 3621.593 Thread 0x0000017fca54b390 Unloading class 0x0000000800cc1400 'java/lang/invoke/LambdaForm$MH+0x0000000800cc1400'
Event: 3621.594 Thread 0x0000017fca54b390 Unloading class 0x0000000800c22c00 'java/lang/invoke/LambdaForm$MH+0x0000000800c22c00'
Event: 3621.594 Thread 0x0000017fca54b390 Unloading class 0x0000000800c22800 'java/lang/invoke/LambdaForm$MH+0x0000000800c22800'
Event: 3621.594 Thread 0x0000017fca54b390 Unloading class 0x0000000800c22000 'java/lang/invoke/LambdaForm$MH+0x0000000800c22000'
Event: 3621.594 Thread 0x0000017fca54b390 Unloading class 0x0000000800c20400 'java/lang/invoke/LambdaForm$MH+0x0000000800c20400'

Classes redefined (0 events):
No events

Internal exceptions (20 events):
Event: 4586.000 Thread 0x0000017fcb1be8c0 Implicit null exception at 0x0000017fbb910a4b to 0x0000017fbb9151b4
Event: 4586.084 Thread 0x0000017fcb1bee10 Exception <a 'java/lang/NoSuchMethodError'{0x00000000932a5538}: static Lorg/gradle/internal/build/event/types/DefaultOperationStartedProgressEvent;.<clinit>()V> (0x00000000932a5538) 
thrown [c:\wsjdk\correttojdksrc\installers\windows\zip\corretto-build\buildroot\src\hotspot\share\prims\jni.cpp, line 1210]
Event: 4586.084 Thread 0x0000017fcb1bee10 Exception <a 'java/lang/NoSuchMethodError'{0x00000000932a6b78}: static Lorg/gradle/internal/build/event/types/AbstractProgressEvent;.<clinit>()V> (0x00000000932a6b78) 
thrown [c:\wsjdk\correttojdksrc\installers\windows\zip\corretto-build\buildroot\src\hotspot\share\prims\jni.cpp, line 1210]
Event: 4586.090 Thread 0x0000017fcb1bee10 Exception <a 'java/lang/NoSuchMethodError'{0x00000000932b5690}: static Lorg/gradle/internal/build/event/types/DefaultProjectConfigurationDescriptor;.<clinit>()V> (0x00000000932b5690) 
thrown [c:\wsjdk\correttojdksrc\installers\windows\zip\corretto-build\buildroot\src\hotspot\share\prims\jni.cpp, line 1210]
Event: 4586.091 Thread 0x0000017fcb1bee10 Exception <a 'java/lang/NoSuchMethodError'{0x00000000932b7780}: static Lorg/gradle/internal/build/event/types/DefaultOperationDescriptor;.<clinit>()V> (0x00000000932b7780) 
thrown [c:\wsjdk\correttojdksrc\installers\windows\zip\corretto-build\buildroot\src\hotspot\share\prims\jni.cpp, line 1210]
Event: 4586.100 Thread 0x0000017fcb1bee10 Exception <a 'java/lang/NoSuchMethodError'{0x00000000932cd600}: static Lorg/gradle/internal/operations/OperationIdentifier;.<clinit>()V> (0x00000000932cd600) 
thrown [c:\wsjdk\correttojdksrc\installers\windows\zip\corretto-build\buildroot\src\hotspot\share\prims\jni.cpp, line 1210]
Event: 4586.258 Thread 0x0000017fcb1be8c0 Exception <a 'java/lang/NoSuchMethodError'{0x00000000931f2440}: 'java.lang.Object java.lang.invoke.DelegatingMethodHandle$Holder.reinvoke_L(java.lang.Object, java.lang.Object, java.lang.Object, java.lang.Object, java.lang.Object, java.lang.Object, java.lang.Object, java.lang.Object, java.lang.Object, java.lang.Object, java.lang.Object, java.lang.Object, java.lang.Object, java.lang.Object, java.lang.Object, java.lang.Object, java.lang.Object, java.lang.Object, java.lang.Object, java.lang.Object, java.lang.O
Event: 4587.610 Thread 0x0000017fcb1be8c0 Exception <a 'java/lang/NoSuchMethodError'{0x0000000092c387e8}: 'long java.lang.invoke.DirectMethodHandle$Holder.invokeVirtual(java.lang.Object, java.lang.Object)'> (0x0000000092c387e8) 
thrown [c:\wsjdk\correttojdksrc\installers\windows\zip\corretto-build\buildroot\src\hotspot\share\interpreter\linkResolver.cpp, line 790]
Event: 4587.651 Thread 0x0000017fcb1bee10 Exception <a 'java/lang/NoSuchMethodError'{0x000000009341acf0}: static Lorg/gradle/internal/build/event/types/DefaultOperationFinishedProgressEvent;.<clinit>()V> (0x000000009341acf0) 
thrown [c:\wsjdk\correttojdksrc\installers\windows\zip\corretto-build\buildroot\src\hotspot\share\prims\jni.cpp, line 1210]
Event: 4587.687 Thread 0x0000017fcb1bee10 Exception <a 'java/lang/NoSuchMethodError'{0x0000000092b13148}: static Lorg/gradle/internal/build/event/types/DefaultProjectConfigurationSuccessResult;.<clinit>()V> (0x0000000092b13148) 
thrown [c:\wsjdk\correttojdksrc\installers\windows\zip\corretto-build\buildroot\src\hotspot\share\prims\jni.cpp, line 1210]
Event: 4587.688 Thread 0x0000017fcb1bee10 Exception <a 'java/lang/NoSuchMethodError'{0x0000000092b142d0}: static Lorg/gradle/internal/build/event/types/AbstractProjectConfigurationResult;.<clinit>()V> (0x0000000092b142d0) 
thrown [c:\wsjdk\correttojdksrc\installers\windows\zip\corretto-build\buildroot\src\hotspot\share\prims\jni.cpp, line 1210]
Event: 4587.692 Thread 0x0000017fcb1bee10 Exception <a 'java/lang/NoSuchMethodError'{0x0000000092b17b78}: static Lorg/gradle/internal/build/event/types/AbstractOperationResult;.<clinit>()V> (0x0000000092b17b78) 
thrown [c:\wsjdk\correttojdksrc\installers\windows\zip\corretto-build\buildroot\src\hotspot\share\prims\jni.cpp, line 1210]
Event: 4587.692 Thread 0x0000017fcb1bee10 Exception <a 'java/lang/NoSuchMethodError'{0x0000000092b18bf0}: static Lorg/gradle/internal/build/event/types/AbstractResult;.<clinit>()V> (0x0000000092b18bf0) 
thrown [c:\wsjdk\correttojdksrc\installers\windows\zip\corretto-build\buildroot\src\hotspot\share\prims\jni.cpp, line 1210]
Event: 4587.696 Thread 0x0000017fcb1bee10 Exception <a 'java/lang/NoSuchMethodError'{0x0000000092b22570}: static Lorg/gradle/internal/build/event/types/DefaultPluginApplicationResult;.<clinit>()V> (0x0000000092b22570) 
thrown [c:\wsjdk\correttojdksrc\installers\windows\zip\corretto-build\buildroot\src\hotspot\share\prims\jni.cpp, line 1210]
Event: 4587.699 Thread 0x0000017fcb1bee10 Exception <a 'java/lang/NoSuchMethodError'{0x0000000092b2c2f8}: static Lorg/gradle/internal/build/event/types/DefaultBinaryPluginIdentifier;.<clinit>()V> (0x0000000092b2c2f8) 
thrown [c:\wsjdk\correttojdksrc\installers\windows\zip\corretto-build\buildroot\src\hotspot\share\prims\jni.cpp, line 1210]
Event: 4587.808 Thread 0x0000017fcb1bee10 Exception <a 'java/lang/NoSuchMethodError'{0x0000000092b3f750}: static Lorg/gradle/internal/build/event/types/DefaultScriptPluginIdentifier;.<clinit>()V> (0x0000000092b3f750) 
thrown [c:\wsjdk\correttojdksrc\installers\windows\zip\corretto-build\buildroot\src\hotspot\share\prims\jni.cpp, line 1210]
Event: 4588.202 Thread 0x0000017fcb1be8c0 Implicit null exception at 0x0000017fbbc40b8b to 0x0000017fbbc40fac
Event: 4588.516 Thread 0x0000017fcb1be8c0 Exception <a 'sun/nio/fs/WindowsException'{0x0000000092975368}> (0x0000000092975368) 
thrown [c:\wsjdk\correttojdksrc\installers\windows\zip\corretto-build\buildroot\src\hotspot\share\prims\jni.cpp, line 579]
Event: 4590.944 Thread 0x0000017fcb1be8c0 Implicit null exception at 0x0000017fbbcca160 to 0x0000017fbbcca2d8
Event: 4591.560 Thread 0x0000017fcb1be8c0 Exception <a 'java/lang/ClassNotFoundException'{0x00000000922bdd78}: groovy/runtime/metaclass/[Lcom/google/gms/googleservices/GoogleServicesPlugin$PluginType;MetaClass> (0x00000000922bdd78) 
thrown [c:\wsjdk\correttojdksrc\installers\windows\zip\corretto-build\buildroot\src\hotspot\share\prims\jni.cpp, line 600]

Events (20 events):
Event: 4586.611 Executing  VM operation: Cleanup done
Event: 4587.079 Thread 0x0000017fcb596ec0 Thread added: 0x0000017fcb596ec0
Event: 4587.080 Thread 0x0000017fcb595ed0 Thread added: 0x0000017fcb595ed0
Event: 4587.081 Thread 0x0000017fcb591470 Thread added: 0x0000017fcb591470
Event: 4587.082 Thread 0x0000017fcb593450 Thread added: 0x0000017fcb593450
Event: 4587.121 Executing  VM operation: G1CollectForAllocation
Event: 4587.304 Executing  VM operation: G1CollectForAllocation done
Event: 4587.751 loading class java/time/Ser
Event: 4587.800 loading class java/time/Ser done
Event: 4588.312 Executing  VM operation: Cleanup
Event: 4588.328 Executing  VM operation: Cleanup done
Event: 4589.343 Executing  VM operation: Cleanup
Event: 4589.359 Executing  VM operation: Cleanup done
Event: 4589.470 Thread 0x0000017fcb597eb0 Thread added: 0x0000017fcb597eb0
Event: 4590.372 Executing  VM operation: Cleanup
Event: 4590.448 Executing  VM operation: Cleanup done
Event: 4591.463 Executing  VM operation: Cleanup
Event: 4591.481 Executing  VM operation: Cleanup done
Event: 4592.487 Executing  VM operation: Cleanup
Event: 4592.488 Executing  VM operation: Cleanup done


Dynamic libraries:
0x00007ff6675e0000 - 0x00007ff6675ed000 	C:\Users\Admin\.jdks\corretto-16.0.2\bin\java.exe
0x00007ff9accb0000 - 0x00007ff9acea5000 	C:\Windows\SYSTEM32\ntdll.dll
0x00007ff9aada0000 - 0x00007ff9aae5d000 	C:\Windows\System32\KERNEL32.DLL
0x00007ff9aa5f0000 - 0x00007ff9aa8bd000 	C:\Windows\System32\KERNELBASE.dll
0x00007ff9aa9f0000 - 0x00007ff9aaaf0000 	C:\Windows\System32\ucrtbase.dll
0x00007ff9a4250000 - 0x00007ff9a4265000 	C:\Users\Admin\.jdks\corretto-16.0.2\bin\VCRUNTIME140.dll
0x00007ff9a48b0000 - 0x00007ff9a48c8000 	C:\Users\Admin\.jdks\corretto-16.0.2\bin\jli.dll
0x00007ff9ac6d0000 - 0x00007ff9ac870000 	C:\Windows\System32\USER32.dll
0x00007ff9aa3c0000 - 0x00007ff9aa3e2000 	C:\Windows\System32\win32u.dll
0x00007ff9ab6f0000 - 0x00007ff9ab71a000 	C:\Windows\System32\GDI32.dll
0x00007ff9aaaf0000 - 0x00007ff9aabfb000 	C:\Windows\System32\gdi32full.dll
0x00007ff98f3a0000 - 0x00007ff98f63a000 	C:\Windows\WinSxS\amd64_microsoft.windows.common-controls_6595b64144ccf1df_6.0.19041.1110_none_60b5254171f9507e\COMCTL32.dll
0x00007ff9aa550000 - 0x00007ff9aa5ed000 	C:\Windows\System32\msvcp_win.dll
0x00007ff9ac8a0000 - 0x00007ff9ac93e000 	C:\Windows\System32\msvcrt.dll
0x00007ff9ac870000 - 0x00007ff9ac8a0000 	C:\Windows\System32\IMM32.DLL
0x00007ff9755c0000 - 0x00007ff97565b000 	C:\Users\Admin\.jdks\corretto-16.0.2\bin\msvcp140.dll
0x00007ff9642f0000 - 0x00007ff964ef9000 	C:\Users\Admin\.jdks\corretto-16.0.2\bin\server\jvm.dll
0x00007ff9acb40000 - 0x00007ff9acbee000 	C:\Windows\System32\ADVAPI32.dll
0x00007ff9aad00000 - 0x00007ff9aad9c000 	C:\Windows\System32\sechost.dll
0x00007ff9ab010000 - 0x00007ff9ab135000 	C:\Windows\System32\RPCRT4.dll
0x00007ff9ac6c0000 - 0x00007ff9ac6c8000 	C:\Windows\System32\PSAPI.DLL
0x00007ff9924b0000 - 0x00007ff9924b9000 	C:\Windows\SYSTEM32\WSOCK32.dll
0x00007ff98d9c0000 - 0x00007ff98d9e7000 	C:\Windows\SYSTEM32\WINMM.dll
0x00007ff9a5000000 - 0x00007ff9a500a000 	C:\Windows\SYSTEM32\VERSION.dll
0x00007ff9aca70000 - 0x00007ff9acadb000 	C:\Windows\System32\WS2_32.dll
0x00007ff9a81a0000 - 0x00007ff9a81b2000 	C:\Windows\SYSTEM32\kernel.appcore.dll
0x00007ff9a5920000 - 0x00007ff9a592a000 	C:\Users\Admin\.jdks\corretto-16.0.2\bin\jimage.dll
0x00007ff9a0c00000 - 0x00007ff9a0de4000 	C:\Windows\SYSTEM32\DBGHELP.DLL
0x00007ff9a0ac0000 - 0x00007ff9a0aec000 	C:\Windows\SYSTEM32\dbgcore.DLL
0x00007ff9aac00000 - 0x00007ff9aac82000 	C:\Windows\System32\bcryptPrimitives.dll
0x00007ff97eab0000 - 0x00007ff97ead5000 	C:\Users\Admin\.jdks\corretto-16.0.2\bin\java.dll
0x00007ff9ab720000 - 0x00007ff9abe64000 	C:\Windows\System32\SHELL32.dll
0x00007ff9a8480000 - 0x00007ff9a8c14000 	C:\Windows\SYSTEM32\windows.storage.dll
0x00007ff9ab390000 - 0x00007ff9ab6e4000 	C:\Windows\System32\combase.dll
0x00007ff9a9d50000 - 0x00007ff9a9d7c000 	C:\Windows\SYSTEM32\Wldp.dll
0x00007ff9ab1b0000 - 0x00007ff9ab25d000 	C:\Windows\System32\SHCORE.dll
0x00007ff9aca10000 - 0x00007ff9aca65000 	C:\Windows\System32\shlwapi.dll
0x00007ff9aa300000 - 0x00007ff9aa31f000 	C:\Windows\SYSTEM32\profapi.dll
0x00007ff99bf70000 - 0x00007ff99bf89000 	C:\Users\Admin\.jdks\corretto-16.0.2\bin\net.dll
0x00007ff99f9d0000 - 0x00007ff99fada000 	C:\Windows\SYSTEM32\WINHTTP.dll
0x00007ff9a9ab0000 - 0x00007ff9a9b1a000 	C:\Windows\system32\mswsock.dll
0x00007ff99bf50000 - 0x00007ff99bf63000 	C:\Users\Admin\.jdks\corretto-16.0.2\bin\nio.dll
0x00007ff9911c0000 - 0x00007ff9911d8000 	C:\Users\Admin\.jdks\corretto-16.0.2\bin\zip.dll
0x00007ff9a4970000 - 0x00007ff9a4980000 	C:\Users\Admin\.jdks\corretto-16.0.2\bin\verify.dll
0x00007ff9a4310000 - 0x00007ff9a4337000 	C:\Users\Admin\ExploraHolic\native\8bec1ad78214c89d9ad589b4d07fe93259594b29d510b10fafb7a158f7737e5d\windows-amd64\native-platform.dll
0x00007ff975660000 - 0x00007ff97579d000 	C:\Users\Admin\ExploraHolic\native\53dbd7edfb1c66fb8903c78663c9afc45aea4f116125fa6feffd364cf09443e8\windows-amd64\native-platform-file-events.dll
0x00007ff9a4530000 - 0x00007ff9a4539000 	C:\Users\Admin\.jdks\corretto-16.0.2\bin\management.dll
0x00007ff9a44c0000 - 0x00007ff9a44cb000 	C:\Users\Admin\.jdks\corretto-16.0.2\bin\management_ext.dll
0x00007ff9a9ca0000 - 0x00007ff9a9cb8000 	C:\Windows\SYSTEM32\CRYPTSP.dll
0x00007ff9a9430000 - 0x00007ff9a9464000 	C:\Windows\system32\rsaenh.dll
0x00007ff9aa8c0000 - 0x00007ff9aa8e7000 	C:\Windows\System32\bcrypt.dll
0x00007ff9aa2c0000 - 0x00007ff9aa2ee000 	C:\Windows\SYSTEM32\USERENV.dll
0x00007ff9a9cc0000 - 0x00007ff9a9ccc000 	C:\Windows\SYSTEM32\CRYPTBASE.dll
0x00007ff9a97a0000 - 0x00007ff9a97db000 	C:\Windows\SYSTEM32\IPHLPAPI.DLL
0x00007ff9ac620000 - 0x00007ff9ac628000 	C:\Windows\System32\NSI.dll
0x00007ff9a2290000 - 0x00007ff9a22a7000 	C:\Windows\SYSTEM32\dhcpcsvc6.DLL
0x00007ff9a3730000 - 0x00007ff9a374d000 	C:\Windows\SYSTEM32\dhcpcsvc.DLL
0x00007ff9a97e0000 - 0x00007ff9a98ab000 	C:\Windows\SYSTEM32\DNSAPI.dll
0x00007ff9a59a0000 - 0x00007ff9a59ae000 	C:\Users\Admin\.jdks\corretto-16.0.2\bin\sunmscapi.dll
0x00007ff9aa3f0000 - 0x00007ff9aa546000 	C:\Windows\System32\CRYPT32.dll
0x00007ff9a9dc0000 - 0x00007ff9a9de7000 	C:\Windows\SYSTEM32\ncrypt.dll
0x00007ff9a9d80000 - 0x00007ff9a9dbb000 	C:\Windows\SYSTEM32\NTASN1.dll
0x00007ff9a5950000 - 0x00007ff9a5957000 	C:\Windows\system32\wshunix.dll
0x00007ff9a1100000 - 0x00007ff9a110a000 	C:\Windows\System32\rasadhlp.dll
0x00007ff99fae0000 - 0x00007ff99fb60000 	C:\Windows\System32\fwpuclnt.dll

dbghelp: loaded successfully - version: 4.0.5 - missing functions: none
symbol engine: initialized successfully - sym options: 0x614 - pdb path: .;C:\Users\Admin\.jdks\corretto-16.0.2\bin;C:\Windows\SYSTEM32;C:\Windows\WinSxS\amd64_microsoft.windows.common-controls_6595b64144ccf1df_6.0.19041.1110_none_60b5254171f9507e;C:\Users\Admin\.jdks\corretto-16.0.2\bin\server;C:\Users\Admin\ExploraHolic\native\8bec1ad78214c89d9ad589b4d07fe93259594b29d510b10fafb7a158f7737e5d\windows-amd64;C:\Users\Admin\ExploraHolic\native\53dbd7edfb1c66fb8903c78663c9afc45aea4f116125fa6feffd364cf09443e8\windows-amd64

VM Arguments:
jvm_args: --add-opens=java.base/java.util=ALL-UNNAMED --add-opens=java.base/java.lang=ALL-UNNAMED --add-opens=java.base/java.lang.invoke=ALL-UNNAMED --add-opens=java.base/java.util=ALL-UNNAMED --add-opens=java.prefs/java.util.prefs=ALL-UNNAMED --add-opens=java.prefs/java.util.prefs=ALL-UNNAMED --add-opens=java.base/java.nio.charset=ALL-UNNAMED --add-opens=java.base/java.net=ALL-UNNAMED --add-opens=java.base/java.util.concurrent.atomic=ALL-UNNAMED -Xmx2048m -Dfile.encoding=UTF-8 -Duser.country=IN -Duser.language=en -Duser.variant 
java_command: org.gradle.launcher.daemon.bootstrap.GradleDaemon 7.0.2
java_class_path (initial): C:\Users\Admin\ExploraHolic\wrapper\dists\gradle-7.0.2-bin\857tjihv64xamwrf0h14cai3r\gradle-7.0.2\lib\gradle-launcher-7.0.2.jar
Launcher Type: SUN_STANDARD

[Global flags]
     intx CICompilerCount                          = 3                                         {product} {ergonomic}
     uint ConcGCThreads                            = 1                                         {product} {ergonomic}
     uint G1ConcRefinementThreads                  = 4                                         {product} {ergonomic}
   size_t G1HeapRegionSize                         = 1048576                                   {product} {ergonomic}
    uintx GCDrainStackTargetSize                   = 64                                        {product} {ergonomic}
   size_t InitialHeapSize                          = 190840832                                 {product} {ergonomic}
   size_t MarkStackSize                            = 4194304                                   {product} {ergonomic}
   size_t MaxHeapSize                              = 2147483648                                {product} {command line}
   size_t MaxNewSize                               = 1287651328                                {product} {ergonomic}
   size_t MinHeapDeltaBytes                        = 1048576                                   {product} {ergonomic}
   size_t MinHeapSize                              = 8388608                                   {product} {ergonomic}
    uintx NonNMethodCodeHeapSize                   = 5832780                                {pd product} {ergonomic}
    uintx NonProfiledCodeHeapSize                  = 122912730                              {pd product} {ergonomic}
    uintx ProfiledCodeHeapSize                     = 122912730                              {pd product} {ergonomic}
    uintx ReservedCodeCacheSize                    = 251658240                              {pd product} {ergonomic}
     bool SegmentedCodeCache                       = true                                      {product} {ergonomic}
   size_t SoftMaxHeapSize                          = 2147483648                             {manageable} {ergonomic}
     bool UseCompressedClassPointers               = true                           {product lp64_product} {ergonomic}
     bool UseCompressedOops                        = true                           {product lp64_product} {ergonomic}
     bool UseG1GC                                  = true                                      {product} {ergonomic}
     bool UseLargePagesIndividualAllocation        = false                                  {pd product} {ergonomic}

Logging:
Log output configuration:
 #0: stdout all=warning uptime,level,tags
 #1: stderr all=off uptime,level,tags

Environment Variables:
PATH=C:\Windows\system32;C:\Windows;C:\Windows\System32\Wbem;C:\Windows\System32\WindowsPowerShell\v1.0\;C:\Windows\System32\OpenSSH\;C:\Program Files\Git\cmd;C:\Users\Admin\AppData\Local\Microsoft\WindowsApps;;C:\Users\Admin\IntelliJ IDEA Community Edition 2021.3.2\bin;
USERNAME=Admin
OS=Windows_NT
PROCESSOR_IDENTIFIER=Intel64 Family 6 Model 78 Stepping 3, GenuineIntel



---------------  S Y S T E M  ---------------

OS:
 Windows 10 , 64 bit Build 19041 (10.0.19041.1706)
OS uptime: 14 days 23:51 hours

CPU: total 4 (initial active 4) (2 cores per cpu, 2 threads per core) family 6 model 78 stepping 3 microcode 0xcc, cx8, cmov, fxsr, ht, mmx, 3dnowpref, sse, sse2, sse3, ssse3, sse4.1, sse4.2, popcnt, lzcnt, tsc, tscinvbit, avx, avx2, aes, erms, clmul, bmi1, bmi2, adx, fma, vzeroupper, clflush, clflushopt

Memory: 4k page, system-wide physical 11537M (307M free)
TotalPageFile size 46353M (AvailPageFile size 0M)
current process WorkingSet (physical memory assigned to process): 291M, peak: 580M
current process commit charge ("private bytes"): 631M, peak: 635M

vm_info: OpenJDK 64-Bit Server VM (16.0.2+7) for windows-amd64 JRE (16.0.2+7), built on Jul 22 2021 01:11:46 by "Administrator" with MS VC++ 15.9 (VS2017)

END.
